#
# A fatal error has been detected by the Java Runtime Environment:
#
#  EXCEPTION_ACCESS_VIOLATION (0xc0000005) at pc=0x0000000061c91e74, pid=2204, tid=11564
#
# JRE version: Java(TM) SE Runtime Environment (12.0.1+12) (build 12.0.1+12)
# Java VM: Java HotSpot(TM) 64-Bit Server VM (12.0.1+12, mixed mode, sharing, tiered, compressed oops, g1 gc, windows-amd64)
# Problematic frame:
# C  [sqlite-3.27.2.1-cd4480e0-07eb-4417-9aca-04bdba7b1bfb-sqlitejdbc.dll+0x51e74]
#
# No core dump will be written. Minidumps are not enabled by default on client versions of Windows
#
# If you would like to submit a bug report, please visit:
#   http://bugreport.java.com/bugreport/crash.jsp
# The crash happened outside the Java Virtual Machine in native code.
# See problematic frame for where to report the bug.
#

---------------  S U M M A R Y ------------

Command Line: -javaagent:C:\Program Files\JetBrains\IntelliJ IDEA Community Edition 2019.2.2\lib\idea_rt.jar=3545:C:\Program Files\JetBrains\IntelliJ IDEA Community Edition 2019.2.2\bin -Dfile.encoding=UTF-8 Main

Host: Intel(R) Core(TM) i5-8250U CPU @ 1.60GHz, 8 cores, 7G,  Windows 10 , 64 bit Build 17134 (10.0.17134.753)
Time: Fri Oct  4 18:41:17 2019 Eanei? ?na GTB elapsed time: 32 seconds (0d 0h 0m 32s)

---------------  T H R E A D  ---------------

Current thread (0x000001d060a02000):  JavaThread "Thread-3" [_thread_in_native, id=11564, stack(0x0000000a30200000,0x0000000a30300000)]

Stack: [0x0000000a30200000,0x0000000a30300000],  sp=0x0000000a302febf0,  free space=1018k
Native frames: (J=compiled Java code, j=interpreted, Vv=VM code, C=native code)
C  [sqlite-3.27.2.1-cd4480e0-07eb-4417-9aca-04bdba7b1bfb-sqlitejdbc.dll+0x51e74]

Java frames: (J=compiled Java code, j=interpreted, Vv=VM code)
j  org.sqlite.core.NativeDB.reset(J)I+0
j  org.sqlite.jdbc3.JDBC3PreparedStatement.executeQuery()Ljava/sql/ResultSet;+39
j  DBConnection.selectUrlbyID(I)Ljava/lang/String;+27
j  IMThread.run()V+12
j  java.lang.Thread.run()V+11 java.base@12.0.1
v  ~StubRoutines::call_stub

siginfo: EXCEPTION_ACCESS_VIOLATION (0xc0000005), reading address 0x000001d0616dca18


Register to memory mapping:

RIP=0x0000000061c91e74 sqlite-3.27.2.1-cd4480e0-07eb-4417-9aca-04bdba7b1bfb-sqlitejdbc.dll
RAX=0x0 is NULL
RBX=0x000001d0616dca18 points into unknown readable memory: 68 c5 6d 61 d0 01 00 00
RCX=0x000001d0616dca18 points into unknown readable memory: 68 c5 6d 61 d0 01 00 00
RDX=0x0000000a302fed00 is pointing into the stack for thread: 0x000001d060a02000
RSP=0x0000000a302febf0 is pointing into the stack for thread: 0x000001d060a02000
RBP=0x0000000a302fecd0 is pointing into the stack for thread: 0x000001d060a02000
RSI=0x000001d05fd2ccf0 is pointing into metadata
RDI=0x000000000003e298 is an unknown value
R8 =0x000001d0616dca18 points into unknown readable memory: 68 c5 6d 61 d0 01 00 00
R9 =0x000001d049430b80 is at begin+0 in a stub
StubRoutines::atomic_cmpxchg_long [0x000001d049430b80, 0x000001d049430b89[ (9 bytes)
R10=0x000001d04943fe25 is at code_begin+1477 in an Interpreter codelet
method entry point (kind = native_synchronized)  [0x000001d04943f860, 0x000001d0494405a0]  3392 bytes
R11=0x0000000000000121 is an unknown value
R12=0x0 is NULL
R13={method} {0x000001d060168b10} 'reset' '(J)I' in 'org/sqlite/core/NativeDB'
R14=0x0000000a302fed00 is pointing into the stack for thread: 0x000001d060a02000
R15=0x000001d060a02000 is a thread


Registers:
RAX=0x0000000000000000, RBX=0x000001d0616dca18, RCX=0x000001d0616dca18, RDX=0x0000000a302fed00
RSP=0x0000000a302febf0, RBP=0x0000000a302fecd0, RSI=0x000001d05fd2ccf0, RDI=0x000000000003e298
R8 =0x000001d0616dca18, R9 =0x000001d049430b80, R10=0x000001d04943fe25, R11=0x0000000000000121
R12=0x0000000000000000, R13=0x000001d060168b08, R14=0x0000000a302fed00, R15=0x000001d060a02000
RIP=0x0000000061c91e74, EFLAGS=0x0000000000010206

Top of Stack: (sp=0x0000000a302febf0)
0x0000000a302febf0:   000001d0609dd600 0000000000000005
0x0000000a302fec00:   0000000000000002 000001d060a02000
0x0000000a302fec10:   000001d0609f8eb0 00007ffc413e580d
0x0000000a302fec20:   0000000a302ff210 000001d060168b08
0x0000000a302fec30:   000001d05fd2ccf0 000001d04943fe54
0x0000000a302fec40:   000000000003e298 000001d04943fb7d
0x0000000a302fec50:   000001d060a02000 0000000000000002
0x0000000a302fec60:   0000000a302fecd0 000001d05fd2ccf0
0x0000000a302fec70:   000001d04943fb24 0000000000000003
0x0000000a302fec80:   0000000088f7b8a0 0000000a302fec78
0x0000000a302fec90:   000001d060168b08 0000000a302fed00
0x0000000a302feca0:   000001d0601cee38 0000000000000000
0x0000000a302fecb0:   0000000089331200 000001d060168b08
0x0000000a302fecc0:   0000000000000000 0000000a302fecf0
0x0000000a302fecd0:   0000000a302fed50 000001d049439880
0x0000000a302fece0:   0000000000000000 000001d04943c016 

Instructions: (pc=0x0000000061c91e74)
0x0000000061c91e54:   48 83 c4 20 5b 5e 5f e9 7a 57 fc ff 56 53 48 83
0x0000000061c91e64:   ec 38 31 c0 48 85 c9 48 89 cb 0f 84 84 00 00 00
0x0000000061c91e74:   48 8b 31 48 8b 4e 18 e8 b1 1a fb ff 48 83 bb b8
0x0000000061c91e84:   00 00 00 00 7e 0b 48 89 da 48 89 f1 e8 8e 9f fb 


Stack slot to memory mapping:
stack at sp + 0 slots: 0x000001d0609dd600 points into unknown readable memory: 00 00 00 00 ff ff ff ff
stack at sp + 1 slots: 0x0000000000000005 is an unknown value
stack at sp + 2 slots: 0x0000000000000002 is an unknown value
stack at sp + 3 slots: 0x000001d060a02000 is a thread
stack at sp + 4 slots: 0x000001d0609f8eb0 points into unknown readable memory: 02 00 00 00 3b 29 56 01
stack at sp + 5 slots: 0x00007ffc413e580d jvm.dll
stack at sp + 6 slots: 0x0000000a302ff210 is pointing into the stack for thread: 0x000001d060a02000
stack at sp + 7 slots: {method} {0x000001d060168b10} 'reset' '(J)I' in 'org/sqlite/core/NativeDB'


---------------  P R O C E S S  ---------------

Threads class SMR info:
_java_thread_list=0x000001d060b6be90, length=25, elements={
0x000001d041028000, 0x000001d05fcf8000, 0x000001d05fcfb000, 0x000001d05fd14800,
0x000001d05fd16800, 0x000001d05fd17800, 0x000001d060664000, 0x000001d06067c800,
0x000001d060790000, 0x000001d06086f800, 0x000001d060875000, 0x000001d0609fa800,
0x000001d0609fb800, 0x000001d0609fc800, 0x000001d060a02000, 0x000001d060a03000,
0x000001d060a03800, 0x000001d060a0a000, 0x000001d060a0f000, 0x000001d060a0f800,
0x000001d060a13800, 0x000001d060a13000, 0x000001d060a15800, 0x000001d060a16000,
0x000001d060a11000
}

Java Threads: ( => current thread )
  0x000001d041028000 JavaThread "main" [_thread_blocked, id=14736, stack(0x0000000a2ed00000,0x0000000a2ee00000)]
  0x000001d05fcf8000 JavaThread "Reference Handler" daemon [_thread_blocked, id=12824, stack(0x0000000a2f400000,0x0000000a2f500000)]
  0x000001d05fcfb000 JavaThread "Finalizer" daemon [_thread_blocked, id=11960, stack(0x0000000a2f500000,0x0000000a2f600000)]
  0x000001d05fd14800 JavaThread "Signal Dispatcher" daemon [_thread_blocked, id=9692, stack(0x0000000a2f600000,0x0000000a2f700000)]
  0x000001d05fd16800 JavaThread "Attach Listener" daemon [_thread_blocked, id=10112, stack(0x0000000a2f700000,0x0000000a2f800000)]
  0x000001d05fd17800 JavaThread "C2 CompilerThread0" daemon [_thread_in_native, id=13272, stack(0x0000000a2f800000,0x0000000a2f900000)]
  0x000001d060664000 JavaThread "C1 CompilerThread0" daemon [_thread_in_native, id=3652, stack(0x0000000a2f900000,0x0000000a2fa00000)]
  0x000001d06067c800 JavaThread "Sweeper thread" daemon [_thread_blocked, id=14800, stack(0x0000000a2fa00000,0x0000000a2fb00000)]
  0x000001d060790000 JavaThread "Common-Cleaner" daemon [_thread_blocked, id=6720, stack(0x0000000a2fb00000,0x0000000a2fc00000)]
  0x000001d06086f800 JavaThread "Monitor Ctrl-Break" daemon [_thread_in_native, id=8120, stack(0x0000000a2fd00000,0x0000000a2fe00000)]
  0x000001d060875000 JavaThread "Service Thread" daemon [_thread_blocked, id=2528, stack(0x0000000a2fe00000,0x0000000a2ff00000)]
  0x000001d0609fa800 JavaThread "Thread-0" [_thread_blocked, id=14324, stack(0x0000000a2fc00000,0x0000000a2fd00000)]
  0x000001d0609fb800 JavaThread "Thread-1" [_thread_blocked, id=14652, stack(0x0000000a30000000,0x0000000a30100000)]
  0x000001d0609fc800 JavaThread "Thread-2" [_thread_blocked, id=9244, stack(0x0000000a30100000,0x0000000a30200000)]
=>0x000001d060a02000 JavaThread "Thread-3" [_thread_in_native, id=11564, stack(0x0000000a30200000,0x0000000a30300000)]
  0x000001d060a03000 JavaThread "Thread-4" [_thread_blocked, id=11532, stack(0x0000000a30300000,0x0000000a30400000)]
  0x000001d060a03800 JavaThread "Thread-5" [_thread_blocked, id=10416, stack(0x0000000a30400000,0x0000000a30500000)]
  0x000001d060a0a000 JavaThread "Thread-6" [_thread_blocked, id=3136, stack(0x0000000a30500000,0x0000000a30600000)]
  0x000001d060a0f000 JavaThread "Thread-7" [_thread_blocked, id=14568, stack(0x0000000a30600000,0x0000000a30700000)]
  0x000001d060a0f800 JavaThread "Thread-8" [_thread_blocked, id=1460, stack(0x0000000a30700000,0x0000000a30800000)]
  0x000001d060a13800 JavaThread "Thread-10" [_thread_blocked, id=15356, stack(0x0000000a30900000,0x0000000a30a00000)]
  0x000001d060a13000 JavaThread "Thread-11" [_thread_in_Java, id=3456, stack(0x0000000a30a00000,0x0000000a30b00000)]
  0x000001d060a15800 JavaThread "Thread-12" [_thread_blocked, id=9920, stack(0x0000000a30b00000,0x0000000a30c00000)]
  0x000001d060a16000 JavaThread "Thread-13" [_thread_in_native, id=14432, stack(0x0000000a30c00000,0x0000000a30d00000)]
  0x000001d060a11000 JavaThread "Thread-14" [_thread_in_native, id=14788, stack(0x0000000a30d00000,0x0000000a30e00000)]

Other Threads:
  0x000001d05fcf6800 VMThread "VM Thread" [stack: 0x0000000a2f300000,0x0000000a2f400000] [id=4764]
  0x000001d06087f800 WatcherThread [stack: 0x0000000a2ff00000,0x0000000a30000000] [id=14660]
  0x000001d041067800 GCTaskThread "GC Thread#0" [stack: 0x0000000a2ee00000,0x0000000a2ef00000] [id=8948]
  0x000001d041075000 ConcurrentGCThread "G1 Main Marker" [stack: 0x0000000a2ef00000,0x0000000a2f000000] [id=6392]
  0x000001d041078000 ConcurrentGCThread "G1 Conc#0" [stack: 0x0000000a2f000000,0x0000000a2f100000] [id=2988]
  0x000001d05fb69800 ConcurrentGCThread "G1 Refine#0" [stack: 0x0000000a2f100000,0x0000000a2f200000] [id=14180]
  0x000001d05fb6a000 ConcurrentGCThread "G1 Young RemSet Sampling" [stack: 0x0000000a2f200000,0x0000000a2f300000] [id=1916]

Threads with active compile tasks:
C2 CompilerThread0   717       4       java.math.BigInteger::destructiveMulAdd (150 bytes)
C1 CompilerThread0   715       3       java.math.BigInteger::<init> (404 bytes)

VM state:not at safepoint (normal execution)

VM Mutex/Monitor currently owned by a thread: None

Heap address: 0x0000000081800000, size: 2024 MB, Compressed Oops mode: 32-bit
Narrow klass base: 0x0000000800000000, Narrow klass shift: 3
Compressed class space size: 1073741824 Address: 0x00000008011a0000

Heap:
 garbage-first heap   total 131072K, used 13312K [0x0000000081800000, 0x0000000100000000)
  region size 1024K, 14 young (14336K), 0 survivors (0K)
 Metaspace       used 3976K, capacity 6081K, committed 6272K, reserved 1056768K
  class space    used 403K, capacity 628K, committed 640K, reserved 1048576K
Heap Regions: E=young(eden), S=young(survivor), O=old, HS=humongous(starts), HC=humongous(continues), CS=collection set, F=free, A=archive, TAMS=top-at-mark-start (previous, next)
|   0|0x0000000081800000, 0x0000000081800000, 0x0000000081900000|  0%| F|  |TAMS 0x0000000081800000, 0x0000000081800000| Untracked 
|   1|0x0000000081900000, 0x0000000081900000, 0x0000000081a00000|  0%| F|  |TAMS 0x0000000081900000, 0x0000000081900000| Untracked 
|   2|0x0000000081a00000, 0x0000000081a00000, 0x0000000081b00000|  0%| F|  |TAMS 0x0000000081a00000, 0x0000000081a00000| Untracked 
|   3|0x0000000081b00000, 0x0000000081b00000, 0x0000000081c00000|  0%| F|  |TAMS 0x0000000081b00000, 0x0000000081b00000| Untracked 
|   4|0x0000000081c00000, 0x0000000081c00000, 0x0000000081d00000|  0%| F|  |TAMS 0x0000000081c00000, 0x0000000081c00000| Untracked 
|   5|0x0000000081d00000, 0x0000000081d00000, 0x0000000081e00000|  0%| F|  |TAMS 0x0000000081d00000, 0x0000000081d00000| Untracked 
|   6|0x0000000081e00000, 0x0000000081e00000, 0x0000000081f00000|  0%| F|  |TAMS 0x0000000081e00000, 0x0000000081e00000| Untracked 
|   7|0x0000000081f00000, 0x0000000081f00000, 0x0000000082000000|  0%| F|  |TAMS 0x0000000081f00000, 0x0000000081f00000| Untracked 
|   8|0x0000000082000000, 0x0000000082000000, 0x0000000082100000|  0%| F|  |TAMS 0x0000000082000000, 0x0000000082000000| Untracked 
|   9|0x0000000082100000, 0x0000000082100000, 0x0000000082200000|  0%| F|  |TAMS 0x0000000082100000, 0x0000000082100000| Untracked 
|  10|0x0000000082200000, 0x0000000082200000, 0x0000000082300000|  0%| F|  |TAMS 0x0000000082200000, 0x0000000082200000| Untracked 
|  11|0x0000000082300000, 0x0000000082300000, 0x0000000082400000|  0%| F|  |TAMS 0x0000000082300000, 0x0000000082300000| Untracked 
|  12|0x0000000082400000, 0x0000000082400000, 0x0000000082500000|  0%| F|  |TAMS 0x0000000082400000, 0x0000000082400000| Untracked 
|  13|0x0000000082500000, 0x0000000082500000, 0x0000000082600000|  0%| F|  |TAMS 0x0000000082500000, 0x0000000082500000| Untracked 
|  14|0x0000000082600000, 0x0000000082600000, 0x0000000082700000|  0%| F|  |TAMS 0x0000000082600000, 0x0000000082600000| Untracked 
|  15|0x0000000082700000, 0x0000000082700000, 0x0000000082800000|  0%| F|  |TAMS 0x0000000082700000, 0x0000000082700000| Untracked 
|  16|0x0000000082800000, 0x0000000082800000, 0x0000000082900000|  0%| F|  |TAMS 0x0000000082800000, 0x0000000082800000| Untracked 
|  17|0x0000000082900000, 0x0000000082900000, 0x0000000082a00000|  0%| F|  |TAMS 0x0000000082900000, 0x0000000082900000| Untracked 
|  18|0x0000000082a00000, 0x0000000082a00000, 0x0000000082b00000|  0%| F|  |TAMS 0x0000000082a00000, 0x0000000082a00000| Untracked 
|  19|0x0000000082b00000, 0x0000000082b00000, 0x0000000082c00000|  0%| F|  |TAMS 0x0000000082b00000, 0x0000000082b00000| Untracked 
|  20|0x0000000082c00000, 0x0000000082c00000, 0x0000000082d00000|  0%| F|  |TAMS 0x0000000082c00000, 0x0000000082c00000| Untracked 
|  21|0x0000000082d00000, 0x0000000082d00000, 0x0000000082e00000|  0%| F|  |TAMS 0x0000000082d00000, 0x0000000082d00000| Untracked 
|  22|0x0000000082e00000, 0x0000000082e00000, 0x0000000082f00000|  0%| F|  |TAMS 0x0000000082e00000, 0x0000000082e00000| Untracked 
|  23|0x0000000082f00000, 0x0000000082f00000, 0x0000000083000000|  0%| F|  |TAMS 0x0000000082f00000, 0x0000000082f00000| Untracked 
|  24|0x0000000083000000, 0x0000000083000000, 0x0000000083100000|  0%| F|  |TAMS 0x0000000083000000, 0x0000000083000000| Untracked 
|  25|0x0000000083100000, 0x0000000083100000, 0x0000000083200000|  0%| F|  |TAMS 0x0000000083100000, 0x0000000083100000| Untracked 
|  26|0x0000000083200000, 0x0000000083200000, 0x0000000083300000|  0%| F|  |TAMS 0x0000000083200000, 0x0000000083200000| Untracked 
|  27|0x0000000083300000, 0x0000000083300000, 0x0000000083400000|  0%| F|  |TAMS 0x0000000083300000, 0x0000000083300000| Untracked 
|  28|0x0000000083400000, 0x0000000083400000, 0x0000000083500000|  0%| F|  |TAMS 0x0000000083400000, 0x0000000083400000| Untracked 
|  29|0x0000000083500000, 0x0000000083500000, 0x0000000083600000|  0%| F|  |TAMS 0x0000000083500000, 0x0000000083500000| Untracked 
|  30|0x0000000083600000, 0x0000000083600000, 0x0000000083700000|  0%| F|  |TAMS 0x0000000083600000, 0x0000000083600000| Untracked 
|  31|0x0000000083700000, 0x0000000083700000, 0x0000000083800000|  0%| F|  |TAMS 0x0000000083700000, 0x0000000083700000| Untracked 
|  32|0x0000000083800000, 0x0000000083800000, 0x0000000083900000|  0%| F|  |TAMS 0x0000000083800000, 0x0000000083800000| Untracked 
|  33|0x0000000083900000, 0x0000000083900000, 0x0000000083a00000|  0%| F|  |TAMS 0x0000000083900000, 0x0000000083900000| Untracked 
|  34|0x0000000083a00000, 0x0000000083a00000, 0x0000000083b00000|  0%| F|  |TAMS 0x0000000083a00000, 0x0000000083a00000| Untracked 
|  35|0x0000000083b00000, 0x0000000083b00000, 0x0000000083c00000|  0%| F|  |TAMS 0x0000000083b00000, 0x0000000083b00000| Untracked 
|  36|0x0000000083c00000, 0x0000000083c00000, 0x0000000083d00000|  0%| F|  |TAMS 0x0000000083c00000, 0x0000000083c00000| Untracked 
|  37|0x0000000083d00000, 0x0000000083d00000, 0x0000000083e00000|  0%| F|  |TAMS 0x0000000083d00000, 0x0000000083d00000| Untracked 
|  38|0x0000000083e00000, 0x0000000083e00000, 0x0000000083f00000|  0%| F|  |TAMS 0x0000000083e00000, 0x0000000083e00000| Untracked 
|  39|0x0000000083f00000, 0x0000000083f00000, 0x0000000084000000|  0%| F|  |TAMS 0x0000000083f00000, 0x0000000083f00000| Untracked 
|  40|0x0000000084000000, 0x0000000084000000, 0x0000000084100000|  0%| F|  |TAMS 0x0000000084000000, 0x0000000084000000| Untracked 
|  41|0x0000000084100000, 0x0000000084100000, 0x0000000084200000|  0%| F|  |TAMS 0x0000000084100000, 0x0000000084100000| Untracked 
|  42|0x0000000084200000, 0x0000000084200000, 0x0000000084300000|  0%| F|  |TAMS 0x0000000084200000, 0x0000000084200000| Untracked 
|  43|0x0000000084300000, 0x0000000084300000, 0x0000000084400000|  0%| F|  |TAMS 0x0000000084300000, 0x0000000084300000| Untracked 
|  44|0x0000000084400000, 0x0000000084400000, 0x0000000084500000|  0%| F|  |TAMS 0x0000000084400000, 0x0000000084400000| Untracked 
|  45|0x0000000084500000, 0x0000000084500000, 0x0000000084600000|  0%| F|  |TAMS 0x0000000084500000, 0x0000000084500000| Untracked 
|  46|0x0000000084600000, 0x0000000084600000, 0x0000000084700000|  0%| F|  |TAMS 0x0000000084600000, 0x0000000084600000| Untracked 
|  47|0x0000000084700000, 0x0000000084700000, 0x0000000084800000|  0%| F|  |TAMS 0x0000000084700000, 0x0000000084700000| Untracked 
|  48|0x0000000084800000, 0x0000000084800000, 0x0000000084900000|  0%| F|  |TAMS 0x0000000084800000, 0x0000000084800000| Untracked 
|  49|0x0000000084900000, 0x0000000084900000, 0x0000000084a00000|  0%| F|  |TAMS 0x0000000084900000, 0x0000000084900000| Untracked 
|  50|0x0000000084a00000, 0x0000000084a00000, 0x0000000084b00000|  0%| F|  |TAMS 0x0000000084a00000, 0x0000000084a00000| Untracked 
|  51|0x0000000084b00000, 0x0000000084b00000, 0x0000000084c00000|  0%| F|  |TAMS 0x0000000084b00000, 0x0000000084b00000| Untracked 
|  52|0x0000000084c00000, 0x0000000084c00000, 0x0000000084d00000|  0%| F|  |TAMS 0x0000000084c00000, 0x0000000084c00000| Untracked 
|  53|0x0000000084d00000, 0x0000000084d00000, 0x0000000084e00000|  0%| F|  |TAMS 0x0000000084d00000, 0x0000000084d00000| Untracked 
|  54|0x0000000084e00000, 0x0000000084e00000, 0x0000000084f00000|  0%| F|  |TAMS 0x0000000084e00000, 0x0000000084e00000| Untracked 
|  55|0x0000000084f00000, 0x0000000084f00000, 0x0000000085000000|  0%| F|  |TAMS 0x0000000084f00000, 0x0000000084f00000| Untracked 
|  56|0x0000000085000000, 0x0000000085000000, 0x0000000085100000|  0%| F|  |TAMS 0x0000000085000000, 0x0000000085000000| Untracked 
|  57|0x0000000085100000, 0x0000000085100000, 0x0000000085200000|  0%| F|  |TAMS 0x0000000085100000, 0x0000000085100000| Untracked 
|  58|0x0000000085200000, 0x0000000085200000, 0x0000000085300000|  0%| F|  |TAMS 0x0000000085200000, 0x0000000085200000| Untracked 
|  59|0x0000000085300000, 0x0000000085300000, 0x0000000085400000|  0%| F|  |TAMS 0x0000000085300000, 0x0000000085300000| Untracked 
|  60|0x0000000085400000, 0x0000000085400000, 0x0000000085500000|  0%| F|  |TAMS 0x0000000085400000, 0x0000000085400000| Untracked 
|  61|0x0000000085500000, 0x0000000085500000, 0x0000000085600000|  0%| F|  |TAMS 0x0000000085500000, 0x0000000085500000| Untracked 
|  62|0x0000000085600000, 0x0000000085600000, 0x0000000085700000|  0%| F|  |TAMS 0x0000000085600000, 0x0000000085600000| Untracked 
|  63|0x0000000085700000, 0x0000000085700000, 0x0000000085800000|  0%| F|  |TAMS 0x0000000085700000, 0x0000000085700000| Untracked 
|  64|0x0000000085800000, 0x0000000085800000, 0x0000000085900000|  0%| F|  |TAMS 0x0000000085800000, 0x0000000085800000| Untracked 
|  65|0x0000000085900000, 0x0000000085900000, 0x0000000085a00000|  0%| F|  |TAMS 0x0000000085900000, 0x0000000085900000| Untracked 
|  66|0x0000000085a00000, 0x0000000085a00000, 0x0000000085b00000|  0%| F|  |TAMS 0x0000000085a00000, 0x0000000085a00000| Untracked 
|  67|0x0000000085b00000, 0x0000000085b00000, 0x0000000085c00000|  0%| F|  |TAMS 0x0000000085b00000, 0x0000000085b00000| Untracked 
|  68|0x0000000085c00000, 0x0000000085c00000, 0x0000000085d00000|  0%| F|  |TAMS 0x0000000085c00000, 0x0000000085c00000| Untracked 
|  69|0x0000000085d00000, 0x0000000085d00000, 0x0000000085e00000|  0%| F|  |TAMS 0x0000000085d00000, 0x0000000085d00000| Untracked 
|  70|0x0000000085e00000, 0x0000000085e00000, 0x0000000085f00000|  0%| F|  |TAMS 0x0000000085e00000, 0x0000000085e00000| Untracked 
|  71|0x0000000085f00000, 0x0000000085f00000, 0x0000000086000000|  0%| F|  |TAMS 0x0000000085f00000, 0x0000000085f00000| Untracked 
|  72|0x0000000086000000, 0x0000000086000000, 0x0000000086100000|  0%| F|  |TAMS 0x0000000086000000, 0x0000000086000000| Untracked 
|  73|0x0000000086100000, 0x0000000086100000, 0x0000000086200000|  0%| F|  |TAMS 0x0000000086100000, 0x0000000086100000| Untracked 
|  74|0x0000000086200000, 0x0000000086200000, 0x0000000086300000|  0%| F|  |TAMS 0x0000000086200000, 0x0000000086200000| Untracked 
|  75|0x0000000086300000, 0x0000000086300000, 0x0000000086400000|  0%| F|  |TAMS 0x0000000086300000, 0x0000000086300000| Untracked 
|  76|0x0000000086400000, 0x0000000086400000, 0x0000000086500000|  0%| F|  |TAMS 0x0000000086400000, 0x0000000086400000| Untracked 
|  77|0x0000000086500000, 0x0000000086500000, 0x0000000086600000|  0%| F|  |TAMS 0x0000000086500000, 0x0000000086500000| Untracked 
|  78|0x0000000086600000, 0x0000000086600000, 0x0000000086700000|  0%| F|  |TAMS 0x0000000086600000, 0x0000000086600000| Untracked 
|  79|0x0000000086700000, 0x0000000086700000, 0x0000000086800000|  0%| F|  |TAMS 0x0000000086700000, 0x0000000086700000| Untracked 
|  80|0x0000000086800000, 0x0000000086800000, 0x0000000086900000|  0%| F|  |TAMS 0x0000000086800000, 0x0000000086800000| Untracked 
|  81|0x0000000086900000, 0x0000000086900000, 0x0000000086a00000|  0%| F|  |TAMS 0x0000000086900000, 0x0000000086900000| Untracked 
|  82|0x0000000086a00000, 0x0000000086a00000, 0x0000000086b00000|  0%| F|  |TAMS 0x0000000086a00000, 0x0000000086a00000| Untracked 
|  83|0x0000000086b00000, 0x0000000086b00000, 0x0000000086c00000|  0%| F|  |TAMS 0x0000000086b00000, 0x0000000086b00000| Untracked 
|  84|0x0000000086c00000, 0x0000000086c00000, 0x0000000086d00000|  0%| F|  |TAMS 0x0000000086c00000, 0x0000000086c00000| Untracked 
|  85|0x0000000086d00000, 0x0000000086d00000, 0x0000000086e00000|  0%| F|  |TAMS 0x0000000086d00000, 0x0000000086d00000| Untracked 
|  86|0x0000000086e00000, 0x0000000086e00000, 0x0000000086f00000|  0%| F|  |TAMS 0x0000000086e00000, 0x0000000086e00000| Untracked 
|  87|0x0000000086f00000, 0x0000000086f00000, 0x0000000087000000|  0%| F|  |TAMS 0x0000000086f00000, 0x0000000086f00000| Untracked 
|  88|0x0000000087000000, 0x0000000087000000, 0x0000000087100000|  0%| F|  |TAMS 0x0000000087000000, 0x0000000087000000| Untracked 
|  89|0x0000000087100000, 0x0000000087100000, 0x0000000087200000|  0%| F|  |TAMS 0x0000000087100000, 0x0000000087100000| Untracked 
|  90|0x0000000087200000, 0x0000000087200000, 0x0000000087300000|  0%| F|  |TAMS 0x0000000087200000, 0x0000000087200000| Untracked 
|  91|0x0000000087300000, 0x0000000087300000, 0x0000000087400000|  0%| F|  |TAMS 0x0000000087300000, 0x0000000087300000| Untracked 
|  92|0x0000000087400000, 0x0000000087400000, 0x0000000087500000|  0%| F|  |TAMS 0x0000000087400000, 0x0000000087400000| Untracked 
|  93|0x0000000087500000, 0x0000000087500000, 0x0000000087600000|  0%| F|  |TAMS 0x0000000087500000, 0x0000000087500000| Untracked 
|  94|0x0000000087600000, 0x0000000087600000, 0x0000000087700000|  0%| F|  |TAMS 0x0000000087600000, 0x0000000087600000| Untracked 
|  95|0x0000000087700000, 0x0000000087700000, 0x0000000087800000|  0%| F|  |TAMS 0x0000000087700000, 0x0000000087700000| Untracked 
|  96|0x0000000087800000, 0x0000000087800000, 0x0000000087900000|  0%| F|  |TAMS 0x0000000087800000, 0x0000000087800000| Untracked 
|  97|0x0000000087900000, 0x0000000087900000, 0x0000000087a00000|  0%| F|  |TAMS 0x0000000087900000, 0x0000000087900000| Untracked 
|  98|0x0000000087a00000, 0x0000000087a00000, 0x0000000087b00000|  0%| F|  |TAMS 0x0000000087a00000, 0x0000000087a00000| Untracked 
|  99|0x0000000087b00000, 0x0000000087b00000, 0x0000000087c00000|  0%| F|  |TAMS 0x0000000087b00000, 0x0000000087b00000| Untracked 
| 100|0x0000000087c00000, 0x0000000087c00000, 0x0000000087d00000|  0%| F|  |TAMS 0x0000000087c00000, 0x0000000087c00000| Untracked 
| 101|0x0000000087d00000, 0x0000000087d00000, 0x0000000087e00000|  0%| F|  |TAMS 0x0000000087d00000, 0x0000000087d00000| Untracked 
| 102|0x0000000087e00000, 0x0000000087e00000, 0x0000000087f00000|  0%| F|  |TAMS 0x0000000087e00000, 0x0000000087e00000| Untracked 
| 103|0x0000000087f00000, 0x0000000087f00000, 0x0000000088000000|  0%| F|  |TAMS 0x0000000087f00000, 0x0000000087f00000| Untracked 
| 104|0x0000000088000000, 0x0000000088000000, 0x0000000088100000|  0%| F|  |TAMS 0x0000000088000000, 0x0000000088000000| Untracked 
| 105|0x0000000088100000, 0x0000000088100000, 0x0000000088200000|  0%| F|  |TAMS 0x0000000088100000, 0x0000000088100000| Untracked 
| 106|0x0000000088200000, 0x0000000088200000, 0x0000000088300000|  0%| F|  |TAMS 0x0000000088200000, 0x0000000088200000| Untracked 
| 107|0x0000000088300000, 0x0000000088300000, 0x0000000088400000|  0%| F|  |TAMS 0x0000000088300000, 0x0000000088300000| Untracked 
| 108|0x0000000088400000, 0x0000000088400000, 0x0000000088500000|  0%| F|  |TAMS 0x0000000088400000, 0x0000000088400000| Untracked 
| 109|0x0000000088500000, 0x0000000088500000, 0x0000000088600000|  0%| F|  |TAMS 0x0000000088500000, 0x0000000088500000| Untracked 
| 110|0x0000000088600000, 0x0000000088600000, 0x0000000088700000|  0%| F|  |TAMS 0x0000000088600000, 0x0000000088600000| Untracked 
| 111|0x0000000088700000, 0x0000000088700000, 0x0000000088800000|  0%| F|  |TAMS 0x0000000088700000, 0x0000000088700000| Untracked 
| 112|0x0000000088800000, 0x0000000088800000, 0x0000000088900000|  0%| F|  |TAMS 0x0000000088800000, 0x0000000088800000| Untracked 
| 113|0x0000000088900000, 0x0000000088900000, 0x0000000088a00000|  0%| F|  |TAMS 0x0000000088900000, 0x0000000088900000| Untracked 
| 114|0x0000000088a00000, 0x0000000088af6488, 0x0000000088b00000| 96%| E|  |TAMS 0x0000000088a00000, 0x0000000088a00000| Complete 
| 115|0x0000000088b00000, 0x0000000088c00000, 0x0000000088c00000|100%| E|CS|TAMS 0x0000000088b00000, 0x0000000088b00000| Complete 
| 116|0x0000000088c00000, 0x0000000088d00000, 0x0000000088d00000|100%| E|CS|TAMS 0x0000000088c00000, 0x0000000088c00000| Complete 
| 117|0x0000000088d00000, 0x0000000088e00000, 0x0000000088e00000|100%| E|CS|TAMS 0x0000000088d00000, 0x0000000088d00000| Complete 
| 118|0x0000000088e00000, 0x0000000088f00000, 0x0000000088f00000|100%| E|CS|TAMS 0x0000000088e00000, 0x0000000088e00000| Complete 
| 119|0x0000000088f00000, 0x0000000089000000, 0x0000000089000000|100%| E|CS|TAMS 0x0000000088f00000, 0x0000000088f00000| Complete 
| 120|0x0000000089000000, 0x0000000089100000, 0x0000000089100000|100%| E|CS|TAMS 0x0000000089000000, 0x0000000089000000| Complete 
| 121|0x0000000089100000, 0x0000000089200000, 0x0000000089200000|100%| E|CS|TAMS 0x0000000089100000, 0x0000000089100000| Complete 
| 122|0x0000000089200000, 0x0000000089300000, 0x0000000089300000|100%| E|CS|TAMS 0x0000000089200000, 0x0000000089200000| Complete 
| 123|0x0000000089300000, 0x0000000089400000, 0x0000000089400000|100%| E|CS|TAMS 0x0000000089300000, 0x0000000089300000| Complete 
| 124|0x0000000089400000, 0x0000000089500000, 0x0000000089500000|100%| E|CS|TAMS 0x0000000089400000, 0x0000000089400000| Complete 
| 125|0x0000000089500000, 0x0000000089600000, 0x0000000089600000|100%| E|CS|TAMS 0x0000000089500000, 0x0000000089500000| Complete 
| 126|0x0000000089600000, 0x0000000089700000, 0x0000000089700000|100%| E|CS|TAMS 0x0000000089600000, 0x0000000089600000| Complete 
| 127|0x0000000089700000, 0x0000000089800000, 0x0000000089800000|100%| E|CS|TAMS 0x0000000089700000, 0x0000000089700000| Complete 

Card table byte_map: [0x000001d058b60000,0x000001d058f60000] _byte_map_base: 0x000001d058754000

Marking Bits (Prev, Next): (CMBitMap*) 0x000001d041068568, (CMBitMap*) 0x000001d0410685a8
 Prev Bits: [0x000001d059360000, 0x000001d05b300000)
 Next Bits: [0x000001d05b300000, 0x000001d05d2a0000)

Polling page: 0x000001d040800000

Metaspace:

Usage:
  Non-class:      5.33 MB capacity,     3.59 MB ( 67%) used,     1.73 MB ( 32%) free+waste,     8.94 KB ( <1%) overhead. 
      Class:    628.00 KB capacity,   417.85 KB ( 67%) used,   205.02 KB ( 33%) free+waste,     5.13 KB ( <1%) overhead. 
       Both:      5.94 MB capacity,     3.99 MB ( 67%) used,     1.93 MB ( 32%) free+waste,    14.06 KB ( <1%) overhead. 

Virtual space:
  Non-class space:        8.00 MB reserved,       5.50 MB ( 69%) committed 
      Class space:        1.00 GB reserved,     640.00 KB ( <1%) committed 
             Both:        1.01 GB reserved,       6.13 MB ( <1%) committed 

Chunk freelists:
   Non-Class:  6.38 KB
       Class:  1.50 KB
        Both:  7.88 KB

CodeHeap 'non-profiled nmethods': size=120000Kb used=235Kb max_used=235Kb free=119764Kb
 bounds [0x000001d050f00000, 0x000001d051170000, 0x000001d058430000]
CodeHeap 'profiled nmethods': size=120000Kb used=1198Kb max_used=1198Kb free=118801Kb
 bounds [0x000001d0499d0000, 0x000001d049c40000, 0x000001d050f00000]
CodeHeap 'non-nmethods': size=5760Kb used=1105Kb max_used=1118Kb free=4654Kb
 bounds [0x000001d049430000, 0x000001d0496a0000, 0x000001d0499d0000]
 total_blobs=1281 nmethods=729 adapters=317
 compilation: enabled
              stopped_count=0, restarted_count=0
 full_count=0

Compilation events (10 events):
Event: 32.574 Thread 0x000001d060664000 nmethod 624 0x000001d049aba910 code [0x000001d049abaac0, 0x000001d049abac38]
Event: 32.574 Thread 0x000001d060664000  625       1       java.util.concurrent.CopyOnWriteArrayList::getArray (5 bytes)
Event: 32.574 Thread 0x000001d060664000 nmethod 625 0x000001d050f34310 code [0x000001d050f344c0, 0x000001d050f345f8]
Event: 32.574 Thread 0x000001d060664000  626       3       sun.util.calendar.ZoneInfo::getLastRawOffset (10 bytes)
Event: 32.574 Thread 0x000001d060664000 nmethod 626 0x000001d049abad10 code [0x000001d049abaec0, 0x000001d049abb038]
Event: 32.574 Thread 0x000001d060664000  627       3       java.util.HashSet::contains (9 bytes)
Event: 32.575 Thread 0x000001d060664000 nmethod 627 0x000001d049abb110 code [0x000001d049abb300, 0x000001d049abb7c0]
Event: 32.575 Thread 0x000001d060664000  629       3       java.util.HashMap::removeNode (291 bytes)
Event: 32.577 Thread 0x000001d060664000 nmethod 629 0x000001d049abb910 code [0x000001d049abbbc0, 0x000001d049abcfe0]
Event: 32.577 Thread 0x000001d060664000  631       3       java.util.HashMap::put (13 bytes)

GC Heap History (0 events):
No events

Deoptimization events (10 events):
Event: 1.034 Thread 0x000001d05fd16800 Uncommon trap: reason=class_check action=maybe_recompile pc=0x000001d050f0de98 method=java.util.HashMap.putVal(ILjava/lang/Object;Ljava/lang/Object;ZZ)Ljava/lang/Object; @ 152 c2
Event: 1.034 Thread 0x000001d05fd16800 Uncommon trap: reason=class_check action=maybe_recompile pc=0x000001d050f0de98 method=java.util.HashMap.putVal(ILjava/lang/Object;Ljava/lang/Object;ZZ)Ljava/lang/Object; @ 152 c2
Event: 20.047 Thread 0x000001d041028000 Uncommon trap: reason=bimorphic_or_optimized_type_check action=maybe_recompile pc=0x000001d050f09ec4 method=java.util.AbstractCollection.isEmpty()Z @ 1 c2
Event: 20.047 Thread 0x000001d041028000 Uncommon trap: reason=bimorphic_or_optimized_type_check action=maybe_recompile pc=0x000001d050f09ec4 method=java.util.AbstractCollection.isEmpty()Z @ 1 c2
Event: 20.047 Thread 0x000001d041028000 Uncommon trap: reason=bimorphic_or_optimized_type_check action=maybe_recompile pc=0x000001d050f09ec4 method=java.util.AbstractCollection.isEmpty()Z @ 1 c2
Event: 20.049 Thread 0x000001d041028000 Uncommon trap: reason=bimorphic_or_optimized_type_check action=maybe_recompile pc=0x000001d050f09ec4 method=java.util.AbstractCollection.isEmpty()Z @ 1 c2
Event: 32.347 Thread 0x000001d041028000 Uncommon trap: reason=unstable_if action=reinterpret pc=0x000001d050f18e74 method=java.util.HashMap.putVal(ILjava/lang/Object;Ljava/lang/Object;ZZ)Ljava/lang/Object; @ 181 c2
Event: 32.348 Thread 0x000001d041028000 Uncommon trap: reason=class_check action=maybe_recompile pc=0x000001d050f16f2c method=java.util.HashMap.putVal(ILjava/lang/Object;Ljava/lang/Object;ZZ)Ljava/lang/Object; @ 253 c2
Event: 32.348 Thread 0x000001d041028000 Uncommon trap: reason=class_check action=maybe_recompile pc=0x000001d050f16f2c method=java.util.HashMap.putVal(ILjava/lang/Object;Ljava/lang/Object;ZZ)Ljava/lang/Object; @ 253 c2
Event: 32.540 Thread 0x000001d041028000 Uncommon trap: reason=unstable_if action=reinterpret pc=0x000001d050f30ed0 method=org.sqlite.SQLiteJDBCLoader.contentsEquals(Ljava/io/InputStream;Ljava/io/InputStream;)Z @ 39 c2

Classes redefined (0 events):
No events

Internal exceptions (3 events):
Event: 0.135 Thread 0x000001d041028000 Exception <a 'java/lang/NoSuchMethodError'{0x0000000089510bb8}: java.lang.invoke.DirectMethodHandle$Holder.invokeSpecialIFC(Ljava/lang/Object;Ljava/lang/Object;I)I> (0x0000000089510bb8) thrown at [t:/workspace/open/src/hotspot/share/interpreter/linkResolv
Event: 32.350 Thread 0x000001d041028000 Exception <a 'java/lang/NoSuchMethodError'{0x00000000892d86f8}: java.lang.invoke.DirectMethodHandle$Holder.invokeStaticInit(Ljava/lang/Object;IIII)Ljava/lang/Object;> (0x00000000892d86f8) thrown at [t:/workspace/open/src/hotspot/share/interpreter/linkReso
Event: 32.458 Thread 0x000001d041028000 Exception <a 'java/lang/NoSuchMethodError'{0x00000000892f3ab0}: java.lang.invoke.DirectMethodHandle$Holder.invokeStaticInit(Ljava/lang/Object;Ljava/lang/Object;IIII)Ljava/lang/Object;> (0x00000000892f3ab0) thrown at [t:/workspace/open/src/hotspot/share/in

Events (10 events):
Event: 32.574 Thread 0x000001d060a11000 Thread added: 0x000001d060a11000
Event: 32.575 Executing VM operation: RevokeBias
Event: 32.575 Executing VM operation: RevokeBias done
Event: 32.576 Executing VM operation: RevokeBias
Event: 32.576 Executing VM operation: RevokeBias done
Event: 32.576 loading class org/jsoup/Jsoup
Event: 32.576 loading class org/jsoup/Jsoup done
Event: 32.576 Executing VM operation: RevokeBias
Event: 32.576 Executing VM operation: RevokeBias done
Event: 32.577 Executing VM operation: RevokeBias


Dynamic libraries:
0x00007ff607ed0000 - 0x00007ff607edf000 	C:\Program Files\Java\jdk-12.0.1\bin\java.exe
0x00007ffcba610000 - 0x00007ffcba7f1000 	C:\WINDOWS\SYSTEM32\ntdll.dll
0x00007ffcb9590000 - 0x00007ffcb9641000 	C:\WINDOWS\System32\KERNEL32.DLL
0x00007ffcb6e80000 - 0x00007ffcb70f3000 	C:\WINDOWS\System32\KERNELBASE.dll
0x00007ffcb6af0000 - 0x00007ffcb6be8000 	C:\WINDOWS\System32\ucrtbase.dll
0x00007ffca7720000 - 0x00007ffca7738000 	C:\Program Files\Java\jdk-12.0.1\bin\jli.dll
0x00007ffca3c60000 - 0x00007ffca3c76000 	C:\Program Files\Java\jdk-12.0.1\bin\VCRUNTIME140.dll
0x00007ffcb9dc0000 - 0x00007ffcb9e61000 	C:\WINDOWS\System32\ADVAPI32.dll
0x00007ffcb96b0000 - 0x00007ffcb974e000 	C:\WINDOWS\System32\msvcrt.dll
0x00007ffcb9750000 - 0x00007ffcb97ab000 	C:\WINDOWS\System32\sechost.dll
0x00007ffcb97b0000 - 0x00007ffcb98d4000 	C:\WINDOWS\System32\RPCRT4.dll
0x00007ffcb7e10000 - 0x00007ffcb7fa0000 	C:\WINDOWS\System32\USER32.dll
0x00007ffca4b40000 - 0x00007ffca4da9000 	C:\WINDOWS\WinSxS\amd64_microsoft.windows.common-controls_6595b64144ccf1df_6.0.17134.950_none_fb3da4273069d3e0\COMCTL32.dll
0x00007ffcb6bf0000 - 0x00007ffcb6c10000 	C:\WINDOWS\System32\win32u.dll
0x00007ffcb9e70000 - 0x00007ffcba192000 	C:\WINDOWS\System32\combase.dll
0x00007ffcba270000 - 0x00007ffcba298000 	C:\WINDOWS\System32\GDI32.dll
0x00007ffcb6c10000 - 0x00007ffcb6da1000 	C:\WINDOWS\System32\gdi32full.dll
0x00007ffcb6db0000 - 0x00007ffcb6e29000 	C:\WINDOWS\System32\bcryptPrimitives.dll
0x00007ffcb72f0000 - 0x00007ffcb738f000 	C:\WINDOWS\System32\msvcp_win.dll
0x00007ffcb1d30000 - 0x00007ffcb1d3a000 	C:\WINDOWS\SYSTEM32\VERSION.dll
0x00007ffcb94f0000 - 0x00007ffcb951d000 	C:\WINDOWS\System32\IMM32.DLL
0x00007ffc99120000 - 0x00007ffc991ca000 	C:\Program Files\Java\jdk-12.0.1\bin\msvcp140.dll
0x00007ffc41050000 - 0x00007ffc41bc4000 	C:\Program Files\Java\jdk-12.0.1\bin\server\jvm.dll
0x00007ffcb7c70000 - 0x00007ffcb7c78000 	C:\WINDOWS\System32\PSAPI.DLL
0x00007ffca46f0000 - 0x00007ffca46f9000 	C:\WINDOWS\SYSTEM32\WSOCK32.dll
0x00007ffcb1240000 - 0x00007ffcb1263000 	C:\WINDOWS\SYSTEM32\WINMM.dll
0x00007ffcb9520000 - 0x00007ffcb958c000 	C:\WINDOWS\System32\WS2_32.dll
0x00007ffcb0fa0000 - 0x00007ffcb0fca000 	C:\WINDOWS\SYSTEM32\winmmbase.dll
0x00007ffcb6e30000 - 0x00007ffcb6e79000 	C:\WINDOWS\System32\cfgmgr32.dll
0x00007ffcb6940000 - 0x00007ffcb6951000 	C:\WINDOWS\System32\kernel.appcore.dll
0x00007ffca29e0000 - 0x00007ffca29f1000 	C:\Program Files\Java\jdk-12.0.1\bin\verify.dll
0x00007ffcb5340000 - 0x00007ffcb5509000 	C:\WINDOWS\SYSTEM32\DBGHELP.DLL
0x00007ffca0690000 - 0x00007ffca06b9000 	C:\WINDOWS\SYSTEM32\dbgcore.DLL
0x00007ffca2790000 - 0x00007ffca27b6000 	C:\Program Files\Java\jdk-12.0.1\bin\java.dll
0x00007ffcb36d0000 - 0x00007ffcb36de000 	C:\Program Files\Java\jdk-12.0.1\bin\instrument.dll
0x00007ffca05d0000 - 0x00007ffca05e7000 	C:\Program Files\Java\jdk-12.0.1\bin\zip.dll
0x00007ffcb0d70000 - 0x00007ffcb0d7a000 	C:\Program Files\Java\jdk-12.0.1\bin\jimage.dll
0x00007ffcb8000000 - 0x00007ffcb9440000 	C:\WINDOWS\System32\SHELL32.dll
0x00007ffcb9440000 - 0x00007ffcb94e9000 	C:\WINDOWS\System32\shcore.dll
0x00007ffcb7390000 - 0x00007ffcb7a9d000 	C:\WINDOWS\System32\windows.storage.dll
0x00007ffcb9650000 - 0x00007ffcb96a1000 	C:\WINDOWS\System32\shlwapi.dll
0x00007ffcb69c0000 - 0x00007ffcb69df000 	C:\WINDOWS\System32\profapi.dll
0x00007ffcb6970000 - 0x00007ffcb69bc000 	C:\WINDOWS\System32\powrprof.dll
0x00007ffcb6960000 - 0x00007ffcb696a000 	C:\WINDOWS\System32\FLTLIB.DLL
0x00007ffca0170000 - 0x00007ffca0189000 	C:\Program Files\Java\jdk-12.0.1\bin\net.dll
0x00007ffcb0960000 - 0x00007ffcb0a3d000 	C:\WINDOWS\SYSTEM32\WINHTTP.dll
0x00007ffca7ea0000 - 0x00007ffca8069000 	C:\WINDOWS\SYSTEM32\urlmon.dll
0x00007ffca7bf0000 - 0x00007ffca7e96000 	C:\WINDOWS\SYSTEM32\iertutil.dll
0x00007ffcb6370000 - 0x00007ffcb637b000 	C:\WINDOWS\SYSTEM32\CRYPTBASE.DLL
0x00007ffcb61a0000 - 0x00007ffcb6206000 	C:\WINDOWS\system32\mswsock.dll
0x00007ffc99100000 - 0x00007ffc99113000 	C:\Program Files\Java\jdk-12.0.1\bin\nio.dll
0x00007ffc96eb0000 - 0x00007ffc96eca000 	C:\Program Files\JetBrains\IntelliJ IDEA Community Edition 2019.2.2\bin\breakgen64.dll
0x00007ffcb6350000 - 0x00007ffcb6367000 	C:\WINDOWS\SYSTEM32\CRYPTSP.dll
0x00007ffcb5d50000 - 0x00007ffcb5d83000 	C:\WINDOWS\system32\rsaenh.dll
0x00007ffcb6480000 - 0x00007ffcb64a5000 	C:\WINDOWS\SYSTEM32\bcrypt.dll
0x00007ffcb6820000 - 0x00007ffcb6848000 	C:\WINDOWS\SYSTEM32\USERENV.dll
0x00007ffcb5ef0000 - 0x00007ffcb5f28000 	C:\WINDOWS\SYSTEM32\IPHLPAPI.DLL
0x00007ffcb7aa0000 - 0x00007ffcb7aa8000 	C:\WINDOWS\System32\NSI.dll
0x00007ffcaf560000 - 0x00007ffcaf576000 	C:\WINDOWS\SYSTEM32\dhcpcsvc6.DLL
0x00007ffcaf6a0000 - 0x00007ffcaf6ba000 	C:\WINDOWS\SYSTEM32\dhcpcsvc.DLL
0x0000000061c40000 - 0x0000000061d0b000 	C:\Users\Gerasimos\AppData\Local\Temp\sqlite-3.27.2.1-cd4480e0-07eb-4417-9aca-04bdba7b1bfb-sqlitejdbc.dll
0x00007ffcb5f30000 - 0x00007ffcb5fee000 	C:\WINDOWS\SYSTEM32\DNSAPI.dll
0x00007ffcad490000 - 0x00007ffcad49a000 	C:\Windows\System32\rasadhlp.dll
0x00007ffc93f90000 - 0x00007ffc93fb7000 	C:\Program Files\Java\jdk-12.0.1\bin\sunec.dll

dbghelp: loaded successfully - version: 4.0.5 - missing functions: none
symbol engine: initialized successfully - sym options: 0x614 - pdb path: .;C:\Program Files\Java\jdk-12.0.1\bin;C:\WINDOWS\SYSTEM32;C:\WINDOWS\WinSxS\amd64_microsoft.windows.common-controls_6595b64144ccf1df_6.0.17134.950_none_fb3da4273069d3e0;C:\Program Files\Java\jdk-12.0.1\bin\server;C:\Program Files\JetBrains\IntelliJ IDEA Community Edition 2019.2.2\bin;C:\Users\Gerasimos\AppData\Local\Temp

VM Arguments:
jvm_args: -javaagent:C:\Program Files\JetBrains\IntelliJ IDEA Community Edition 2019.2.2\lib\idea_rt.jar=3545:C:\Program Files\JetBrains\IntelliJ IDEA Community Edition 2019.2.2\bin -Dfile.encoding=UTF-8 
java_command: Main
java_class_path (initial): C:\Users\Gerasimos\IdeaProjects\ImpressionMinerV13.1\out\production\ImpressionMiner;C:\Users\Gerasimos\IdeaProjects\ImpressionMinerV13.1\sqlite-jdbc-3.27.2.1.jar;C:\Users\Gerasimos\IdeaProjects\ImpressionMinerV13.1\jsoup-1.11.3.jar
Launcher Type: SUN_STANDARD

[Global flags]
     intx CICompilerCount                          = 4                                         {product} {ergonomic}
     uint ConcGCThreads                            = 2                                         {product} {ergonomic}
     uint G1ConcRefinementThreads                  = 8                                         {product} {ergonomic}
   size_t G1HeapRegionSize                         = 1048576                                   {product} {ergonomic}
    uintx GCDrainStackTargetSize                   = 64                                        {product} {ergonomic}
   size_t InitialHeapSize                          = 134217728                                 {product} {ergonomic}
   size_t MarkStackSize                            = 4194304                                   {product} {ergonomic}
   size_t MaxHeapSize                              = 2122317824                                {product} {ergonomic}
   size_t MaxNewSize                               = 1272971264                                {product} {ergonomic}
   size_t MinHeapDeltaBytes                        = 1048576                                   {product} {ergonomic}
    uintx NonNMethodCodeHeapSize                   = 5836300                                {pd product} {ergonomic}
    uintx NonProfiledCodeHeapSize                  = 122910970                              {pd product} {ergonomic}
    uintx ProfiledCodeHeapSize                     = 122910970                              {pd product} {ergonomic}
    uintx ReservedCodeCacheSize                    = 251658240                              {pd product} {ergonomic}
     bool SegmentedCodeCache                       = true                                      {product} {ergonomic}
     bool UseCompressedClassPointers               = true                                 {lp64_product} {ergonomic}
     bool UseCompressedOops                        = true                                 {lp64_product} {ergonomic}
     bool UseG1GC                                  = true                                      {product} {ergonomic}
     bool UseLargePagesIndividualAllocation        = false                                  {pd product} {ergonomic}

Logging:
Log output configuration:
 #0: stdout all=warning uptime,level,tags
 #1: stderr all=off uptime,level,tags

Environment Variables:
PATH=C:\Program Files (x86)\Common Files\Oracle\Java\javapath;C:\Program Files\Microsoft MPI\Bin\;C:\WINDOWS\system32;C:\WINDOWS;C:\WINDOWS\System32\Wbem;C:\WINDOWS\System32\WindowsPowerShell\v1.0\;C:\Program Files\nodejs\;C:\WINDOWS\System32\OpenSSH\;C:\WINDOWS\system32\config\systemprofile\.dnx\bin;C:\Program Files\Microsoft DNX\Dnvm\;C:\Program Files\Microsoft SQL Server\120\Tools\Binn\;C:\Program Files\Microsoft SQL Server\130\Tools\Binn\;C:\Program Files (x86)\Windows Kits\8.1\Windows Performance Toolkit\;C:\sqlite;;C:\Program Files\Microsoft VS Code\bin;C:\xampp\php;C:\ProgramData\ComposerSetup\bin;C:\Program Files (x86)\Intel\Intel(R) Management Engine Components\DAL;C:\Program Files\Intel\Intel(R) Management Engine Components\DAL;C:\Program Files\dotnet\;C:\Program Files\Microsoft SQL Server\Client SDK\ODBC\170\Tools\Binn\;C:\Program Files (x86)\Microsoft SQL Server\130\Tools\Binn\;C:\Program Files (x86)\Microsoft SQL Server\130\DTS\Binn\;C:\Program Files\Microsoft SQL Server\130\DTS\Binn\;C:\Program Files\Microsoft SQL Server\Client SDK\ODBC\130\Tools\Binn\;C:\Program Files (x86)\Microsoft SQL Server\150\DTS\Binn\;C:\Users\Gerasimos\AppData\Local\Programs\Python\Python37-32\Scripts\;C:\Users\Gerasimos\AppData\Local\Programs\Python\Python37-32\;C:\Users\Gerasimos\AppData\Local\Microsoft\WindowsApps;;C:\Program Files\Microsoft VS Code\bin;C:\Users\Gerasimos\AppData\Roaming\npm;C:\Program Files\JetBrains\IntelliJ IDEA Community Edition 2019.2.2\bin;;C:\Users\Gerasimos\AppData\Roaming\Composer\vendor\bin
USERNAME=Gerasimos
OS=Windows_NT
PROCESSOR_IDENTIFIER=Intel64 Family 6 Model 142 Stepping 10, GenuineIntel



---------------  S Y S T E M  ---------------

OS: Windows 10 , 64 bit Build 17134 (10.0.17134.753)

CPU:total 8 (initial active 8) (4 cores per cpu, 2 threads per core) family 6 model 142 stepping 10, cmov, cx8, fxsr, mmx, sse, sse2, sse3, ssse3, sse4.1, sse4.2, popcnt, avx, avx2, aes, clmul, erms, 3dnowpref, lzcnt, ht, tsc, tscinvbit, bmi1, bmi2, adx, fma

Memory: 4k page, system-wide physical 8089M (2794M free)
TotalPageFile size 11161M (AvailPageFile size 1841M)
current process WorkingSet (physical memory assigned to process): 55M, peak: 55M
current process commit charge ("private bytes"): 217M, peak: 217M

vm_info: Java HotSpot(TM) 64-Bit Server VM (12.0.1+12) for windows-amd64 JRE (12.0.1+12), built on Apr  2 2019 14:02:19 by "mach5one" with MS VC++ 15.5 (VS2017)

END.
