#
# A fatal error has been detected by the Java Runtime Environment:
#
#  EXCEPTION_ACCESS_VIOLATION (0xc0000005) at pc=0x0000000061c4512e, pid=12740, tid=7040
#
# JRE version: Java(TM) SE Runtime Environment (12.0.1+12) (build 12.0.1+12)
# Java VM: Java HotSpot(TM) 64-Bit Server VM (12.0.1+12, mixed mode, sharing, tiered, compressed oops, g1 gc, windows-amd64)
# Problematic frame:
# C  [sqlite-3.27.2.1-2079de10-2b81-4f97-977b-ecdd397585cf-sqlitejdbc.dll+0x512e]
#
# No core dump will be written. Minidumps are not enabled by default on client versions of Windows
#
# If you would like to submit a bug report, please visit:
#   http://bugreport.java.com/bugreport/crash.jsp
# The crash happened outside the Java Virtual Machine in native code.
# See problematic frame for where to report the bug.
#

---------------  S U M M A R Y ------------

Command Line: -javaagent:C:\Program Files\JetBrains\IntelliJ IDEA Community Edition 2019.2.2\lib\idea_rt.jar=5327:C:\Program Files\JetBrains\IntelliJ IDEA Community Edition 2019.2.2\bin -Dfile.encoding=UTF-8 Main

Host: Intel(R) Core(TM) i5-8250U CPU @ 1.60GHz, 8 cores, 7G,  Windows 10 , 64 bit Build 17134 (10.0.17134.753)
Time: Fri Oct  4 21:09:18 2019 Eanei? ?na GTB elapsed time: 19 seconds (0d 0h 0m 19s)

---------------  T H R E A D  ---------------

Current thread (0x0000024cc46d3800):  JavaThread "Thread-13" [_thread_in_native, id=7040, stack(0x0000005826500000,0x0000005826600000)]

Stack: [0x0000005826500000,0x0000005826600000],  sp=0x00000058265ff1c8,  free space=1020k
Native frames: (J=compiled Java code, j=interpreted, Vv=VM code, C=native code)
C  [sqlite-3.27.2.1-2079de10-2b81-4f97-977b-ecdd397585cf-sqlitejdbc.dll+0x512e]

Java frames: (J=compiled Java code, j=interpreted, Vv=VM code)
j  org.sqlite.core.NativeDB.column_count(J)I+0
j  org.sqlite.jdbc3.JDBC3Statement.getResultSet()Ljava/sql/ResultSet;+37
j  org.sqlite.jdbc3.JDBC3PreparedStatement.executeQuery()Ljava/sql/ResultSet;+133
j  DBConnection.selectUrlbyID(I)Ljava/lang/String;+27
j  IMThread.run()V+12
j  java.lang.Thread.run()V+11 java.base@12.0.1
v  ~StubRoutines::call_stub

siginfo: EXCEPTION_ACCESS_VIOLATION (0xc0000005), reading address 0x0000024cc54a2d48


Register to memory mapping:

RIP=0x0000000061c4512e sqlite-3.27.2.1-2079de10-2b81-4f97-977b-ecdd397585cf-sqlitejdbc.dll
RAX=0x0 is NULL
RBX={method} {0x0000024cc3e18cf0} 'column_count' '(J)I' in 'org/sqlite/core/NativeDB'
RCX=0x0000024cc54a2c88 is an unknown value
RDX=0x00000058265ff298 is pointing into the stack for thread: 0x0000024cc46d3800
RSP=0x00000058265ff1c8 is pointing into the stack for thread: 0x0000024cc46d3800
RBP=0x00000058265ff268 is pointing into the stack for thread: 0x0000024cc46d3800
RSI=0x0000000000000064 is an unknown value
RDI=0x0000000000000005 is an unknown value
R8 =0x0000024cc54a2c88 is an unknown value
R9 =0x0000024cad0e0b80 is at begin+0 in a stub
StubRoutines::atomic_cmpxchg_long [0x0000024cad0e0b80, 0x0000024cad0e0b89[ (9 bytes)
R10=0x0000024cad0efe25 is at code_begin+1477 in an Interpreter codelet
method entry point (kind = native_synchronized)  [0x0000024cad0ef860, 0x0000024cad0f05a0]  3392 bytes
R11=0x0000000000000121 is an unknown value
R12=0x0 is NULL
R13={method} {0x0000024cc3e18cf0} 'column_count' '(J)I' in 'org/sqlite/core/NativeDB'
R14=0x00000058265ff298 is pointing into the stack for thread: 0x0000024cc46d3800
R15=0x0000024cc46d3800 is a thread


Registers:
RAX=0x0000000000000000, RBX=0x0000024cc3e18ce8, RCX=0x0000024cc54a2c88, RDX=0x00000058265ff298
RSP=0x00000058265ff1c8, RBP=0x00000058265ff268, RSI=0x0000000000000064, RDI=0x0000000000000005
R8 =0x0000024cc54a2c88, R9 =0x0000024cad0e0b80, R10=0x0000024cad0efe25, R11=0x0000000000000121
R12=0x0000000000000000, R13=0x0000024cc3e18ce8, R14=0x00000058265ff298, R15=0x0000024cc46d3800
RIP=0x0000000061c4512e, EFLAGS=0x0000000000010206

Top of Stack: (sp=0x00000058265ff1c8)
0x00000058265ff1c8:   0000024cad0efe54 0000000000000005
0x00000058265ff1d8:   0000024cad0efb67 0000024cc46d3800
0x00000058265ff1e8:   0000000000000002 00000058265ff268
0x00000058265ff1f8:   0000000000000064 0000024cc3e7ee38
0x00000058265ff208:   0000024cad0efb24 0000000000000003
0x00000058265ff218:   0000000088c7b880 00000058265ff210
0x00000058265ff228:   0000024cc3e18ce8 00000058265ff298
0x00000058265ff238:   0000024cc3e7ee38 0000000000000000
0x00000058265ff248:   0000000089331200 0000024cc3e18ce8
0x00000058265ff258:   0000000000000000 00000058265ff288
0x00000058265ff268:   00000058265ff2e8 0000024cad0e9880
0x00000058265ff278:   0000000000000000 0000024cad0ec016
0x00000058265ff288:   0000024cc54a2c88 0000000000000000
0x00000058265ff298:   0000000088c7b880 00000058265ff2a0
0x00000058265ff2a8:   0000024cc3e8b59d 00000058265ff300
0x00000058265ff2b8:   0000024cc3eae3a0 0000000000000000 

Instructions: (pc=0x0000000061c4512e)
0x0000000061c4510e:   45 84 c0 74 05 48 8b 40 08 c3 48 8b 40 18 eb dd
0x0000000061c4511e:   c3 48 8b 41 10 8b 40 0c c3 31 c0 48 85 c9 74 07
0x0000000061c4512e:   0f b7 81 c0 00 00 00 c3 31 c0 48 85 c9 74 11 48
0x0000000061c4513e:   83 b9 a0 00 00 00 00 74 07 0f b7 81 c0 00 00 00 


Stack slot to memory mapping:
stack at sp + 0 slots: 0x0000024cad0efe54 is at code_begin+1524 in an Interpreter codelet
method entry point (kind = native_synchronized)  [0x0000024cad0ef860, 0x0000024cad0f05a0]  3392 bytes
stack at sp + 1 slots: 0x0000000000000005 is an unknown value
stack at sp + 2 slots: 0x0000024cad0efb67 is at code_begin+775 in an Interpreter codelet
method entry point (kind = native_synchronized)  [0x0000024cad0ef860, 0x0000024cad0f05a0]  3392 bytes
stack at sp + 3 slots: 0x0000024cc46d3800 is a thread
stack at sp + 4 slots: 0x0000000000000002 is an unknown value
stack at sp + 5 slots: 0x00000058265ff268 is pointing into the stack for thread: 0x0000024cc46d3800
stack at sp + 6 slots: 0x0000000000000064 is an unknown value
stack at sp + 7 slots: 0x0000024cc3e7ee38 is pointing into metadata


---------------  P R O C E S S  ---------------

Threads class SMR info:
_java_thread_list=0x0000024cc48c5d00, length=24, elements={
0x0000024ca4cdd000, 0x0000024cc397c800, 0x0000024cc397f800, 0x0000024cc3999000,
0x0000024cc399b000, 0x0000024cc399c800, 0x0000024cc39a0800, 0x0000024cc39a1800,
0x0000024cc395f800, 0x0000024cc451e000, 0x0000024cc452b000, 0x0000024cc4676800,
0x0000024cc46c3800, 0x0000024cc46c4800, 0x0000024cc46c6800, 0x0000024cc46cb800,
0x0000024cc46d0800, 0x0000024cc46d2800, 0x0000024cc46d5000, 0x0000024cc46d6000,
0x0000024cc46d7000, 0x0000024cc46d4800, 0x0000024cc46d3800, 0x0000024cc46d7800
}

Java Threads: ( => current thread )
  0x0000024ca4cdd000 JavaThread "main" [_thread_blocked, id=15664, stack(0x0000005824600000,0x0000005824700000)]
  0x0000024cc397c800 JavaThread "Reference Handler" daemon [_thread_blocked, id=15640, stack(0x0000005824d00000,0x0000005824e00000)]
  0x0000024cc397f800 JavaThread "Finalizer" daemon [_thread_blocked, id=1644, stack(0x0000005824e00000,0x0000005824f00000)]
  0x0000024cc3999000 JavaThread "Signal Dispatcher" daemon [_thread_blocked, id=10700, stack(0x0000005824f00000,0x0000005825000000)]
  0x0000024cc399b000 JavaThread "Attach Listener" daemon [_thread_blocked, id=10836, stack(0x0000005825000000,0x0000005825100000)]
  0x0000024cc399c800 JavaThread "C2 CompilerThread0" daemon [_thread_in_native, id=15980, stack(0x0000005825100000,0x0000005825200000)]
  0x0000024cc39a0800 JavaThread "C1 CompilerThread0" daemon [_thread_blocked, id=15040, stack(0x0000005825200000,0x0000005825300000)]
  0x0000024cc39a1800 JavaThread "Sweeper thread" daemon [_thread_blocked, id=12560, stack(0x0000005825300000,0x0000005825400000)]
  0x0000024cc395f800 JavaThread "Common-Cleaner" daemon [_thread_blocked, id=16200, stack(0x0000005825400000,0x0000005825500000)]
  0x0000024cc451e000 JavaThread "Monitor Ctrl-Break" daemon [_thread_in_native, id=16072, stack(0x0000005825600000,0x0000005825700000)]
  0x0000024cc452b000 JavaThread "Service Thread" daemon [_thread_blocked, id=3456, stack(0x0000005825700000,0x0000005825800000)]
  0x0000024cc4676800 JavaThread "Thread-0" [_thread_blocked, id=15420, stack(0x0000005825500000,0x0000005825600000)]
  0x0000024cc46c3800 JavaThread "Thread-1" [_thread_in_native, id=15936, stack(0x0000005825900000,0x0000005825a00000)]
  0x0000024cc46c4800 JavaThread "Thread-2" [_thread_blocked, id=11912, stack(0x0000005825a00000,0x0000005825b00000)]
  0x0000024cc46c6800 JavaThread "Thread-5" [_thread_blocked, id=8068, stack(0x0000005825d00000,0x0000005825e00000)]
  0x0000024cc46cb800 JavaThread "Thread-6" [_thread_blocked, id=15880, stack(0x0000005825e00000,0x0000005825f00000)]
  0x0000024cc46d0800 JavaThread "Thread-7" [_thread_blocked, id=14660, stack(0x0000005825f00000,0x0000005826000000)]
  0x0000024cc46d2800 JavaThread "Thread-8" [_thread_blocked, id=1324, stack(0x0000005826000000,0x0000005826100000)]
  0x0000024cc46d5000 JavaThread "Thread-9" [_thread_blocked, id=10220, stack(0x0000005826100000,0x0000005826200000)]
  0x0000024cc46d6000 JavaThread "Thread-10" [_thread_blocked, id=8204, stack(0x0000005826200000,0x0000005826300000)]
  0x0000024cc46d7000 JavaThread "Thread-11" [_thread_blocked, id=13500, stack(0x0000005826300000,0x0000005826400000)]
  0x0000024cc46d4800 JavaThread "Thread-12" [_thread_blocked, id=1948, stack(0x0000005826400000,0x0000005826500000)]
=>0x0000024cc46d3800 JavaThread "Thread-13" [_thread_in_native, id=7040, stack(0x0000005826500000,0x0000005826600000)]
  0x0000024cc46d7800 JavaThread "Thread-14" [_thread_in_native, id=13588, stack(0x0000005826600000,0x0000005826700000)]

Other Threads:
  0x0000024cc3979000 VMThread "VM Thread" [stack: 0x0000005824c00000,0x0000005824d00000] [id=14924]
  0x0000024cc452c000 WatcherThread [stack: 0x0000005825800000,0x0000005825900000] [id=8264]
  0x0000024ca4d1a800 GCTaskThread "GC Thread#0" [stack: 0x0000005824700000,0x0000005824800000] [id=8124]
  0x0000024ca4d28000 ConcurrentGCThread "G1 Main Marker" [stack: 0x0000005824800000,0x0000005824900000] [id=11552]
  0x0000024ca4d2a800 ConcurrentGCThread "G1 Conc#0" [stack: 0x0000005824900000,0x0000005824a00000] [id=11484]
  0x0000024cc37f6800 ConcurrentGCThread "G1 Refine#0" [stack: 0x0000005824a00000,0x0000005824b00000] [id=11008]
  0x0000024cc37f7000 ConcurrentGCThread "G1 Young RemSet Sampling" [stack: 0x0000005824b00000,0x0000005824c00000] [id=4220]

Threads with active compile tasks:
C2 CompilerThread0   704       4       java.lang.String::indexOf (7 bytes)

VM state:not at safepoint (normal execution)

VM Mutex/Monitor currently owned by a thread: None

Heap address: 0x0000000081800000, size: 2024 MB, Compressed Oops mode: 32-bit
Narrow klass base: 0x0000000800000000, Narrow klass shift: 3
Compressed class space size: 1073741824 Address: 0x00000008011a0000

Heap:
 garbage-first heap   total 131072K, used 12288K [0x0000000081800000, 0x0000000100000000)
  region size 1024K, 13 young (13312K), 0 survivors (0K)
 Metaspace       used 3814K, capacity 6017K, committed 6272K, reserved 1056768K
  class space    used 384K, capacity 628K, committed 640K, reserved 1048576K
Heap Regions: E=young(eden), S=young(survivor), O=old, HS=humongous(starts), HC=humongous(continues), CS=collection set, F=free, A=archive, TAMS=top-at-mark-start (previous, next)
|   0|0x0000000081800000, 0x0000000081800000, 0x0000000081900000|  0%| F|  |TAMS 0x0000000081800000, 0x0000000081800000| Untracked 
|   1|0x0000000081900000, 0x0000000081900000, 0x0000000081a00000|  0%| F|  |TAMS 0x0000000081900000, 0x0000000081900000| Untracked 
|   2|0x0000000081a00000, 0x0000000081a00000, 0x0000000081b00000|  0%| F|  |TAMS 0x0000000081a00000, 0x0000000081a00000| Untracked 
|   3|0x0000000081b00000, 0x0000000081b00000, 0x0000000081c00000|  0%| F|  |TAMS 0x0000000081b00000, 0x0000000081b00000| Untracked 
|   4|0x0000000081c00000, 0x0000000081c00000, 0x0000000081d00000|  0%| F|  |TAMS 0x0000000081c00000, 0x0000000081c00000| Untracked 
|   5|0x0000000081d00000, 0x0000000081d00000, 0x0000000081e00000|  0%| F|  |TAMS 0x0000000081d00000, 0x0000000081d00000| Untracked 
|   6|0x0000000081e00000, 0x0000000081e00000, 0x0000000081f00000|  0%| F|  |TAMS 0x0000000081e00000, 0x0000000081e00000| Untracked 
|   7|0x0000000081f00000, 0x0000000081f00000, 0x0000000082000000|  0%| F|  |TAMS 0x0000000081f00000, 0x0000000081f00000| Untracked 
|   8|0x0000000082000000, 0x0000000082000000, 0x0000000082100000|  0%| F|  |TAMS 0x0000000082000000, 0x0000000082000000| Untracked 
|   9|0x0000000082100000, 0x0000000082100000, 0x0000000082200000|  0%| F|  |TAMS 0x0000000082100000, 0x0000000082100000| Untracked 
|  10|0x0000000082200000, 0x0000000082200000, 0x0000000082300000|  0%| F|  |TAMS 0x0000000082200000, 0x0000000082200000| Untracked 
|  11|0x0000000082300000, 0x0000000082300000, 0x0000000082400000|  0%| F|  |TAMS 0x0000000082300000, 0x0000000082300000| Untracked 
|  12|0x0000000082400000, 0x0000000082400000, 0x0000000082500000|  0%| F|  |TAMS 0x0000000082400000, 0x0000000082400000| Untracked 
|  13|0x0000000082500000, 0x0000000082500000, 0x0000000082600000|  0%| F|  |TAMS 0x0000000082500000, 0x0000000082500000| Untracked 
|  14|0x0000000082600000, 0x0000000082600000, 0x0000000082700000|  0%| F|  |TAMS 0x0000000082600000, 0x0000000082600000| Untracked 
|  15|0x0000000082700000, 0x0000000082700000, 0x0000000082800000|  0%| F|  |TAMS 0x0000000082700000, 0x0000000082700000| Untracked 
|  16|0x0000000082800000, 0x0000000082800000, 0x0000000082900000|  0%| F|  |TAMS 0x0000000082800000, 0x0000000082800000| Untracked 
|  17|0x0000000082900000, 0x0000000082900000, 0x0000000082a00000|  0%| F|  |TAMS 0x0000000082900000, 0x0000000082900000| Untracked 
|  18|0x0000000082a00000, 0x0000000082a00000, 0x0000000082b00000|  0%| F|  |TAMS 0x0000000082a00000, 0x0000000082a00000| Untracked 
|  19|0x0000000082b00000, 0x0000000082b00000, 0x0000000082c00000|  0%| F|  |TAMS 0x0000000082b00000, 0x0000000082b00000| Untracked 
|  20|0x0000000082c00000, 0x0000000082c00000, 0x0000000082d00000|  0%| F|  |TAMS 0x0000000082c00000, 0x0000000082c00000| Untracked 
|  21|0x0000000082d00000, 0x0000000082d00000, 0x0000000082e00000|  0%| F|  |TAMS 0x0000000082d00000, 0x0000000082d00000| Untracked 
|  22|0x0000000082e00000, 0x0000000082e00000, 0x0000000082f00000|  0%| F|  |TAMS 0x0000000082e00000, 0x0000000082e00000| Untracked 
|  23|0x0000000082f00000, 0x0000000082f00000, 0x0000000083000000|  0%| F|  |TAMS 0x0000000082f00000, 0x0000000082f00000| Untracked 
|  24|0x0000000083000000, 0x0000000083000000, 0x0000000083100000|  0%| F|  |TAMS 0x0000000083000000, 0x0000000083000000| Untracked 
|  25|0x0000000083100000, 0x0000000083100000, 0x0000000083200000|  0%| F|  |TAMS 0x0000000083100000, 0x0000000083100000| Untracked 
|  26|0x0000000083200000, 0x0000000083200000, 0x0000000083300000|  0%| F|  |TAMS 0x0000000083200000, 0x0000000083200000| Untracked 
|  27|0x0000000083300000, 0x0000000083300000, 0x0000000083400000|  0%| F|  |TAMS 0x0000000083300000, 0x0000000083300000| Untracked 
|  28|0x0000000083400000, 0x0000000083400000, 0x0000000083500000|  0%| F|  |TAMS 0x0000000083400000, 0x0000000083400000| Untracked 
|  29|0x0000000083500000, 0x0000000083500000, 0x0000000083600000|  0%| F|  |TAMS 0x0000000083500000, 0x0000000083500000| Untracked 
|  30|0x0000000083600000, 0x0000000083600000, 0x0000000083700000|  0%| F|  |TAMS 0x0000000083600000, 0x0000000083600000| Untracked 
|  31|0x0000000083700000, 0x0000000083700000, 0x0000000083800000|  0%| F|  |TAMS 0x0000000083700000, 0x0000000083700000| Untracked 
|  32|0x0000000083800000, 0x0000000083800000, 0x0000000083900000|  0%| F|  |TAMS 0x0000000083800000, 0x0000000083800000| Untracked 
|  33|0x0000000083900000, 0x0000000083900000, 0x0000000083a00000|  0%| F|  |TAMS 0x0000000083900000, 0x0000000083900000| Untracked 
|  34|0x0000000083a00000, 0x0000000083a00000, 0x0000000083b00000|  0%| F|  |TAMS 0x0000000083a00000, 0x0000000083a00000| Untracked 
|  35|0x0000000083b00000, 0x0000000083b00000, 0x0000000083c00000|  0%| F|  |TAMS 0x0000000083b00000, 0x0000000083b00000| Untracked 
|  36|0x0000000083c00000, 0x0000000083c00000, 0x0000000083d00000|  0%| F|  |TAMS 0x0000000083c00000, 0x0000000083c00000| Untracked 
|  37|0x0000000083d00000, 0x0000000083d00000, 0x0000000083e00000|  0%| F|  |TAMS 0x0000000083d00000, 0x0000000083d00000| Untracked 
|  38|0x0000000083e00000, 0x0000000083e00000, 0x0000000083f00000|  0%| F|  |TAMS 0x0000000083e00000, 0x0000000083e00000| Untracked 
|  39|0x0000000083f00000, 0x0000000083f00000, 0x0000000084000000|  0%| F|  |TAMS 0x0000000083f00000, 0x0000000083f00000| Untracked 
|  40|0x0000000084000000, 0x0000000084000000, 0x0000000084100000|  0%| F|  |TAMS 0x0000000084000000, 0x0000000084000000| Untracked 
|  41|0x0000000084100000, 0x0000000084100000, 0x0000000084200000|  0%| F|  |TAMS 0x0000000084100000, 0x0000000084100000| Untracked 
|  42|0x0000000084200000, 0x0000000084200000, 0x0000000084300000|  0%| F|  |TAMS 0x0000000084200000, 0x0000000084200000| Untracked 
|  43|0x0000000084300000, 0x0000000084300000, 0x0000000084400000|  0%| F|  |TAMS 0x0000000084300000, 0x0000000084300000| Untracked 
|  44|0x0000000084400000, 0x0000000084400000, 0x0000000084500000|  0%| F|  |TAMS 0x0000000084400000, 0x0000000084400000| Untracked 
|  45|0x0000000084500000, 0x0000000084500000, 0x0000000084600000|  0%| F|  |TAMS 0x0000000084500000, 0x0000000084500000| Untracked 
|  46|0x0000000084600000, 0x0000000084600000, 0x0000000084700000|  0%| F|  |TAMS 0x0000000084600000, 0x0000000084600000| Untracked 
|  47|0x0000000084700000, 0x0000000084700000, 0x0000000084800000|  0%| F|  |TAMS 0x0000000084700000, 0x0000000084700000| Untracked 
|  48|0x0000000084800000, 0x0000000084800000, 0x0000000084900000|  0%| F|  |TAMS 0x0000000084800000, 0x0000000084800000| Untracked 
|  49|0x0000000084900000, 0x0000000084900000, 0x0000000084a00000|  0%| F|  |TAMS 0x0000000084900000, 0x0000000084900000| Untracked 
|  50|0x0000000084a00000, 0x0000000084a00000, 0x0000000084b00000|  0%| F|  |TAMS 0x0000000084a00000, 0x0000000084a00000| Untracked 
|  51|0x0000000084b00000, 0x0000000084b00000, 0x0000000084c00000|  0%| F|  |TAMS 0x0000000084b00000, 0x0000000084b00000| Untracked 
|  52|0x0000000084c00000, 0x0000000084c00000, 0x0000000084d00000|  0%| F|  |TAMS 0x0000000084c00000, 0x0000000084c00000| Untracked 
|  53|0x0000000084d00000, 0x0000000084d00000, 0x0000000084e00000|  0%| F|  |TAMS 0x0000000084d00000, 0x0000000084d00000| Untracked 
|  54|0x0000000084e00000, 0x0000000084e00000, 0x0000000084f00000|  0%| F|  |TAMS 0x0000000084e00000, 0x0000000084e00000| Untracked 
|  55|0x0000000084f00000, 0x0000000084f00000, 0x0000000085000000|  0%| F|  |TAMS 0x0000000084f00000, 0x0000000084f00000| Untracked 
|  56|0x0000000085000000, 0x0000000085000000, 0x0000000085100000|  0%| F|  |TAMS 0x0000000085000000, 0x0000000085000000| Untracked 
|  57|0x0000000085100000, 0x0000000085100000, 0x0000000085200000|  0%| F|  |TAMS 0x0000000085100000, 0x0000000085100000| Untracked 
|  58|0x0000000085200000, 0x0000000085200000, 0x0000000085300000|  0%| F|  |TAMS 0x0000000085200000, 0x0000000085200000| Untracked 
|  59|0x0000000085300000, 0x0000000085300000, 0x0000000085400000|  0%| F|  |TAMS 0x0000000085300000, 0x0000000085300000| Untracked 
|  60|0x0000000085400000, 0x0000000085400000, 0x0000000085500000|  0%| F|  |TAMS 0x0000000085400000, 0x0000000085400000| Untracked 
|  61|0x0000000085500000, 0x0000000085500000, 0x0000000085600000|  0%| F|  |TAMS 0x0000000085500000, 0x0000000085500000| Untracked 
|  62|0x0000000085600000, 0x0000000085600000, 0x0000000085700000|  0%| F|  |TAMS 0x0000000085600000, 0x0000000085600000| Untracked 
|  63|0x0000000085700000, 0x0000000085700000, 0x0000000085800000|  0%| F|  |TAMS 0x0000000085700000, 0x0000000085700000| Untracked 
|  64|0x0000000085800000, 0x0000000085800000, 0x0000000085900000|  0%| F|  |TAMS 0x0000000085800000, 0x0000000085800000| Untracked 
|  65|0x0000000085900000, 0x0000000085900000, 0x0000000085a00000|  0%| F|  |TAMS 0x0000000085900000, 0x0000000085900000| Untracked 
|  66|0x0000000085a00000, 0x0000000085a00000, 0x0000000085b00000|  0%| F|  |TAMS 0x0000000085a00000, 0x0000000085a00000| Untracked 
|  67|0x0000000085b00000, 0x0000000085b00000, 0x0000000085c00000|  0%| F|  |TAMS 0x0000000085b00000, 0x0000000085b00000| Untracked 
|  68|0x0000000085c00000, 0x0000000085c00000, 0x0000000085d00000|  0%| F|  |TAMS 0x0000000085c00000, 0x0000000085c00000| Untracked 
|  69|0x0000000085d00000, 0x0000000085d00000, 0x0000000085e00000|  0%| F|  |TAMS 0x0000000085d00000, 0x0000000085d00000| Untracked 
|  70|0x0000000085e00000, 0x0000000085e00000, 0x0000000085f00000|  0%| F|  |TAMS 0x0000000085e00000, 0x0000000085e00000| Untracked 
|  71|0x0000000085f00000, 0x0000000085f00000, 0x0000000086000000|  0%| F|  |TAMS 0x0000000085f00000, 0x0000000085f00000| Untracked 
|  72|0x0000000086000000, 0x0000000086000000, 0x0000000086100000|  0%| F|  |TAMS 0x0000000086000000, 0x0000000086000000| Untracked 
|  73|0x0000000086100000, 0x0000000086100000, 0x0000000086200000|  0%| F|  |TAMS 0x0000000086100000, 0x0000000086100000| Untracked 
|  74|0x0000000086200000, 0x0000000086200000, 0x0000000086300000|  0%| F|  |TAMS 0x0000000086200000, 0x0000000086200000| Untracked 
|  75|0x0000000086300000, 0x0000000086300000, 0x0000000086400000|  0%| F|  |TAMS 0x0000000086300000, 0x0000000086300000| Untracked 
|  76|0x0000000086400000, 0x0000000086400000, 0x0000000086500000|  0%| F|  |TAMS 0x0000000086400000, 0x0000000086400000| Untracked 
|  77|0x0000000086500000, 0x0000000086500000, 0x0000000086600000|  0%| F|  |TAMS 0x0000000086500000, 0x0000000086500000| Untracked 
|  78|0x0000000086600000, 0x0000000086600000, 0x0000000086700000|  0%| F|  |TAMS 0x0000000086600000, 0x0000000086600000| Untracked 
|  79|0x0000000086700000, 0x0000000086700000, 0x0000000086800000|  0%| F|  |TAMS 0x0000000086700000, 0x0000000086700000| Untracked 
|  80|0x0000000086800000, 0x0000000086800000, 0x0000000086900000|  0%| F|  |TAMS 0x0000000086800000, 0x0000000086800000| Untracked 
|  81|0x0000000086900000, 0x0000000086900000, 0x0000000086a00000|  0%| F|  |TAMS 0x0000000086900000, 0x0000000086900000| Untracked 
|  82|0x0000000086a00000, 0x0000000086a00000, 0x0000000086b00000|  0%| F|  |TAMS 0x0000000086a00000, 0x0000000086a00000| Untracked 
|  83|0x0000000086b00000, 0x0000000086b00000, 0x0000000086c00000|  0%| F|  |TAMS 0x0000000086b00000, 0x0000000086b00000| Untracked 
|  84|0x0000000086c00000, 0x0000000086c00000, 0x0000000086d00000|  0%| F|  |TAMS 0x0000000086c00000, 0x0000000086c00000| Untracked 
|  85|0x0000000086d00000, 0x0000000086d00000, 0x0000000086e00000|  0%| F|  |TAMS 0x0000000086d00000, 0x0000000086d00000| Untracked 
|  86|0x0000000086e00000, 0x0000000086e00000, 0x0000000086f00000|  0%| F|  |TAMS 0x0000000086e00000, 0x0000000086e00000| Untracked 
|  87|0x0000000086f00000, 0x0000000086f00000, 0x0000000087000000|  0%| F|  |TAMS 0x0000000086f00000, 0x0000000086f00000| Untracked 
|  88|0x0000000087000000, 0x0000000087000000, 0x0000000087100000|  0%| F|  |TAMS 0x0000000087000000, 0x0000000087000000| Untracked 
|  89|0x0000000087100000, 0x0000000087100000, 0x0000000087200000|  0%| F|  |TAMS 0x0000000087100000, 0x0000000087100000| Untracked 
|  90|0x0000000087200000, 0x0000000087200000, 0x0000000087300000|  0%| F|  |TAMS 0x0000000087200000, 0x0000000087200000| Untracked 
|  91|0x0000000087300000, 0x0000000087300000, 0x0000000087400000|  0%| F|  |TAMS 0x0000000087300000, 0x0000000087300000| Untracked 
|  92|0x0000000087400000, 0x0000000087400000, 0x0000000087500000|  0%| F|  |TAMS 0x0000000087400000, 0x0000000087400000| Untracked 
|  93|0x0000000087500000, 0x0000000087500000, 0x0000000087600000|  0%| F|  |TAMS 0x0000000087500000, 0x0000000087500000| Untracked 
|  94|0x0000000087600000, 0x0000000087600000, 0x0000000087700000|  0%| F|  |TAMS 0x0000000087600000, 0x0000000087600000| Untracked 
|  95|0x0000000087700000, 0x0000000087700000, 0x0000000087800000|  0%| F|  |TAMS 0x0000000087700000, 0x0000000087700000| Untracked 
|  96|0x0000000087800000, 0x0000000087800000, 0x0000000087900000|  0%| F|  |TAMS 0x0000000087800000, 0x0000000087800000| Untracked 
|  97|0x0000000087900000, 0x0000000087900000, 0x0000000087a00000|  0%| F|  |TAMS 0x0000000087900000, 0x0000000087900000| Untracked 
|  98|0x0000000087a00000, 0x0000000087a00000, 0x0000000087b00000|  0%| F|  |TAMS 0x0000000087a00000, 0x0000000087a00000| Untracked 
|  99|0x0000000087b00000, 0x0000000087b00000, 0x0000000087c00000|  0%| F|  |TAMS 0x0000000087b00000, 0x0000000087b00000| Untracked 
| 100|0x0000000087c00000, 0x0000000087c00000, 0x0000000087d00000|  0%| F|  |TAMS 0x0000000087c00000, 0x0000000087c00000| Untracked 
| 101|0x0000000087d00000, 0x0000000087d00000, 0x0000000087e00000|  0%| F|  |TAMS 0x0000000087d00000, 0x0000000087d00000| Untracked 
| 102|0x0000000087e00000, 0x0000000087e00000, 0x0000000087f00000|  0%| F|  |TAMS 0x0000000087e00000, 0x0000000087e00000| Untracked 
| 103|0x0000000087f00000, 0x0000000087f00000, 0x0000000088000000|  0%| F|  |TAMS 0x0000000087f00000, 0x0000000087f00000| Untracked 
| 104|0x0000000088000000, 0x0000000088000000, 0x0000000088100000|  0%| F|  |TAMS 0x0000000088000000, 0x0000000088000000| Untracked 
| 105|0x0000000088100000, 0x0000000088100000, 0x0000000088200000|  0%| F|  |TAMS 0x0000000088100000, 0x0000000088100000| Untracked 
| 106|0x0000000088200000, 0x0000000088200000, 0x0000000088300000|  0%| F|  |TAMS 0x0000000088200000, 0x0000000088200000| Untracked 
| 107|0x0000000088300000, 0x0000000088300000, 0x0000000088400000|  0%| F|  |TAMS 0x0000000088300000, 0x0000000088300000| Untracked 
| 108|0x0000000088400000, 0x0000000088400000, 0x0000000088500000|  0%| F|  |TAMS 0x0000000088400000, 0x0000000088400000| Untracked 
| 109|0x0000000088500000, 0x0000000088500000, 0x0000000088600000|  0%| F|  |TAMS 0x0000000088500000, 0x0000000088500000| Untracked 
| 110|0x0000000088600000, 0x0000000088600000, 0x0000000088700000|  0%| F|  |TAMS 0x0000000088600000, 0x0000000088600000| Untracked 
| 111|0x0000000088700000, 0x0000000088700000, 0x0000000088800000|  0%| F|  |TAMS 0x0000000088700000, 0x0000000088700000| Untracked 
| 112|0x0000000088800000, 0x0000000088800000, 0x0000000088900000|  0%| F|  |TAMS 0x0000000088800000, 0x0000000088800000| Untracked 
| 113|0x0000000088900000, 0x0000000088900000, 0x0000000088a00000|  0%| F|  |TAMS 0x0000000088900000, 0x0000000088900000| Untracked 
| 114|0x0000000088a00000, 0x0000000088a00000, 0x0000000088b00000|  0%| F|  |TAMS 0x0000000088a00000, 0x0000000088a00000| Untracked 
| 115|0x0000000088b00000, 0x0000000088b7b650, 0x0000000088c00000| 48%| E|  |TAMS 0x0000000088b00000, 0x0000000088b00000| Complete 
| 116|0x0000000088c00000, 0x0000000088d00000, 0x0000000088d00000|100%| E|CS|TAMS 0x0000000088c00000, 0x0000000088c00000| Complete 
| 117|0x0000000088d00000, 0x0000000088e00000, 0x0000000088e00000|100%| E|CS|TAMS 0x0000000088d00000, 0x0000000088d00000| Complete 
| 118|0x0000000088e00000, 0x0000000088f00000, 0x0000000088f00000|100%| E|CS|TAMS 0x0000000088e00000, 0x0000000088e00000| Complete 
| 119|0x0000000088f00000, 0x0000000089000000, 0x0000000089000000|100%| E|CS|TAMS 0x0000000088f00000, 0x0000000088f00000| Complete 
| 120|0x0000000089000000, 0x0000000089100000, 0x0000000089100000|100%| E|CS|TAMS 0x0000000089000000, 0x0000000089000000| Complete 
| 121|0x0000000089100000, 0x0000000089200000, 0x0000000089200000|100%| E|CS|TAMS 0x0000000089100000, 0x0000000089100000| Complete 
| 122|0x0000000089200000, 0x0000000089300000, 0x0000000089300000|100%| E|CS|TAMS 0x0000000089200000, 0x0000000089200000| Complete 
| 123|0x0000000089300000, 0x0000000089400000, 0x0000000089400000|100%| E|CS|TAMS 0x0000000089300000, 0x0000000089300000| Complete 
| 124|0x0000000089400000, 0x0000000089500000, 0x0000000089500000|100%| E|CS|TAMS 0x0000000089400000, 0x0000000089400000| Complete 
| 125|0x0000000089500000, 0x0000000089600000, 0x0000000089600000|100%| E|CS|TAMS 0x0000000089500000, 0x0000000089500000| Complete 
| 126|0x0000000089600000, 0x0000000089700000, 0x0000000089700000|100%| E|CS|TAMS 0x0000000089600000, 0x0000000089600000| Complete 
| 127|0x0000000089700000, 0x0000000089800000, 0x0000000089800000|100%| E|CS|TAMS 0x0000000089700000, 0x0000000089700000| Complete 

Card table byte_map: [0x0000024cbc810000,0x0000024cbcc10000] _byte_map_base: 0x0000024cbc404000

Marking Bits (Prev, Next): (CMBitMap*) 0x0000024ca4d1b3b8, (CMBitMap*) 0x0000024ca4d1b3f8
 Prev Bits: [0x0000024cbd010000, 0x0000024cbefb0000)
 Next Bits: [0x0000024cbefb0000, 0x0000024cc0f50000)

Polling page: 0x0000024ca2b40000

Metaspace:

Usage:
  Non-class:      5.26 MB capacity,     3.42 MB ( 65%) used,     1.84 MB ( 35%) free+waste,     8.88 KB ( <1%) overhead. 
      Class:    628.00 KB capacity,   393.84 KB ( 63%) used,   229.04 KB ( 36%) free+waste,     5.13 KB ( <1%) overhead. 
       Both:      5.88 MB capacity,     3.80 MB ( 65%) used,     2.06 MB ( 35%) free+waste,    14.00 KB ( <1%) overhead. 

Virtual space:
  Non-class space:        8.00 MB reserved,       5.50 MB ( 69%) committed 
      Class space:        1.00 GB reserved,     640.00 KB ( <1%) committed 
             Both:        1.01 GB reserved,       6.13 MB ( <1%) committed 

Chunk freelists:
   Non-Class:  6.38 KB
       Class:  1.50 KB
        Both:  7.88 KB

CodeHeap 'non-profiled nmethods': size=120000Kb used=232Kb max_used=232Kb free=119767Kb
 bounds [0x0000024cb4bb0000, 0x0000024cb4e20000, 0x0000024cbc0e0000]
CodeHeap 'profiled nmethods': size=120000Kb used=1164Kb max_used=1164Kb free=118836Kb
 bounds [0x0000024cad680000, 0x0000024cad8f0000, 0x0000024cb4bb0000]
CodeHeap 'non-nmethods': size=5760Kb used=1104Kb max_used=1116Kb free=4655Kb
 bounds [0x0000024cad0e0000, 0x0000024cad350000, 0x0000024cad680000]
 total_blobs=1265 nmethods=715 adapters=317
 compilation: enabled
              stopped_count=0, restarted_count=0
 full_count=0

Compilation events (10 events):
Event: 19.211 Thread 0x0000024cc39a0800 nmethod 633 0x0000024cad770910 code [0x0000024cad770ac0, 0x0000024cad770c38]
Event: 19.211 Thread 0x0000024cc39a0800  635       1       java.io.File::getPath (5 bytes)
Event: 19.211 Thread 0x0000024cc39a0800 nmethod 635 0x0000024cb4be4f10 code [0x0000024cb4be50c0, 0x0000024cb4be51f8]
Event: 19.211 Thread 0x0000024cc39a0800  634       1       java.util.concurrent.CopyOnWriteArrayList::getArray (5 bytes)
Event: 19.211 Thread 0x0000024cc39a0800 nmethod 634 0x0000024cb4be5290 code [0x0000024cb4be5440, 0x0000024cb4be5578]
Event: 19.211 Thread 0x0000024cc39a0800  636       3       java.util.HashSet::contains (9 bytes)
Event: 19.211 Thread 0x0000024cc39a0800 nmethod 636 0x0000024cad770d10 code [0x0000024cad770f00, 0x0000024cad7713c0]
Event: 19.211 Thread 0x0000024cc39a0800  638       3       java.util.HashMap::removeNode (291 bytes)
Event: 19.213 Thread 0x0000024cc39a0800 nmethod 638 0x0000024cad771510 code [0x0000024cad7717c0, 0x0000024cad772be0]
Event: 19.213 Thread 0x0000024cc39a0800  637       3       java.nio.charset.Charset::lookup (44 bytes)

GC Heap History (0 events):
No events

Deoptimization events (10 events):
Event: 1.023 Thread 0x0000024cc399b000 Uncommon trap: reason=class_check action=maybe_recompile pc=0x0000024cb4bbe498 method=java.util.HashMap.putVal(ILjava/lang/Object;Ljava/lang/Object;ZZ)Ljava/lang/Object; @ 152 c2
Event: 1.023 Thread 0x0000024cc399b000 Uncommon trap: reason=class_check action=maybe_recompile pc=0x0000024cb4bbe498 method=java.util.HashMap.putVal(ILjava/lang/Object;Ljava/lang/Object;ZZ)Ljava/lang/Object; @ 152 c2
Event: 7.318 Thread 0x0000024ca4cdd000 Uncommon trap: reason=bimorphic_or_optimized_type_check action=maybe_recompile pc=0x0000024cb4bba6c4 method=java.util.AbstractCollection.isEmpty()Z @ 1 c2
Event: 7.318 Thread 0x0000024ca4cdd000 Uncommon trap: reason=bimorphic_or_optimized_type_check action=maybe_recompile pc=0x0000024cb4bba6c4 method=java.util.AbstractCollection.isEmpty()Z @ 1 c2
Event: 7.318 Thread 0x0000024ca4cdd000 Uncommon trap: reason=bimorphic_or_optimized_type_check action=maybe_recompile pc=0x0000024cb4bba6c4 method=java.util.AbstractCollection.isEmpty()Z @ 1 c2
Event: 7.319 Thread 0x0000024ca4cdd000 Uncommon trap: reason=bimorphic_or_optimized_type_check action=maybe_recompile pc=0x0000024cb4bba6c4 method=java.util.AbstractCollection.isEmpty()Z @ 1 c2
Event: 18.979 Thread 0x0000024ca4cdd000 Uncommon trap: reason=unstable_if action=reinterpret pc=0x0000024cb4bc9600 method=java.util.HashMap.putVal(ILjava/lang/Object;Ljava/lang/Object;ZZ)Ljava/lang/Object; @ 181 c2
Event: 18.980 Thread 0x0000024ca4cdd000 Uncommon trap: reason=class_check action=maybe_recompile pc=0x0000024cb4bc7c00 method=java.util.HashMap.putVal(ILjava/lang/Object;Ljava/lang/Object;ZZ)Ljava/lang/Object; @ 253 c2
Event: 18.980 Thread 0x0000024ca4cdd000 Uncommon trap: reason=class_check action=maybe_recompile pc=0x0000024cb4bc7c00 method=java.util.HashMap.putVal(ILjava/lang/Object;Ljava/lang/Object;ZZ)Ljava/lang/Object; @ 253 c2
Event: 19.178 Thread 0x0000024ca4cdd000 Uncommon trap: reason=unstable_if action=reinterpret pc=0x0000024cb4be1750 method=org.sqlite.SQLiteJDBCLoader.contentsEquals(Ljava/io/InputStream;Ljava/io/InputStream;)Z @ 39 c2

Classes redefined (0 events):
No events

Internal exceptions (3 events):
Event: 0.113 Thread 0x0000024ca4cdd000 Exception <a 'java/lang/NoSuchMethodError'{0x0000000089510bb8}: java.lang.invoke.DirectMethodHandle$Holder.invokeSpecialIFC(Ljava/lang/Object;Ljava/lang/Object;I)I> (0x0000000089510bb8) thrown at [t:/workspace/open/src/hotspot/share/interpreter/linkResolv
Event: 18.982 Thread 0x0000024ca4cdd000 Exception <a 'java/lang/NoSuchMethodError'{0x00000000892de200}: java.lang.invoke.DirectMethodHandle$Holder.invokeStaticInit(Ljava/lang/Object;IIII)Ljava/lang/Object;> (0x00000000892de200) thrown at [t:/workspace/open/src/hotspot/share/interpreter/linkReso
Event: 19.106 Thread 0x0000024ca4cdd000 Exception <a 'java/lang/NoSuchMethodError'{0x00000000891035c0}: java.lang.invoke.DirectMethodHandle$Holder.invokeStaticInit(Ljava/lang/Object;Ljava/lang/Object;IIII)Ljava/lang/Object;> (0x00000000891035c0) thrown at [t:/workspace/open/src/hotspot/share/in

Events (10 events):
Event: 19.213 loading class java/util/concurrent/atomic/AtomicReferenceFieldUpdater$AtomicReferenceFieldUpdaterImpl
Event: 19.213 Executing VM operation: RevokeBias
Event: 19.213 loading class java/util/concurrent/atomic/AtomicReferenceFieldUpdater$AtomicReferenceFieldUpdaterImpl done
Event: 19.213 Executing VM operation: RevokeBias done
Event: 19.213 loading class java/util/concurrent/atomic/AtomicReferenceFieldUpdater$AtomicReferenceFieldUpdaterImpl$1
Event: 19.213 loading class java/util/concurrent/atomic/AtomicReferenceFieldUpdater$AtomicReferenceFieldUpdaterImpl$1 done
Event: 19.213 Executing VM operation: RevokeBias
Event: 19.213 Executing VM operation: RevokeBias done
Event: 19.214 Executing VM operation: RevokeBias
Event: 19.214 Executing VM operation: RevokeBias done


Dynamic libraries:
0x00007ff607ed0000 - 0x00007ff607edf000 	C:\Program Files\Java\jdk-12.0.1\bin\java.exe
0x00007ffcba610000 - 0x00007ffcba7f1000 	C:\WINDOWS\SYSTEM32\ntdll.dll
0x00007ffcb9590000 - 0x00007ffcb9641000 	C:\WINDOWS\System32\KERNEL32.DLL
0x00007ffcb6e80000 - 0x00007ffcb70f3000 	C:\WINDOWS\System32\KERNELBASE.dll
0x00007ffcb6af0000 - 0x00007ffcb6be8000 	C:\WINDOWS\System32\ucrtbase.dll
0x00007ffca7720000 - 0x00007ffca7738000 	C:\Program Files\Java\jdk-12.0.1\bin\jli.dll
0x00007ffca3eb0000 - 0x00007ffca3ec6000 	C:\Program Files\Java\jdk-12.0.1\bin\VCRUNTIME140.dll
0x00007ffcb9dc0000 - 0x00007ffcb9e61000 	C:\WINDOWS\System32\ADVAPI32.dll
0x00007ffcb96b0000 - 0x00007ffcb974e000 	C:\WINDOWS\System32\msvcrt.dll
0x00007ffcb9750000 - 0x00007ffcb97ab000 	C:\WINDOWS\System32\sechost.dll
0x00007ffcb97b0000 - 0x00007ffcb98d4000 	C:\WINDOWS\System32\RPCRT4.dll
0x00007ffcb7e10000 - 0x00007ffcb7fa0000 	C:\WINDOWS\System32\USER32.dll
0x00007ffcb6bf0000 - 0x00007ffcb6c10000 	C:\WINDOWS\System32\win32u.dll
0x00007ffca4b40000 - 0x00007ffca4da9000 	C:\WINDOWS\WinSxS\amd64_microsoft.windows.common-controls_6595b64144ccf1df_6.0.17134.950_none_fb3da4273069d3e0\COMCTL32.dll
0x00007ffcba270000 - 0x00007ffcba298000 	C:\WINDOWS\System32\GDI32.dll
0x00007ffcb9e70000 - 0x00007ffcba192000 	C:\WINDOWS\System32\combase.dll
0x00007ffcb6c10000 - 0x00007ffcb6da1000 	C:\WINDOWS\System32\gdi32full.dll
0x00007ffcb72f0000 - 0x00007ffcb738f000 	C:\WINDOWS\System32\msvcp_win.dll
0x00007ffcb6db0000 - 0x00007ffcb6e29000 	C:\WINDOWS\System32\bcryptPrimitives.dll
0x00007ffcb1d30000 - 0x00007ffcb1d3a000 	C:\WINDOWS\SYSTEM32\VERSION.dll
0x00007ffcb94f0000 - 0x00007ffcb951d000 	C:\WINDOWS\System32\IMM32.DLL
0x00007ffc99120000 - 0x00007ffc991ca000 	C:\Program Files\Java\jdk-12.0.1\bin\msvcp140.dll
0x00007ffc41050000 - 0x00007ffc41bc4000 	C:\Program Files\Java\jdk-12.0.1\bin\server\jvm.dll
0x00007ffcb7c70000 - 0x00007ffcb7c78000 	C:\WINDOWS\System32\PSAPI.DLL
0x00007ffca46f0000 - 0x00007ffca46f9000 	C:\WINDOWS\SYSTEM32\WSOCK32.dll
0x00007ffcb1240000 - 0x00007ffcb1263000 	C:\WINDOWS\SYSTEM32\WINMM.dll
0x00007ffcb9520000 - 0x00007ffcb958c000 	C:\WINDOWS\System32\WS2_32.dll
0x00007ffcb0fa0000 - 0x00007ffcb0fca000 	C:\WINDOWS\SYSTEM32\winmmbase.dll
0x00007ffcb6e30000 - 0x00007ffcb6e79000 	C:\WINDOWS\System32\cfgmgr32.dll
0x00007ffcb6940000 - 0x00007ffcb6951000 	C:\WINDOWS\System32\kernel.appcore.dll
0x00007ffca3c60000 - 0x00007ffca3c71000 	C:\Program Files\Java\jdk-12.0.1\bin\verify.dll
0x00007ffcb5340000 - 0x00007ffcb5509000 	C:\WINDOWS\SYSTEM32\DBGHELP.DLL
0x00007ffca0690000 - 0x00007ffca06b9000 	C:\WINDOWS\SYSTEM32\dbgcore.DLL
0x00007ffca2790000 - 0x00007ffca27b6000 	C:\Program Files\Java\jdk-12.0.1\bin\java.dll
0x00007ffcb1c30000 - 0x00007ffcb1c3e000 	C:\Program Files\Java\jdk-12.0.1\bin\instrument.dll
0x00007ffca29e0000 - 0x00007ffca29f7000 	C:\Program Files\Java\jdk-12.0.1\bin\zip.dll
0x00007ffcb0d40000 - 0x00007ffcb0d4a000 	C:\Program Files\Java\jdk-12.0.1\bin\jimage.dll
0x00007ffcb8000000 - 0x00007ffcb9440000 	C:\WINDOWS\System32\SHELL32.dll
0x00007ffcb9440000 - 0x00007ffcb94e9000 	C:\WINDOWS\System32\shcore.dll
0x00007ffcb7390000 - 0x00007ffcb7a9d000 	C:\WINDOWS\System32\windows.storage.dll
0x00007ffcb9650000 - 0x00007ffcb96a1000 	C:\WINDOWS\System32\shlwapi.dll
0x00007ffcb69c0000 - 0x00007ffcb69df000 	C:\WINDOWS\System32\profapi.dll
0x00007ffcb6970000 - 0x00007ffcb69bc000 	C:\WINDOWS\System32\powrprof.dll
0x00007ffcb6960000 - 0x00007ffcb696a000 	C:\WINDOWS\System32\FLTLIB.DLL
0x00007ffca2620000 - 0x00007ffca2639000 	C:\Program Files\Java\jdk-12.0.1\bin\net.dll
0x00007ffcb0960000 - 0x00007ffcb0a3d000 	C:\WINDOWS\SYSTEM32\WINHTTP.dll
0x00007ffca7ea0000 - 0x00007ffca8069000 	C:\WINDOWS\SYSTEM32\urlmon.dll
0x00007ffca7bf0000 - 0x00007ffca7e96000 	C:\WINDOWS\SYSTEM32\iertutil.dll
0x00007ffcb6370000 - 0x00007ffcb637b000 	C:\WINDOWS\SYSTEM32\CRYPTBASE.DLL
0x00007ffcb61a0000 - 0x00007ffcb6206000 	C:\WINDOWS\system32\mswsock.dll
0x00007ffca2600000 - 0x00007ffca2613000 	C:\Program Files\Java\jdk-12.0.1\bin\nio.dll
0x00007ffca2550000 - 0x00007ffca256a000 	C:\Program Files\JetBrains\IntelliJ IDEA Community Edition 2019.2.2\bin\breakgen64.dll
0x00007ffcb6350000 - 0x00007ffcb6367000 	C:\WINDOWS\SYSTEM32\CRYPTSP.dll
0x00007ffcb5d50000 - 0x00007ffcb5d83000 	C:\WINDOWS\system32\rsaenh.dll
0x00007ffcb6480000 - 0x00007ffcb64a5000 	C:\WINDOWS\SYSTEM32\bcrypt.dll
0x00007ffcb6820000 - 0x00007ffcb6848000 	C:\WINDOWS\SYSTEM32\USERENV.dll
0x00007ffcb5ef0000 - 0x00007ffcb5f28000 	C:\WINDOWS\SYSTEM32\IPHLPAPI.DLL
0x00007ffcb7aa0000 - 0x00007ffcb7aa8000 	C:\WINDOWS\System32\NSI.dll
0x00007ffcaf560000 - 0x00007ffcaf576000 	C:\WINDOWS\SYSTEM32\dhcpcsvc6.DLL
0x00007ffcaf6a0000 - 0x00007ffcaf6ba000 	C:\WINDOWS\SYSTEM32\dhcpcsvc.DLL
0x0000000061c40000 - 0x0000000061d0b000 	C:\Users\Gerasimos\AppData\Local\Temp\sqlite-3.27.2.1-2079de10-2b81-4f97-977b-ecdd397585cf-sqlitejdbc.dll
0x00007ffcb36d0000 - 0x00007ffcb36de000 	C:\Program Files\Java\jdk-12.0.1\bin\sunmscapi.dll
0x00007ffcb7100000 - 0x00007ffcb72e2000 	C:\WINDOWS\System32\CRYPT32.dll
0x00007ffcb6920000 - 0x00007ffcb6932000 	C:\WINDOWS\System32\MSASN1.dll
0x00007ffcb6450000 - 0x00007ffcb6476000 	C:\WINDOWS\SYSTEM32\ncrypt.dll
0x00007ffcb6410000 - 0x00007ffcb6446000 	C:\WINDOWS\SYSTEM32\NTASN1.dll
0x00007ffcb5f30000 - 0x00007ffcb5fee000 	C:\WINDOWS\SYSTEM32\DNSAPI.dll
0x00007ffcad490000 - 0x00007ffcad49a000 	C:\Windows\System32\rasadhlp.dll
0x00007ffca0160000 - 0x00007ffca0187000 	C:\Program Files\Java\jdk-12.0.1\bin\sunec.dll

dbghelp: loaded successfully - version: 4.0.5 - missing functions: none
symbol engine: initialized successfully - sym options: 0x614 - pdb path: .;C:\Program Files\Java\jdk-12.0.1\bin;C:\WINDOWS\SYSTEM32;C:\WINDOWS\WinSxS\amd64_microsoft.windows.common-controls_6595b64144ccf1df_6.0.17134.950_none_fb3da4273069d3e0;C:\Program Files\Java\jdk-12.0.1\bin\server;C:\Program Files\JetBrains\IntelliJ IDEA Community Edition 2019.2.2\bin;C:\Users\Gerasimos\AppData\Local\Temp

VM Arguments:
jvm_args: -javaagent:C:\Program Files\JetBrains\IntelliJ IDEA Community Edition 2019.2.2\lib\idea_rt.jar=5327:C:\Program Files\JetBrains\IntelliJ IDEA Community Edition 2019.2.2\bin -Dfile.encoding=UTF-8 
java_command: Main
java_class_path (initial): C:\Users\Gerasimos\IdeaProjects\ImpressionMinerV13.1\out\production\ImpressionMiner;C:\Users\Gerasimos\IdeaProjects\ImpressionMinerV13.1\sqlite-jdbc-3.27.2.1.jar;C:\Users\Gerasimos\IdeaProjects\ImpressionMinerV13.1\jsoup-1.11.3.jar
Launcher Type: SUN_STANDARD

[Global flags]
     intx CICompilerCount                          = 4                                         {product} {ergonomic}
     uint ConcGCThreads                            = 2                                         {product} {ergonomic}
     uint G1ConcRefinementThreads                  = 8                                         {product} {ergonomic}
   size_t G1HeapRegionSize                         = 1048576                                   {product} {ergonomic}
    uintx GCDrainStackTargetSize                   = 64                                        {product} {ergonomic}
   size_t InitialHeapSize                          = 134217728                                 {product} {ergonomic}
   size_t MarkStackSize                            = 4194304                                   {product} {ergonomic}
   size_t MaxHeapSize                              = 2122317824                                {product} {ergonomic}
   size_t MaxNewSize                               = 1272971264                                {product} {ergonomic}
   size_t MinHeapDeltaBytes                        = 1048576                                   {product} {ergonomic}
    uintx NonNMethodCodeHeapSize                   = 5836300                                {pd product} {ergonomic}
    uintx NonProfiledCodeHeapSize                  = 122910970                              {pd product} {ergonomic}
    uintx ProfiledCodeHeapSize                     = 122910970                              {pd product} {ergonomic}
    uintx ReservedCodeCacheSize                    = 251658240                              {pd product} {ergonomic}
     bool SegmentedCodeCache                       = true                                      {product} {ergonomic}
     bool UseCompressedClassPointers               = true                                 {lp64_product} {ergonomic}
     bool UseCompressedOops                        = true                                 {lp64_product} {ergonomic}
     bool UseG1GC                                  = true                                      {product} {ergonomic}
     bool UseLargePagesIndividualAllocation        = false                                  {pd product} {ergonomic}

Logging:
Log output configuration:
 #0: stdout all=warning uptime,level,tags
 #1: stderr all=off uptime,level,tags

Environment Variables:
PATH=C:\Program Files (x86)\Common Files\Oracle\Java\javapath;C:\Program Files\Microsoft MPI\Bin\;C:\WINDOWS\system32;C:\WINDOWS;C:\WINDOWS\System32\Wbem;C:\WINDOWS\System32\WindowsPowerShell\v1.0\;C:\Program Files\nodejs\;C:\WINDOWS\System32\OpenSSH\;C:\WINDOWS\system32\config\systemprofile\.dnx\bin;C:\Program Files\Microsoft DNX\Dnvm\;C:\Program Files\Microsoft SQL Server\120\Tools\Binn\;C:\Program Files\Microsoft SQL Server\130\Tools\Binn\;C:\Program Files (x86)\Windows Kits\8.1\Windows Performance Toolkit\;C:\sqlite;;C:\Program Files\Microsoft VS Code\bin;C:\xampp\php;C:\ProgramData\ComposerSetup\bin;C:\Program Files (x86)\Intel\Intel(R) Management Engine Components\DAL;C:\Program Files\Intel\Intel(R) Management Engine Components\DAL;C:\Program Files\dotnet\;C:\Program Files\Microsoft SQL Server\Client SDK\ODBC\170\Tools\Binn\;C:\Program Files (x86)\Microsoft SQL Server\130\Tools\Binn\;C:\Program Files (x86)\Microsoft SQL Server\130\DTS\Binn\;C:\Program Files\Microsoft SQL Server\130\DTS\Binn\;C:\Program Files\Microsoft SQL Server\Client SDK\ODBC\130\Tools\Binn\;C:\Program Files (x86)\Microsoft SQL Server\150\DTS\Binn\;C:\Users\Gerasimos\AppData\Local\Programs\Python\Python37-32\Scripts\;C:\Users\Gerasimos\AppData\Local\Programs\Python\Python37-32\;C:\Users\Gerasimos\AppData\Local\Microsoft\WindowsApps;;C:\Program Files\Microsoft VS Code\bin;C:\Users\Gerasimos\AppData\Roaming\npm;C:\Program Files\JetBrains\IntelliJ IDEA Community Edition 2019.2.2\bin;;C:\Users\Gerasimos\AppData\Roaming\Composer\vendor\bin
USERNAME=Gerasimos
OS=Windows_NT
PROCESSOR_IDENTIFIER=Intel64 Family 6 Model 142 Stepping 10, GenuineIntel



---------------  S Y S T E M  ---------------

OS: Windows 10 , 64 bit Build 17134 (10.0.17134.753)

CPU:total 8 (initial active 8) (4 cores per cpu, 2 threads per core) family 6 model 142 stepping 10, cmov, cx8, fxsr, mmx, sse, sse2, sse3, ssse3, sse4.1, sse4.2, popcnt, avx, avx2, aes, clmul, erms, 3dnowpref, lzcnt, ht, tsc, tscinvbit, bmi1, bmi2, adx, fma

Memory: 4k page, system-wide physical 8089M (2407M free)
TotalPageFile size 12196M (AvailPageFile size 1664M)
current process WorkingSet (physical memory assigned to process): 54M, peak: 54M
current process commit charge ("private bytes"): 217M, peak: 217M

vm_info: Java HotSpot(TM) 64-Bit Server VM (12.0.1+12) for windows-amd64 JRE (12.0.1+12), built on Apr  2 2019 14:02:19 by "mach5one" with MS VC++ 15.5 (VS2017)

END.
