#
# A fatal error has been detected by the Java Runtime Environment:
#
#  EXCEPTION_ACCESS_VIOLATION (0xc0000005) at pc=0x0000000061c4512e, pid=13876, tid=14848
#
# JRE version: Java(TM) SE Runtime Environment (12.0.1+12) (build 12.0.1+12)
# Java VM: Java HotSpot(TM) 64-Bit Server VM (12.0.1+12, mixed mode, sharing, tiered, compressed oops, g1 gc, windows-amd64)
# Problematic frame:
# C  [sqlite-3.27.2.1-7c754988-eeb1-49f0-aa9c-156b90ced914-sqlitejdbc.dll+0x512e]
#
# No core dump will be written. Minidumps are not enabled by default on client versions of Windows
#
# If you would like to submit a bug report, please visit:
#   http://bugreport.java.com/bugreport/crash.jsp
# The crash happened outside the Java Virtual Machine in native code.
# See problematic frame for where to report the bug.
#

---------------  S U M M A R Y ------------

Command Line: -javaagent:C:\Program Files\JetBrains\IntelliJ IDEA Community Edition 2019.2.2\lib\idea_rt.jar=3969:C:\Program Files\JetBrains\IntelliJ IDEA Community Edition 2019.2.2\bin -Dfile.encoding=UTF-8 Main

Host: Intel(R) Core(TM) i5-8250U CPU @ 1.60GHz, 8 cores, 7G,  Windows 10 , 64 bit Build 17134 (10.0.17134.753)
Time: Fri Oct  4 19:22:02 2019 Eanei? ?na GTB elapsed time: 13 seconds (0d 0h 0m 13s)

---------------  T H R E A D  ---------------

Current thread (0x00000222dc398000):  JavaThread "Thread-9" [_thread_in_native, id=14848, stack(0x000000632d900000,0x000000632da00000)]

Stack: [0x000000632d900000,0x000000632da00000],  sp=0x000000632d9febb8,  free space=1018k
Native frames: (J=compiled Java code, j=interpreted, Vv=VM code, C=native code)
C  [sqlite-3.27.2.1-7c754988-eeb1-49f0-aa9c-156b90ced914-sqlitejdbc.dll+0x512e]

Java frames: (J=compiled Java code, j=interpreted, Vv=VM code)
j  org.sqlite.core.NativeDB.column_count(J)I+0
j  org.sqlite.core.CorePreparedStatement.<init>(Lorg/sqlite/SQLiteConnection;Ljava/lang/String;)V+41
j  org.sqlite.jdbc3.JDBC3PreparedStatement.<init>(Lorg/sqlite/SQLiteConnection;Ljava/lang/String;)V+3
j  org.sqlite.jdbc4.JDBC4PreparedStatement.<init>(Lorg/sqlite/SQLiteConnection;Ljava/lang/String;)V+3
j  org.sqlite.jdbc4.JDBC4Connection.prepareStatement(Ljava/lang/String;III)Ljava/sql/PreparedStatement;+18
j  org.sqlite.jdbc3.JDBC3Connection.prepareStatement(Ljava/lang/String;II)Ljava/sql/PreparedStatement;+5
j  org.sqlite.jdbc3.JDBC3Connection.prepareStatement(Ljava/lang/String;)Ljava/sql/PreparedStatement;+8
j  DBConnection.selectUrlbyID(I)Ljava/lang/String;+12
j  IMThread.run()V+12
j  java.lang.Thread.run()V+11 java.base@12.0.1
v  ~StubRoutines::call_stub

siginfo: EXCEPTION_ACCESS_VIOLATION (0xc0000005), reading address 0x00000222dd185e88


Register to memory mapping:

RIP=0x0000000061c4512e sqlite-3.27.2.1-7c754988-eeb1-49f0-aa9c-156b90ced914-sqlitejdbc.dll
RAX=0x0 is NULL
RBX={method} {0x00000222dbaa8cf0} 'column_count' '(J)I' in 'org/sqlite/core/NativeDB'
RCX=0x00000222dd185dc8 is an unknown value
RDX=0x000000632d9fec88 is pointing into the stack for thread: 0x00000222dc398000
RSP=0x000000632d9febb8 is pointing into the stack for thread: 0x00000222dc398000
RBP=0x000000632d9fec58 is pointing into the stack for thread: 0x00000222dc398000
RSI=0x000000008970a358 points into unknown readable memory: 01 00 00 00 00 00 00 00
RDI=0x0000000088c01da8 points into unknown readable memory: 00 00 00 00 00 00 00 00
R8 =0x00000222dd185dc8 is an unknown value
R9 =0x00000222c4d70b80 is at begin+0 in a stub
StubRoutines::atomic_cmpxchg_long [0x00000222c4d70b80, 0x00000222c4d70b89[ (9 bytes)
R10=0x00000222c4d7fe25 is at code_begin+1477 in an Interpreter codelet
method entry point (kind = native_synchronized)  [0x00000222c4d7f860, 0x00000222c4d805a0]  3392 bytes
R11=0x0000000000000121 is an unknown value
R12=0x0 is NULL
R13={method} {0x00000222dbaa8cf0} 'column_count' '(J)I' in 'org/sqlite/core/NativeDB'
R14=0x000000632d9fec88 is pointing into the stack for thread: 0x00000222dc398000
R15=0x00000222dc398000 is a thread


Registers:
RAX=0x0000000000000000, RBX=0x00000222dbaa8ce8, RCX=0x00000222dd185dc8, RDX=0x000000632d9fec88
RSP=0x000000632d9febb8, RBP=0x000000632d9fec58, RSI=0x000000008970a358, RDI=0x0000000088c01da8
R8 =0x00000222dd185dc8, R9 =0x00000222c4d70b80, R10=0x00000222c4d7fe25, R11=0x0000000000000121
R12=0x0000000000000000, R13=0x00000222dbaa8ce8, R14=0x000000632d9fec88, R15=0x00000222dc398000
RIP=0x0000000061c4512e, EFLAGS=0x0000000000010202

Top of Stack: (sp=0x000000632d9febb8)
0x000000632d9febb8:   00000222c4d7fe54 0000000088c01da8
0x000000632d9febc8:   00000222c4d7fb67 00000222dc398000
0x000000632d9febd8:   0000000000000002 000000632d9fec58
0x000000632d9febe8:   000000008970a358 00000222c4d8befa
0x000000632d9febf8:   00000222c4d7fb24 0000000000000003
0x000000632d9fec08:   0000000088c01008 000000632d9fec00
0x000000632d9fec18:   00000222dbaa8ce8 000000632d9fec88
0x000000632d9fec28:   00000222dbb0ee38 0000000000000000
0x000000632d9fec38:   0000000089331200 00000222dbaa8ce8
0x000000632d9fec48:   0000000000000000 000000632d9fec78
0x000000632d9fec58:   000000632d9fece0 00000222c4d79880
0x000000632d9fec68:   0000000000000000 00000222c4d7c016
0x000000632d9fec78:   00000222dd185dc8 0000000000000000
0x000000632d9fec88:   0000000088c01008 0000000088c01b70
0x000000632d9fec98:   000000632d9fec98 00000222dbb47221
0x000000632d9feca8:   000000632d9fed08 00000222dbb47b78 

Instructions: (pc=0x0000000061c4512e)
0x0000000061c4510e:   45 84 c0 74 05 48 8b 40 08 c3 48 8b 40 18 eb dd
0x0000000061c4511e:   c3 48 8b 41 10 8b 40 0c c3 31 c0 48 85 c9 74 07
0x0000000061c4512e:   0f b7 81 c0 00 00 00 c3 31 c0 48 85 c9 74 11 48
0x0000000061c4513e:   83 b9 a0 00 00 00 00 74 07 0f b7 81 c0 00 00 00 


Stack slot to memory mapping:
stack at sp + 0 slots: 0x00000222c4d7fe54 is at code_begin+1524 in an Interpreter codelet
method entry point (kind = native_synchronized)  [0x00000222c4d7f860, 0x00000222c4d805a0]  3392 bytes
stack at sp + 1 slots: 0x0000000088c01da8 points into unknown readable memory: 00 00 00 00 00 00 00 00
stack at sp + 2 slots: 0x00000222c4d7fb67 is at code_begin+775 in an Interpreter codelet
method entry point (kind = native_synchronized)  [0x00000222c4d7f860, 0x00000222c4d805a0]  3392 bytes
stack at sp + 3 slots: 0x00000222dc398000 is a thread
stack at sp + 4 slots: 0x0000000000000002 is an unknown value
stack at sp + 5 slots: 0x000000632d9fec58 is pointing into the stack for thread: 0x00000222dc398000
stack at sp + 6 slots: 0x000000008970a358 points into unknown readable memory: 01 00 00 00 00 00 00 00
stack at sp + 7 slots: 0x00000222c4d8befa is at code_begin+634 in an Interpreter codelet
areturn  176 areturn  [0x00000222c4d8bc80, 0x00000222c4d8c180]  1280 bytes


---------------  P R O C E S S  ---------------

Threads class SMR info:
_java_thread_list=0x00000222dc3f3390, length=24, elements={
0x00000222bc966000, 0x00000222db603000, 0x00000222db605000, 0x00000222db620000,
0x00000222db622000, 0x00000222db623800, 0x00000222db62c000, 0x00000222db633800,
0x00000222db5e7000, 0x00000222dc173800, 0x00000222dc174800, 0x00000222dc059000,
0x00000222dc24f800, 0x00000222dc250000, 0x00000222dc251000, 0x00000222dc253800,
0x00000222dc390800, 0x00000222dc391000, 0x00000222dc394000, 0x00000222dc398000,
0x00000222dc395000, 0x00000222dc396000, 0x00000222dc39a000, 0x00000222dc397800
}

Java Threads: ( => current thread )
  0x00000222bc966000 JavaThread "main" [_thread_blocked, id=6528, stack(0x000000632be00000,0x000000632bf00000)]
  0x00000222db603000 JavaThread "Reference Handler" daemon [_thread_blocked, id=5080, stack(0x000000632c500000,0x000000632c600000)]
  0x00000222db605000 JavaThread "Finalizer" daemon [_thread_blocked, id=1496, stack(0x000000632c600000,0x000000632c700000)]
  0x00000222db620000 JavaThread "Signal Dispatcher" daemon [_thread_blocked, id=14448, stack(0x000000632c700000,0x000000632c800000)]
  0x00000222db622000 JavaThread "Attach Listener" daemon [_thread_blocked, id=14180, stack(0x000000632c800000,0x000000632c900000)]
  0x00000222db623800 JavaThread "C2 CompilerThread0" daemon [_thread_in_native, id=12440, stack(0x000000632c900000,0x000000632ca00000)]
  0x00000222db62c000 JavaThread "C1 CompilerThread0" daemon [_thread_blocked, id=13712, stack(0x000000632ca00000,0x000000632cb00000)]
  0x00000222db633800 JavaThread "Sweeper thread" daemon [_thread_blocked, id=8632, stack(0x000000632cb00000,0x000000632cc00000)]
  0x00000222db5e7000 JavaThread "Common-Cleaner" daemon [_thread_blocked, id=14792, stack(0x000000632cc00000,0x000000632cd00000)]
  0x00000222dc173800 JavaThread "Monitor Ctrl-Break" daemon [_thread_in_native, id=5160, stack(0x000000632ce00000,0x000000632cf00000)]
  0x00000222dc174800 JavaThread "Service Thread" daemon [_thread_blocked, id=14812, stack(0x000000632cf00000,0x000000632d000000)]
  0x00000222dc059000 JavaThread "Thread-0" [_thread_blocked, id=10628, stack(0x000000632cd00000,0x000000632ce00000)]
  0x00000222dc24f800 JavaThread "Thread-2" [_thread_blocked, id=13660, stack(0x000000632d200000,0x000000632d300000)]
  0x00000222dc250000 JavaThread "Thread-3" [_thread_in_native, id=7340, stack(0x000000632d300000,0x000000632d400000)]
  0x00000222dc251000 JavaThread "Thread-4" [_thread_blocked, id=2252, stack(0x000000632d400000,0x000000632d500000)]
  0x00000222dc253800 JavaThread "Thread-5" [_thread_blocked, id=15104, stack(0x000000632d500000,0x000000632d600000)]
  0x00000222dc390800 JavaThread "Thread-6" [_thread_blocked, id=1572, stack(0x000000632d600000,0x000000632d700000)]
  0x00000222dc391000 JavaThread "Thread-7" [_thread_blocked, id=1688, stack(0x000000632d700000,0x000000632d800000)]
  0x00000222dc394000 JavaThread "Thread-8" [_thread_blocked, id=14652, stack(0x000000632d800000,0x000000632d900000)]
=>0x00000222dc398000 JavaThread "Thread-9" [_thread_in_native, id=14848, stack(0x000000632d900000,0x000000632da00000)]
  0x00000222dc395000 JavaThread "Thread-11" [_thread_blocked, id=4020, stack(0x000000632db00000,0x000000632dc00000)]
  0x00000222dc396000 JavaThread "Thread-12" [_thread_blocked, id=3140, stack(0x000000632dc00000,0x000000632dd00000)]
  0x00000222dc39a000 JavaThread "Thread-13" [_thread_in_native, id=10328, stack(0x000000632dd00000,0x000000632de00000)]
  0x00000222dc397800 JavaThread "Thread-14" [_thread_in_native, id=14964, stack(0x000000632de00000,0x000000632df00000)]

Other Threads:
  0x00000222db600800 VMThread "VM Thread" [stack: 0x000000632c400000,0x000000632c500000] [id=13024]
  0x00000222dc175000 WatcherThread [stack: 0x000000632d000000,0x000000632d100000] [id=7424]
  0x00000222bc9a5800 GCTaskThread "GC Thread#0" [stack: 0x000000632bf00000,0x000000632c000000] [id=5840]
  0x00000222bc9b3000 ConcurrentGCThread "G1 Main Marker" [stack: 0x000000632c000000,0x000000632c100000] [id=1640]
  0x00000222bc9b6800 ConcurrentGCThread "G1 Conc#0" [stack: 0x000000632c100000,0x000000632c200000] [id=7820]
  0x00000222bca3e800 ConcurrentGCThread "G1 Refine#0" [stack: 0x000000632c200000,0x000000632c300000] [id=11060]
  0x00000222db47b800 ConcurrentGCThread "G1 Young RemSet Sampling" [stack: 0x000000632c300000,0x000000632c400000] [id=15216]

Threads with active compile tasks:
C2 CompilerThread0   682       4       java.lang.StringLatin1::indexOf (121 bytes)

VM state:not at safepoint (normal execution)

VM Mutex/Monitor currently owned by a thread: None

Heap address: 0x0000000081800000, size: 2024 MB, Compressed Oops mode: 32-bit
Narrow klass base: 0x0000000800000000, Narrow klass shift: 3
Compressed class space size: 1073741824 Address: 0x00000008011a0000

Heap:
 garbage-first heap   total 131072K, used 12288K [0x0000000081800000, 0x0000000100000000)
  region size 1024K, 14 young (14336K), 0 survivors (0K)
 Metaspace       used 3872K, capacity 6081K, committed 6272K, reserved 1056768K
  class space    used 392K, capacity 628K, committed 640K, reserved 1048576K
Heap Regions: E=young(eden), S=young(survivor), O=old, HS=humongous(starts), HC=humongous(continues), CS=collection set, F=free, A=archive, TAMS=top-at-mark-start (previous, next)
|   0|0x0000000081800000, 0x0000000081800000, 0x0000000081900000|  0%| F|  |TAMS 0x0000000081800000, 0x0000000081800000| Untracked 
|   1|0x0000000081900000, 0x0000000081900000, 0x0000000081a00000|  0%| F|  |TAMS 0x0000000081900000, 0x0000000081900000| Untracked 
|   2|0x0000000081a00000, 0x0000000081a00000, 0x0000000081b00000|  0%| F|  |TAMS 0x0000000081a00000, 0x0000000081a00000| Untracked 
|   3|0x0000000081b00000, 0x0000000081b00000, 0x0000000081c00000|  0%| F|  |TAMS 0x0000000081b00000, 0x0000000081b00000| Untracked 
|   4|0x0000000081c00000, 0x0000000081c00000, 0x0000000081d00000|  0%| F|  |TAMS 0x0000000081c00000, 0x0000000081c00000| Untracked 
|   5|0x0000000081d00000, 0x0000000081d00000, 0x0000000081e00000|  0%| F|  |TAMS 0x0000000081d00000, 0x0000000081d00000| Untracked 
|   6|0x0000000081e00000, 0x0000000081e00000, 0x0000000081f00000|  0%| F|  |TAMS 0x0000000081e00000, 0x0000000081e00000| Untracked 
|   7|0x0000000081f00000, 0x0000000081f00000, 0x0000000082000000|  0%| F|  |TAMS 0x0000000081f00000, 0x0000000081f00000| Untracked 
|   8|0x0000000082000000, 0x0000000082000000, 0x0000000082100000|  0%| F|  |TAMS 0x0000000082000000, 0x0000000082000000| Untracked 
|   9|0x0000000082100000, 0x0000000082100000, 0x0000000082200000|  0%| F|  |TAMS 0x0000000082100000, 0x0000000082100000| Untracked 
|  10|0x0000000082200000, 0x0000000082200000, 0x0000000082300000|  0%| F|  |TAMS 0x0000000082200000, 0x0000000082200000| Untracked 
|  11|0x0000000082300000, 0x0000000082300000, 0x0000000082400000|  0%| F|  |TAMS 0x0000000082300000, 0x0000000082300000| Untracked 
|  12|0x0000000082400000, 0x0000000082400000, 0x0000000082500000|  0%| F|  |TAMS 0x0000000082400000, 0x0000000082400000| Untracked 
|  13|0x0000000082500000, 0x0000000082500000, 0x0000000082600000|  0%| F|  |TAMS 0x0000000082500000, 0x0000000082500000| Untracked 
|  14|0x0000000082600000, 0x0000000082600000, 0x0000000082700000|  0%| F|  |TAMS 0x0000000082600000, 0x0000000082600000| Untracked 
|  15|0x0000000082700000, 0x0000000082700000, 0x0000000082800000|  0%| F|  |TAMS 0x0000000082700000, 0x0000000082700000| Untracked 
|  16|0x0000000082800000, 0x0000000082800000, 0x0000000082900000|  0%| F|  |TAMS 0x0000000082800000, 0x0000000082800000| Untracked 
|  17|0x0000000082900000, 0x0000000082900000, 0x0000000082a00000|  0%| F|  |TAMS 0x0000000082900000, 0x0000000082900000| Untracked 
|  18|0x0000000082a00000, 0x0000000082a00000, 0x0000000082b00000|  0%| F|  |TAMS 0x0000000082a00000, 0x0000000082a00000| Untracked 
|  19|0x0000000082b00000, 0x0000000082b00000, 0x0000000082c00000|  0%| F|  |TAMS 0x0000000082b00000, 0x0000000082b00000| Untracked 
|  20|0x0000000082c00000, 0x0000000082c00000, 0x0000000082d00000|  0%| F|  |TAMS 0x0000000082c00000, 0x0000000082c00000| Untracked 
|  21|0x0000000082d00000, 0x0000000082d00000, 0x0000000082e00000|  0%| F|  |TAMS 0x0000000082d00000, 0x0000000082d00000| Untracked 
|  22|0x0000000082e00000, 0x0000000082e00000, 0x0000000082f00000|  0%| F|  |TAMS 0x0000000082e00000, 0x0000000082e00000| Untracked 
|  23|0x0000000082f00000, 0x0000000082f00000, 0x0000000083000000|  0%| F|  |TAMS 0x0000000082f00000, 0x0000000082f00000| Untracked 
|  24|0x0000000083000000, 0x0000000083000000, 0x0000000083100000|  0%| F|  |TAMS 0x0000000083000000, 0x0000000083000000| Untracked 
|  25|0x0000000083100000, 0x0000000083100000, 0x0000000083200000|  0%| F|  |TAMS 0x0000000083100000, 0x0000000083100000| Untracked 
|  26|0x0000000083200000, 0x0000000083200000, 0x0000000083300000|  0%| F|  |TAMS 0x0000000083200000, 0x0000000083200000| Untracked 
|  27|0x0000000083300000, 0x0000000083300000, 0x0000000083400000|  0%| F|  |TAMS 0x0000000083300000, 0x0000000083300000| Untracked 
|  28|0x0000000083400000, 0x0000000083400000, 0x0000000083500000|  0%| F|  |TAMS 0x0000000083400000, 0x0000000083400000| Untracked 
|  29|0x0000000083500000, 0x0000000083500000, 0x0000000083600000|  0%| F|  |TAMS 0x0000000083500000, 0x0000000083500000| Untracked 
|  30|0x0000000083600000, 0x0000000083600000, 0x0000000083700000|  0%| F|  |TAMS 0x0000000083600000, 0x0000000083600000| Untracked 
|  31|0x0000000083700000, 0x0000000083700000, 0x0000000083800000|  0%| F|  |TAMS 0x0000000083700000, 0x0000000083700000| Untracked 
|  32|0x0000000083800000, 0x0000000083800000, 0x0000000083900000|  0%| F|  |TAMS 0x0000000083800000, 0x0000000083800000| Untracked 
|  33|0x0000000083900000, 0x0000000083900000, 0x0000000083a00000|  0%| F|  |TAMS 0x0000000083900000, 0x0000000083900000| Untracked 
|  34|0x0000000083a00000, 0x0000000083a00000, 0x0000000083b00000|  0%| F|  |TAMS 0x0000000083a00000, 0x0000000083a00000| Untracked 
|  35|0x0000000083b00000, 0x0000000083b00000, 0x0000000083c00000|  0%| F|  |TAMS 0x0000000083b00000, 0x0000000083b00000| Untracked 
|  36|0x0000000083c00000, 0x0000000083c00000, 0x0000000083d00000|  0%| F|  |TAMS 0x0000000083c00000, 0x0000000083c00000| Untracked 
|  37|0x0000000083d00000, 0x0000000083d00000, 0x0000000083e00000|  0%| F|  |TAMS 0x0000000083d00000, 0x0000000083d00000| Untracked 
|  38|0x0000000083e00000, 0x0000000083e00000, 0x0000000083f00000|  0%| F|  |TAMS 0x0000000083e00000, 0x0000000083e00000| Untracked 
|  39|0x0000000083f00000, 0x0000000083f00000, 0x0000000084000000|  0%| F|  |TAMS 0x0000000083f00000, 0x0000000083f00000| Untracked 
|  40|0x0000000084000000, 0x0000000084000000, 0x0000000084100000|  0%| F|  |TAMS 0x0000000084000000, 0x0000000084000000| Untracked 
|  41|0x0000000084100000, 0x0000000084100000, 0x0000000084200000|  0%| F|  |TAMS 0x0000000084100000, 0x0000000084100000| Untracked 
|  42|0x0000000084200000, 0x0000000084200000, 0x0000000084300000|  0%| F|  |TAMS 0x0000000084200000, 0x0000000084200000| Untracked 
|  43|0x0000000084300000, 0x0000000084300000, 0x0000000084400000|  0%| F|  |TAMS 0x0000000084300000, 0x0000000084300000| Untracked 
|  44|0x0000000084400000, 0x0000000084400000, 0x0000000084500000|  0%| F|  |TAMS 0x0000000084400000, 0x0000000084400000| Untracked 
|  45|0x0000000084500000, 0x0000000084500000, 0x0000000084600000|  0%| F|  |TAMS 0x0000000084500000, 0x0000000084500000| Untracked 
|  46|0x0000000084600000, 0x0000000084600000, 0x0000000084700000|  0%| F|  |TAMS 0x0000000084600000, 0x0000000084600000| Untracked 
|  47|0x0000000084700000, 0x0000000084700000, 0x0000000084800000|  0%| F|  |TAMS 0x0000000084700000, 0x0000000084700000| Untracked 
|  48|0x0000000084800000, 0x0000000084800000, 0x0000000084900000|  0%| F|  |TAMS 0x0000000084800000, 0x0000000084800000| Untracked 
|  49|0x0000000084900000, 0x0000000084900000, 0x0000000084a00000|  0%| F|  |TAMS 0x0000000084900000, 0x0000000084900000| Untracked 
|  50|0x0000000084a00000, 0x0000000084a00000, 0x0000000084b00000|  0%| F|  |TAMS 0x0000000084a00000, 0x0000000084a00000| Untracked 
|  51|0x0000000084b00000, 0x0000000084b00000, 0x0000000084c00000|  0%| F|  |TAMS 0x0000000084b00000, 0x0000000084b00000| Untracked 
|  52|0x0000000084c00000, 0x0000000084c00000, 0x0000000084d00000|  0%| F|  |TAMS 0x0000000084c00000, 0x0000000084c00000| Untracked 
|  53|0x0000000084d00000, 0x0000000084d00000, 0x0000000084e00000|  0%| F|  |TAMS 0x0000000084d00000, 0x0000000084d00000| Untracked 
|  54|0x0000000084e00000, 0x0000000084e00000, 0x0000000084f00000|  0%| F|  |TAMS 0x0000000084e00000, 0x0000000084e00000| Untracked 
|  55|0x0000000084f00000, 0x0000000084f00000, 0x0000000085000000|  0%| F|  |TAMS 0x0000000084f00000, 0x0000000084f00000| Untracked 
|  56|0x0000000085000000, 0x0000000085000000, 0x0000000085100000|  0%| F|  |TAMS 0x0000000085000000, 0x0000000085000000| Untracked 
|  57|0x0000000085100000, 0x0000000085100000, 0x0000000085200000|  0%| F|  |TAMS 0x0000000085100000, 0x0000000085100000| Untracked 
|  58|0x0000000085200000, 0x0000000085200000, 0x0000000085300000|  0%| F|  |TAMS 0x0000000085200000, 0x0000000085200000| Untracked 
|  59|0x0000000085300000, 0x0000000085300000, 0x0000000085400000|  0%| F|  |TAMS 0x0000000085300000, 0x0000000085300000| Untracked 
|  60|0x0000000085400000, 0x0000000085400000, 0x0000000085500000|  0%| F|  |TAMS 0x0000000085400000, 0x0000000085400000| Untracked 
|  61|0x0000000085500000, 0x0000000085500000, 0x0000000085600000|  0%| F|  |TAMS 0x0000000085500000, 0x0000000085500000| Untracked 
|  62|0x0000000085600000, 0x0000000085600000, 0x0000000085700000|  0%| F|  |TAMS 0x0000000085600000, 0x0000000085600000| Untracked 
|  63|0x0000000085700000, 0x0000000085700000, 0x0000000085800000|  0%| F|  |TAMS 0x0000000085700000, 0x0000000085700000| Untracked 
|  64|0x0000000085800000, 0x0000000085800000, 0x0000000085900000|  0%| F|  |TAMS 0x0000000085800000, 0x0000000085800000| Untracked 
|  65|0x0000000085900000, 0x0000000085900000, 0x0000000085a00000|  0%| F|  |TAMS 0x0000000085900000, 0x0000000085900000| Untracked 
|  66|0x0000000085a00000, 0x0000000085a00000, 0x0000000085b00000|  0%| F|  |TAMS 0x0000000085a00000, 0x0000000085a00000| Untracked 
|  67|0x0000000085b00000, 0x0000000085b00000, 0x0000000085c00000|  0%| F|  |TAMS 0x0000000085b00000, 0x0000000085b00000| Untracked 
|  68|0x0000000085c00000, 0x0000000085c00000, 0x0000000085d00000|  0%| F|  |TAMS 0x0000000085c00000, 0x0000000085c00000| Untracked 
|  69|0x0000000085d00000, 0x0000000085d00000, 0x0000000085e00000|  0%| F|  |TAMS 0x0000000085d00000, 0x0000000085d00000| Untracked 
|  70|0x0000000085e00000, 0x0000000085e00000, 0x0000000085f00000|  0%| F|  |TAMS 0x0000000085e00000, 0x0000000085e00000| Untracked 
|  71|0x0000000085f00000, 0x0000000085f00000, 0x0000000086000000|  0%| F|  |TAMS 0x0000000085f00000, 0x0000000085f00000| Untracked 
|  72|0x0000000086000000, 0x0000000086000000, 0x0000000086100000|  0%| F|  |TAMS 0x0000000086000000, 0x0000000086000000| Untracked 
|  73|0x0000000086100000, 0x0000000086100000, 0x0000000086200000|  0%| F|  |TAMS 0x0000000086100000, 0x0000000086100000| Untracked 
|  74|0x0000000086200000, 0x0000000086200000, 0x0000000086300000|  0%| F|  |TAMS 0x0000000086200000, 0x0000000086200000| Untracked 
|  75|0x0000000086300000, 0x0000000086300000, 0x0000000086400000|  0%| F|  |TAMS 0x0000000086300000, 0x0000000086300000| Untracked 
|  76|0x0000000086400000, 0x0000000086400000, 0x0000000086500000|  0%| F|  |TAMS 0x0000000086400000, 0x0000000086400000| Untracked 
|  77|0x0000000086500000, 0x0000000086500000, 0x0000000086600000|  0%| F|  |TAMS 0x0000000086500000, 0x0000000086500000| Untracked 
|  78|0x0000000086600000, 0x0000000086600000, 0x0000000086700000|  0%| F|  |TAMS 0x0000000086600000, 0x0000000086600000| Untracked 
|  79|0x0000000086700000, 0x0000000086700000, 0x0000000086800000|  0%| F|  |TAMS 0x0000000086700000, 0x0000000086700000| Untracked 
|  80|0x0000000086800000, 0x0000000086800000, 0x0000000086900000|  0%| F|  |TAMS 0x0000000086800000, 0x0000000086800000| Untracked 
|  81|0x0000000086900000, 0x0000000086900000, 0x0000000086a00000|  0%| F|  |TAMS 0x0000000086900000, 0x0000000086900000| Untracked 
|  82|0x0000000086a00000, 0x0000000086a00000, 0x0000000086b00000|  0%| F|  |TAMS 0x0000000086a00000, 0x0000000086a00000| Untracked 
|  83|0x0000000086b00000, 0x0000000086b00000, 0x0000000086c00000|  0%| F|  |TAMS 0x0000000086b00000, 0x0000000086b00000| Untracked 
|  84|0x0000000086c00000, 0x0000000086c00000, 0x0000000086d00000|  0%| F|  |TAMS 0x0000000086c00000, 0x0000000086c00000| Untracked 
|  85|0x0000000086d00000, 0x0000000086d00000, 0x0000000086e00000|  0%| F|  |TAMS 0x0000000086d00000, 0x0000000086d00000| Untracked 
|  86|0x0000000086e00000, 0x0000000086e00000, 0x0000000086f00000|  0%| F|  |TAMS 0x0000000086e00000, 0x0000000086e00000| Untracked 
|  87|0x0000000086f00000, 0x0000000086f00000, 0x0000000087000000|  0%| F|  |TAMS 0x0000000086f00000, 0x0000000086f00000| Untracked 
|  88|0x0000000087000000, 0x0000000087000000, 0x0000000087100000|  0%| F|  |TAMS 0x0000000087000000, 0x0000000087000000| Untracked 
|  89|0x0000000087100000, 0x0000000087100000, 0x0000000087200000|  0%| F|  |TAMS 0x0000000087100000, 0x0000000087100000| Untracked 
|  90|0x0000000087200000, 0x0000000087200000, 0x0000000087300000|  0%| F|  |TAMS 0x0000000087200000, 0x0000000087200000| Untracked 
|  91|0x0000000087300000, 0x0000000087300000, 0x0000000087400000|  0%| F|  |TAMS 0x0000000087300000, 0x0000000087300000| Untracked 
|  92|0x0000000087400000, 0x0000000087400000, 0x0000000087500000|  0%| F|  |TAMS 0x0000000087400000, 0x0000000087400000| Untracked 
|  93|0x0000000087500000, 0x0000000087500000, 0x0000000087600000|  0%| F|  |TAMS 0x0000000087500000, 0x0000000087500000| Untracked 
|  94|0x0000000087600000, 0x0000000087600000, 0x0000000087700000|  0%| F|  |TAMS 0x0000000087600000, 0x0000000087600000| Untracked 
|  95|0x0000000087700000, 0x0000000087700000, 0x0000000087800000|  0%| F|  |TAMS 0x0000000087700000, 0x0000000087700000| Untracked 
|  96|0x0000000087800000, 0x0000000087800000, 0x0000000087900000|  0%| F|  |TAMS 0x0000000087800000, 0x0000000087800000| Untracked 
|  97|0x0000000087900000, 0x0000000087900000, 0x0000000087a00000|  0%| F|  |TAMS 0x0000000087900000, 0x0000000087900000| Untracked 
|  98|0x0000000087a00000, 0x0000000087a00000, 0x0000000087b00000|  0%| F|  |TAMS 0x0000000087a00000, 0x0000000087a00000| Untracked 
|  99|0x0000000087b00000, 0x0000000087b00000, 0x0000000087c00000|  0%| F|  |TAMS 0x0000000087b00000, 0x0000000087b00000| Untracked 
| 100|0x0000000087c00000, 0x0000000087c00000, 0x0000000087d00000|  0%| F|  |TAMS 0x0000000087c00000, 0x0000000087c00000| Untracked 
| 101|0x0000000087d00000, 0x0000000087d00000, 0x0000000087e00000|  0%| F|  |TAMS 0x0000000087d00000, 0x0000000087d00000| Untracked 
| 102|0x0000000087e00000, 0x0000000087e00000, 0x0000000087f00000|  0%| F|  |TAMS 0x0000000087e00000, 0x0000000087e00000| Untracked 
| 103|0x0000000087f00000, 0x0000000087f00000, 0x0000000088000000|  0%| F|  |TAMS 0x0000000087f00000, 0x0000000087f00000| Untracked 
| 104|0x0000000088000000, 0x0000000088000000, 0x0000000088100000|  0%| F|  |TAMS 0x0000000088000000, 0x0000000088000000| Untracked 
| 105|0x0000000088100000, 0x0000000088100000, 0x0000000088200000|  0%| F|  |TAMS 0x0000000088100000, 0x0000000088100000| Untracked 
| 106|0x0000000088200000, 0x0000000088200000, 0x0000000088300000|  0%| F|  |TAMS 0x0000000088200000, 0x0000000088200000| Untracked 
| 107|0x0000000088300000, 0x0000000088300000, 0x0000000088400000|  0%| F|  |TAMS 0x0000000088300000, 0x0000000088300000| Untracked 
| 108|0x0000000088400000, 0x0000000088400000, 0x0000000088500000|  0%| F|  |TAMS 0x0000000088400000, 0x0000000088400000| Untracked 
| 109|0x0000000088500000, 0x0000000088500000, 0x0000000088600000|  0%| F|  |TAMS 0x0000000088500000, 0x0000000088500000| Untracked 
| 110|0x0000000088600000, 0x0000000088600000, 0x0000000088700000|  0%| F|  |TAMS 0x0000000088600000, 0x0000000088600000| Untracked 
| 111|0x0000000088700000, 0x0000000088700000, 0x0000000088800000|  0%| F|  |TAMS 0x0000000088700000, 0x0000000088700000| Untracked 
| 112|0x0000000088800000, 0x0000000088800000, 0x0000000088900000|  0%| F|  |TAMS 0x0000000088800000, 0x0000000088800000| Untracked 
| 113|0x0000000088900000, 0x0000000088900000, 0x0000000088a00000|  0%| F|  |TAMS 0x0000000088900000, 0x0000000088900000| Untracked 
| 114|0x0000000088a00000, 0x0000000088a83c80, 0x0000000088b00000| 51%| E|  |TAMS 0x0000000088a00000, 0x0000000088a00000| Complete 
| 115|0x0000000088b00000, 0x0000000088c00000, 0x0000000088c00000|100%| E|  |TAMS 0x0000000088b00000, 0x0000000088b00000| Complete 
| 116|0x0000000088c00000, 0x0000000088d00000, 0x0000000088d00000|100%| E|CS|TAMS 0x0000000088c00000, 0x0000000088c00000| Complete 
| 117|0x0000000088d00000, 0x0000000088e00000, 0x0000000088e00000|100%| E|CS|TAMS 0x0000000088d00000, 0x0000000088d00000| Complete 
| 118|0x0000000088e00000, 0x0000000088f00000, 0x0000000088f00000|100%| E|CS|TAMS 0x0000000088e00000, 0x0000000088e00000| Complete 
| 119|0x0000000088f00000, 0x0000000089000000, 0x0000000089000000|100%| E|CS|TAMS 0x0000000088f00000, 0x0000000088f00000| Complete 
| 120|0x0000000089000000, 0x0000000089100000, 0x0000000089100000|100%| E|CS|TAMS 0x0000000089000000, 0x0000000089000000| Complete 
| 121|0x0000000089100000, 0x0000000089200000, 0x0000000089200000|100%| E|CS|TAMS 0x0000000089100000, 0x0000000089100000| Complete 
| 122|0x0000000089200000, 0x0000000089300000, 0x0000000089300000|100%| E|CS|TAMS 0x0000000089200000, 0x0000000089200000| Complete 
| 123|0x0000000089300000, 0x0000000089400000, 0x0000000089400000|100%| E|CS|TAMS 0x0000000089300000, 0x0000000089300000| Complete 
| 124|0x0000000089400000, 0x0000000089500000, 0x0000000089500000|100%| E|CS|TAMS 0x0000000089400000, 0x0000000089400000| Complete 
| 125|0x0000000089500000, 0x0000000089600000, 0x0000000089600000|100%| E|CS|TAMS 0x0000000089500000, 0x0000000089500000| Complete 
| 126|0x0000000089600000, 0x0000000089700000, 0x0000000089700000|100%| E|CS|TAMS 0x0000000089600000, 0x0000000089600000| Complete 
| 127|0x0000000089700000, 0x0000000089800000, 0x0000000089800000|100%| E|CS|TAMS 0x0000000089700000, 0x0000000089700000| Complete 

Card table byte_map: [0x00000222d44a0000,0x00000222d48a0000] _byte_map_base: 0x00000222d4094000

Marking Bits (Prev, Next): (CMBitMap*) 0x00000222bc9a6658, (CMBitMap*) 0x00000222bc9a6698
 Prev Bits: [0x00000222d4ca0000, 0x00000222d6c40000)
 Next Bits: [0x00000222d6c40000, 0x00000222d8be0000)

Polling page: 0x00000222ba8f0000

Metaspace:

Usage:
  Non-class:      5.33 MB capacity,     3.43 MB ( 64%) used,     1.89 MB ( 35%) free+waste,     8.94 KB ( <1%) overhead. 
      Class:    628.00 KB capacity,   396.28 KB ( 63%) used,   226.59 KB ( 36%) free+waste,     5.13 KB ( <1%) overhead. 
       Both:      5.94 MB capacity,     3.82 MB ( 64%) used,     2.11 MB ( 36%) free+waste,    14.06 KB ( <1%) overhead. 

Virtual space:
  Non-class space:        8.00 MB reserved,       5.50 MB ( 69%) committed 
      Class space:        1.00 GB reserved,     640.00 KB ( <1%) committed 
             Both:        1.01 GB reserved,       6.13 MB ( <1%) committed 

Chunk freelists:
   Non-Class:  6.38 KB
       Class:  1.50 KB
        Both:  7.88 KB

CodeHeap 'non-profiled nmethods': size=120000Kb used=226Kb max_used=227Kb free=119773Kb
 bounds [0x00000222cc840000, 0x00000222ccab0000, 0x00000222d3d70000]
CodeHeap 'profiled nmethods': size=120000Kb used=1133Kb max_used=1133Kb free=118866Kb
 bounds [0x00000222c5310000, 0x00000222c5580000, 0x00000222cc840000]
CodeHeap 'non-nmethods': size=5760Kb used=1105Kb max_used=1118Kb free=4654Kb
 bounds [0x00000222c4d70000, 0x00000222c4fe0000, 0x00000222c5310000]
 total_blobs=1246 nmethods=704 adapters=315
 compilation: enabled
              stopped_count=0, restarted_count=0
 full_count=0

Compilation events (10 events):
Event: 13.888 Thread 0x00000222db62c000  624       3       sun.util.calendar.ZoneInfo::getLastRawOffset (10 bytes)
Event: 13.889 Thread 0x00000222db62c000 nmethod 624 0x00000222c53faa90 code [0x00000222c53fac40, 0x00000222c53fadb8]
Event: 13.889 Thread 0x00000222db62c000  626       3       java.util.HashMap::removeNode (291 bytes)
Event: 13.891 Thread 0x00000222db62c000 nmethod 626 0x00000222c53fae90 code [0x00000222c53fb140, 0x00000222c53fc560]
Event: 13.891 Thread 0x00000222db62c000  625       3       java.nio.charset.Charset::lookup (44 bytes)
Event: 13.891 Thread 0x00000222db62c000 nmethod 625 0x00000222c53fca10 code [0x00000222c53fcc20, 0x00000222c53fd0d0]
Event: 13.891 Thread 0x00000222db62c000  627       3       java.util.HashSet::remove (20 bytes)
Event: 13.892 Thread 0x00000222db62c000 nmethod 627 0x00000222c53fd290 code [0x00000222c53fd480, 0x00000222c53fd9c0]
Event: 13.892 Thread 0x00000222db62c000  629       1       java.io.File::getPath (5 bytes)
Event: 13.892 Thread 0x00000222db62c000 nmethod 629 0x00000222cc874c90 code [0x00000222cc874e40, 0x00000222cc874f78]

GC Heap History (0 events):
No events

Deoptimization events (10 events):
Event: 1.009 Thread 0x00000222db622000 Uncommon trap: reason=class_check action=maybe_recompile pc=0x00000222cc84d7f0 method=java.util.HashMap.putVal(ILjava/lang/Object;Ljava/lang/Object;ZZ)Ljava/lang/Object; @ 152 c2
Event: 1.009 Thread 0x00000222db622000 Uncommon trap: reason=class_check action=maybe_recompile pc=0x00000222cc84d7f0 method=java.util.HashMap.putVal(ILjava/lang/Object;Ljava/lang/Object;ZZ)Ljava/lang/Object; @ 152 c2
Event: 6.910 Thread 0x00000222bc966000 Uncommon trap: reason=bimorphic_or_optimized_type_check action=maybe_recompile pc=0x00000222cc849f44 method=java.util.AbstractCollection.isEmpty()Z @ 1 c2
Event: 6.910 Thread 0x00000222bc966000 Uncommon trap: reason=bimorphic_or_optimized_type_check action=maybe_recompile pc=0x00000222cc849f44 method=java.util.AbstractCollection.isEmpty()Z @ 1 c2
Event: 6.910 Thread 0x00000222bc966000 Uncommon trap: reason=bimorphic_or_optimized_type_check action=maybe_recompile pc=0x00000222cc849f44 method=java.util.AbstractCollection.isEmpty()Z @ 1 c2
Event: 6.911 Thread 0x00000222bc966000 Uncommon trap: reason=bimorphic_or_optimized_type_check action=maybe_recompile pc=0x00000222cc849f44 method=java.util.AbstractCollection.isEmpty()Z @ 1 c2
Event: 13.676 Thread 0x00000222bc966000 Uncommon trap: reason=unstable_if action=reinterpret pc=0x00000222cc858de4 method=java.util.HashMap.putVal(ILjava/lang/Object;Ljava/lang/Object;ZZ)Ljava/lang/Object; @ 181 c2
Event: 13.677 Thread 0x00000222bc966000 Uncommon trap: reason=class_check action=maybe_recompile pc=0x00000222cc856eac method=java.util.HashMap.putVal(ILjava/lang/Object;Ljava/lang/Object;ZZ)Ljava/lang/Object; @ 253 c2
Event: 13.677 Thread 0x00000222bc966000 Uncommon trap: reason=class_check action=maybe_recompile pc=0x00000222cc856eac method=java.util.HashMap.putVal(ILjava/lang/Object;Ljava/lang/Object;ZZ)Ljava/lang/Object; @ 253 c2
Event: 13.857 Thread 0x00000222bc966000 Uncommon trap: reason=unstable_if action=reinterpret pc=0x00000222cc8714d0 method=org.sqlite.SQLiteJDBCLoader.contentsEquals(Ljava/io/InputStream;Ljava/io/InputStream;)Z @ 39 c2

Classes redefined (0 events):
No events

Internal exceptions (3 events):
Event: 0.116 Thread 0x00000222bc966000 Exception <a 'java/lang/NoSuchMethodError'{0x0000000089510bb8}: java.lang.invoke.DirectMethodHandle$Holder.invokeSpecialIFC(Ljava/lang/Object;Ljava/lang/Object;I)I> (0x0000000089510bb8) thrown at [t:/workspace/open/src/hotspot/share/interpreter/linkResolv
Event: 13.678 Thread 0x00000222bc966000 Exception <a 'java/lang/NoSuchMethodError'{0x00000000892d8ff0}: java.lang.invoke.DirectMethodHandle$Holder.invokeStaticInit(Ljava/lang/Object;IIII)Ljava/lang/Object;> (0x00000000892d8ff0) thrown at [t:/workspace/open/src/hotspot/share/interpreter/linkReso
Event: 13.781 Thread 0x00000222bc966000 Exception <a 'java/lang/NoSuchMethodError'{0x00000000892f59f8}: java.lang.invoke.DirectMethodHandle$Holder.invokeStaticInit(Ljava/lang/Object;Ljava/lang/Object;IIII)Ljava/lang/Object;> (0x00000000892f59f8) thrown at [t:/workspace/open/src/hotspot/share/in

Events (10 events):
Event: 13.891 Executing VM operation: RevokeBias done
Event: 13.891 Executing VM operation: RevokeBias
Event: 13.891 Executing VM operation: RevokeBias done
Event: 13.891 Thread 0x00000222dc23d800 Thread exited: 0x00000222dc23d800
Event: 13.892 Executing VM operation: RevokeBias
Event: 13.892 Executing VM operation: RevokeBias done
Event: 13.892 Executing VM operation: RevokeBias
Event: 13.892 Executing VM operation: RevokeBias done
Event: 13.892 Executing VM operation: RevokeBias
Event: 13.892 Executing VM operation: RevokeBias done


Dynamic libraries:
0x00007ff607ed0000 - 0x00007ff607edf000 	C:\Program Files\Java\jdk-12.0.1\bin\java.exe
0x00007ffcba610000 - 0x00007ffcba7f1000 	C:\WINDOWS\SYSTEM32\ntdll.dll
0x00007ffcb9590000 - 0x00007ffcb9641000 	C:\WINDOWS\System32\KERNEL32.DLL
0x00007ffcb6e80000 - 0x00007ffcb70f3000 	C:\WINDOWS\System32\KERNELBASE.dll
0x00007ffcb6af0000 - 0x00007ffcb6be8000 	C:\WINDOWS\System32\ucrtbase.dll
0x00007ffca7720000 - 0x00007ffca7738000 	C:\Program Files\Java\jdk-12.0.1\bin\jli.dll
0x00007ffca3eb0000 - 0x00007ffca3ec6000 	C:\Program Files\Java\jdk-12.0.1\bin\VCRUNTIME140.dll
0x00007ffcb9dc0000 - 0x00007ffcb9e61000 	C:\WINDOWS\System32\ADVAPI32.dll
0x00007ffcb96b0000 - 0x00007ffcb974e000 	C:\WINDOWS\System32\msvcrt.dll
0x00007ffcb9750000 - 0x00007ffcb97ab000 	C:\WINDOWS\System32\sechost.dll
0x00007ffcb97b0000 - 0x00007ffcb98d4000 	C:\WINDOWS\System32\RPCRT4.dll
0x00007ffcb7e10000 - 0x00007ffcb7fa0000 	C:\WINDOWS\System32\USER32.dll
0x00007ffcb6bf0000 - 0x00007ffcb6c10000 	C:\WINDOWS\System32\win32u.dll
0x00007ffcba270000 - 0x00007ffcba298000 	C:\WINDOWS\System32\GDI32.dll
0x00007ffcb6c10000 - 0x00007ffcb6da1000 	C:\WINDOWS\System32\gdi32full.dll
0x00007ffcb72f0000 - 0x00007ffcb738f000 	C:\WINDOWS\System32\msvcp_win.dll
0x00007ffca4b40000 - 0x00007ffca4da9000 	C:\WINDOWS\WinSxS\amd64_microsoft.windows.common-controls_6595b64144ccf1df_6.0.17134.950_none_fb3da4273069d3e0\COMCTL32.dll
0x00007ffcb9e70000 - 0x00007ffcba192000 	C:\WINDOWS\System32\combase.dll
0x00007ffcb1d30000 - 0x00007ffcb1d3a000 	C:\WINDOWS\SYSTEM32\VERSION.dll
0x00007ffcb6db0000 - 0x00007ffcb6e29000 	C:\WINDOWS\System32\bcryptPrimitives.dll
0x00007ffcb94f0000 - 0x00007ffcb951d000 	C:\WINDOWS\System32\IMM32.DLL
0x00007ffc99120000 - 0x00007ffc991ca000 	C:\Program Files\Java\jdk-12.0.1\bin\msvcp140.dll
0x00007ffc41050000 - 0x00007ffc41bc4000 	C:\Program Files\Java\jdk-12.0.1\bin\server\jvm.dll
0x00007ffcb7c70000 - 0x00007ffcb7c78000 	C:\WINDOWS\System32\PSAPI.DLL
0x00007ffcb1240000 - 0x00007ffcb1263000 	C:\WINDOWS\SYSTEM32\WINMM.dll
0x00007ffca46f0000 - 0x00007ffca46f9000 	C:\WINDOWS\SYSTEM32\WSOCK32.dll
0x00007ffcb9520000 - 0x00007ffcb958c000 	C:\WINDOWS\System32\WS2_32.dll
0x00007ffcb0fa0000 - 0x00007ffcb0fca000 	C:\WINDOWS\SYSTEM32\WINMMBASE.dll
0x00007ffcb6e30000 - 0x00007ffcb6e79000 	C:\WINDOWS\System32\cfgmgr32.dll
0x00007ffcb6940000 - 0x00007ffcb6951000 	C:\WINDOWS\System32\kernel.appcore.dll
0x00007ffca3c60000 - 0x00007ffca3c71000 	C:\Program Files\Java\jdk-12.0.1\bin\verify.dll
0x00007ffcb5340000 - 0x00007ffcb5509000 	C:\WINDOWS\SYSTEM32\DBGHELP.DLL
0x00007ffca0690000 - 0x00007ffca06b9000 	C:\WINDOWS\SYSTEM32\dbgcore.DLL
0x00007ffca2790000 - 0x00007ffca27b6000 	C:\Program Files\Java\jdk-12.0.1\bin\java.dll
0x00007ffcb1c30000 - 0x00007ffcb1c3e000 	C:\Program Files\Java\jdk-12.0.1\bin\instrument.dll
0x00007ffca05d0000 - 0x00007ffca05e7000 	C:\Program Files\Java\jdk-12.0.1\bin\zip.dll
0x00007ffcb0d40000 - 0x00007ffcb0d4a000 	C:\Program Files\Java\jdk-12.0.1\bin\jimage.dll
0x00007ffcb8000000 - 0x00007ffcb9440000 	C:\WINDOWS\System32\SHELL32.dll
0x00007ffcb9440000 - 0x00007ffcb94e9000 	C:\WINDOWS\System32\shcore.dll
0x00007ffcb7390000 - 0x00007ffcb7a9d000 	C:\WINDOWS\System32\windows.storage.dll
0x00007ffcb9650000 - 0x00007ffcb96a1000 	C:\WINDOWS\System32\shlwapi.dll
0x00007ffcb69c0000 - 0x00007ffcb69df000 	C:\WINDOWS\System32\profapi.dll
0x00007ffcb6970000 - 0x00007ffcb69bc000 	C:\WINDOWS\System32\powrprof.dll
0x00007ffcb6960000 - 0x00007ffcb696a000 	C:\WINDOWS\System32\FLTLIB.DLL
0x00007ffca0170000 - 0x00007ffca0189000 	C:\Program Files\Java\jdk-12.0.1\bin\net.dll
0x00007ffcb0960000 - 0x00007ffcb0a3d000 	C:\WINDOWS\SYSTEM32\WINHTTP.dll
0x00007ffca7ea0000 - 0x00007ffca8069000 	C:\WINDOWS\SYSTEM32\urlmon.dll
0x00007ffca7bf0000 - 0x00007ffca7e96000 	C:\WINDOWS\SYSTEM32\iertutil.dll
0x00007ffcb6370000 - 0x00007ffcb637b000 	C:\WINDOWS\SYSTEM32\CRYPTBASE.DLL
0x00007ffcb61a0000 - 0x00007ffcb6206000 	C:\WINDOWS\system32\mswsock.dll
0x00007ffc99100000 - 0x00007ffc99113000 	C:\Program Files\Java\jdk-12.0.1\bin\nio.dll
0x00007ffc96eb0000 - 0x00007ffc96eca000 	C:\Program Files\JetBrains\IntelliJ IDEA Community Edition 2019.2.2\bin\breakgen64.dll
0x00007ffcb6350000 - 0x00007ffcb6367000 	C:\WINDOWS\SYSTEM32\CRYPTSP.dll
0x00007ffcb5d50000 - 0x00007ffcb5d83000 	C:\WINDOWS\system32\rsaenh.dll
0x00007ffcb6480000 - 0x00007ffcb64a5000 	C:\WINDOWS\SYSTEM32\bcrypt.dll
0x00007ffcb6820000 - 0x00007ffcb6848000 	C:\WINDOWS\SYSTEM32\USERENV.dll
0x00007ffcb5ef0000 - 0x00007ffcb5f28000 	C:\WINDOWS\SYSTEM32\IPHLPAPI.DLL
0x00007ffcb7aa0000 - 0x00007ffcb7aa8000 	C:\WINDOWS\System32\NSI.dll
0x00007ffcaf560000 - 0x00007ffcaf576000 	C:\WINDOWS\SYSTEM32\dhcpcsvc6.DLL
0x00007ffcaf6a0000 - 0x00007ffcaf6ba000 	C:\WINDOWS\SYSTEM32\dhcpcsvc.DLL
0x0000000061c40000 - 0x0000000061d0b000 	C:\Users\Gerasimos\AppData\Local\Temp\sqlite-3.27.2.1-7c754988-eeb1-49f0-aa9c-156b90ced914-sqlitejdbc.dll
0x00007ffcb5f30000 - 0x00007ffcb5fee000 	C:\WINDOWS\SYSTEM32\DNSAPI.dll
0x00007ffcad490000 - 0x00007ffcad49a000 	C:\Windows\System32\rasadhlp.dll
0x00007ffcb36d0000 - 0x00007ffcb36de000 	C:\Program Files\Java\jdk-12.0.1\bin\sunmscapi.dll
0x00007ffcb7100000 - 0x00007ffcb72e2000 	C:\WINDOWS\System32\CRYPT32.dll
0x00007ffcb6920000 - 0x00007ffcb6932000 	C:\WINDOWS\System32\MSASN1.dll
0x00007ffcb6450000 - 0x00007ffcb6476000 	C:\WINDOWS\SYSTEM32\ncrypt.dll
0x00007ffcb6410000 - 0x00007ffcb6446000 	C:\WINDOWS\SYSTEM32\NTASN1.dll
0x00007ffc93f90000 - 0x00007ffc93fb7000 	C:\Program Files\Java\jdk-12.0.1\bin\sunec.dll

dbghelp: loaded successfully - version: 4.0.5 - missing functions: none
symbol engine: initialized successfully - sym options: 0x614 - pdb path: .;C:\Program Files\Java\jdk-12.0.1\bin;C:\WINDOWS\SYSTEM32;C:\WINDOWS\WinSxS\amd64_microsoft.windows.common-controls_6595b64144ccf1df_6.0.17134.950_none_fb3da4273069d3e0;C:\Program Files\Java\jdk-12.0.1\bin\server;C:\Program Files\JetBrains\IntelliJ IDEA Community Edition 2019.2.2\bin;C:\Users\Gerasimos\AppData\Local\Temp

VM Arguments:
jvm_args: -javaagent:C:\Program Files\JetBrains\IntelliJ IDEA Community Edition 2019.2.2\lib\idea_rt.jar=3969:C:\Program Files\JetBrains\IntelliJ IDEA Community Edition 2019.2.2\bin -Dfile.encoding=UTF-8 
java_command: Main
java_class_path (initial): C:\Users\Gerasimos\IdeaProjects\ImpressionMinerV13.1\out\production\ImpressionMiner;C:\Users\Gerasimos\IdeaProjects\ImpressionMinerV13.1\sqlite-jdbc-3.27.2.1.jar;C:\Users\Gerasimos\IdeaProjects\ImpressionMinerV13.1\jsoup-1.11.3.jar
Launcher Type: SUN_STANDARD

[Global flags]
     intx CICompilerCount                          = 4                                         {product} {ergonomic}
     uint ConcGCThreads                            = 2                                         {product} {ergonomic}
     uint G1ConcRefinementThreads                  = 8                                         {product} {ergonomic}
   size_t G1HeapRegionSize                         = 1048576                                   {product} {ergonomic}
    uintx GCDrainStackTargetSize                   = 64                                        {product} {ergonomic}
   size_t InitialHeapSize                          = 134217728                                 {product} {ergonomic}
   size_t MarkStackSize                            = 4194304                                   {product} {ergonomic}
   size_t MaxHeapSize                              = 2122317824                                {product} {ergonomic}
   size_t MaxNewSize                               = 1272971264                                {product} {ergonomic}
   size_t MinHeapDeltaBytes                        = 1048576                                   {product} {ergonomic}
    uintx NonNMethodCodeHeapSize                   = 5836300                                {pd product} {ergonomic}
    uintx NonProfiledCodeHeapSize                  = 122910970                              {pd product} {ergonomic}
    uintx ProfiledCodeHeapSize                     = 122910970                              {pd product} {ergonomic}
    uintx ReservedCodeCacheSize                    = 251658240                              {pd product} {ergonomic}
     bool SegmentedCodeCache                       = true                                      {product} {ergonomic}
     bool UseCompressedClassPointers               = true                                 {lp64_product} {ergonomic}
     bool UseCompressedOops                        = true                                 {lp64_product} {ergonomic}
     bool UseG1GC                                  = true                                      {product} {ergonomic}
     bool UseLargePagesIndividualAllocation        = false                                  {pd product} {ergonomic}

Logging:
Log output configuration:
 #0: stdout all=warning uptime,level,tags
 #1: stderr all=off uptime,level,tags

Environment Variables:
PATH=C:\Program Files (x86)\Common Files\Oracle\Java\javapath;C:\Program Files\Microsoft MPI\Bin\;C:\WINDOWS\system32;C:\WINDOWS;C:\WINDOWS\System32\Wbem;C:\WINDOWS\System32\WindowsPowerShell\v1.0\;C:\Program Files\nodejs\;C:\WINDOWS\System32\OpenSSH\;C:\WINDOWS\system32\config\systemprofile\.dnx\bin;C:\Program Files\Microsoft DNX\Dnvm\;C:\Program Files\Microsoft SQL Server\120\Tools\Binn\;C:\Program Files\Microsoft SQL Server\130\Tools\Binn\;C:\Program Files (x86)\Windows Kits\8.1\Windows Performance Toolkit\;C:\sqlite;;C:\Program Files\Microsoft VS Code\bin;C:\xampp\php;C:\ProgramData\ComposerSetup\bin;C:\Program Files (x86)\Intel\Intel(R) Management Engine Components\DAL;C:\Program Files\Intel\Intel(R) Management Engine Components\DAL;C:\Program Files\dotnet\;C:\Program Files\Microsoft SQL Server\Client SDK\ODBC\170\Tools\Binn\;C:\Program Files (x86)\Microsoft SQL Server\130\Tools\Binn\;C:\Program Files (x86)\Microsoft SQL Server\130\DTS\Binn\;C:\Program Files\Microsoft SQL Server\130\DTS\Binn\;C:\Program Files\Microsoft SQL Server\Client SDK\ODBC\130\Tools\Binn\;C:\Program Files (x86)\Microsoft SQL Server\150\DTS\Binn\;C:\Users\Gerasimos\AppData\Local\Programs\Python\Python37-32\Scripts\;C:\Users\Gerasimos\AppData\Local\Programs\Python\Python37-32\;C:\Users\Gerasimos\AppData\Local\Microsoft\WindowsApps;;C:\Program Files\Microsoft VS Code\bin;C:\Users\Gerasimos\AppData\Roaming\npm;C:\Program Files\JetBrains\IntelliJ IDEA Community Edition 2019.2.2\bin;;C:\Users\Gerasimos\AppData\Roaming\Composer\vendor\bin
USERNAME=Gerasimos
OS=Windows_NT
PROCESSOR_IDENTIFIER=Intel64 Family 6 Model 142 Stepping 10, GenuineIntel



---------------  S Y S T E M  ---------------

OS: Windows 10 , 64 bit Build 17134 (10.0.17134.753)

CPU:total 8 (initial active 8) (4 cores per cpu, 2 threads per core) family 6 model 142 stepping 10, cmov, cx8, fxsr, mmx, sse, sse2, sse3, ssse3, sse4.1, sse4.2, popcnt, avx, avx2, aes, clmul, erms, 3dnowpref, lzcnt, ht, tsc, tscinvbit, bmi1, bmi2, adx, fma

Memory: 4k page, system-wide physical 8089M (2877M free)
TotalPageFile size 11161M (AvailPageFile size 1814M)
current process WorkingSet (physical memory assigned to process): 55M, peak: 55M
current process commit charge ("private bytes"): 217M, peak: 217M

vm_info: Java HotSpot(TM) 64-Bit Server VM (12.0.1+12) for windows-amd64 JRE (12.0.1+12), built on Apr  2 2019 14:02:19 by "mach5one" with MS VC++ 15.5 (VS2017)

END.
