#
# A fatal error has been detected by the Java Runtime Environment:
#
#  EXCEPTION_ACCESS_VIOLATION (0xc0000005) at pc=0x0000000061c91e77, pid=12608, tid=9248
#
# JRE version: Java(TM) SE Runtime Environment (12.0.1+12) (build 12.0.1+12)
# Java VM: Java HotSpot(TM) 64-Bit Server VM (12.0.1+12, mixed mode, sharing, tiered, compressed oops, g1 gc, windows-amd64)
# Problematic frame:
# C  [sqlite-3.27.2.1-d652a256-b2d0-46bd-857f-64e273898de0-sqlitejdbc.dll+0x51e77]
#
# No core dump will be written. Minidumps are not enabled by default on client versions of Windows
#
# If you would like to submit a bug report, please visit:
#   http://bugreport.java.com/bugreport/crash.jsp
# The crash happened outside the Java Virtual Machine in native code.
# See problematic frame for where to report the bug.
#

---------------  S U M M A R Y ------------

Command Line: -javaagent:C:\Program Files\JetBrains\IntelliJ IDEA Community Edition 2019.2.2\lib\idea_rt.jar=3551:C:\Program Files\JetBrains\IntelliJ IDEA Community Edition 2019.2.2\bin -Dfile.encoding=UTF-8 Main

Host: Intel(R) Core(TM) i5-8250U CPU @ 1.60GHz, 8 cores, 7G,  Windows 10 , 64 bit Build 17134 (10.0.17134.753)
Time: Fri Oct  4 18:44:34 2019 Eanei? ?na GTB elapsed time: 152 seconds (0d 0h 2m 32s)

---------------  T H R E A D  ---------------

Current thread (0x0000025bd7a1f800):  JavaThread "Thread-13" [_thread_in_native, id=9248, stack(0x0000007df8700000,0x0000007df8800000)]

Stack: [0x0000007df8700000,0x0000007df8800000],  sp=0x0000007df87ff200,  free space=1020k
Native frames: (J=compiled Java code, j=interpreted, Vv=VM code, C=native code)
C  [sqlite-3.27.2.1-d652a256-b2d0-46bd-857f-64e273898de0-sqlitejdbc.dll+0x51e77]

Java frames: (J=compiled Java code, j=interpreted, Vv=VM code)
J 774  org.sqlite.core.NativeDB.reset(J)I (0 bytes) @ 0x0000025bc81ab82b [0x0000025bc81ab7e0+0x000000000000004b]
J 838 c1 org.sqlite.jdbc3.JDBC3PreparedStatement.executeQuery()Ljava/sql/ResultSet; (137 bytes) @ 0x0000025bc0d8e384 [0x0000025bc0d8e020+0x0000000000000364]
j  DBConnection.selectUrlbyID(I)Ljava/lang/String;+27
j  IMThread.run()V+12
j  java.lang.Thread.run()V+11 java.base@12.0.1
v  ~StubRoutines::call_stub

siginfo: EXCEPTION_ACCESS_VIOLATION (0xc0000005), reading address 0x0000000000000018


Register to memory mapping:

RIP=0x0000000061c91e77 sqlite-3.27.2.1-d652a256-b2d0-46bd-857f-64e273898de0-sqlitejdbc.dll
RAX=0x0 is NULL
RBX=0x0000025bd8aab318 is an unknown value
RCX=0x0000025bd8aab318 is an unknown value
RDX=0x0000007df87ff270 is pointing into the stack for thread: 0x0000025bd7a1f800
RSP=0x0000007df87ff200 is pointing into the stack for thread: 0x0000025bd7a1f800
RBP=0x0000007df87ff2b0 is pointing into the stack for thread: 0x0000025bd7a1f800
RSI=0x0 is NULL
RDI=0x0000000801218ca8 is a pointer to class: 
org.sqlite.core.NativeDB {0x0000000801218cb0}
R8 =0x0000025bd8aab318 is an unknown value
R9 =0x0000025bc06a0b80 is at begin+0 in a stub
StubRoutines::atomic_cmpxchg_long [0x0000025bc06a0b80, 0x0000025bc06a0b89[ (9 bytes)
R10=0x0000000061c4273c sqlite-3.27.2.1-d652a256-b2d0-46bd-857f-64e273898de0-sqlitejdbc.dll
R11=0x0000000000000246 is an unknown value
R12=0x0 is NULL
R13=0x0000007df87ff2a0 is pointing into the stack for thread: 0x0000025bd7a1f800
R14=0x0000007df87ff270 is pointing into the stack for thread: 0x0000025bd7a1f800
R15=0x0000025bd7a1f800 is a thread


Registers:
RAX=0x0000000000000000, RBX=0x0000025bd8aab318, RCX=0x0000025bd8aab318, RDX=0x0000007df87ff270
RSP=0x0000007df87ff200, RBP=0x0000007df87ff2b0, RSI=0x0000000000000000, RDI=0x0000000801218ca8
R8 =0x0000025bd8aab318, R9 =0x0000025bc06a0b80, R10=0x0000000061c4273c, R11=0x0000000000000246
R12=0x0000000000000000, R13=0x0000007df87ff2a0, R14=0x0000007df87ff270, R15=0x0000025bd7a1f800
RIP=0x0000000061c91e77, EFLAGS=0x0000000000010206

Top of Stack: (sp=0x0000007df87ff200)
0x0000007df87ff200:   0000000088b7be38 0000007df87ff208
0x0000007df87ff210:   0000000801218ca8 0000025bc81abb70
0x0000007df87ff220:   0000000088b7be38 0000007df87ff2b0
0x0000007df87ff230:   0000025bd7a1f800 0000000088b7be38
0x0000007df87ff240:   0000000088b7be38 0000025bc81ab9c5
0x0000007df87ff250:   0000007df87ff2d0 0000025bc06a9bc0
0x0000007df87ff260:   0000000000000002 00000000000003ef
0x0000007df87ff270:   0000000088b7be38 00000000890f3d38
0x0000007df87ff280:   0000000088b7b7c8 0000007d00000000
0x0000007df87ff290:   0000000088b7ca08 0000007df87ff2f8
0x0000007df87ff2a0:   0000000000000003 0000000000000000
0x0000007df87ff2b0:   0000007df87ff3b0 0000025bc0d8e384
0x0000007df87ff2c0:   0000000000000000 0000007df87ff2e0
0x0000007df87ff2d0:   0000007df87ff348 0000025bc06a9bc0
0x0000007df87ff2e0:   00000000000003ef 00000000000003eb
0x0000007df87ff2f0:   00000000890f3d38 0000000088b7b7c8 

Instructions: (pc=0x0000000061c91e77)
0x0000000061c91e57:   20 5b 5e 5f e9 7a 57 fc ff 56 53 48 83 ec 38 31
0x0000000061c91e67:   c0 48 85 c9 48 89 cb 0f 84 84 00 00 00 48 8b 31
0x0000000061c91e77:   48 8b 4e 18 e8 b1 1a fb ff 48 83 bb b8 00 00 00
0x0000000061c91e87:   00 7e 0b 48 89 da 48 89 f1 e8 8e 9f fb ff 48 89 


Stack slot to memory mapping:
stack at sp + 0 slots: 0x0000000088b7be38 is an oop: org.sqlite.core.NativeDB 
{0x0000000088b7be38} - klass: 'org/sqlite/core/NativeDB'
stack at sp + 1 slots: 0x0000007df87ff208 is pointing into the stack for thread: 0x0000025bd7a1f800
stack at sp + 2 slots: 0x0000000801218ca8 is a pointer to class: 
org.sqlite.core.NativeDB {0x0000000801218cb0}
stack at sp + 3 slots: 0x0000025bc81abb70 is at entry_point+912 in (nmethod*)0x0000025bc81ab610
stack at sp + 4 slots: 0x0000000088b7be38 is an oop: org.sqlite.core.NativeDB 
{0x0000000088b7be38} - klass: 'org/sqlite/core/NativeDB'
stack at sp + 5 slots: 0x0000007df87ff2b0 is pointing into the stack for thread: 0x0000025bd7a1f800
stack at sp + 6 slots: 0x0000025bd7a1f800 is a thread
stack at sp + 7 slots: 0x0000000088b7be38 is an oop: org.sqlite.core.NativeDB 
{0x0000000088b7be38} - klass: 'org/sqlite/core/NativeDB'


---------------  P R O C E S S  ---------------

Threads class SMR info:
_java_thread_list=0x0000025bd7b8a3f0, length=24, elements={
0x0000025bb829c000, 0x0000025bd6f34000, 0x0000025bd6f38000, 0x0000025bd6f53800,
0x0000025bd6f54800, 0x0000025bd6f57800, 0x0000025bd6f5b800, 0x0000025bd6f6f800,
0x0000025bd79c4800, 0x0000025bd7ad7000, 0x0000025bd7ad8000, 0x0000025bd7c65000,
0x0000025bd7c56000, 0x0000025bd7fe0800, 0x0000025bd7c96000, 0x0000025bd7c97000,
0x0000025bd7a6c000, 0x0000025bd7a70800, 0x0000025bd7d63800, 0x0000025bd7a20800,
0x0000025bd7a1e000, 0x0000025bd7a24000, 0x0000025bd7a1f800, 0x0000025bd7a22000
}

Java Threads: ( => current thread )
  0x0000025bb829c000 JavaThread "main" [_thread_blocked, id=15156, stack(0x0000007df6a00000,0x0000007df6b00000)]
  0x0000025bd6f34000 JavaThread "Reference Handler" daemon [_thread_blocked, id=12012, stack(0x0000007df7100000,0x0000007df7200000)]
  0x0000025bd6f38000 JavaThread "Finalizer" daemon [_thread_blocked, id=12244, stack(0x0000007df7200000,0x0000007df7300000)]
  0x0000025bd6f53800 JavaThread "Signal Dispatcher" daemon [_thread_blocked, id=7140, stack(0x0000007df7300000,0x0000007df7400000)]
  0x0000025bd6f54800 JavaThread "Attach Listener" daemon [_thread_blocked, id=11864, stack(0x0000007df7400000,0x0000007df7500000)]
  0x0000025bd6f57800 JavaThread "C2 CompilerThread0" daemon [_thread_in_native, id=5920, stack(0x0000007df7500000,0x0000007df7600000)]
  0x0000025bd6f5b800 JavaThread "C1 CompilerThread0" daemon [_thread_blocked, id=14616, stack(0x0000007df7600000,0x0000007df7700000)]
  0x0000025bd6f6f800 JavaThread "Sweeper thread" daemon [_thread_blocked, id=2116, stack(0x0000007df7700000,0x0000007df7800000)]
  0x0000025bd79c4800 JavaThread "Common-Cleaner" daemon [_thread_blocked, id=7956, stack(0x0000007df7800000,0x0000007df7900000)]
  0x0000025bd7ad7000 JavaThread "Monitor Ctrl-Break" daemon [_thread_in_native, id=13212, stack(0x0000007df7a00000,0x0000007df7b00000)]
  0x0000025bd7ad8000 JavaThread "Service Thread" daemon [_thread_blocked, id=3476, stack(0x0000007df7b00000,0x0000007df7c00000)]
  0x0000025bd7c65000 JavaThread "Thread-0" [_thread_blocked, id=4804, stack(0x0000007df6600000,0x0000007df6700000)]
  0x0000025bd7c56000 JavaThread "Thread-1" [_thread_blocked, id=15320, stack(0x0000007df6700000,0x0000007df6800000)]
  0x0000025bd7fe0800 JavaThread "Thread-2" [_thread_blocked, id=13980, stack(0x0000007df6800000,0x0000007df6900000)]
  0x0000025bd7c96000 JavaThread "Thread-4" [_thread_blocked, id=12636, stack(0x0000007df7e00000,0x0000007df7f00000)]
  0x0000025bd7c97000 JavaThread "Thread-5" [_thread_blocked, id=14256, stack(0x0000007df7f00000,0x0000007df8000000)]
  0x0000025bd7a6c000 JavaThread "Thread-6" [_thread_blocked, id=9172, stack(0x0000007df8000000,0x0000007df8100000)]
  0x0000025bd7a70800 JavaThread "Thread-7" [_thread_in_Java, id=15324, stack(0x0000007df8100000,0x0000007df8200000)]
  0x0000025bd7d63800 JavaThread "Thread-8" [_thread_in_native, id=3552, stack(0x0000007df8200000,0x0000007df8300000)]
  0x0000025bd7a20800 JavaThread "Thread-9" [_thread_blocked, id=3276, stack(0x0000007df8300000,0x0000007df8400000)]
  0x0000025bd7a1e000 JavaThread "Thread-10" [_thread_blocked, id=4568, stack(0x0000007df8400000,0x0000007df8500000)]
  0x0000025bd7a24000 JavaThread "Thread-11" [_thread_blocked, id=4736, stack(0x0000007df8500000,0x0000007df8600000)]
=>0x0000025bd7a1f800 JavaThread "Thread-13" [_thread_in_native, id=9248, stack(0x0000007df8700000,0x0000007df8800000)]
  0x0000025bd7a22000 JavaThread "Thread-14" [_thread_in_vm, id=7904, stack(0x0000007df8800000,0x0000007df8900000)]

Other Threads:
  0x0000025bd6f32000 VMThread "VM Thread" [stack: 0x0000007df7000000,0x0000007df7100000] [id=13908]
  0x0000025bd7ad8800 WatcherThread [stack: 0x0000007df7c00000,0x0000007df7d00000] [id=15108]
  0x0000025bb82d6000 GCTaskThread "GC Thread#0" [stack: 0x0000007df6b00000,0x0000007df6c00000] [id=14824]
  0x0000025bb82e3800 ConcurrentGCThread "G1 Main Marker" [stack: 0x0000007df6c00000,0x0000007df6d00000] [id=7204]
  0x0000025bb82e7000 ConcurrentGCThread "G1 Conc#0" [stack: 0x0000007df6d00000,0x0000007df6e00000] [id=5344]
  0x0000025bd6db0800 ConcurrentGCThread "G1 Refine#0" [stack: 0x0000007df6e00000,0x0000007df6f00000] [id=12384]
  0x0000025bd6db1800 ConcurrentGCThread "G1 Young RemSet Sampling" [stack: 0x0000007df6f00000,0x0000007df7000000] [id=520]

Threads with active compile tasks:
C2 CompilerThread0   955 %     4       java.lang.StringLatin1::indexOf @ 30 (121 bytes)

VM state:not at safepoint (normal execution)

VM Mutex/Monitor currently owned by a thread: None

Heap address: 0x0000000081800000, size: 2024 MB, Compressed Oops mode: 32-bit
Narrow klass base: 0x0000000800000000, Narrow klass shift: 3
Compressed class space size: 1073741824 Address: 0x00000008011a0000

Heap:
 garbage-first heap   total 131072K, used 14336K [0x0000000081800000, 0x0000000100000000)
  region size 1024K, 15 young (15360K), 0 survivors (0K)
 Metaspace       used 4093K, capacity 6156K, committed 6400K, reserved 1056768K
  class space    used 415K, capacity 674K, committed 768K, reserved 1048576K
Heap Regions: E=young(eden), S=young(survivor), O=old, HS=humongous(starts), HC=humongous(continues), CS=collection set, F=free, A=archive, TAMS=top-at-mark-start (previous, next)
|   0|0x0000000081800000, 0x0000000081800000, 0x0000000081900000|  0%| F|  |TAMS 0x0000000081800000, 0x0000000081800000| Untracked 
|   1|0x0000000081900000, 0x0000000081900000, 0x0000000081a00000|  0%| F|  |TAMS 0x0000000081900000, 0x0000000081900000| Untracked 
|   2|0x0000000081a00000, 0x0000000081a00000, 0x0000000081b00000|  0%| F|  |TAMS 0x0000000081a00000, 0x0000000081a00000| Untracked 
|   3|0x0000000081b00000, 0x0000000081b00000, 0x0000000081c00000|  0%| F|  |TAMS 0x0000000081b00000, 0x0000000081b00000| Untracked 
|   4|0x0000000081c00000, 0x0000000081c00000, 0x0000000081d00000|  0%| F|  |TAMS 0x0000000081c00000, 0x0000000081c00000| Untracked 
|   5|0x0000000081d00000, 0x0000000081d00000, 0x0000000081e00000|  0%| F|  |TAMS 0x0000000081d00000, 0x0000000081d00000| Untracked 
|   6|0x0000000081e00000, 0x0000000081e00000, 0x0000000081f00000|  0%| F|  |TAMS 0x0000000081e00000, 0x0000000081e00000| Untracked 
|   7|0x0000000081f00000, 0x0000000081f00000, 0x0000000082000000|  0%| F|  |TAMS 0x0000000081f00000, 0x0000000081f00000| Untracked 
|   8|0x0000000082000000, 0x0000000082000000, 0x0000000082100000|  0%| F|  |TAMS 0x0000000082000000, 0x0000000082000000| Untracked 
|   9|0x0000000082100000, 0x0000000082100000, 0x0000000082200000|  0%| F|  |TAMS 0x0000000082100000, 0x0000000082100000| Untracked 
|  10|0x0000000082200000, 0x0000000082200000, 0x0000000082300000|  0%| F|  |TAMS 0x0000000082200000, 0x0000000082200000| Untracked 
|  11|0x0000000082300000, 0x0000000082300000, 0x0000000082400000|  0%| F|  |TAMS 0x0000000082300000, 0x0000000082300000| Untracked 
|  12|0x0000000082400000, 0x0000000082400000, 0x0000000082500000|  0%| F|  |TAMS 0x0000000082400000, 0x0000000082400000| Untracked 
|  13|0x0000000082500000, 0x0000000082500000, 0x0000000082600000|  0%| F|  |TAMS 0x0000000082500000, 0x0000000082500000| Untracked 
|  14|0x0000000082600000, 0x0000000082600000, 0x0000000082700000|  0%| F|  |TAMS 0x0000000082600000, 0x0000000082600000| Untracked 
|  15|0x0000000082700000, 0x0000000082700000, 0x0000000082800000|  0%| F|  |TAMS 0x0000000082700000, 0x0000000082700000| Untracked 
|  16|0x0000000082800000, 0x0000000082800000, 0x0000000082900000|  0%| F|  |TAMS 0x0000000082800000, 0x0000000082800000| Untracked 
|  17|0x0000000082900000, 0x0000000082900000, 0x0000000082a00000|  0%| F|  |TAMS 0x0000000082900000, 0x0000000082900000| Untracked 
|  18|0x0000000082a00000, 0x0000000082a00000, 0x0000000082b00000|  0%| F|  |TAMS 0x0000000082a00000, 0x0000000082a00000| Untracked 
|  19|0x0000000082b00000, 0x0000000082b00000, 0x0000000082c00000|  0%| F|  |TAMS 0x0000000082b00000, 0x0000000082b00000| Untracked 
|  20|0x0000000082c00000, 0x0000000082c00000, 0x0000000082d00000|  0%| F|  |TAMS 0x0000000082c00000, 0x0000000082c00000| Untracked 
|  21|0x0000000082d00000, 0x0000000082d00000, 0x0000000082e00000|  0%| F|  |TAMS 0x0000000082d00000, 0x0000000082d00000| Untracked 
|  22|0x0000000082e00000, 0x0000000082e00000, 0x0000000082f00000|  0%| F|  |TAMS 0x0000000082e00000, 0x0000000082e00000| Untracked 
|  23|0x0000000082f00000, 0x0000000082f00000, 0x0000000083000000|  0%| F|  |TAMS 0x0000000082f00000, 0x0000000082f00000| Untracked 
|  24|0x0000000083000000, 0x0000000083000000, 0x0000000083100000|  0%| F|  |TAMS 0x0000000083000000, 0x0000000083000000| Untracked 
|  25|0x0000000083100000, 0x0000000083100000, 0x0000000083200000|  0%| F|  |TAMS 0x0000000083100000, 0x0000000083100000| Untracked 
|  26|0x0000000083200000, 0x0000000083200000, 0x0000000083300000|  0%| F|  |TAMS 0x0000000083200000, 0x0000000083200000| Untracked 
|  27|0x0000000083300000, 0x0000000083300000, 0x0000000083400000|  0%| F|  |TAMS 0x0000000083300000, 0x0000000083300000| Untracked 
|  28|0x0000000083400000, 0x0000000083400000, 0x0000000083500000|  0%| F|  |TAMS 0x0000000083400000, 0x0000000083400000| Untracked 
|  29|0x0000000083500000, 0x0000000083500000, 0x0000000083600000|  0%| F|  |TAMS 0x0000000083500000, 0x0000000083500000| Untracked 
|  30|0x0000000083600000, 0x0000000083600000, 0x0000000083700000|  0%| F|  |TAMS 0x0000000083600000, 0x0000000083600000| Untracked 
|  31|0x0000000083700000, 0x0000000083700000, 0x0000000083800000|  0%| F|  |TAMS 0x0000000083700000, 0x0000000083700000| Untracked 
|  32|0x0000000083800000, 0x0000000083800000, 0x0000000083900000|  0%| F|  |TAMS 0x0000000083800000, 0x0000000083800000| Untracked 
|  33|0x0000000083900000, 0x0000000083900000, 0x0000000083a00000|  0%| F|  |TAMS 0x0000000083900000, 0x0000000083900000| Untracked 
|  34|0x0000000083a00000, 0x0000000083a00000, 0x0000000083b00000|  0%| F|  |TAMS 0x0000000083a00000, 0x0000000083a00000| Untracked 
|  35|0x0000000083b00000, 0x0000000083b00000, 0x0000000083c00000|  0%| F|  |TAMS 0x0000000083b00000, 0x0000000083b00000| Untracked 
|  36|0x0000000083c00000, 0x0000000083c00000, 0x0000000083d00000|  0%| F|  |TAMS 0x0000000083c00000, 0x0000000083c00000| Untracked 
|  37|0x0000000083d00000, 0x0000000083d00000, 0x0000000083e00000|  0%| F|  |TAMS 0x0000000083d00000, 0x0000000083d00000| Untracked 
|  38|0x0000000083e00000, 0x0000000083e00000, 0x0000000083f00000|  0%| F|  |TAMS 0x0000000083e00000, 0x0000000083e00000| Untracked 
|  39|0x0000000083f00000, 0x0000000083f00000, 0x0000000084000000|  0%| F|  |TAMS 0x0000000083f00000, 0x0000000083f00000| Untracked 
|  40|0x0000000084000000, 0x0000000084000000, 0x0000000084100000|  0%| F|  |TAMS 0x0000000084000000, 0x0000000084000000| Untracked 
|  41|0x0000000084100000, 0x0000000084100000, 0x0000000084200000|  0%| F|  |TAMS 0x0000000084100000, 0x0000000084100000| Untracked 
|  42|0x0000000084200000, 0x0000000084200000, 0x0000000084300000|  0%| F|  |TAMS 0x0000000084200000, 0x0000000084200000| Untracked 
|  43|0x0000000084300000, 0x0000000084300000, 0x0000000084400000|  0%| F|  |TAMS 0x0000000084300000, 0x0000000084300000| Untracked 
|  44|0x0000000084400000, 0x0000000084400000, 0x0000000084500000|  0%| F|  |TAMS 0x0000000084400000, 0x0000000084400000| Untracked 
|  45|0x0000000084500000, 0x0000000084500000, 0x0000000084600000|  0%| F|  |TAMS 0x0000000084500000, 0x0000000084500000| Untracked 
|  46|0x0000000084600000, 0x0000000084600000, 0x0000000084700000|  0%| F|  |TAMS 0x0000000084600000, 0x0000000084600000| Untracked 
|  47|0x0000000084700000, 0x0000000084700000, 0x0000000084800000|  0%| F|  |TAMS 0x0000000084700000, 0x0000000084700000| Untracked 
|  48|0x0000000084800000, 0x0000000084800000, 0x0000000084900000|  0%| F|  |TAMS 0x0000000084800000, 0x0000000084800000| Untracked 
|  49|0x0000000084900000, 0x0000000084900000, 0x0000000084a00000|  0%| F|  |TAMS 0x0000000084900000, 0x0000000084900000| Untracked 
|  50|0x0000000084a00000, 0x0000000084a00000, 0x0000000084b00000|  0%| F|  |TAMS 0x0000000084a00000, 0x0000000084a00000| Untracked 
|  51|0x0000000084b00000, 0x0000000084b00000, 0x0000000084c00000|  0%| F|  |TAMS 0x0000000084b00000, 0x0000000084b00000| Untracked 
|  52|0x0000000084c00000, 0x0000000084c00000, 0x0000000084d00000|  0%| F|  |TAMS 0x0000000084c00000, 0x0000000084c00000| Untracked 
|  53|0x0000000084d00000, 0x0000000084d00000, 0x0000000084e00000|  0%| F|  |TAMS 0x0000000084d00000, 0x0000000084d00000| Untracked 
|  54|0x0000000084e00000, 0x0000000084e00000, 0x0000000084f00000|  0%| F|  |TAMS 0x0000000084e00000, 0x0000000084e00000| Untracked 
|  55|0x0000000084f00000, 0x0000000084f00000, 0x0000000085000000|  0%| F|  |TAMS 0x0000000084f00000, 0x0000000084f00000| Untracked 
|  56|0x0000000085000000, 0x0000000085000000, 0x0000000085100000|  0%| F|  |TAMS 0x0000000085000000, 0x0000000085000000| Untracked 
|  57|0x0000000085100000, 0x0000000085100000, 0x0000000085200000|  0%| F|  |TAMS 0x0000000085100000, 0x0000000085100000| Untracked 
|  58|0x0000000085200000, 0x0000000085200000, 0x0000000085300000|  0%| F|  |TAMS 0x0000000085200000, 0x0000000085200000| Untracked 
|  59|0x0000000085300000, 0x0000000085300000, 0x0000000085400000|  0%| F|  |TAMS 0x0000000085300000, 0x0000000085300000| Untracked 
|  60|0x0000000085400000, 0x0000000085400000, 0x0000000085500000|  0%| F|  |TAMS 0x0000000085400000, 0x0000000085400000| Untracked 
|  61|0x0000000085500000, 0x0000000085500000, 0x0000000085600000|  0%| F|  |TAMS 0x0000000085500000, 0x0000000085500000| Untracked 
|  62|0x0000000085600000, 0x0000000085600000, 0x0000000085700000|  0%| F|  |TAMS 0x0000000085600000, 0x0000000085600000| Untracked 
|  63|0x0000000085700000, 0x0000000085700000, 0x0000000085800000|  0%| F|  |TAMS 0x0000000085700000, 0x0000000085700000| Untracked 
|  64|0x0000000085800000, 0x0000000085800000, 0x0000000085900000|  0%| F|  |TAMS 0x0000000085800000, 0x0000000085800000| Untracked 
|  65|0x0000000085900000, 0x0000000085900000, 0x0000000085a00000|  0%| F|  |TAMS 0x0000000085900000, 0x0000000085900000| Untracked 
|  66|0x0000000085a00000, 0x0000000085a00000, 0x0000000085b00000|  0%| F|  |TAMS 0x0000000085a00000, 0x0000000085a00000| Untracked 
|  67|0x0000000085b00000, 0x0000000085b00000, 0x0000000085c00000|  0%| F|  |TAMS 0x0000000085b00000, 0x0000000085b00000| Untracked 
|  68|0x0000000085c00000, 0x0000000085c00000, 0x0000000085d00000|  0%| F|  |TAMS 0x0000000085c00000, 0x0000000085c00000| Untracked 
|  69|0x0000000085d00000, 0x0000000085d00000, 0x0000000085e00000|  0%| F|  |TAMS 0x0000000085d00000, 0x0000000085d00000| Untracked 
|  70|0x0000000085e00000, 0x0000000085e00000, 0x0000000085f00000|  0%| F|  |TAMS 0x0000000085e00000, 0x0000000085e00000| Untracked 
|  71|0x0000000085f00000, 0x0000000085f00000, 0x0000000086000000|  0%| F|  |TAMS 0x0000000085f00000, 0x0000000085f00000| Untracked 
|  72|0x0000000086000000, 0x0000000086000000, 0x0000000086100000|  0%| F|  |TAMS 0x0000000086000000, 0x0000000086000000| Untracked 
|  73|0x0000000086100000, 0x0000000086100000, 0x0000000086200000|  0%| F|  |TAMS 0x0000000086100000, 0x0000000086100000| Untracked 
|  74|0x0000000086200000, 0x0000000086200000, 0x0000000086300000|  0%| F|  |TAMS 0x0000000086200000, 0x0000000086200000| Untracked 
|  75|0x0000000086300000, 0x0000000086300000, 0x0000000086400000|  0%| F|  |TAMS 0x0000000086300000, 0x0000000086300000| Untracked 
|  76|0x0000000086400000, 0x0000000086400000, 0x0000000086500000|  0%| F|  |TAMS 0x0000000086400000, 0x0000000086400000| Untracked 
|  77|0x0000000086500000, 0x0000000086500000, 0x0000000086600000|  0%| F|  |TAMS 0x0000000086500000, 0x0000000086500000| Untracked 
|  78|0x0000000086600000, 0x0000000086600000, 0x0000000086700000|  0%| F|  |TAMS 0x0000000086600000, 0x0000000086600000| Untracked 
|  79|0x0000000086700000, 0x0000000086700000, 0x0000000086800000|  0%| F|  |TAMS 0x0000000086700000, 0x0000000086700000| Untracked 
|  80|0x0000000086800000, 0x0000000086800000, 0x0000000086900000|  0%| F|  |TAMS 0x0000000086800000, 0x0000000086800000| Untracked 
|  81|0x0000000086900000, 0x0000000086900000, 0x0000000086a00000|  0%| F|  |TAMS 0x0000000086900000, 0x0000000086900000| Untracked 
|  82|0x0000000086a00000, 0x0000000086a00000, 0x0000000086b00000|  0%| F|  |TAMS 0x0000000086a00000, 0x0000000086a00000| Untracked 
|  83|0x0000000086b00000, 0x0000000086b00000, 0x0000000086c00000|  0%| F|  |TAMS 0x0000000086b00000, 0x0000000086b00000| Untracked 
|  84|0x0000000086c00000, 0x0000000086c00000, 0x0000000086d00000|  0%| F|  |TAMS 0x0000000086c00000, 0x0000000086c00000| Untracked 
|  85|0x0000000086d00000, 0x0000000086d00000, 0x0000000086e00000|  0%| F|  |TAMS 0x0000000086d00000, 0x0000000086d00000| Untracked 
|  86|0x0000000086e00000, 0x0000000086e00000, 0x0000000086f00000|  0%| F|  |TAMS 0x0000000086e00000, 0x0000000086e00000| Untracked 
|  87|0x0000000086f00000, 0x0000000086f00000, 0x0000000087000000|  0%| F|  |TAMS 0x0000000086f00000, 0x0000000086f00000| Untracked 
|  88|0x0000000087000000, 0x0000000087000000, 0x0000000087100000|  0%| F|  |TAMS 0x0000000087000000, 0x0000000087000000| Untracked 
|  89|0x0000000087100000, 0x0000000087100000, 0x0000000087200000|  0%| F|  |TAMS 0x0000000087100000, 0x0000000087100000| Untracked 
|  90|0x0000000087200000, 0x0000000087200000, 0x0000000087300000|  0%| F|  |TAMS 0x0000000087200000, 0x0000000087200000| Untracked 
|  91|0x0000000087300000, 0x0000000087300000, 0x0000000087400000|  0%| F|  |TAMS 0x0000000087300000, 0x0000000087300000| Untracked 
|  92|0x0000000087400000, 0x0000000087400000, 0x0000000087500000|  0%| F|  |TAMS 0x0000000087400000, 0x0000000087400000| Untracked 
|  93|0x0000000087500000, 0x0000000087500000, 0x0000000087600000|  0%| F|  |TAMS 0x0000000087500000, 0x0000000087500000| Untracked 
|  94|0x0000000087600000, 0x0000000087600000, 0x0000000087700000|  0%| F|  |TAMS 0x0000000087600000, 0x0000000087600000| Untracked 
|  95|0x0000000087700000, 0x0000000087700000, 0x0000000087800000|  0%| F|  |TAMS 0x0000000087700000, 0x0000000087700000| Untracked 
|  96|0x0000000087800000, 0x0000000087800000, 0x0000000087900000|  0%| F|  |TAMS 0x0000000087800000, 0x0000000087800000| Untracked 
|  97|0x0000000087900000, 0x0000000087900000, 0x0000000087a00000|  0%| F|  |TAMS 0x0000000087900000, 0x0000000087900000| Untracked 
|  98|0x0000000087a00000, 0x0000000087a00000, 0x0000000087b00000|  0%| F|  |TAMS 0x0000000087a00000, 0x0000000087a00000| Untracked 
|  99|0x0000000087b00000, 0x0000000087b00000, 0x0000000087c00000|  0%| F|  |TAMS 0x0000000087b00000, 0x0000000087b00000| Untracked 
| 100|0x0000000087c00000, 0x0000000087c00000, 0x0000000087d00000|  0%| F|  |TAMS 0x0000000087c00000, 0x0000000087c00000| Untracked 
| 101|0x0000000087d00000, 0x0000000087d00000, 0x0000000087e00000|  0%| F|  |TAMS 0x0000000087d00000, 0x0000000087d00000| Untracked 
| 102|0x0000000087e00000, 0x0000000087e00000, 0x0000000087f00000|  0%| F|  |TAMS 0x0000000087e00000, 0x0000000087e00000| Untracked 
| 103|0x0000000087f00000, 0x0000000087f00000, 0x0000000088000000|  0%| F|  |TAMS 0x0000000087f00000, 0x0000000087f00000| Untracked 
| 104|0x0000000088000000, 0x0000000088000000, 0x0000000088100000|  0%| F|  |TAMS 0x0000000088000000, 0x0000000088000000| Untracked 
| 105|0x0000000088100000, 0x0000000088100000, 0x0000000088200000|  0%| F|  |TAMS 0x0000000088100000, 0x0000000088100000| Untracked 
| 106|0x0000000088200000, 0x0000000088200000, 0x0000000088300000|  0%| F|  |TAMS 0x0000000088200000, 0x0000000088200000| Untracked 
| 107|0x0000000088300000, 0x0000000088300000, 0x0000000088400000|  0%| F|  |TAMS 0x0000000088300000, 0x0000000088300000| Untracked 
| 108|0x0000000088400000, 0x0000000088400000, 0x0000000088500000|  0%| F|  |TAMS 0x0000000088400000, 0x0000000088400000| Untracked 
| 109|0x0000000088500000, 0x0000000088500000, 0x0000000088600000|  0%| F|  |TAMS 0x0000000088500000, 0x0000000088500000| Untracked 
| 110|0x0000000088600000, 0x0000000088600000, 0x0000000088700000|  0%| F|  |TAMS 0x0000000088600000, 0x0000000088600000| Untracked 
| 111|0x0000000088700000, 0x0000000088700000, 0x0000000088800000|  0%| F|  |TAMS 0x0000000088700000, 0x0000000088700000| Untracked 
| 112|0x0000000088800000, 0x0000000088800000, 0x0000000088900000|  0%| F|  |TAMS 0x0000000088800000, 0x0000000088800000| Untracked 
| 113|0x0000000088900000, 0x00000000889fd250, 0x0000000088a00000| 98%| E|  |TAMS 0x0000000088900000, 0x0000000088900000| Complete 
| 114|0x0000000088a00000, 0x0000000088b00000, 0x0000000088b00000|100%| E|CS|TAMS 0x0000000088a00000, 0x0000000088a00000| Complete 
| 115|0x0000000088b00000, 0x0000000088c00000, 0x0000000088c00000|100%| E|CS|TAMS 0x0000000088b00000, 0x0000000088b00000| Complete 
| 116|0x0000000088c00000, 0x0000000088d00000, 0x0000000088d00000|100%| E|CS|TAMS 0x0000000088c00000, 0x0000000088c00000| Complete 
| 117|0x0000000088d00000, 0x0000000088e00000, 0x0000000088e00000|100%| E|CS|TAMS 0x0000000088d00000, 0x0000000088d00000| Complete 
| 118|0x0000000088e00000, 0x0000000088f00000, 0x0000000088f00000|100%| E|CS|TAMS 0x0000000088e00000, 0x0000000088e00000| Complete 
| 119|0x0000000088f00000, 0x0000000089000000, 0x0000000089000000|100%| E|CS|TAMS 0x0000000088f00000, 0x0000000088f00000| Complete 
| 120|0x0000000089000000, 0x0000000089100000, 0x0000000089100000|100%| E|CS|TAMS 0x0000000089000000, 0x0000000089000000| Complete 
| 121|0x0000000089100000, 0x0000000089200000, 0x0000000089200000|100%| E|CS|TAMS 0x0000000089100000, 0x0000000089100000| Complete 
| 122|0x0000000089200000, 0x0000000089300000, 0x0000000089300000|100%| E|CS|TAMS 0x0000000089200000, 0x0000000089200000| Complete 
| 123|0x0000000089300000, 0x0000000089400000, 0x0000000089400000|100%| E|CS|TAMS 0x0000000089300000, 0x0000000089300000| Complete 
| 124|0x0000000089400000, 0x0000000089500000, 0x0000000089500000|100%| E|CS|TAMS 0x0000000089400000, 0x0000000089400000| Complete 
| 125|0x0000000089500000, 0x0000000089600000, 0x0000000089600000|100%| E|CS|TAMS 0x0000000089500000, 0x0000000089500000| Complete 
| 126|0x0000000089600000, 0x0000000089700000, 0x0000000089700000|100%| E|CS|TAMS 0x0000000089600000, 0x0000000089600000| Complete 
| 127|0x0000000089700000, 0x0000000089800000, 0x0000000089800000|100%| E|CS|TAMS 0x0000000089700000, 0x0000000089700000| Complete 

Card table byte_map: [0x0000025bcfdd0000,0x0000025bd01d0000] _byte_map_base: 0x0000025bcf9c4000

Marking Bits (Prev, Next): (CMBitMap*) 0x0000025bb82d71a8, (CMBitMap*) 0x0000025bb82d71e8
 Prev Bits: [0x0000025bd05d0000, 0x0000025bd2570000)
 Next Bits: [0x0000025bd2570000, 0x0000025bd4510000)

Polling page: 0x0000025bb7a70000

Metaspace:

Usage:
  Non-class:      5.35 MB capacity,     3.68 MB ( 69%) used,     1.66 MB ( 31%) free+waste,    14.31 KB ( <1%) overhead. 
      Class:    674.00 KB capacity,   428.84 KB ( 64%) used,   237.16 KB ( 35%) free+waste,     8.00 KB (  1%) overhead. 
       Both:      6.01 MB capacity,     4.10 MB ( 68%) used,     1.89 MB ( 31%) free+waste,    22.31 KB ( <1%) overhead. 

Virtual space:
  Non-class space:        8.00 MB reserved,       5.50 MB ( 69%) committed 
      Class space:        1.00 GB reserved,     768.00 KB ( <1%) committed 
             Both:        1.01 GB reserved,       6.25 MB ( <1%) committed 

Chunk freelists:
   Non-Class:  2.75 KB
       Class:  0 bytes
        Both:  2.75 KB

CodeHeap 'non-profiled nmethods': size=120000Kb used=298Kb max_used=298Kb free=119701Kb
 bounds [0x0000025bc8170000, 0x0000025bc83e0000, 0x0000025bcf6a0000]
CodeHeap 'profiled nmethods': size=120000Kb used=1647Kb max_used=1647Kb free=118352Kb
 bounds [0x0000025bc0c40000, 0x0000025bc0eb0000, 0x0000025bc8170000]
CodeHeap 'non-nmethods': size=5760Kb used=1112Kb max_used=1124Kb free=4647Kb
 bounds [0x0000025bc06a0000, 0x0000025bc0910000, 0x0000025bc0c40000]
 total_blobs=1569 nmethods=973 adapters=327
 compilation: enabled
              stopped_count=0, restarted_count=0
 full_count=0

Compilation events (10 events):
Event: 152.411 Thread 0x0000025bd6f5b800 nmethod 898 0x0000025bc0db2810 code [0x0000025bc0db29e0, 0x0000025bc0db2c90]
Event: 152.411 Thread 0x0000025bd6f5b800  897       1       java.lang.Enum::name (5 bytes)
Event: 152.411 Thread 0x0000025bd6f5b800 nmethod 897 0x0000025bc81b4110 code [0x0000025bc81b42c0, 0x0000025bc81b43f8]
Event: 152.411 Thread 0x0000025bd6f5b800  899       1       java.io.File::getPath (5 bytes)
Event: 152.411 Thread 0x0000025bd6f5b800 nmethod 899 0x0000025bc81b4490 code [0x0000025bc81b4640, 0x0000025bc81b4778]
Event: 152.412 Thread 0x0000025bd6f5b800  901       3       java.lang.invoke.Invokers$Holder::linkToTargetMethod (9 bytes)
Event: 152.412 Thread 0x0000025bd6f5b800 nmethod 901 0x0000025bc0db2d90 code [0x0000025bc0db2f60, 0x0000025bc0db33e0]
Event: 152.413 Thread 0x0000025bd6f57800 nmethod 893 0x0000025bc81b4d10 code [0x0000025bc81b4ec0, 0x0000025bc81b51b8]
Event: 152.413 Thread 0x0000025bd6f5b800  903       3       java.lang.String::toLowerCase (8 bytes)
Event: 152.413 Thread 0x0000025bd6f57800  900       4       java.lang.invoke.DirectMethodHandle$Holder::invokeStatic (19 bytes)

GC Heap History (0 events):
No events

Deoptimization events (10 events):
Event: 58.790 Thread 0x0000025bb829c000 Uncommon trap: reason=unstable_if action=reinterpret pc=0x0000025bc8198424 method=java.lang.String.indexOf(II)I @ 4 c2
Event: 58.790 Thread 0x0000025bb829c000 Uncommon trap: reason=unstable_if action=reinterpret pc=0x0000025bc8195b54 method=java.lang.String.indexOf(II)I @ 4 c2
Event: 152.387 Thread 0x0000025bb829c000 Uncommon trap: reason=unstable_if action=reinterpret pc=0x0000025bc819ca64 method=java.lang.CharacterData.of(I)Ljava/lang/CharacterData; @ 4 c2
Event: 152.389 Thread 0x0000025bb829c000 Uncommon trap: reason=unstable_if action=reinterpret pc=0x0000025bc819a01c method=java.lang.StringUTF16.compress([CI[BII)I @ 20 c2
Event: 152.408 Thread 0x0000025bd7a6c000 Uncommon trap: reason=unstable_if action=reinterpret pc=0x0000025bc81b1a44 method=java.lang.ThreadLocal.get()Ljava/lang/Object; @ 11 c2
Event: 152.408 Thread 0x0000025bd7c65000 Uncommon trap: reason=unstable_if action=reinterpret pc=0x0000025bc81b1a44 method=java.lang.ThreadLocal.get()Ljava/lang/Object; @ 11 c2
Event: 152.408 Thread 0x0000025bd7c96000 Uncommon trap: reason=unstable_if action=reinterpret pc=0x0000025bc81b1a44 method=java.lang.ThreadLocal.get()Ljava/lang/Object; @ 11 c2
Event: 152.408 Thread 0x0000025bd7fe0800 Uncommon trap: reason=unstable_if action=reinterpret pc=0x0000025bc81b1a44 method=java.lang.ThreadLocal.get()Ljava/lang/Object; @ 11 c2
Event: 152.408 Thread 0x0000025bd7c56000 Uncommon trap: reason=unstable_if action=reinterpret pc=0x0000025bc81b1a44 method=java.lang.ThreadLocal.get()Ljava/lang/Object; @ 11 c2
Event: 152.412 Thread 0x0000025bd7c65000 Uncommon trap: reason=unstable_if action=reinterpret pc=0x0000025bc81b2014 method=java.nio.charset.Charset.lookup(Ljava/lang/String;)Ljava/nio/charset/Charset; @ 29 c2

Classes redefined (0 events):
No events

Internal exceptions (10 events):
Event: 35.017 Thread 0x0000025bb829c000 Exception <a 'java/lang/NoSuchMethodError'{0x00000000892ca958}: java.lang.invoke.DirectMethodHandle$Holder.invokeStaticInit(Ljava/lang/Object;Ljava/lang/Object;IIII)Ljava/lang/Object;> (0x00000000892ca958) thrown at [t:/workspace/open/src/hotspot/share/in
Event: 74.950 Thread 0x0000025bb829c000 Exception <a 'java/lang/NoSuchMethodError'{0x00000000891d4370}: java.lang.invoke.DirectMethodHandle$Holder.invokeStatic(Ljava/lang/Object;Ljava/lang/Object;Ljava/lang/Object;Ljava/lang/Object;Ljava/lang/Object;Ljava/lang/Object;Ljava/lang/Object;Ljava/lan
Event: 74.951 Thread 0x0000025bb829c000 Exception <a 'java/lang/NoSuchMethodError'{0x00000000891e0dc8}: java.lang.invoke.DirectMethodHandle$Holder.invokeStatic(Ljava/lang/Object;Ljava/lang/Object;Ljava/lang/Object;Ljava/lang/Object;Ljava/lang/Object;Ljava/lang/Object;Ljava/lang/Object;Ljava/lan
Event: 74.952 Thread 0x0000025bb829c000 Exception <a 'java/lang/NoSuchMethodError'{0x00000000891ed150}: java.lang.invoke.DirectMethodHandle$Holder.invokeSpecial(Ljava/lang/Object;Ljava/lang/Object;JILjava/lang/Object;Ljava/lang/Object;ILjava/lang/Object;)Ljava/lang/Object;> (0x00000000891ed150)
Event: 74.952 Thread 0x0000025bb829c000 Exception <a 'java/lang/NoSuchMethodError'{0x00000000891f0298}: java.lang.invoke.DelegatingMethodHandle$Holder.reinvoke_L(Ljava/lang/Object;JILjava/lang/Object;Ljava/lang/Object;ILjava/lang/Object;)Ljava/lang/Object;> (0x00000000891f0298) thrown at [t:/wo
Event: 152.408 Thread 0x0000025bd7a6c000 Implicit null exception at 0x0000025bc81b1936 to 0x0000025bc81b1a32
Event: 152.408 Thread 0x0000025bd7c65000 Implicit null exception at 0x0000025bc81b1936 to 0x0000025bc81b1a32
Event: 152.408 Thread 0x0000025bd7c96000 Implicit null exception at 0x0000025bc81b1936 to 0x0000025bc81b1a32
Event: 152.408 Thread 0x0000025bd7fe0800 Implicit null exception at 0x0000025bc81b1936 to 0x0000025bc81b1a32
Event: 152.408 Thread 0x0000025bd7c56000 Implicit null exception at 0x0000025bc81b1936 to 0x0000025bc81b1a32

Events (10 events):
Event: 152.412 loading class java/util/concurrent/atomic/AtomicReferenceFieldUpdater$AtomicReferenceFieldUpdaterImpl$1
Event: 152.412 Executing VM operation: RevokeBias
Event: 152.412 loading class java/util/concurrent/atomic/AtomicReferenceFieldUpdater$AtomicReferenceFieldUpdaterImpl$1 done
Event: 152.412 Executing VM operation: RevokeBias done
Event: 152.412 Executing VM operation: RevokeBias
Event: 152.412 Executing VM operation: RevokeBias done
Event: 152.412 Executing VM operation: RevokeBias
Event: 152.413 Executing VM operation: RevokeBias done
Event: 152.413 Executing VM operation: RevokeBias
Event: 152.413 Executing VM operation: RevokeBias done


Dynamic libraries:
0x00007ff607ed0000 - 0x00007ff607edf000 	C:\Program Files\Java\jdk-12.0.1\bin\java.exe
0x00007ffcba610000 - 0x00007ffcba7f1000 	C:\WINDOWS\SYSTEM32\ntdll.dll
0x00007ffcb9590000 - 0x00007ffcb9641000 	C:\WINDOWS\System32\KERNEL32.DLL
0x00007ffcb6e80000 - 0x00007ffcb70f3000 	C:\WINDOWS\System32\KERNELBASE.dll
0x00007ffcb6af0000 - 0x00007ffcb6be8000 	C:\WINDOWS\System32\ucrtbase.dll
0x00007ffca3eb0000 - 0x00007ffca3ec8000 	C:\Program Files\Java\jdk-12.0.1\bin\jli.dll
0x00007ffca7720000 - 0x00007ffca7736000 	C:\Program Files\Java\jdk-12.0.1\bin\VCRUNTIME140.dll
0x00007ffcb9dc0000 - 0x00007ffcb9e61000 	C:\WINDOWS\System32\ADVAPI32.dll
0x00007ffcb96b0000 - 0x00007ffcb974e000 	C:\WINDOWS\System32\msvcrt.dll
0x00007ffcb9750000 - 0x00007ffcb97ab000 	C:\WINDOWS\System32\sechost.dll
0x00007ffcb97b0000 - 0x00007ffcb98d4000 	C:\WINDOWS\System32\RPCRT4.dll
0x00007ffcb7e10000 - 0x00007ffcb7fa0000 	C:\WINDOWS\System32\USER32.dll
0x00007ffcb6bf0000 - 0x00007ffcb6c10000 	C:\WINDOWS\System32\win32u.dll
0x00007ffca4b40000 - 0x00007ffca4da9000 	C:\WINDOWS\WinSxS\amd64_microsoft.windows.common-controls_6595b64144ccf1df_6.0.17134.950_none_fb3da4273069d3e0\COMCTL32.dll
0x00007ffcba270000 - 0x00007ffcba298000 	C:\WINDOWS\System32\GDI32.dll
0x00007ffcb9e70000 - 0x00007ffcba192000 	C:\WINDOWS\System32\combase.dll
0x00007ffcb6c10000 - 0x00007ffcb6da1000 	C:\WINDOWS\System32\gdi32full.dll
0x00007ffcb72f0000 - 0x00007ffcb738f000 	C:\WINDOWS\System32\msvcp_win.dll
0x00007ffcb6db0000 - 0x00007ffcb6e29000 	C:\WINDOWS\System32\bcryptPrimitives.dll
0x00007ffcb1d30000 - 0x00007ffcb1d3a000 	C:\WINDOWS\SYSTEM32\VERSION.dll
0x00007ffcb94f0000 - 0x00007ffcb951d000 	C:\WINDOWS\System32\IMM32.DLL
0x00007ffc99120000 - 0x00007ffc991ca000 	C:\Program Files\Java\jdk-12.0.1\bin\msvcp140.dll
0x00007ffc41050000 - 0x00007ffc41bc4000 	C:\Program Files\Java\jdk-12.0.1\bin\server\jvm.dll
0x00007ffcb7c70000 - 0x00007ffcb7c78000 	C:\WINDOWS\System32\PSAPI.DLL
0x00007ffca46f0000 - 0x00007ffca46f9000 	C:\WINDOWS\SYSTEM32\WSOCK32.dll
0x00007ffcb1240000 - 0x00007ffcb1263000 	C:\WINDOWS\SYSTEM32\WINMM.dll
0x00007ffcb9520000 - 0x00007ffcb958c000 	C:\WINDOWS\System32\WS2_32.dll
0x00007ffcb0fa0000 - 0x00007ffcb0fca000 	C:\WINDOWS\SYSTEM32\WINMMBASE.dll
0x00007ffcb6e30000 - 0x00007ffcb6e79000 	C:\WINDOWS\System32\cfgmgr32.dll
0x00007ffcb6940000 - 0x00007ffcb6951000 	C:\WINDOWS\System32\kernel.appcore.dll
0x00007ffca3c60000 - 0x00007ffca3c71000 	C:\Program Files\Java\jdk-12.0.1\bin\verify.dll
0x00007ffcb5340000 - 0x00007ffcb5509000 	C:\WINDOWS\SYSTEM32\DBGHELP.DLL
0x00007ffca0690000 - 0x00007ffca06b9000 	C:\WINDOWS\SYSTEM32\dbgcore.DLL
0x00007ffca2790000 - 0x00007ffca27b6000 	C:\Program Files\Java\jdk-12.0.1\bin\java.dll
0x00007ffcb36d0000 - 0x00007ffcb36de000 	C:\Program Files\Java\jdk-12.0.1\bin\instrument.dll
0x00007ffca29e0000 - 0x00007ffca29f7000 	C:\Program Files\Java\jdk-12.0.1\bin\zip.dll
0x00007ffcb0d70000 - 0x00007ffcb0d7a000 	C:\Program Files\Java\jdk-12.0.1\bin\jimage.dll
0x00007ffcb8000000 - 0x00007ffcb9440000 	C:\WINDOWS\System32\SHELL32.dll
0x00007ffcb9440000 - 0x00007ffcb94e9000 	C:\WINDOWS\System32\shcore.dll
0x00007ffcb7390000 - 0x00007ffcb7a9d000 	C:\WINDOWS\System32\windows.storage.dll
0x00007ffcb9650000 - 0x00007ffcb96a1000 	C:\WINDOWS\System32\shlwapi.dll
0x00007ffcb69c0000 - 0x00007ffcb69df000 	C:\WINDOWS\System32\profapi.dll
0x00007ffcb6970000 - 0x00007ffcb69bc000 	C:\WINDOWS\System32\powrprof.dll
0x00007ffcb6960000 - 0x00007ffcb696a000 	C:\WINDOWS\System32\FLTLIB.DLL
0x00007ffca05d0000 - 0x00007ffca05e9000 	C:\Program Files\Java\jdk-12.0.1\bin\net.dll
0x00007ffcb0960000 - 0x00007ffcb0a3d000 	C:\WINDOWS\SYSTEM32\WINHTTP.dll
0x00007ffca7ea0000 - 0x00007ffca8069000 	C:\WINDOWS\SYSTEM32\urlmon.dll
0x00007ffca7bf0000 - 0x00007ffca7e96000 	C:\WINDOWS\SYSTEM32\iertutil.dll
0x00007ffcb6370000 - 0x00007ffcb637b000 	C:\WINDOWS\SYSTEM32\CRYPTBASE.DLL
0x00007ffcb61a0000 - 0x00007ffcb6206000 	C:\WINDOWS\system32\mswsock.dll
0x00007ffca0170000 - 0x00007ffca0183000 	C:\Program Files\Java\jdk-12.0.1\bin\nio.dll
0x00007ffc99100000 - 0x00007ffc9911a000 	C:\Program Files\JetBrains\IntelliJ IDEA Community Edition 2019.2.2\bin\breakgen64.dll
0x00007ffcb6350000 - 0x00007ffcb6367000 	C:\WINDOWS\SYSTEM32\CRYPTSP.dll
0x00007ffcb5d50000 - 0x00007ffcb5d83000 	C:\WINDOWS\system32\rsaenh.dll
0x00007ffcb6480000 - 0x00007ffcb64a5000 	C:\WINDOWS\SYSTEM32\bcrypt.dll
0x00007ffcb6820000 - 0x00007ffcb6848000 	C:\WINDOWS\SYSTEM32\USERENV.dll
0x00007ffcb5ef0000 - 0x00007ffcb5f28000 	C:\WINDOWS\SYSTEM32\IPHLPAPI.DLL
0x00007ffcb7aa0000 - 0x00007ffcb7aa8000 	C:\WINDOWS\System32\NSI.dll
0x00007ffcaf560000 - 0x00007ffcaf576000 	C:\WINDOWS\SYSTEM32\dhcpcsvc6.DLL
0x00007ffcaf6a0000 - 0x00007ffcaf6ba000 	C:\WINDOWS\SYSTEM32\dhcpcsvc.DLL
0x0000000061c40000 - 0x0000000061d0b000 	C:\Users\Gerasimos\AppData\Local\Temp\sqlite-3.27.2.1-d652a256-b2d0-46bd-857f-64e273898de0-sqlitejdbc.dll
0x00007ffc93f90000 - 0x00007ffc93fb7000 	C:\Program Files\Java\jdk-12.0.1\bin\sunec.dll
0x00007ffcb5f30000 - 0x00007ffcb5fee000 	C:\WINDOWS\SYSTEM32\DNSAPI.dll
0x00007ffcad490000 - 0x00007ffcad49a000 	C:\Windows\System32\rasadhlp.dll

dbghelp: loaded successfully - version: 4.0.5 - missing functions: none
symbol engine: initialized successfully - sym options: 0x614 - pdb path: .;C:\Program Files\Java\jdk-12.0.1\bin;C:\WINDOWS\SYSTEM32;C:\WINDOWS\WinSxS\amd64_microsoft.windows.common-controls_6595b64144ccf1df_6.0.17134.950_none_fb3da4273069d3e0;C:\Program Files\Java\jdk-12.0.1\bin\server;C:\Program Files\JetBrains\IntelliJ IDEA Community Edition 2019.2.2\bin;C:\Users\Gerasimos\AppData\Local\Temp

VM Arguments:
jvm_args: -javaagent:C:\Program Files\JetBrains\IntelliJ IDEA Community Edition 2019.2.2\lib\idea_rt.jar=3551:C:\Program Files\JetBrains\IntelliJ IDEA Community Edition 2019.2.2\bin -Dfile.encoding=UTF-8 
java_command: Main
java_class_path (initial): C:\Users\Gerasimos\IdeaProjects\ImpressionMinerV13.1\out\production\ImpressionMiner;C:\Users\Gerasimos\IdeaProjects\ImpressionMinerV13.1\sqlite-jdbc-3.27.2.1.jar;C:\Users\Gerasimos\IdeaProjects\ImpressionMinerV13.1\jsoup-1.11.3.jar
Launcher Type: SUN_STANDARD

[Global flags]
     intx CICompilerCount                          = 4                                         {product} {ergonomic}
     uint ConcGCThreads                            = 2                                         {product} {ergonomic}
     uint G1ConcRefinementThreads                  = 8                                         {product} {ergonomic}
   size_t G1HeapRegionSize                         = 1048576                                   {product} {ergonomic}
    uintx GCDrainStackTargetSize                   = 64                                        {product} {ergonomic}
   size_t InitialHeapSize                          = 134217728                                 {product} {ergonomic}
   size_t MarkStackSize                            = 4194304                                   {product} {ergonomic}
   size_t MaxHeapSize                              = 2122317824                                {product} {ergonomic}
   size_t MaxNewSize                               = 1272971264                                {product} {ergonomic}
   size_t MinHeapDeltaBytes                        = 1048576                                   {product} {ergonomic}
    uintx NonNMethodCodeHeapSize                   = 5836300                                {pd product} {ergonomic}
    uintx NonProfiledCodeHeapSize                  = 122910970                              {pd product} {ergonomic}
    uintx ProfiledCodeHeapSize                     = 122910970                              {pd product} {ergonomic}
    uintx ReservedCodeCacheSize                    = 251658240                              {pd product} {ergonomic}
     bool SegmentedCodeCache                       = true                                      {product} {ergonomic}
     bool UseCompressedClassPointers               = true                                 {lp64_product} {ergonomic}
     bool UseCompressedOops                        = true                                 {lp64_product} {ergonomic}
     bool UseG1GC                                  = true                                      {product} {ergonomic}
     bool UseLargePagesIndividualAllocation        = false                                  {pd product} {ergonomic}

Logging:
Log output configuration:
 #0: stdout all=warning uptime,level,tags
 #1: stderr all=off uptime,level,tags

Environment Variables:
PATH=C:\Program Files (x86)\Common Files\Oracle\Java\javapath;C:\Program Files\Microsoft MPI\Bin\;C:\WINDOWS\system32;C:\WINDOWS;C:\WINDOWS\System32\Wbem;C:\WINDOWS\System32\WindowsPowerShell\v1.0\;C:\Program Files\nodejs\;C:\WINDOWS\System32\OpenSSH\;C:\WINDOWS\system32\config\systemprofile\.dnx\bin;C:\Program Files\Microsoft DNX\Dnvm\;C:\Program Files\Microsoft SQL Server\120\Tools\Binn\;C:\Program Files\Microsoft SQL Server\130\Tools\Binn\;C:\Program Files (x86)\Windows Kits\8.1\Windows Performance Toolkit\;C:\sqlite;;C:\Program Files\Microsoft VS Code\bin;C:\xampp\php;C:\ProgramData\ComposerSetup\bin;C:\Program Files (x86)\Intel\Intel(R) Management Engine Components\DAL;C:\Program Files\Intel\Intel(R) Management Engine Components\DAL;C:\Program Files\dotnet\;C:\Program Files\Microsoft SQL Server\Client SDK\ODBC\170\Tools\Binn\;C:\Program Files (x86)\Microsoft SQL Server\130\Tools\Binn\;C:\Program Files (x86)\Microsoft SQL Server\130\DTS\Binn\;C:\Program Files\Microsoft SQL Server\130\DTS\Binn\;C:\Program Files\Microsoft SQL Server\Client SDK\ODBC\130\Tools\Binn\;C:\Program Files (x86)\Microsoft SQL Server\150\DTS\Binn\;C:\Users\Gerasimos\AppData\Local\Programs\Python\Python37-32\Scripts\;C:\Users\Gerasimos\AppData\Local\Programs\Python\Python37-32\;C:\Users\Gerasimos\AppData\Local\Microsoft\WindowsApps;;C:\Program Files\Microsoft VS Code\bin;C:\Users\Gerasimos\AppData\Roaming\npm;C:\Program Files\JetBrains\IntelliJ IDEA Community Edition 2019.2.2\bin;;C:\Users\Gerasimos\AppData\Roaming\Composer\vendor\bin
USERNAME=Gerasimos
OS=Windows_NT
PROCESSOR_IDENTIFIER=Intel64 Family 6 Model 142 Stepping 10, GenuineIntel



---------------  S Y S T E M  ---------------

OS: Windows 10 , 64 bit Build 17134 (10.0.17134.753)

CPU:total 8 (initial active 8) (4 cores per cpu, 2 threads per core) family 6 model 142 stepping 10, cmov, cx8, fxsr, mmx, sse, sse2, sse3, ssse3, sse4.1, sse4.2, popcnt, avx, avx2, aes, clmul, erms, 3dnowpref, lzcnt, ht, tsc, tscinvbit, bmi1, bmi2, adx, fma

Memory: 4k page, system-wide physical 8089M (2816M free)
TotalPageFile size 11161M (AvailPageFile size 1896M)
current process WorkingSet (physical memory assigned to process): 55M, peak: 55M
current process commit charge ("private bytes"): 216M, peak: 216M

vm_info: Java HotSpot(TM) 64-Bit Server VM (12.0.1+12) for windows-amd64 JRE (12.0.1+12), built on Apr  2 2019 14:02:19 by "mach5one" with MS VC++ 15.5 (VS2017)

END.
