#
# A fatal error has been detected by the Java Runtime Environment:
#
#  EXCEPTION_ACCESS_VIOLATION (0xc0000005) at pc=0x0000000061c4512e, pid=8736, tid=14092
#
# JRE version: Java(TM) SE Runtime Environment (12.0.1+12) (build 12.0.1+12)
# Java VM: Java HotSpot(TM) 64-Bit Server VM (12.0.1+12, mixed mode, sharing, tiered, compressed oops, g1 gc, windows-amd64)
# Problematic frame:
# C  [sqlite-3.27.2.1-c788a602-e237-4e30-95c8-531a12faa710-sqlitejdbc.dll+0x512e]
#
# No core dump will be written. Minidumps are not enabled by default on client versions of Windows
#
# If you would like to submit a bug report, please visit:
#   http://bugreport.java.com/bugreport/crash.jsp
# The crash happened outside the Java Virtual Machine in native code.
# See problematic frame for where to report the bug.
#

---------------  S U M M A R Y ------------

Command Line: -javaagent:C:\Program Files\JetBrains\IntelliJ IDEA Community Edition 2019.2.2\lib\idea_rt.jar=1956:C:\Program Files\JetBrains\IntelliJ IDEA Community Edition 2019.2.2\bin -Dfile.encoding=UTF-8 Main

Host: Intel(R) Core(TM) i5-8250U CPU @ 1.60GHz, 8 cores, 7G,  Windows 10 , 64 bit Build 17134 (10.0.17134.753)
Time: Fri Oct  4 21:40:09 2019 Eanei? ?na GTB elapsed time: 479 seconds (0d 0h 7m 59s)

---------------  T H R E A D  ---------------

Current thread (0x0000012beb1fd800):  JavaThread "Thread-29" [_thread_in_native, id=14092, stack(0x00000009e1900000,0x00000009e1a00000)]

Stack: [0x00000009e1900000,0x00000009e1a00000],  sp=0x00000009e19febf8,  free space=1018k
Native frames: (J=compiled Java code, j=interpreted, Vv=VM code, C=native code)
C  [sqlite-3.27.2.1-c788a602-e237-4e30-95c8-531a12faa710-sqlitejdbc.dll+0x512e]

Java frames: (J=compiled Java code, j=interpreted, Vv=VM code)
J 2196  org.sqlite.core.NativeDB.column_count(J)I (0 bytes) @ 0x0000012bd9ab232b [0x0000012bd9ab22e0+0x000000000000004b]
j  org.sqlite.core.DB.column_names(J)[Ljava/lang/String;+2
j  org.sqlite.core.CorePreparedStatement.<init>(Lorg/sqlite/SQLiteConnection;Ljava/lang/String;)V+29
j  org.sqlite.jdbc3.JDBC3PreparedStatement.<init>(Lorg/sqlite/SQLiteConnection;Ljava/lang/String;)V+3
j  org.sqlite.jdbc4.JDBC4PreparedStatement.<init>(Lorg/sqlite/SQLiteConnection;Ljava/lang/String;)V+3
j  org.sqlite.jdbc4.JDBC4Connection.prepareStatement(Ljava/lang/String;III)Ljava/sql/PreparedStatement;+18
j  org.sqlite.jdbc3.JDBC3Connection.prepareStatement(Ljava/lang/String;II)Ljava/sql/PreparedStatement;+5
j  org.sqlite.jdbc3.JDBC3Connection.prepareStatement(Ljava/lang/String;)Ljava/sql/PreparedStatement;+8
j  DBConnection.selectUrlbyID(I)Ljava/lang/String;+12
j  IMThread.run()V+12
j  java.lang.Thread.run()V+11 java.base@12.0.1
v  ~StubRoutines::call_stub

siginfo: EXCEPTION_ACCESS_VIOLATION (0xc0000005), reading address 0x0000012bed26ed58


Register to memory mapping:

RIP=0x0000000061c4512e sqlite-3.27.2.1-c788a602-e237-4e30-95c8-531a12faa710-sqlitejdbc.dll
RAX=0x0 is NULL
RBX=0x00000000874f76f8 is an oop: org.sqlite.core.NativeDB 
{0x00000000874f76f8} - klass: 'org/sqlite/core/NativeDB'
RCX=0x0000012bed26ec98 is an unknown value
RDX=0x00000009e19fec20 is pointing into the stack for thread: 0x0000012beb1fd800
RSP=0x00000009e19febf8 is pointing into the stack for thread: 0x0000012beb1fd800
RBP=0x00000009e19fec60 is pointing into the stack for thread: 0x0000012beb1fd800
RSI=0x0 is NULL
RDI=0x00000000874f8380 points into unknown readable memory: 00 00 00 00 00 00 00 00
R8 =0x0000012bed26ec98 is an unknown value
R9 =0x0000012beb1fd800 is a thread
R10=0x0000000061c427a8 sqlite-3.27.2.1-c788a602-e237-4e30-95c8-531a12faa710-sqlitejdbc.dll
R11=0x0000012bd9ab2308 is at entry_point+40 in (nmethod*)0x0000012bd9ab2110
R12=0x0 is NULL
R13=0x00000009e19fec50 is pointing into the stack for thread: 0x0000012beb1fd800
R14=0x00000009e19fec20 is pointing into the stack for thread: 0x0000012beb1fd800
R15=0x0000012beb1fd800 is a thread


Registers:
RAX=0x0000000000000000, RBX=0x00000000874f76f8, RCX=0x0000012bed26ec98, RDX=0x00000009e19fec20
RSP=0x00000009e19febf8, RBP=0x00000009e19fec60, RSI=0x0000000000000000, RDI=0x00000000874f8380
R8 =0x0000012bed26ec98, R9 =0x0000012beb1fd800, R10=0x0000000061c427a8, R11=0x0000012bd9ab2308
R12=0x0000000000000000, R13=0x00000009e19fec50, R14=0x00000009e19fec20, R15=0x0000012beb1fd800
RIP=0x0000000061c4512e, EFLAGS=0x0000000000010202

Top of Stack: (sp=0x00000009e19febf8)
0x00000009e19febf8:   0000012bd9ab24c5 0000012be9d24400
0x00000009e19fec08:   0000000000000005 0000012b00000002
0x00000009e19fec18:   0000012beb1fd800 00000000874f76f8
0x00000009e19fec28:   00007ffee4b5580d 00000009e19ff480
0x00000009e19fec38:   00000009e19fec90 00000009e19fec90
0x00000009e19fec48:   0000000000000000 000001220829f002
0x00000009e19fec58:   0000012bd1ede4f7 00000009e19fece8
0x00000009e19fec68:   0000012bd1ed9880 0000012bd1ed9880
0x00000009e19fec78:   0000012bed26ec98 0000000000000000
0x00000009e19fec88:   00000000874f76f8 0000000000000003
0x00000009e19fec98:   00000000874f76f8 00000009e19fec90
0x00000009e19feca8:   0000012be93d5f5a 00000009e19fed18
0x00000009e19fecb8:   0000012be943e450 0000000000000000
0x00000009e19fecc8:   0000000081c7bbc0 0000012be93d5fc0
0x00000009e19fecd8:   00000009e19fec78 00000009e19fed08
0x00000009e19fece8:   00000009e19fed70 0000012bd1ed9bc0 

Instructions: (pc=0x0000000061c4512e)
0x0000000061c4510e:   45 84 c0 74 05 48 8b 40 08 c3 48 8b 40 18 eb dd
0x0000000061c4511e:   c3 48 8b 41 10 8b 40 0c c3 31 c0 48 85 c9 74 07
0x0000000061c4512e:   0f b7 81 c0 00 00 00 c3 31 c0 48 85 c9 74 11 48
0x0000000061c4513e:   83 b9 a0 00 00 00 00 74 07 0f b7 81 c0 00 00 00 


Stack slot to memory mapping:
stack at sp + 0 slots: 0x0000012bd9ab24c5 is at entry_point+485 in (nmethod*)0x0000012bd9ab2110
stack at sp + 1 slots: 0x0000012be9d24400 points into unknown readable memory: b0 c4 f7 e8 2b 01 00 00
stack at sp + 2 slots: 0x0000000000000005 is an unknown value
stack at sp + 3 slots: 0x0000012b00000002 is an unknown value
stack at sp + 4 slots: 0x0000012beb1fd800 is a thread
stack at sp + 5 slots: 0x00000000874f76f8 is an oop: org.sqlite.core.NativeDB 
{0x00000000874f76f8} - klass: 'org/sqlite/core/NativeDB'
stack at sp + 6 slots: 0x00007ffee4b5580d jvm.dll
stack at sp + 7 slots: 0x00000009e19ff480 is pointing into the stack for thread: 0x0000012beb1fd800


---------------  P R O C E S S  ---------------

Threads class SMR info:
_java_thread_list=0x0000012bead8c8a0, length=25, elements={
0x0000012bc82f8000, 0x0000012be8f3a800, 0x0000012be8f3b800, 0x0000012be8f55000,
0x0000012be8f57000, 0x0000012be8f59000, 0x0000012be8f60800, 0x0000012be8f64000,
0x0000012be9999000, 0x0000012be9b26000, 0x0000012be9b27000, 0x0000012beb606000,
0x0000012beb602800, 0x0000012beb602000, 0x0000012beb601000, 0x0000012beb607000,
0x0000012beb603800, 0x0000012beb604800, 0x0000012beb605000, 0x0000012beb1fa000,
0x0000012beb1f8800, 0x0000012beb1fb800, 0x0000012beb1fb000, 0x0000012beb1f9000,
0x0000012beb1fd800
}

Java Threads: ( => current thread )
  0x0000012bc82f8000 JavaThread "main" [_thread_blocked, id=13972, stack(0x00000009dfb00000,0x00000009dfc00000)]
  0x0000012be8f3a800 JavaThread "Reference Handler" daemon [_thread_blocked, id=13564, stack(0x00000009e0200000,0x00000009e0300000)]
  0x0000012be8f3b800 JavaThread "Finalizer" daemon [_thread_blocked, id=13560, stack(0x00000009e0300000,0x00000009e0400000)]
  0x0000012be8f55000 JavaThread "Signal Dispatcher" daemon [_thread_blocked, id=13588, stack(0x00000009e0400000,0x00000009e0500000)]
  0x0000012be8f57000 JavaThread "Attach Listener" daemon [_thread_blocked, id=5620, stack(0x00000009e0500000,0x00000009e0600000)]
  0x0000012be8f59000 JavaThread "C2 CompilerThread0" daemon [_thread_blocked, id=13940, stack(0x00000009e0600000,0x00000009e0700000)]
  0x0000012be8f60800 JavaThread "C1 CompilerThread0" daemon [_thread_blocked, id=14128, stack(0x00000009e0700000,0x00000009e0800000)]
  0x0000012be8f64000 JavaThread "Sweeper thread" daemon [_thread_blocked, id=14316, stack(0x00000009e0800000,0x00000009e0900000)]
  0x0000012be9999000 JavaThread "Common-Cleaner" daemon [_thread_blocked, id=11548, stack(0x00000009e0900000,0x00000009e0a00000)]
  0x0000012be9b26000 JavaThread "Monitor Ctrl-Break" daemon [_thread_in_native, id=12156, stack(0x00000009e0a00000,0x00000009e0b00000)]
  0x0000012be9b27000 JavaThread "Service Thread" daemon [_thread_blocked, id=4600, stack(0x00000009e0b00000,0x00000009e0c00000)]
  0x0000012beb606000 JavaThread "Thread-15" [_thread_in_native, id=11068, stack(0x00000009df700000,0x00000009df800000)]
  0x0000012beb602800 JavaThread "Thread-16" [_thread_in_native, id=14112, stack(0x00000009df800000,0x00000009df900000)]
  0x0000012beb602000 JavaThread "Thread-17" [_thread_in_native, id=3732, stack(0x00000009df900000,0x00000009dfa00000)]
  0x0000012beb601000 JavaThread "Thread-18" [_thread_in_native, id=14204, stack(0x00000009e0e00000,0x00000009e0f00000)]
  0x0000012beb607000 JavaThread "Thread-20" [_thread_in_native, id=9108, stack(0x00000009e1000000,0x00000009e1100000)]
  0x0000012beb603800 JavaThread "Thread-21" [_thread_in_native, id=14144, stack(0x00000009e1100000,0x00000009e1200000)]
  0x0000012beb604800 JavaThread "Thread-22" [_thread_in_native, id=14140, stack(0x00000009e1200000,0x00000009e1300000)]
  0x0000012beb605000 JavaThread "Thread-23" [_thread_in_native, id=13956, stack(0x00000009e1300000,0x00000009e1400000)]
  0x0000012beb1fa000 JavaThread "Thread-24" [_thread_in_native, id=2700, stack(0x00000009e1400000,0x00000009e1500000)]
  0x0000012beb1f8800 JavaThread "Thread-25" [_thread_in_native, id=4192, stack(0x00000009e1500000,0x00000009e1600000)]
  0x0000012beb1fb800 JavaThread "Thread-26" [_thread_in_native, id=2796, stack(0x00000009e1600000,0x00000009e1700000)]
  0x0000012beb1fb000 JavaThread "Thread-27" [_thread_in_native, id=3268, stack(0x00000009e1700000,0x00000009e1800000)]
  0x0000012beb1f9000 JavaThread "Thread-28" [_thread_in_native, id=14120, stack(0x00000009e1800000,0x00000009e1900000)]
=>0x0000012beb1fd800 JavaThread "Thread-29" [_thread_in_native, id=14092, stack(0x00000009e1900000,0x00000009e1a00000)]

Other Threads:
  0x0000012be8f39000 VMThread "VM Thread" [stack: 0x00000009e0100000,0x00000009e0200000] [id=13532]
  0x0000012be9b2a000 WatcherThread [stack: 0x00000009e0c00000,0x00000009e0d00000] [id=13996]
  0x0000012bc8338800 GCTaskThread "GC Thread#0" [stack: 0x00000009dfc00000,0x00000009dfd00000] [id=13468]
  0x0000012beafa9000 GCTaskThread "GC Thread#1" [stack: 0x00000009e1e00000,0x00000009e1f00000] [id=10380]
  0x0000012beac37800 GCTaskThread "GC Thread#2" [stack: 0x00000009e1f00000,0x00000009e2000000] [id=13432]
  0x0000012beac38800 GCTaskThread "GC Thread#3" [stack: 0x00000009e2000000,0x00000009e2100000] [id=14076]
  0x0000012bea2e3000 GCTaskThread "GC Thread#4" [stack: 0x00000009e2100000,0x00000009e2200000] [id=13484]
  0x0000012bea2e3800 GCTaskThread "GC Thread#5" [stack: 0x00000009e2200000,0x00000009e2300000] [id=868]
  0x0000012bea2e4800 GCTaskThread "GC Thread#6" [stack: 0x00000009e2300000,0x00000009e2400000] [id=1652]
  0x0000012bea2e5000 GCTaskThread "GC Thread#7" [stack: 0x00000009e2400000,0x00000009e2500000] [id=5776]
  0x0000012bc8346000 ConcurrentGCThread "G1 Main Marker" [stack: 0x00000009dfd00000,0x00000009dfe00000] [id=13968]
  0x0000012bc8349800 ConcurrentGCThread "G1 Conc#0" [stack: 0x00000009dfe00000,0x00000009dff00000] [id=5856]
  0x0000012be8db0800 ConcurrentGCThread "G1 Refine#0" [stack: 0x00000009dff00000,0x00000009e0000000] [id=13384]
  0x0000012be9a6f000 ConcurrentGCThread "G1 Refine#1" [stack: 0x00000009e2500000,0x00000009e2600000] [id=7040]
  0x0000012be8db1800 ConcurrentGCThread "G1 Young RemSet Sampling" [stack: 0x00000009e0000000,0x00000009e0100000] [id=6412]

Threads with active compile tasks:

VM state:not at safepoint (normal execution)

VM Mutex/Monitor currently owned by a thread: None

Heap address: 0x0000000081800000, size: 2024 MB, Compressed Oops mode: 32-bit
Narrow klass base: 0x0000000800000000, Narrow klass shift: 3
Compressed class space size: 1073741824 Address: 0x00000008011a0000

Heap:
 garbage-first heap   total 131072K, used 40942K [0x0000000081800000, 0x0000000100000000)
  region size 1024K, 36 young (36864K), 1 survivors (1024K)
 Metaspace       used 11285K, capacity 11592K, committed 11904K, reserved 1060864K
  class space    used 1186K, capacity 1318K, committed 1408K, reserved 1048576K
Heap Regions: E=young(eden), S=young(survivor), O=old, HS=humongous(starts), HC=humongous(continues), CS=collection set, F=free, A=archive, TAMS=top-at-mark-start (previous, next)
|   0|0x0000000081800000, 0x0000000081900000, 0x0000000081900000|100%| O|  |TAMS 0x0000000081800000, 0x0000000081800000| Untracked 
|   1|0x0000000081900000, 0x0000000081a00000, 0x0000000081a00000|100%| O|  |TAMS 0x0000000081900000, 0x0000000081900000| Untracked 
|   2|0x0000000081a00000, 0x0000000081b00000, 0x0000000081b00000|100%| O|  |TAMS 0x0000000081a00000, 0x0000000081a00000| Untracked 
|   3|0x0000000081b00000, 0x0000000081c00000, 0x0000000081c00000|100%| O|  |TAMS 0x0000000081b00000, 0x0000000081b00000| Untracked 
|   4|0x0000000081c00000, 0x0000000081d00000, 0x0000000081d00000|100%| O|  |TAMS 0x0000000081c00000, 0x0000000081c00000| Untracked 
|   5|0x0000000081d00000, 0x0000000081d00000, 0x0000000081e00000|  0%| F|  |TAMS 0x0000000081d00000, 0x0000000081d00000| Untracked 
|   6|0x0000000081e00000, 0x0000000081e00000, 0x0000000081f00000|  0%| F|  |TAMS 0x0000000081e00000, 0x0000000081e00000| Untracked 
|   7|0x0000000081f00000, 0x0000000081f00000, 0x0000000082000000|  0%| F|  |TAMS 0x0000000081f00000, 0x0000000081f00000| Untracked 
|   8|0x0000000082000000, 0x0000000082000000, 0x0000000082100000|  0%| F|  |TAMS 0x0000000082000000, 0x0000000082000000| Untracked 
|   9|0x0000000082100000, 0x0000000082100000, 0x0000000082200000|  0%| F|  |TAMS 0x0000000082100000, 0x0000000082100000| Untracked 
|  10|0x0000000082200000, 0x0000000082200000, 0x0000000082300000|  0%| F|  |TAMS 0x0000000082200000, 0x0000000082200000| Untracked 
|  11|0x0000000082300000, 0x0000000082300000, 0x0000000082400000|  0%| F|  |TAMS 0x0000000082300000, 0x0000000082300000| Untracked 
|  12|0x0000000082400000, 0x0000000082400000, 0x0000000082500000|  0%| F|  |TAMS 0x0000000082400000, 0x0000000082400000| Untracked 
|  13|0x0000000082500000, 0x0000000082500000, 0x0000000082600000|  0%| F|  |TAMS 0x0000000082500000, 0x0000000082500000| Untracked 
|  14|0x0000000082600000, 0x0000000082600000, 0x0000000082700000|  0%| F|  |TAMS 0x0000000082600000, 0x0000000082600000| Untracked 
|  15|0x0000000082700000, 0x0000000082700000, 0x0000000082800000|  0%| F|  |TAMS 0x0000000082700000, 0x0000000082700000| Untracked 
|  16|0x0000000082800000, 0x0000000082800000, 0x0000000082900000|  0%| F|  |TAMS 0x0000000082800000, 0x0000000082800000| Untracked 
|  17|0x0000000082900000, 0x0000000082900000, 0x0000000082a00000|  0%| F|  |TAMS 0x0000000082900000, 0x0000000082900000| Untracked 
|  18|0x0000000082a00000, 0x0000000082a00000, 0x0000000082b00000|  0%| F|  |TAMS 0x0000000082a00000, 0x0000000082a00000| Untracked 
|  19|0x0000000082b00000, 0x0000000082b00000, 0x0000000082c00000|  0%| F|  |TAMS 0x0000000082b00000, 0x0000000082b00000| Untracked 
|  20|0x0000000082c00000, 0x0000000082c00000, 0x0000000082d00000|  0%| F|  |TAMS 0x0000000082c00000, 0x0000000082c00000| Untracked 
|  21|0x0000000082d00000, 0x0000000082d00000, 0x0000000082e00000|  0%| F|  |TAMS 0x0000000082d00000, 0x0000000082d00000| Untracked 
|  22|0x0000000082e00000, 0x0000000082e00000, 0x0000000082f00000|  0%| F|  |TAMS 0x0000000082e00000, 0x0000000082e00000| Untracked 
|  23|0x0000000082f00000, 0x0000000082f00000, 0x0000000083000000|  0%| F|  |TAMS 0x0000000082f00000, 0x0000000082f00000| Untracked 
|  24|0x0000000083000000, 0x0000000083000000, 0x0000000083100000|  0%| F|  |TAMS 0x0000000083000000, 0x0000000083000000| Untracked 
|  25|0x0000000083100000, 0x0000000083100000, 0x0000000083200000|  0%| F|  |TAMS 0x0000000083100000, 0x0000000083100000| Untracked 
|  26|0x0000000083200000, 0x0000000083200000, 0x0000000083300000|  0%| F|  |TAMS 0x0000000083200000, 0x0000000083200000| Untracked 
|  27|0x0000000083300000, 0x0000000083300000, 0x0000000083400000|  0%| F|  |TAMS 0x0000000083300000, 0x0000000083300000| Untracked 
|  28|0x0000000083400000, 0x0000000083400000, 0x0000000083500000|  0%| F|  |TAMS 0x0000000083400000, 0x0000000083400000| Untracked 
|  29|0x0000000083500000, 0x0000000083500000, 0x0000000083600000|  0%| F|  |TAMS 0x0000000083500000, 0x0000000083500000| Untracked 
|  30|0x0000000083600000, 0x0000000083600000, 0x0000000083700000|  0%| F|  |TAMS 0x0000000083600000, 0x0000000083600000| Untracked 
|  31|0x0000000083700000, 0x0000000083700000, 0x0000000083800000|  0%| F|  |TAMS 0x0000000083700000, 0x0000000083700000| Untracked 
|  32|0x0000000083800000, 0x0000000083800000, 0x0000000083900000|  0%| F|  |TAMS 0x0000000083800000, 0x0000000083800000| Untracked 
|  33|0x0000000083900000, 0x0000000083900000, 0x0000000083a00000|  0%| F|  |TAMS 0x0000000083900000, 0x0000000083900000| Untracked 
|  34|0x0000000083a00000, 0x0000000083a00000, 0x0000000083b00000|  0%| F|  |TAMS 0x0000000083a00000, 0x0000000083a00000| Untracked 
|  35|0x0000000083b00000, 0x0000000083b00000, 0x0000000083c00000|  0%| F|  |TAMS 0x0000000083b00000, 0x0000000083b00000| Untracked 
|  36|0x0000000083c00000, 0x0000000083c00000, 0x0000000083d00000|  0%| F|  |TAMS 0x0000000083c00000, 0x0000000083c00000| Untracked 
|  37|0x0000000083d00000, 0x0000000083d00000, 0x0000000083e00000|  0%| F|  |TAMS 0x0000000083d00000, 0x0000000083d00000| Untracked 
|  38|0x0000000083e00000, 0x0000000083e00000, 0x0000000083f00000|  0%| F|  |TAMS 0x0000000083e00000, 0x0000000083e00000| Untracked 
|  39|0x0000000083f00000, 0x0000000083f00000, 0x0000000084000000|  0%| F|  |TAMS 0x0000000083f00000, 0x0000000083f00000| Untracked 
|  40|0x0000000084000000, 0x0000000084000000, 0x0000000084100000|  0%| F|  |TAMS 0x0000000084000000, 0x0000000084000000| Untracked 
|  41|0x0000000084100000, 0x0000000084100000, 0x0000000084200000|  0%| F|  |TAMS 0x0000000084100000, 0x0000000084100000| Untracked 
|  42|0x0000000084200000, 0x0000000084200000, 0x0000000084300000|  0%| F|  |TAMS 0x0000000084200000, 0x0000000084200000| Untracked 
|  43|0x0000000084300000, 0x0000000084300000, 0x0000000084400000|  0%| F|  |TAMS 0x0000000084300000, 0x0000000084300000| Untracked 
|  44|0x0000000084400000, 0x0000000084400000, 0x0000000084500000|  0%| F|  |TAMS 0x0000000084400000, 0x0000000084400000| Untracked 
|  45|0x0000000084500000, 0x0000000084500000, 0x0000000084600000|  0%| F|  |TAMS 0x0000000084500000, 0x0000000084500000| Untracked 
|  46|0x0000000084600000, 0x0000000084600000, 0x0000000084700000|  0%| F|  |TAMS 0x0000000084600000, 0x0000000084600000| Untracked 
|  47|0x0000000084700000, 0x0000000084700000, 0x0000000084800000|  0%| F|  |TAMS 0x0000000084700000, 0x0000000084700000| Untracked 
|  48|0x0000000084800000, 0x0000000084800000, 0x0000000084900000|  0%| F|  |TAMS 0x0000000084800000, 0x0000000084800000| Untracked 
|  49|0x0000000084900000, 0x0000000084900000, 0x0000000084a00000|  0%| F|  |TAMS 0x0000000084900000, 0x0000000084900000| Untracked 
|  50|0x0000000084a00000, 0x0000000084a00000, 0x0000000084b00000|  0%| F|  |TAMS 0x0000000084a00000, 0x0000000084a00000| Untracked 
|  51|0x0000000084b00000, 0x0000000084b00000, 0x0000000084c00000|  0%| F|  |TAMS 0x0000000084b00000, 0x0000000084b00000| Untracked 
|  52|0x0000000084c00000, 0x0000000084c00000, 0x0000000084d00000|  0%| F|  |TAMS 0x0000000084c00000, 0x0000000084c00000| Untracked 
|  53|0x0000000084d00000, 0x0000000084d00000, 0x0000000084e00000|  0%| F|  |TAMS 0x0000000084d00000, 0x0000000084d00000| Untracked 
|  54|0x0000000084e00000, 0x0000000084e00000, 0x0000000084f00000|  0%| F|  |TAMS 0x0000000084e00000, 0x0000000084e00000| Untracked 
|  55|0x0000000084f00000, 0x0000000084f00000, 0x0000000085000000|  0%| F|  |TAMS 0x0000000084f00000, 0x0000000084f00000| Untracked 
|  56|0x0000000085000000, 0x0000000085000000, 0x0000000085100000|  0%| F|  |TAMS 0x0000000085000000, 0x0000000085000000| Untracked 
|  57|0x0000000085100000, 0x0000000085100000, 0x0000000085200000|  0%| F|  |TAMS 0x0000000085100000, 0x0000000085100000| Untracked 
|  58|0x0000000085200000, 0x0000000085200000, 0x0000000085300000|  0%| F|  |TAMS 0x0000000085200000, 0x0000000085200000| Untracked 
|  59|0x0000000085300000, 0x0000000085300000, 0x0000000085400000|  0%| F|  |TAMS 0x0000000085300000, 0x0000000085300000| Untracked 
|  60|0x0000000085400000, 0x0000000085400000, 0x0000000085500000|  0%| F|  |TAMS 0x0000000085400000, 0x0000000085400000| Untracked 
|  61|0x0000000085500000, 0x0000000085500000, 0x0000000085600000|  0%| F|  |TAMS 0x0000000085500000, 0x0000000085500000| Untracked 
|  62|0x0000000085600000, 0x0000000085600000, 0x0000000085700000|  0%| F|  |TAMS 0x0000000085600000, 0x0000000085600000| Untracked 
|  63|0x0000000085700000, 0x0000000085700000, 0x0000000085800000|  0%| F|  |TAMS 0x0000000085700000, 0x0000000085700000| Untracked 
|  64|0x0000000085800000, 0x0000000085800000, 0x0000000085900000|  0%| F|  |TAMS 0x0000000085800000, 0x0000000085800000| Untracked 
|  65|0x0000000085900000, 0x0000000085900000, 0x0000000085a00000|  0%| F|  |TAMS 0x0000000085900000, 0x0000000085900000| Untracked 
|  66|0x0000000085a00000, 0x0000000085a00000, 0x0000000085b00000|  0%| F|  |TAMS 0x0000000085a00000, 0x0000000085a00000| Untracked 
|  67|0x0000000085b00000, 0x0000000085b00000, 0x0000000085c00000|  0%| F|  |TAMS 0x0000000085b00000, 0x0000000085b00000| Untracked 
|  68|0x0000000085c00000, 0x0000000085c00000, 0x0000000085d00000|  0%| F|  |TAMS 0x0000000085c00000, 0x0000000085c00000| Untracked 
|  69|0x0000000085d00000, 0x0000000085d00000, 0x0000000085e00000|  0%| F|  |TAMS 0x0000000085d00000, 0x0000000085d00000| Untracked 
|  70|0x0000000085e00000, 0x0000000085e00000, 0x0000000085f00000|  0%| F|  |TAMS 0x0000000085e00000, 0x0000000085e00000| Untracked 
|  71|0x0000000085f00000, 0x0000000085f00000, 0x0000000086000000|  0%| F|  |TAMS 0x0000000085f00000, 0x0000000085f00000| Untracked 
|  72|0x0000000086000000, 0x0000000086000000, 0x0000000086100000|  0%| F|  |TAMS 0x0000000086000000, 0x0000000086000000| Untracked 
|  73|0x0000000086100000, 0x0000000086100000, 0x0000000086200000|  0%| F|  |TAMS 0x0000000086100000, 0x0000000086100000| Untracked 
|  74|0x0000000086200000, 0x0000000086200000, 0x0000000086300000|  0%| F|  |TAMS 0x0000000086200000, 0x0000000086200000| Untracked 
|  75|0x0000000086300000, 0x0000000086300000, 0x0000000086400000|  0%| F|  |TAMS 0x0000000086300000, 0x0000000086300000| Untracked 
|  76|0x0000000086400000, 0x0000000086400000, 0x0000000086500000|  0%| F|  |TAMS 0x0000000086400000, 0x0000000086400000| Untracked 
|  77|0x0000000086500000, 0x0000000086500000, 0x0000000086600000|  0%| F|  |TAMS 0x0000000086500000, 0x0000000086500000| Untracked 
|  78|0x0000000086600000, 0x0000000086600000, 0x0000000086700000|  0%| F|  |TAMS 0x0000000086600000, 0x0000000086600000| Untracked 
|  79|0x0000000086700000, 0x0000000086700000, 0x0000000086800000|  0%| F|  |TAMS 0x0000000086700000, 0x0000000086700000| Untracked 
|  80|0x0000000086800000, 0x0000000086800000, 0x0000000086900000|  0%| F|  |TAMS 0x0000000086800000, 0x0000000086800000| Untracked 
|  81|0x0000000086900000, 0x0000000086900000, 0x0000000086a00000|  0%| F|  |TAMS 0x0000000086900000, 0x0000000086900000| Untracked 
|  82|0x0000000086a00000, 0x0000000086a00000, 0x0000000086b00000|  0%| F|  |TAMS 0x0000000086a00000, 0x0000000086a00000| Untracked 
|  83|0x0000000086b00000, 0x0000000086b00000, 0x0000000086c00000|  0%| F|  |TAMS 0x0000000086b00000, 0x0000000086b00000| Untracked 
|  84|0x0000000086c00000, 0x0000000086c00000, 0x0000000086d00000|  0%| F|  |TAMS 0x0000000086c00000, 0x0000000086c00000| Untracked 
|  85|0x0000000086d00000, 0x0000000086d00000, 0x0000000086e00000|  0%| F|  |TAMS 0x0000000086d00000, 0x0000000086d00000| Untracked 
|  86|0x0000000086e00000, 0x0000000086e00000, 0x0000000086f00000|  0%| F|  |TAMS 0x0000000086e00000, 0x0000000086e00000| Untracked 
|  87|0x0000000086f00000, 0x0000000086f00000, 0x0000000087000000|  0%| F|  |TAMS 0x0000000086f00000, 0x0000000086f00000| Untracked 
|  88|0x0000000087000000, 0x0000000087000000, 0x0000000087100000|  0%| F|  |TAMS 0x0000000087000000, 0x0000000087000000| Untracked 
|  89|0x0000000087100000, 0x0000000087100000, 0x0000000087200000|  0%| F|  |TAMS 0x0000000087100000, 0x0000000087100000| Untracked 
|  90|0x0000000087200000, 0x0000000087200000, 0x0000000087300000|  0%| F|  |TAMS 0x0000000087200000, 0x0000000087200000| Untracked 
|  91|0x0000000087300000, 0x0000000087300000, 0x0000000087400000|  0%| F|  |TAMS 0x0000000087300000, 0x0000000087300000| Untracked 
|  92|0x0000000087400000, 0x0000000087500000, 0x0000000087500000|100%| E|  |TAMS 0x0000000087400000, 0x0000000087400000| Complete 
|  93|0x0000000087500000, 0x0000000087600000, 0x0000000087600000|100%| E|CS|TAMS 0x0000000087500000, 0x0000000087500000| Complete 
|  94|0x0000000087600000, 0x0000000087700000, 0x0000000087700000|100%| E|CS|TAMS 0x0000000087600000, 0x0000000087600000| Complete 
|  95|0x0000000087700000, 0x0000000087800000, 0x0000000087800000|100%| E|CS|TAMS 0x0000000087700000, 0x0000000087700000| Complete 
|  96|0x0000000087800000, 0x0000000087900000, 0x0000000087900000|100%| E|CS|TAMS 0x0000000087800000, 0x0000000087800000| Complete 
|  97|0x0000000087900000, 0x0000000087a00000, 0x0000000087a00000|100%| E|CS|TAMS 0x0000000087900000, 0x0000000087900000| Complete 
|  98|0x0000000087a00000, 0x0000000087b00000, 0x0000000087b00000|100%| E|CS|TAMS 0x0000000087a00000, 0x0000000087a00000| Complete 
|  99|0x0000000087b00000, 0x0000000087c00000, 0x0000000087c00000|100%| E|CS|TAMS 0x0000000087b00000, 0x0000000087b00000| Complete 
| 100|0x0000000087c00000, 0x0000000087d00000, 0x0000000087d00000|100%| E|CS|TAMS 0x0000000087c00000, 0x0000000087c00000| Complete 
| 101|0x0000000087d00000, 0x0000000087e00000, 0x0000000087e00000|100%| E|CS|TAMS 0x0000000087d00000, 0x0000000087d00000| Complete 
| 102|0x0000000087e00000, 0x0000000087f00000, 0x0000000087f00000|100%| E|CS|TAMS 0x0000000087e00000, 0x0000000087e00000| Complete 
| 103|0x0000000087f00000, 0x0000000088000000, 0x0000000088000000|100%| E|CS|TAMS 0x0000000087f00000, 0x0000000087f00000| Complete 
| 104|0x0000000088000000, 0x0000000088100000, 0x0000000088100000|100%| E|CS|TAMS 0x0000000088000000, 0x0000000088000000| Complete 
| 105|0x0000000088100000, 0x0000000088200000, 0x0000000088200000|100%| E|CS|TAMS 0x0000000088100000, 0x0000000088100000| Complete 
| 106|0x0000000088200000, 0x0000000088300000, 0x0000000088300000|100%| E|CS|TAMS 0x0000000088200000, 0x0000000088200000| Complete 
| 107|0x0000000088300000, 0x0000000088400000, 0x0000000088400000|100%| E|CS|TAMS 0x0000000088300000, 0x0000000088300000| Complete 
| 108|0x0000000088400000, 0x0000000088500000, 0x0000000088500000|100%| E|CS|TAMS 0x0000000088400000, 0x0000000088400000| Complete 
| 109|0x0000000088500000, 0x0000000088600000, 0x0000000088600000|100%| E|CS|TAMS 0x0000000088500000, 0x0000000088500000| Complete 
| 110|0x0000000088600000, 0x0000000088700000, 0x0000000088700000|100%| E|CS|TAMS 0x0000000088600000, 0x0000000088600000| Complete 
| 111|0x0000000088700000, 0x0000000088800000, 0x0000000088800000|100%| E|CS|TAMS 0x0000000088700000, 0x0000000088700000| Complete 
| 112|0x0000000088800000, 0x0000000088900000, 0x0000000088900000|100%| E|CS|TAMS 0x0000000088800000, 0x0000000088800000| Complete 
| 113|0x0000000088900000, 0x0000000088a00000, 0x0000000088a00000|100%| E|CS|TAMS 0x0000000088900000, 0x0000000088900000| Complete 
| 114|0x0000000088a00000, 0x0000000088b00000, 0x0000000088b00000|100%| E|CS|TAMS 0x0000000088a00000, 0x0000000088a00000| Complete 
| 115|0x0000000088b00000, 0x0000000088c00000, 0x0000000088c00000|100%| E|CS|TAMS 0x0000000088b00000, 0x0000000088b00000| Complete 
| 116|0x0000000088c00000, 0x0000000088d00000, 0x0000000088d00000|100%| E|CS|TAMS 0x0000000088c00000, 0x0000000088c00000| Complete 
| 117|0x0000000088d00000, 0x0000000088e00000, 0x0000000088e00000|100%| E|CS|TAMS 0x0000000088d00000, 0x0000000088d00000| Complete 
| 118|0x0000000088e00000, 0x0000000088f00000, 0x0000000088f00000|100%| E|CS|TAMS 0x0000000088e00000, 0x0000000088e00000| Complete 
| 119|0x0000000088f00000, 0x0000000089000000, 0x0000000089000000|100%| E|CS|TAMS 0x0000000088f00000, 0x0000000088f00000| Complete 
| 120|0x0000000089000000, 0x0000000089100000, 0x0000000089100000|100%| E|CS|TAMS 0x0000000089000000, 0x0000000089000000| Complete 
| 121|0x0000000089100000, 0x00000000891fb998, 0x0000000089200000| 98%| S|CS|TAMS 0x0000000089100000, 0x0000000089100000| Complete 
| 122|0x0000000089200000, 0x0000000089300000, 0x0000000089300000|100%| E|CS|TAMS 0x0000000089200000, 0x0000000089200000| Complete 
| 123|0x0000000089300000, 0x0000000089400000, 0x0000000089400000|100%| E|CS|TAMS 0x0000000089300000, 0x0000000089300000| Complete 
| 124|0x0000000089400000, 0x0000000089500000, 0x0000000089500000|100%| E|CS|TAMS 0x0000000089400000, 0x0000000089400000| Complete 
| 125|0x0000000089500000, 0x0000000089600000, 0x0000000089600000|100%| E|CS|TAMS 0x0000000089500000, 0x0000000089500000| Complete 
| 126|0x0000000089600000, 0x0000000089700000, 0x0000000089700000|100%| E|CS|TAMS 0x0000000089600000, 0x0000000089600000| Complete 
| 127|0x0000000089700000, 0x0000000089800000, 0x0000000089800000|100%| E|CS|TAMS 0x0000000089700000, 0x0000000089700000| Complete 

Card table byte_map: [0x0000012be1d30000,0x0000012be2130000] _byte_map_base: 0x0000012be1924000

Marking Bits (Prev, Next): (CMBitMap*) 0x0000012bc8339778, (CMBitMap*) 0x0000012bc83397b8
 Prev Bits: [0x0000012be2530000, 0x0000012be44d0000)
 Next Bits: [0x0000012be44d0000, 0x0000012be6470000)

Polling page: 0x0000012bc8150000

Metaspace:

Usage:
  Non-class:     10.03 MB capacity,     9.86 MB ( 98%) used,   152.60 KB (  1%) free+waste,    22.63 KB ( <1%) overhead. 
      Class:      1.29 MB capacity,     1.16 MB ( 90%) used,   120.41 KB (  9%) free+waste,    11.19 KB ( <1%) overhead. 
       Both:     11.32 MB capacity,    11.02 MB ( 97%) used,   273.01 KB (  2%) free+waste,    33.81 KB ( <1%) overhead. 

Virtual space:
  Non-class space:       12.00 MB reserved,      10.25 MB ( 85%) committed 
      Class space:        1.00 GB reserved,       1.38 MB ( <1%) committed 
             Both:        1.01 GB reserved,      11.63 MB (  1%) committed 

Chunk freelists:
   Non-Class:  3.75 KB
       Class:  3.25 KB
        Both:  7.00 KB

CodeHeap 'non-profiled nmethods': size=120000Kb used=1334Kb max_used=1366Kb free=118665Kb
 bounds [0x0000012bd99a0000, 0x0000012bd9c10000, 0x0000012be0ed0000]
CodeHeap 'profiled nmethods': size=120000Kb used=4945Kb max_used=5200Kb free=115054Kb
 bounds [0x0000012bd2470000, 0x0000012bd2990000, 0x0000012bd99a0000]
CodeHeap 'non-nmethods': size=5760Kb used=1161Kb max_used=1220Kb free=4598Kb
 bounds [0x0000012bd1ed0000, 0x0000012bd2140000, 0x0000012bd2470000]
 total_blobs=3572 nmethods=2184 adapters=383
 compilation: enabled
              stopped_count=0, restarted_count=0
 full_count=0

Compilation events (10 events):
Event: 479.691 Thread 0x0000012be8f60800 2385       3       java.lang.StringConcatHelper::mix (27 bytes)
Event: 479.692 Thread 0x0000012be8f60800 nmethod 2385 0x0000012bd248bf10 code [0x0000012bd248c100, 0x0000012bd248c590]
Event: 479.692 Thread 0x0000012be8f60800 2386       3       java.io.File::exists (43 bytes)
Event: 479.693 Thread 0x0000012be8f60800 nmethod 2386 0x0000012bd249ba90 code [0x0000012bd249bce0, 0x0000012bd249c570]
Event: 479.693 Thread 0x0000012be8f60800 2389       3       java.lang.Class::enumConstantDirectory (119 bytes)
Event: 479.694 Thread 0x0000012be8f59000 2391       4       java.util.regex.Pattern$BmpCharProperty::match (55 bytes)
Event: 479.695 Thread 0x0000012be8f60800 nmethod 2389 0x0000012bd24cf110 code [0x0000012bd24cf440, 0x0000012bd24d0550]
Event: 479.695 Thread 0x0000012be8f60800 2382       3       org.sqlite.SQLiteConfig::setOpenMode (14 bytes)
Event: 479.695 Thread 0x0000012be8f60800 nmethod 2382 0x0000012bd2473a10 code [0x0000012bd2473bc0, 0x0000012bd2473d58]
Event: 479.695 Thread 0x0000012be8f60800 2388       3       java.lang.Enum::valueOf (73 bytes)

GC Heap History (4 events):
Event: 63.816 GC heap before
{Heap before GC invocations=0 (full 0):
 garbage-first heap   total 131072K, used 24576K [0x0000000081800000, 0x0000000100000000)
  region size 1024K, 24 young (24576K), 0 survivors (0K)
 Metaspace       used 8866K, capacity 9175K, committed 9344K, reserved 1056768K
  class space    used 970K, capacity 1058K, committed 1152K, reserved 1048576K
}
Event: 63.822 GC heap after
{Heap after GC invocations=1 (full 0):
 garbage-first heap   total 131072K, used 5047K [0x0000000081800000, 0x0000000100000000)
  region size 1024K, 3 young (3072K), 3 survivors (3072K)
 Metaspace       used 8866K, capacity 9175K, committed 9344K, reserved 1056768K
  class space    used 970K, capacity 1058K, committed 1152K, reserved 1048576K
}
Event: 63.930 GC heap before
{Heap before GC invocations=1 (full 0):
 garbage-first heap   total 131072K, used 11191K [0x0000000081800000, 0x0000000100000000)
  region size 1024K, 9 young (9216K), 3 survivors (3072K)
 Metaspace       used 9761K, capacity 10011K, committed 10240K, reserved 1058816K
  class space    used 1057K, capacity 1161K, committed 1280K, reserved 1048576K
}
Event: 63.933 GC heap after
{Heap after GC invocations=2 (full 0):
 garbage-first heap   total 131072K, used 6126K [0x0000000081800000, 0x0000000100000000)
  region size 1024K, 1 young (1024K), 1 survivors (1024K)
 Metaspace       used 9761K, capacity 10011K, committed 10240K, reserved 1058816K
  class space    used 1057K, capacity 1161K, committed 1280K, reserved 1048576K
}

Deoptimization events (10 events):
Event: 65.080 Thread 0x0000012be9bf7000 Uncommon trap: reason=profile_predicate action=maybe_recompile pc=0x0000012bd9a58fe0 method=java.math.BigInteger.montReduce([I[III)[I @ 56 c2
Event: 65.080 Thread 0x0000012be9bf7000 Uncommon trap: reason=profile_predicate action=maybe_recompile pc=0x0000012bd9a58fe0 method=java.math.BigInteger.montReduce([I[III)[I @ 56 c2
Event: 65.080 Thread 0x0000012be9bf7000 Uncommon trap: reason=profile_predicate action=maybe_recompile pc=0x0000012bd9a58fe0 method=java.math.BigInteger.montReduce([I[III)[I @ 56 c2
Event: 65.080 Thread 0x0000012be9bf7000 Uncommon trap: reason=profile_predicate action=maybe_recompile pc=0x0000012bd9a58fe0 method=java.math.BigInteger.montReduce([I[III)[I @ 56 c2
Event: 65.080 Thread 0x0000012be9bf7000 Uncommon trap: reason=profile_predicate action=maybe_recompile pc=0x0000012bd9a530f4 method=java.math.BigInteger.montReduce([I[III)[I @ 9 c2
Event: 65.081 Thread 0x0000012be9bf7000 Uncommon trap: reason=profile_predicate action=maybe_recompile pc=0x0000012bd9a530f4 method=java.math.BigInteger.montReduce([I[III)[I @ 9 c2
Event: 65.295 Thread 0x0000012be9bf7000 Uncommon trap: reason=unstable_if action=reinterpret pc=0x0000012bd9abb2b8 method=org.jsoup.parser.HtmlTreeBuilderState$7.process(Lorg/jsoup/parser/Token;Lorg/jsoup/parser/HtmlTreeBuilder;)Z @ 161 c2
Event: 65.326 Thread 0x0000012be9bf7000 Uncommon trap: reason=bimorphic_or_optimized_type_check action=maybe_recompile pc=0x0000012bd9a4accc method=java.util.HashMap.putVal(ILjava/lang/Object;Ljava/lang/Object;ZZ)Ljava/lang/Object; @ 152 c2
Event: 470.018 Thread 0x0000012bc82f8000 Uncommon trap: reason=unstable_if action=reinterpret pc=0x0000012bd9aca708 method=java.util.regex.Matcher.find()Z @ 21 c2
Event: 470.018 Thread 0x0000012bc82f8000 Uncommon trap: reason=unstable_if action=reinterpret pc=0x0000012bd9a08760 method=java.util.regex.Matcher.reset()Ljava/util/regex/Matcher; @ 71 c2

Classes redefined (0 events):
No events

Internal exceptions (10 events):
Event: 0.130 Thread 0x0000012bc82f8000 Exception <a 'java/lang/NoSuchMethodError'{0x0000000089510bb8}: java.lang.invoke.DirectMethodHandle$Holder.invokeSpecialIFC(Ljava/lang/Object;Ljava/lang/Object;I)I> (0x0000000089510bb8) thrown at [t:/workspace/open/src/hotspot/share/interpreter/linkResolv
Event: 4.999 Thread 0x0000012bc82f8000 Exception <a 'java/lang/NoSuchMethodError'{0x00000000892b4ce0}: java.lang.invoke.DirectMethodHandle$Holder.invokeStaticInit(Ljava/lang/Object;IIII)Ljava/lang/Object;> (0x00000000892b4ce0) thrown at [t:/workspace/open/src/hotspot/share/interpreter/linkReso
Event: 5.100 Thread 0x0000012bc82f8000 Exception <a 'java/lang/NoSuchMethodError'{0x00000000892da048}: java.lang.invoke.DirectMethodHandle$Holder.invokeStaticInit(Ljava/lang/Object;Ljava/lang/Object;IIII)Ljava/lang/Object;> (0x00000000892da048) thrown at [t:/workspace/open/src/hotspot/share/in
Event: 63.430 Thread 0x0000012be9943800 Exception <a 'java/lang/NoSuchMethodError'{0x0000000088a962f8}: java.lang.invoke.DirectMethodHandle$Holder.invokeStaticInit(Ljava/lang/Object;Ljava/lang/Object;Ljava/lang/Object;Ljava/lang/Object;)I> (0x0000000088a962f8) thrown at [t:/workspace/open/src/h
Event: 63.431 Thread 0x0000012be9943800 Exception <a 'java/lang/IncompatibleClassChangeError'{0x0000000088a9ee40}: Found class java.lang.Object, but interface was expected> (0x0000000088a9ee40) thrown at [t:/workspace/open/src/hotspot/share/interpreter/linkResolver.cpp, line 843]
Event: 63.432 Thread 0x0000012be9943800 Exception <a 'java/lang/NoSuchMethodError'{0x0000000088aa1f60}: java.lang.invoke.DirectMethodHandle$Holder.invokeStaticInit(Ljava/lang/Object;Ljava/lang/Object;)V> (0x0000000088aa1f60) thrown at [t:/workspace/open/src/hotspot/share/interpreter/linkResolve
Event: 63.432 Thread 0x0000012be9943800 Exception <a 'java/lang/NoSuchMethodError'{0x0000000088aa72f0}: java.lang.invoke.DirectMethodHandle$Holder.invokeStaticInit(Ljava/lang/Object;Ljava/lang/Object;)I> (0x0000000088aa72f0) thrown at [t:/workspace/open/src/hotspot/share/interpreter/linkResolve
Event: 63.442 Thread 0x0000012be9943800 Exception <a 'sun/nio/fs/WindowsException'{0x0000000088acf528}> (0x0000000088acf528) thrown at [t:/workspace/open/src/hotspot/share/prims/jni.cpp, line 615]
Event: 64.067 Thread 0x0000012be9a52800 Exception <a 'java/lang/NoSuchMethodError'{0x0000000088fc9460}: java.lang.invoke.DirectMethodHandle$Holder.invokeSpecial(Ljava/lang/Object;Ljava/lang/Object;Ljava/lang/Object;Ljava/lang/Object;I)Ljava/lang/Object;> (0x0000000088fc9460) thrown at [t:/works
Event: 64.069 Thread 0x0000012be9a52800 Exception <a 'java/lang/NoSuchMethodError'{0x0000000088fcc8e0}: java.lang.invoke.Invokers$Holder.linkToTargetMethod(Ljava/lang/Object;Ljava/lang/Object;ILjava/lang/Object;)Ljava/lang/Object;> (0x0000000088fcc8e0) thrown at [t:/workspace/open/src/hotspot/s

Events (10 events):
Event: 479.693 Executing VM operation: RevokeBias done
Event: 479.694 Executing VM operation: RevokeBias
Event: 479.694 Executing VM operation: RevokeBias done
Event: 479.694 Executing VM operation: RevokeBias
Event: 479.694 Executing VM operation: RevokeBias done
Event: 479.694 Executing VM operation: RevokeBias
Event: 479.694 Executing VM operation: RevokeBias done
Event: 479.695 Thread 0x0000012beb600800 Thread exited: 0x0000012beb600800
Event: 479.695 Executing VM operation: RevokeBias
Event: 479.695 Executing VM operation: RevokeBias done


Dynamic libraries:
0x00007ff76c250000 - 0x00007ff76c25f000 	C:\Program Files\Java\jdk-12.0.1\bin\java.exe
0x00007fff3f500000 - 0x00007fff3f6e1000 	C:\WINDOWS\SYSTEM32\ntdll.dll
0x00007fff3ceb0000 - 0x00007fff3cf61000 	C:\WINDOWS\System32\KERNEL32.DLL
0x00007fff3b8d0000 - 0x00007fff3bb43000 	C:\WINDOWS\System32\KERNELBASE.dll
0x00007fff3c5f0000 - 0x00007fff3c6e8000 	C:\WINDOWS\System32\ucrtbase.dll
0x00007fff362a0000 - 0x00007fff362b8000 	C:\Program Files\Java\jdk-12.0.1\bin\jli.dll
0x00007fff362c0000 - 0x00007fff362d6000 	C:\Program Files\Java\jdk-12.0.1\bin\VCRUNTIME140.dll
0x00007fff3ca00000 - 0x00007fff3caa1000 	C:\WINDOWS\System32\ADVAPI32.dll
0x00007fff3d440000 - 0x00007fff3d4de000 	C:\WINDOWS\System32\msvcrt.dll
0x00007fff3cdc0000 - 0x00007fff3ce1b000 	C:\WINDOWS\System32\sechost.dll
0x00007fff3cb10000 - 0x00007fff3cc34000 	C:\WINDOWS\System32\RPCRT4.dll
0x00007fff3d590000 - 0x00007fff3d720000 	C:\WINDOWS\System32\USER32.dll
0x00007fff29730000 - 0x00007fff29999000 	C:\WINDOWS\WinSxS\amd64_microsoft.windows.common-controls_6595b64144ccf1df_6.0.17134.950_none_fb3da4273069d3e0\COMCTL32.dll
0x00007fff3bb50000 - 0x00007fff3bb70000 	C:\WINDOWS\System32\win32u.dll
0x00007fff3c9d0000 - 0x00007fff3c9f8000 	C:\WINDOWS\System32\GDI32.dll
0x00007fff3d110000 - 0x00007fff3d432000 	C:\WINDOWS\System32\combase.dll
0x00007fff3c7f0000 - 0x00007fff3c981000 	C:\WINDOWS\System32\gdi32full.dll
0x00007fff3bb70000 - 0x00007fff3bbe9000 	C:\WINDOWS\System32\bcryptPrimitives.dll
0x00007fff3c4f0000 - 0x00007fff3c58f000 	C:\WINDOWS\System32\msvcp_win.dll
0x00007fff36950000 - 0x00007fff3695a000 	C:\WINDOWS\SYSTEM32\VERSION.dll
0x00007fff3c9a0000 - 0x00007fff3c9cd000 	C:\WINDOWS\System32\IMM32.DLL
0x00007fff35750000 - 0x00007fff357fa000 	C:\Program Files\Java\jdk-12.0.1\bin\msvcp140.dll
0x00007ffee47c0000 - 0x00007ffee5334000 	C:\Program Files\Java\jdk-12.0.1\bin\server\jvm.dll
0x00007fff3c990000 - 0x00007fff3c998000 	C:\WINDOWS\System32\PSAPI.DLL
0x00007fff29720000 - 0x00007fff29729000 	C:\WINDOWS\SYSTEM32\WSOCK32.dll
0x00007fff36d00000 - 0x00007fff36d23000 	C:\WINDOWS\SYSTEM32\WINMM.dll
0x00007fff3d890000 - 0x00007fff3d8fc000 	C:\WINDOWS\System32\WS2_32.dll
0x00007fff36cc0000 - 0x00007fff36cea000 	C:\WINDOWS\SYSTEM32\winmmbase.dll
0x00007fff3c6f0000 - 0x00007fff3c739000 	C:\WINDOWS\System32\cfgmgr32.dll
0x00007fff3b870000 - 0x00007fff3b881000 	C:\WINDOWS\System32\kernel.appcore.dll
0x00007fff35730000 - 0x00007fff35741000 	C:\Program Files\Java\jdk-12.0.1\bin\verify.dll
0x00007fff3a230000 - 0x00007fff3a3f9000 	C:\WINDOWS\SYSTEM32\DBGHELP.DLL
0x00007fff29450000 - 0x00007fff29479000 	C:\WINDOWS\SYSTEM32\dbgcore.DLL
0x00007fff2eec0000 - 0x00007fff2eee6000 	C:\Program Files\Java\jdk-12.0.1\bin\java.dll
0x00007fff2ee90000 - 0x00007fff2ee9e000 	C:\Program Files\Java\jdk-12.0.1\bin\instrument.dll
0x00007fff35710000 - 0x00007fff35727000 	C:\Program Files\Java\jdk-12.0.1\bin\zip.dll
0x00007fff363b0000 - 0x00007fff363ba000 	C:\Program Files\Java\jdk-12.0.1\bin\jimage.dll
0x00007fff3d900000 - 0x00007fff3ed40000 	C:\WINDOWS\System32\SHELL32.dll
0x00007fff3d4e0000 - 0x00007fff3d589000 	C:\WINDOWS\System32\shcore.dll
0x00007fff3bbf0000 - 0x00007fff3c2fd000 	C:\WINDOWS\System32\windows.storage.dll
0x00007fff3ed40000 - 0x00007fff3ed91000 	C:\WINDOWS\System32\shlwapi.dll
0x00007fff3b890000 - 0x00007fff3b8af000 	C:\WINDOWS\System32\profapi.dll
0x00007fff3b820000 - 0x00007fff3b86c000 	C:\WINDOWS\System32\powrprof.dll
0x00007fff3b810000 - 0x00007fff3b81a000 	C:\WINDOWS\System32\FLTLIB.DLL
0x00007fff2eea0000 - 0x00007fff2eeb9000 	C:\Program Files\Java\jdk-12.0.1\bin\net.dll
0x00007fff35860000 - 0x00007fff3593d000 	C:\WINDOWS\SYSTEM32\WINHTTP.dll
0x00007fff2c750000 - 0x00007fff2c919000 	C:\WINDOWS\SYSTEM32\urlmon.dll
0x00007fff2ce40000 - 0x00007fff2d0e6000 	C:\WINDOWS\SYSTEM32\iertutil.dll
0x00007fff3b260000 - 0x00007fff3b26b000 	C:\WINDOWS\SYSTEM32\CRYPTBASE.DLL
0x00007fff3b090000 - 0x00007fff3b0f6000 	C:\WINDOWS\system32\mswsock.dll
0x00007fff2ec50000 - 0x00007fff2ec63000 	C:\Program Files\Java\jdk-12.0.1\bin\nio.dll
0x00007fff2ec30000 - 0x00007fff2ec4a000 	C:\Program Files\JetBrains\IntelliJ IDEA Community Edition 2019.2.2\bin\breakgen64.dll
0x00007fff3b240000 - 0x00007fff3b257000 	C:\WINDOWS\SYSTEM32\CRYPTSP.dll
0x00007fff3ac40000 - 0x00007fff3ac73000 	C:\WINDOWS\system32\rsaenh.dll
0x00007fff3b370000 - 0x00007fff3b395000 	C:\WINDOWS\SYSTEM32\bcrypt.dll
0x00007fff3b710000 - 0x00007fff3b738000 	C:\WINDOWS\SYSTEM32\USERENV.dll
0x00007fff3ade0000 - 0x00007fff3ae18000 	C:\WINDOWS\SYSTEM32\IPHLPAPI.DLL
0x00007fff3f300000 - 0x00007fff3f308000 	C:\WINDOWS\System32\NSI.dll
0x00007fff32f10000 - 0x00007fff32f26000 	C:\WINDOWS\SYSTEM32\dhcpcsvc6.DLL
0x00007fff344d0000 - 0x00007fff344ea000 	C:\WINDOWS\SYSTEM32\dhcpcsvc.DLL
0x0000000061c40000 - 0x0000000061d0b000 	C:\Users\Gerasimos\AppData\Local\Temp\sqlite-3.27.2.1-c788a602-e237-4e30-95c8-531a12faa710-sqlitejdbc.dll
0x00007fff3ae20000 - 0x00007fff3aede000 	C:\WINDOWS\SYSTEM32\DNSAPI.dll
0x00007fff34130000 - 0x00007fff3413a000 	C:\Windows\System32\rasadhlp.dll
0x00007fff37840000 - 0x00007fff3784e000 	C:\Program Files\Java\jdk-12.0.1\bin\sunmscapi.dll
0x00007fff3c300000 - 0x00007fff3c4e2000 	C:\WINDOWS\System32\CRYPT32.dll
0x00007fff3b8b0000 - 0x00007fff3b8c2000 	C:\WINDOWS\System32\MSASN1.dll
0x00007fff3b340000 - 0x00007fff3b366000 	C:\WINDOWS\SYSTEM32\ncrypt.dll
0x00007fff3b300000 - 0x00007fff3b336000 	C:\WINDOWS\SYSTEM32\NTASN1.dll
0x00007fff13230000 - 0x00007fff13257000 	C:\Program Files\Java\jdk-12.0.1\bin\sunec.dll
0x00007fff33380000 - 0x00007fff333f2000 	C:\WINDOWS\System32\fwpuclnt.dll

dbghelp: loaded successfully - version: 4.0.5 - missing functions: none
symbol engine: initialized successfully - sym options: 0x614 - pdb path: .;C:\Program Files\Java\jdk-12.0.1\bin;C:\WINDOWS\SYSTEM32;C:\WINDOWS\WinSxS\amd64_microsoft.windows.common-controls_6595b64144ccf1df_6.0.17134.950_none_fb3da4273069d3e0;C:\Program Files\Java\jdk-12.0.1\bin\server;C:\Program Files\JetBrains\IntelliJ IDEA Community Edition 2019.2.2\bin;C:\Users\Gerasimos\AppData\Local\Temp

VM Arguments:
jvm_args: -javaagent:C:\Program Files\JetBrains\IntelliJ IDEA Community Edition 2019.2.2\lib\idea_rt.jar=1956:C:\Program Files\JetBrains\IntelliJ IDEA Community Edition 2019.2.2\bin -Dfile.encoding=UTF-8 
java_command: Main
java_class_path (initial): C:\Users\Gerasimos\IdeaProjects\ImpressionMinerV13.1\out\production\ImpressionMiner;C:\Users\Gerasimos\IdeaProjects\ImpressionMinerV13.1\sqlite-jdbc-3.27.2.1.jar;C:\Users\Gerasimos\IdeaProjects\ImpressionMinerV13.1\jsoup-1.11.3.jar
Launcher Type: SUN_STANDARD

[Global flags]
     intx CICompilerCount                          = 4                                         {product} {ergonomic}
     uint ConcGCThreads                            = 2                                         {product} {ergonomic}
     uint G1ConcRefinementThreads                  = 8                                         {product} {ergonomic}
   size_t G1HeapRegionSize                         = 1048576                                   {product} {ergonomic}
    uintx GCDrainStackTargetSize                   = 64                                        {product} {ergonomic}
   size_t InitialHeapSize                          = 134217728                                 {product} {ergonomic}
   size_t MarkStackSize                            = 4194304                                   {product} {ergonomic}
   size_t MaxHeapSize                              = 2122317824                                {product} {ergonomic}
   size_t MaxNewSize                               = 1272971264                                {product} {ergonomic}
   size_t MinHeapDeltaBytes                        = 1048576                                   {product} {ergonomic}
    uintx NonNMethodCodeHeapSize                   = 5836300                                {pd product} {ergonomic}
    uintx NonProfiledCodeHeapSize                  = 122910970                              {pd product} {ergonomic}
    uintx ProfiledCodeHeapSize                     = 122910970                              {pd product} {ergonomic}
    uintx ReservedCodeCacheSize                    = 251658240                              {pd product} {ergonomic}
     bool SegmentedCodeCache                       = true                                      {product} {ergonomic}
     bool UseCompressedClassPointers               = true                                 {lp64_product} {ergonomic}
     bool UseCompressedOops                        = true                                 {lp64_product} {ergonomic}
     bool UseG1GC                                  = true                                      {product} {ergonomic}
     bool UseLargePagesIndividualAllocation        = false                                  {pd product} {ergonomic}

Logging:
Log output configuration:
 #0: stdout all=warning uptime,level,tags
 #1: stderr all=off uptime,level,tags

Environment Variables:
PATH=C:\Program Files (x86)\Common Files\Oracle\Java\javapath;C:\Program Files\Microsoft MPI\Bin\;C:\WINDOWS\system32;C:\WINDOWS;C:\WINDOWS\System32\Wbem;C:\WINDOWS\System32\WindowsPowerShell\v1.0\;C:\Program Files\nodejs\;C:\WINDOWS\System32\OpenSSH\;C:\WINDOWS\system32\config\systemprofile\.dnx\bin;C:\Program Files\Microsoft DNX\Dnvm\;C:\Program Files\Microsoft SQL Server\120\Tools\Binn\;C:\Program Files\Microsoft SQL Server\130\Tools\Binn\;C:\Program Files (x86)\Windows Kits\8.1\Windows Performance Toolkit\;C:\sqlite;;C:\Program Files\Microsoft VS Code\bin;C:\xampp\php;C:\ProgramData\ComposerSetup\bin;C:\Program Files (x86)\Intel\Intel(R) Management Engine Components\DAL;C:\Program Files\Intel\Intel(R) Management Engine Components\DAL;C:\Program Files\dotnet\;C:\Program Files\Microsoft SQL Server\Client SDK\ODBC\170\Tools\Binn\;C:\Program Files (x86)\Microsoft SQL Server\130\Tools\Binn\;C:\Program Files (x86)\Microsoft SQL Server\130\DTS\Binn\;C:\Program Files\Microsoft SQL Server\130\DTS\Binn\;C:\Program Files\Microsoft SQL Server\Client SDK\ODBC\130\Tools\Binn\;C:\Program Files (x86)\Microsoft SQL Server\150\DTS\Binn\;C:\Users\Gerasimos\AppData\Local\Programs\Python\Python37-32\Scripts\;C:\Users\Gerasimos\AppData\Local\Programs\Python\Python37-32\;C:\Users\Gerasimos\AppData\Local\Microsoft\WindowsApps;;C:\Program Files\Microsoft VS Code\bin;C:\Users\Gerasimos\AppData\Roaming\npm;C:\Program Files\JetBrains\IntelliJ IDEA Community Edition 2019.2.2\bin;;C:\Users\Gerasimos\AppData\Roaming\Composer\vendor\bin
USERNAME=Gerasimos
OS=Windows_NT
PROCESSOR_IDENTIFIER=Intel64 Family 6 Model 142 Stepping 10, GenuineIntel



---------------  S Y S T E M  ---------------

OS: Windows 10 , 64 bit Build 17134 (10.0.17134.753)

CPU:total 8 (initial active 8) (4 cores per cpu, 2 threads per core) family 6 model 142 stepping 10, cmov, cx8, fxsr, mmx, sse, sse2, sse3, ssse3, sse4.1, sse4.2, popcnt, avx, avx2, aes, clmul, erms, 3dnowpref, lzcnt, ht, tsc, tscinvbit, bmi1, bmi2, adx, fma

Memory: 4k page, system-wide physical 8089M (3086M free)
TotalPageFile size 11161M (AvailPageFile size 3556M)
current process WorkingSet (physical memory assigned to process): 103M, peak: 132M
current process commit charge ("private bytes"): 231M, peak: 260M

vm_info: Java HotSpot(TM) 64-Bit Server VM (12.0.1+12) for windows-amd64 JRE (12.0.1+12), built on Apr  2 2019 14:02:19 by "mach5one" with MS VC++ 15.5 (VS2017)

END.
