#
# A fatal error has been detected by the Java Runtime Environment:
#
#  EXCEPTION_ACCESS_VIOLATION (0xc0000005) at pc=0x0000000061c4512e, pid=10920, tid=7996
#
# JRE version: Java(TM) SE Runtime Environment (12.0.1+12) (build 12.0.1+12)
# Java VM: Java HotSpot(TM) 64-Bit Server VM (12.0.1+12, mixed mode, sharing, tiered, compressed oops, g1 gc, windows-amd64)
# Problematic frame:
# C  [sqlite-3.27.2.1-862145fe-2ac7-412f-9175-7b33dfeb3cf6-sqlitejdbc.dll+0x512e]
#
# No core dump will be written. Minidumps are not enabled by default on client versions of Windows
#
# If you would like to submit a bug report, please visit:
#   http://bugreport.java.com/bugreport/crash.jsp
# The crash happened outside the Java Virtual Machine in native code.
# See problematic frame for where to report the bug.
#

---------------  S U M M A R Y ------------

Command Line: -javaagent:C:\Program Files\JetBrains\IntelliJ IDEA Community Edition 2019.2.2\lib\idea_rt.jar=2415:C:\Program Files\JetBrains\IntelliJ IDEA Community Edition 2019.2.2\bin -Dfile.encoding=UTF-8 Main

Host: Intel(R) Core(TM) i5-8250U CPU @ 1.60GHz, 8 cores, 7G,  Windows 10 , 64 bit Build 17134 (10.0.17134.753)
Time: Fri Oct  4 21:49:02 2019 Eanei? ?na GTB elapsed time: 15 seconds (0d 0h 0m 15s)

---------------  T H R E A D  ---------------

Current thread (0x000001f5ca862000):  JavaThread "Thread-0" [_thread_in_native, id=7996, stack(0x000000375b900000,0x000000375ba00000)]

Stack: [0x000000375b900000,0x000000375ba00000],  sp=0x000000375b9fecf8,  free space=1019k
Native frames: (J=compiled Java code, j=interpreted, Vv=VM code, C=native code)
C  [sqlite-3.27.2.1-862145fe-2ac7-412f-9175-7b33dfeb3cf6-sqlitejdbc.dll+0x512e]

Java frames: (J=compiled Java code, j=interpreted, Vv=VM code)
j  org.sqlite.core.NativeDB.column_count(J)I+0
j  org.sqlite.jdbc3.JDBC3Statement.getResultSet()Ljava/sql/ResultSet;+37
j  org.sqlite.jdbc3.JDBC3PreparedStatement.executeQuery()Ljava/sql/ResultSet;+133
j  DBConnection.selectUrlbyID(I)Ljava/lang/String;+27
j  IMThread.run()V+12
j  java.lang.Thread.run()V+11 java.base@12.0.1
v  ~StubRoutines::call_stub

siginfo: EXCEPTION_ACCESS_VIOLATION (0xc0000005), reading address 0x000001f5cb1c1188


Register to memory mapping:

RIP=0x0000000061c4512e sqlite-3.27.2.1-862145fe-2ac7-412f-9175-7b33dfeb3cf6-sqlitejdbc.dll
RAX=0x0 is NULL
RBX={method} {0x000001f5c9cd8cf0} 'column_count' '(J)I' in 'org/sqlite/core/NativeDB'
RCX=0x000001f5cb1c10c8 points into unknown readable memory: 00 00 00 00 00 00 00 00
RDX=0x000000375b9fedc0 is pointing into the stack for thread: 0x000001f5ca862000
RSP=0x000000375b9fecf8 is pointing into the stack for thread: 0x000001f5ca862000
RBP=0x000000375b9fed90 is pointing into the stack for thread: 0x000001f5ca862000
RSI=0x0000000000000064 is an unknown value
RDI=0x0000000000000005 is an unknown value
R8 =0x000001f5cb1c10c8 points into unknown readable memory: 00 00 00 00 00 00 00 00
R9 =0x0 is NULL
R10=0x000001f5b27cfe25 is at code_begin+1477 in an Interpreter codelet
method entry point (kind = native_synchronized)  [0x000001f5b27cf860, 0x000001f5b27d05a0]  3392 bytes
R11=0x0000000000000121 is an unknown value
R12=0x0 is NULL
R13={method} {0x000001f5c9cd8cf0} 'column_count' '(J)I' in 'org/sqlite/core/NativeDB'
R14=0x000000375b9fedc0 is pointing into the stack for thread: 0x000001f5ca862000
R15=0x000001f5ca862000 is a thread


Registers:
RAX=0x0000000000000000, RBX=0x000001f5c9cd8ce8, RCX=0x000001f5cb1c10c8, RDX=0x000000375b9fedc0
RSP=0x000000375b9fecf8, RBP=0x000000375b9fed90, RSI=0x0000000000000064, RDI=0x0000000000000005
R8 =0x000001f5cb1c10c8, R9 =0x0000000000000000, R10=0x000001f5b27cfe25, R11=0x0000000000000121
R12=0x0000000000000000, R13=0x000001f5c9cd8ce8, R14=0x000000375b9fedc0, R15=0x000001f5ca862000
RIP=0x0000000061c4512e, EFLAGS=0x0000000000010202

Top of Stack: (sp=0x000000375b9fecf8)
0x000000375b9fecf8:   000001f5b27cfe54 0000000000000005
0x000000375b9fed08:   000001f5b27cfb7d 000001f5ca862000
0x000000375b9fed18:   0000000000000002 000000375b9fed90
0x000000375b9fed28:   0000000000000064 000001f5b27cfb24
0x000000375b9fed38:   0000000000000003 00000000891f7858
0x000000375b9fed48:   000000375b9fed38 000001f5c9cd8ce8
0x000000375b9fed58:   000000375b9fedc0 000001f5c9d3ee38
0x000000375b9fed68:   0000000000000000 0000000089331200
0x000000375b9fed78:   000001f5c9cd8ce8 0000000000000000
0x000000375b9fed88:   000000375b9fedb0 000000375b9fee10
0x000000375b9fed98:   000001f5b27c9880 0000000000000000
0x000000375b9feda8:   000001f5b27cc016 000001f5cb1c10c8
0x000000375b9fedb8:   0000000000000000 00000000891f7858
0x000000375b9fedc8:   000000375b9fedc8 000001f5c9d4b59d
0x000000375b9fedd8:   000000375b9fee28 000001f5c9d6e3a0
0x000000375b9fede8:   0000000000000000 00000000891424d0 

Instructions: (pc=0x0000000061c4512e)
0x0000000061c4510e:   45 84 c0 74 05 48 8b 40 08 c3 48 8b 40 18 eb dd
0x0000000061c4511e:   c3 48 8b 41 10 8b 40 0c c3 31 c0 48 85 c9 74 07
0x0000000061c4512e:   0f b7 81 c0 00 00 00 c3 31 c0 48 85 c9 74 11 48
0x0000000061c4513e:   83 b9 a0 00 00 00 00 74 07 0f b7 81 c0 00 00 00 


Stack slot to memory mapping:
stack at sp + 0 slots: 0x000001f5b27cfe54 is at code_begin+1524 in an Interpreter codelet
method entry point (kind = native_synchronized)  [0x000001f5b27cf860, 0x000001f5b27d05a0]  3392 bytes
stack at sp + 1 slots: 0x0000000000000005 is an unknown value
stack at sp + 2 slots: 0x000001f5b27cfb7d is at code_begin+797 in an Interpreter codelet
method entry point (kind = native_synchronized)  [0x000001f5b27cf860, 0x000001f5b27d05a0]  3392 bytes
stack at sp + 3 slots: 0x000001f5ca862000 is a thread
stack at sp + 4 slots: 0x0000000000000002 is an unknown value
stack at sp + 5 slots: 0x000000375b9fed90 is pointing into the stack for thread: 0x000001f5ca862000
stack at sp + 6 slots: 0x0000000000000064 is an unknown value
stack at sp + 7 slots: 0x000001f5b27cfb24 is at code_begin+708 in an Interpreter codelet
method entry point (kind = native_synchronized)  [0x000001f5b27cf860, 0x000001f5b27d05a0]  3392 bytes


---------------  P R O C E S S  ---------------

Threads class SMR info:
_java_thread_list=0x000001f5ca6498c0, length=26, elements={
0x000001f5a8be9000, 0x000001f5c9834000, 0x000001f5c9837800, 0x000001f5c985a000,
0x000001f5c985c000, 0x000001f5c985d000, 0x000001f5c9860800, 0x000001f5c9867000,
0x000001f5c981a000, 0x000001f5ca363000, 0x000001f5ca364000, 0x000001f5ca862000,
0x000001f5ca862800, 0x000001f5ca56a000, 0x000001f5ca56e800, 0x000001f5ca571800,
0x000001f5ca572800, 0x000001f5ca577000, 0x000001f5ca578800, 0x000001f5ca5e7800,
0x000001f5ca5e8800, 0x000001f5ca5e9000, 0x000001f5ca5ea000, 0x000001f5ca5e6000,
0x000001f5ca5e7000, 0x000001f5ca694800
}

Java Threads: ( => current thread )
  0x000001f5a8be9000 JavaThread "main" [_thread_blocked, id=3812, stack(0x000000375aa00000,0x000000375ab00000)]
  0x000001f5c9834000 JavaThread "Reference Handler" daemon [_thread_blocked, id=6116, stack(0x000000375b100000,0x000000375b200000)]
  0x000001f5c9837800 JavaThread "Finalizer" daemon [_thread_blocked, id=2204, stack(0x000000375b200000,0x000000375b300000)]
  0x000001f5c985a000 JavaThread "Signal Dispatcher" daemon [_thread_blocked, id=2716, stack(0x000000375b300000,0x000000375b400000)]
  0x000001f5c985c000 JavaThread "Attach Listener" daemon [_thread_blocked, id=10472, stack(0x000000375b400000,0x000000375b500000)]
  0x000001f5c985d000 JavaThread "C2 CompilerThread0" daemon [_thread_in_native, id=4600, stack(0x000000375b500000,0x000000375b600000)]
  0x000001f5c9860800 JavaThread "C1 CompilerThread0" daemon [_thread_in_vm, id=13968, stack(0x000000375b600000,0x000000375b700000)]
  0x000001f5c9867000 JavaThread "Sweeper thread" daemon [_thread_blocked, id=3068, stack(0x000000375b700000,0x000000375b800000)]
  0x000001f5c981a000 JavaThread "Common-Cleaner" daemon [_thread_blocked, id=12228, stack(0x000000375b800000,0x000000375b900000)]
  0x000001f5ca363000 JavaThread "Monitor Ctrl-Break" daemon [_thread_in_native, id=9124, stack(0x000000375ba00000,0x000000375bb00000)]
  0x000001f5ca364000 JavaThread "Service Thread" daemon [_thread_blocked, id=12900, stack(0x000000375bb00000,0x000000375bc00000)]
=>0x000001f5ca862000 JavaThread "Thread-0" [_thread_in_native, id=7996, stack(0x000000375b900000,0x000000375ba00000)]
  0x000001f5ca862800 JavaThread "Thread-1" [_thread_blocked, id=1056, stack(0x000000375bd00000,0x000000375be00000)]
  0x000001f5ca56a000 JavaThread "Thread-2" [_thread_in_vm, id=12204, stack(0x000000375be00000,0x000000375bf00000)]
  0x000001f5ca56e800 JavaThread "Thread-3" [_thread_blocked, id=13252, stack(0x000000375bf00000,0x000000375c000000)]
  0x000001f5ca571800 JavaThread "Thread-4" [_thread_blocked, id=2224, stack(0x000000375c000000,0x000000375c100000)]
  0x000001f5ca572800 JavaThread "Thread-5" [_thread_in_native, id=828, stack(0x000000375c100000,0x000000375c200000)]
  0x000001f5ca577000 JavaThread "Thread-6" [_thread_blocked, id=3292, stack(0x000000375c200000,0x000000375c300000)]
  0x000001f5ca578800 JavaThread "Thread-7" [_thread_blocked, id=5356, stack(0x000000375c300000,0x000000375c400000)]
  0x000001f5ca5e7800 JavaThread "Thread-9" [_thread_blocked, id=13768, stack(0x000000375c500000,0x000000375c600000)]
  0x000001f5ca5e8800 JavaThread "Thread-10" [_thread_in_native, id=1712, stack(0x000000375c600000,0x000000375c700000)]
  0x000001f5ca5e9000 JavaThread "Thread-11" [_thread_blocked, id=10004, stack(0x000000375c700000,0x000000375c800000)]
  0x000001f5ca5ea000 JavaThread "Thread-12" [_thread_blocked, id=13972, stack(0x000000375c800000,0x000000375c900000)]
  0x000001f5ca5e6000 JavaThread "Thread-13" [_thread_in_native, id=10044, stack(0x000000375c900000,0x000000375ca00000)]
  0x000001f5ca5e7000 JavaThread "Thread-14" [_thread_in_native, id=12348, stack(0x000000375ca00000,0x000000375cb00000)]
  0x000001f5ca694800 JavaThread "C2 CompilerThread1" daemon [_thread_blocked, id=14232, stack(0x000000375c400000,0x000000375c500000)]

Other Threads:
  0x000001f5c9832000 VMThread "VM Thread" [stack: 0x000000375b000000,0x000000375b100000] [id=13532]
  0x000001f5ca375800 WatcherThread [stack: 0x000000375bc00000,0x000000375bd00000] [id=14196]
  0x000001f5a8c27000 GCTaskThread "GC Thread#0" [stack: 0x000000375ab00000,0x000000375ac00000] [id=1480]
  0x000001f5a8c34800 ConcurrentGCThread "G1 Main Marker" [stack: 0x000000375ac00000,0x000000375ad00000] [id=4808]
  0x000001f5a8c37800 ConcurrentGCThread "G1 Conc#0" [stack: 0x000000375ad00000,0x000000375ae00000] [id=13708]
  0x000001f5a8cbe000 ConcurrentGCThread "G1 Refine#0" [stack: 0x000000375ae00000,0x000000375af00000] [id=2604]
  0x000001f5c96b0800 ConcurrentGCThread "G1 Young RemSet Sampling" [stack: 0x000000375af00000,0x000000375b000000] [id=3816]

Threads with active compile tasks:
C2 CompilerThread0   701       4       java.lang.String::indexOf (7 bytes)

VM state:not at safepoint (normal execution)

VM Mutex/Monitor currently owned by a thread: None

Heap address: 0x0000000081800000, size: 2024 MB, Compressed Oops mode: 32-bit
Narrow klass base: 0x0000000800000000, Narrow klass shift: 3
Compressed class space size: 1073741824 Address: 0x00000008011a0000

Heap:
 garbage-first heap   total 131072K, used 13312K [0x0000000081800000, 0x0000000100000000)
  region size 1024K, 14 young (14336K), 0 survivors (0K)
 Metaspace       used 3878K, capacity 6081K, committed 6272K, reserved 1056768K
  class space    used 388K, capacity 628K, committed 640K, reserved 1048576K
Heap Regions: E=young(eden), S=young(survivor), O=old, HS=humongous(starts), HC=humongous(continues), CS=collection set, F=free, A=archive, TAMS=top-at-mark-start (previous, next)
|   0|0x0000000081800000, 0x0000000081800000, 0x0000000081900000|  0%| F|  |TAMS 0x0000000081800000, 0x0000000081800000| Untracked 
|   1|0x0000000081900000, 0x0000000081900000, 0x0000000081a00000|  0%| F|  |TAMS 0x0000000081900000, 0x0000000081900000| Untracked 
|   2|0x0000000081a00000, 0x0000000081a00000, 0x0000000081b00000|  0%| F|  |TAMS 0x0000000081a00000, 0x0000000081a00000| Untracked 
|   3|0x0000000081b00000, 0x0000000081b00000, 0x0000000081c00000|  0%| F|  |TAMS 0x0000000081b00000, 0x0000000081b00000| Untracked 
|   4|0x0000000081c00000, 0x0000000081c00000, 0x0000000081d00000|  0%| F|  |TAMS 0x0000000081c00000, 0x0000000081c00000| Untracked 
|   5|0x0000000081d00000, 0x0000000081d00000, 0x0000000081e00000|  0%| F|  |TAMS 0x0000000081d00000, 0x0000000081d00000| Untracked 
|   6|0x0000000081e00000, 0x0000000081e00000, 0x0000000081f00000|  0%| F|  |TAMS 0x0000000081e00000, 0x0000000081e00000| Untracked 
|   7|0x0000000081f00000, 0x0000000081f00000, 0x0000000082000000|  0%| F|  |TAMS 0x0000000081f00000, 0x0000000081f00000| Untracked 
|   8|0x0000000082000000, 0x0000000082000000, 0x0000000082100000|  0%| F|  |TAMS 0x0000000082000000, 0x0000000082000000| Untracked 
|   9|0x0000000082100000, 0x0000000082100000, 0x0000000082200000|  0%| F|  |TAMS 0x0000000082100000, 0x0000000082100000| Untracked 
|  10|0x0000000082200000, 0x0000000082200000, 0x0000000082300000|  0%| F|  |TAMS 0x0000000082200000, 0x0000000082200000| Untracked 
|  11|0x0000000082300000, 0x0000000082300000, 0x0000000082400000|  0%| F|  |TAMS 0x0000000082300000, 0x0000000082300000| Untracked 
|  12|0x0000000082400000, 0x0000000082400000, 0x0000000082500000|  0%| F|  |TAMS 0x0000000082400000, 0x0000000082400000| Untracked 
|  13|0x0000000082500000, 0x0000000082500000, 0x0000000082600000|  0%| F|  |TAMS 0x0000000082500000, 0x0000000082500000| Untracked 
|  14|0x0000000082600000, 0x0000000082600000, 0x0000000082700000|  0%| F|  |TAMS 0x0000000082600000, 0x0000000082600000| Untracked 
|  15|0x0000000082700000, 0x0000000082700000, 0x0000000082800000|  0%| F|  |TAMS 0x0000000082700000, 0x0000000082700000| Untracked 
|  16|0x0000000082800000, 0x0000000082800000, 0x0000000082900000|  0%| F|  |TAMS 0x0000000082800000, 0x0000000082800000| Untracked 
|  17|0x0000000082900000, 0x0000000082900000, 0x0000000082a00000|  0%| F|  |TAMS 0x0000000082900000, 0x0000000082900000| Untracked 
|  18|0x0000000082a00000, 0x0000000082a00000, 0x0000000082b00000|  0%| F|  |TAMS 0x0000000082a00000, 0x0000000082a00000| Untracked 
|  19|0x0000000082b00000, 0x0000000082b00000, 0x0000000082c00000|  0%| F|  |TAMS 0x0000000082b00000, 0x0000000082b00000| Untracked 
|  20|0x0000000082c00000, 0x0000000082c00000, 0x0000000082d00000|  0%| F|  |TAMS 0x0000000082c00000, 0x0000000082c00000| Untracked 
|  21|0x0000000082d00000, 0x0000000082d00000, 0x0000000082e00000|  0%| F|  |TAMS 0x0000000082d00000, 0x0000000082d00000| Untracked 
|  22|0x0000000082e00000, 0x0000000082e00000, 0x0000000082f00000|  0%| F|  |TAMS 0x0000000082e00000, 0x0000000082e00000| Untracked 
|  23|0x0000000082f00000, 0x0000000082f00000, 0x0000000083000000|  0%| F|  |TAMS 0x0000000082f00000, 0x0000000082f00000| Untracked 
|  24|0x0000000083000000, 0x0000000083000000, 0x0000000083100000|  0%| F|  |TAMS 0x0000000083000000, 0x0000000083000000| Untracked 
|  25|0x0000000083100000, 0x0000000083100000, 0x0000000083200000|  0%| F|  |TAMS 0x0000000083100000, 0x0000000083100000| Untracked 
|  26|0x0000000083200000, 0x0000000083200000, 0x0000000083300000|  0%| F|  |TAMS 0x0000000083200000, 0x0000000083200000| Untracked 
|  27|0x0000000083300000, 0x0000000083300000, 0x0000000083400000|  0%| F|  |TAMS 0x0000000083300000, 0x0000000083300000| Untracked 
|  28|0x0000000083400000, 0x0000000083400000, 0x0000000083500000|  0%| F|  |TAMS 0x0000000083400000, 0x0000000083400000| Untracked 
|  29|0x0000000083500000, 0x0000000083500000, 0x0000000083600000|  0%| F|  |TAMS 0x0000000083500000, 0x0000000083500000| Untracked 
|  30|0x0000000083600000, 0x0000000083600000, 0x0000000083700000|  0%| F|  |TAMS 0x0000000083600000, 0x0000000083600000| Untracked 
|  31|0x0000000083700000, 0x0000000083700000, 0x0000000083800000|  0%| F|  |TAMS 0x0000000083700000, 0x0000000083700000| Untracked 
|  32|0x0000000083800000, 0x0000000083800000, 0x0000000083900000|  0%| F|  |TAMS 0x0000000083800000, 0x0000000083800000| Untracked 
|  33|0x0000000083900000, 0x0000000083900000, 0x0000000083a00000|  0%| F|  |TAMS 0x0000000083900000, 0x0000000083900000| Untracked 
|  34|0x0000000083a00000, 0x0000000083a00000, 0x0000000083b00000|  0%| F|  |TAMS 0x0000000083a00000, 0x0000000083a00000| Untracked 
|  35|0x0000000083b00000, 0x0000000083b00000, 0x0000000083c00000|  0%| F|  |TAMS 0x0000000083b00000, 0x0000000083b00000| Untracked 
|  36|0x0000000083c00000, 0x0000000083c00000, 0x0000000083d00000|  0%| F|  |TAMS 0x0000000083c00000, 0x0000000083c00000| Untracked 
|  37|0x0000000083d00000, 0x0000000083d00000, 0x0000000083e00000|  0%| F|  |TAMS 0x0000000083d00000, 0x0000000083d00000| Untracked 
|  38|0x0000000083e00000, 0x0000000083e00000, 0x0000000083f00000|  0%| F|  |TAMS 0x0000000083e00000, 0x0000000083e00000| Untracked 
|  39|0x0000000083f00000, 0x0000000083f00000, 0x0000000084000000|  0%| F|  |TAMS 0x0000000083f00000, 0x0000000083f00000| Untracked 
|  40|0x0000000084000000, 0x0000000084000000, 0x0000000084100000|  0%| F|  |TAMS 0x0000000084000000, 0x0000000084000000| Untracked 
|  41|0x0000000084100000, 0x0000000084100000, 0x0000000084200000|  0%| F|  |TAMS 0x0000000084100000, 0x0000000084100000| Untracked 
|  42|0x0000000084200000, 0x0000000084200000, 0x0000000084300000|  0%| F|  |TAMS 0x0000000084200000, 0x0000000084200000| Untracked 
|  43|0x0000000084300000, 0x0000000084300000, 0x0000000084400000|  0%| F|  |TAMS 0x0000000084300000, 0x0000000084300000| Untracked 
|  44|0x0000000084400000, 0x0000000084400000, 0x0000000084500000|  0%| F|  |TAMS 0x0000000084400000, 0x0000000084400000| Untracked 
|  45|0x0000000084500000, 0x0000000084500000, 0x0000000084600000|  0%| F|  |TAMS 0x0000000084500000, 0x0000000084500000| Untracked 
|  46|0x0000000084600000, 0x0000000084600000, 0x0000000084700000|  0%| F|  |TAMS 0x0000000084600000, 0x0000000084600000| Untracked 
|  47|0x0000000084700000, 0x0000000084700000, 0x0000000084800000|  0%| F|  |TAMS 0x0000000084700000, 0x0000000084700000| Untracked 
|  48|0x0000000084800000, 0x0000000084800000, 0x0000000084900000|  0%| F|  |TAMS 0x0000000084800000, 0x0000000084800000| Untracked 
|  49|0x0000000084900000, 0x0000000084900000, 0x0000000084a00000|  0%| F|  |TAMS 0x0000000084900000, 0x0000000084900000| Untracked 
|  50|0x0000000084a00000, 0x0000000084a00000, 0x0000000084b00000|  0%| F|  |TAMS 0x0000000084a00000, 0x0000000084a00000| Untracked 
|  51|0x0000000084b00000, 0x0000000084b00000, 0x0000000084c00000|  0%| F|  |TAMS 0x0000000084b00000, 0x0000000084b00000| Untracked 
|  52|0x0000000084c00000, 0x0000000084c00000, 0x0000000084d00000|  0%| F|  |TAMS 0x0000000084c00000, 0x0000000084c00000| Untracked 
|  53|0x0000000084d00000, 0x0000000084d00000, 0x0000000084e00000|  0%| F|  |TAMS 0x0000000084d00000, 0x0000000084d00000| Untracked 
|  54|0x0000000084e00000, 0x0000000084e00000, 0x0000000084f00000|  0%| F|  |TAMS 0x0000000084e00000, 0x0000000084e00000| Untracked 
|  55|0x0000000084f00000, 0x0000000084f00000, 0x0000000085000000|  0%| F|  |TAMS 0x0000000084f00000, 0x0000000084f00000| Untracked 
|  56|0x0000000085000000, 0x0000000085000000, 0x0000000085100000|  0%| F|  |TAMS 0x0000000085000000, 0x0000000085000000| Untracked 
|  57|0x0000000085100000, 0x0000000085100000, 0x0000000085200000|  0%| F|  |TAMS 0x0000000085100000, 0x0000000085100000| Untracked 
|  58|0x0000000085200000, 0x0000000085200000, 0x0000000085300000|  0%| F|  |TAMS 0x0000000085200000, 0x0000000085200000| Untracked 
|  59|0x0000000085300000, 0x0000000085300000, 0x0000000085400000|  0%| F|  |TAMS 0x0000000085300000, 0x0000000085300000| Untracked 
|  60|0x0000000085400000, 0x0000000085400000, 0x0000000085500000|  0%| F|  |TAMS 0x0000000085400000, 0x0000000085400000| Untracked 
|  61|0x0000000085500000, 0x0000000085500000, 0x0000000085600000|  0%| F|  |TAMS 0x0000000085500000, 0x0000000085500000| Untracked 
|  62|0x0000000085600000, 0x0000000085600000, 0x0000000085700000|  0%| F|  |TAMS 0x0000000085600000, 0x0000000085600000| Untracked 
|  63|0x0000000085700000, 0x0000000085700000, 0x0000000085800000|  0%| F|  |TAMS 0x0000000085700000, 0x0000000085700000| Untracked 
|  64|0x0000000085800000, 0x0000000085800000, 0x0000000085900000|  0%| F|  |TAMS 0x0000000085800000, 0x0000000085800000| Untracked 
|  65|0x0000000085900000, 0x0000000085900000, 0x0000000085a00000|  0%| F|  |TAMS 0x0000000085900000, 0x0000000085900000| Untracked 
|  66|0x0000000085a00000, 0x0000000085a00000, 0x0000000085b00000|  0%| F|  |TAMS 0x0000000085a00000, 0x0000000085a00000| Untracked 
|  67|0x0000000085b00000, 0x0000000085b00000, 0x0000000085c00000|  0%| F|  |TAMS 0x0000000085b00000, 0x0000000085b00000| Untracked 
|  68|0x0000000085c00000, 0x0000000085c00000, 0x0000000085d00000|  0%| F|  |TAMS 0x0000000085c00000, 0x0000000085c00000| Untracked 
|  69|0x0000000085d00000, 0x0000000085d00000, 0x0000000085e00000|  0%| F|  |TAMS 0x0000000085d00000, 0x0000000085d00000| Untracked 
|  70|0x0000000085e00000, 0x0000000085e00000, 0x0000000085f00000|  0%| F|  |TAMS 0x0000000085e00000, 0x0000000085e00000| Untracked 
|  71|0x0000000085f00000, 0x0000000085f00000, 0x0000000086000000|  0%| F|  |TAMS 0x0000000085f00000, 0x0000000085f00000| Untracked 
|  72|0x0000000086000000, 0x0000000086000000, 0x0000000086100000|  0%| F|  |TAMS 0x0000000086000000, 0x0000000086000000| Untracked 
|  73|0x0000000086100000, 0x0000000086100000, 0x0000000086200000|  0%| F|  |TAMS 0x0000000086100000, 0x0000000086100000| Untracked 
|  74|0x0000000086200000, 0x0000000086200000, 0x0000000086300000|  0%| F|  |TAMS 0x0000000086200000, 0x0000000086200000| Untracked 
|  75|0x0000000086300000, 0x0000000086300000, 0x0000000086400000|  0%| F|  |TAMS 0x0000000086300000, 0x0000000086300000| Untracked 
|  76|0x0000000086400000, 0x0000000086400000, 0x0000000086500000|  0%| F|  |TAMS 0x0000000086400000, 0x0000000086400000| Untracked 
|  77|0x0000000086500000, 0x0000000086500000, 0x0000000086600000|  0%| F|  |TAMS 0x0000000086500000, 0x0000000086500000| Untracked 
|  78|0x0000000086600000, 0x0000000086600000, 0x0000000086700000|  0%| F|  |TAMS 0x0000000086600000, 0x0000000086600000| Untracked 
|  79|0x0000000086700000, 0x0000000086700000, 0x0000000086800000|  0%| F|  |TAMS 0x0000000086700000, 0x0000000086700000| Untracked 
|  80|0x0000000086800000, 0x0000000086800000, 0x0000000086900000|  0%| F|  |TAMS 0x0000000086800000, 0x0000000086800000| Untracked 
|  81|0x0000000086900000, 0x0000000086900000, 0x0000000086a00000|  0%| F|  |TAMS 0x0000000086900000, 0x0000000086900000| Untracked 
|  82|0x0000000086a00000, 0x0000000086a00000, 0x0000000086b00000|  0%| F|  |TAMS 0x0000000086a00000, 0x0000000086a00000| Untracked 
|  83|0x0000000086b00000, 0x0000000086b00000, 0x0000000086c00000|  0%| F|  |TAMS 0x0000000086b00000, 0x0000000086b00000| Untracked 
|  84|0x0000000086c00000, 0x0000000086c00000, 0x0000000086d00000|  0%| F|  |TAMS 0x0000000086c00000, 0x0000000086c00000| Untracked 
|  85|0x0000000086d00000, 0x0000000086d00000, 0x0000000086e00000|  0%| F|  |TAMS 0x0000000086d00000, 0x0000000086d00000| Untracked 
|  86|0x0000000086e00000, 0x0000000086e00000, 0x0000000086f00000|  0%| F|  |TAMS 0x0000000086e00000, 0x0000000086e00000| Untracked 
|  87|0x0000000086f00000, 0x0000000086f00000, 0x0000000087000000|  0%| F|  |TAMS 0x0000000086f00000, 0x0000000086f00000| Untracked 
|  88|0x0000000087000000, 0x0000000087000000, 0x0000000087100000|  0%| F|  |TAMS 0x0000000087000000, 0x0000000087000000| Untracked 
|  89|0x0000000087100000, 0x0000000087100000, 0x0000000087200000|  0%| F|  |TAMS 0x0000000087100000, 0x0000000087100000| Untracked 
|  90|0x0000000087200000, 0x0000000087200000, 0x0000000087300000|  0%| F|  |TAMS 0x0000000087200000, 0x0000000087200000| Untracked 
|  91|0x0000000087300000, 0x0000000087300000, 0x0000000087400000|  0%| F|  |TAMS 0x0000000087300000, 0x0000000087300000| Untracked 
|  92|0x0000000087400000, 0x0000000087400000, 0x0000000087500000|  0%| F|  |TAMS 0x0000000087400000, 0x0000000087400000| Untracked 
|  93|0x0000000087500000, 0x0000000087500000, 0x0000000087600000|  0%| F|  |TAMS 0x0000000087500000, 0x0000000087500000| Untracked 
|  94|0x0000000087600000, 0x0000000087600000, 0x0000000087700000|  0%| F|  |TAMS 0x0000000087600000, 0x0000000087600000| Untracked 
|  95|0x0000000087700000, 0x0000000087700000, 0x0000000087800000|  0%| F|  |TAMS 0x0000000087700000, 0x0000000087700000| Untracked 
|  96|0x0000000087800000, 0x0000000087800000, 0x0000000087900000|  0%| F|  |TAMS 0x0000000087800000, 0x0000000087800000| Untracked 
|  97|0x0000000087900000, 0x0000000087900000, 0x0000000087a00000|  0%| F|  |TAMS 0x0000000087900000, 0x0000000087900000| Untracked 
|  98|0x0000000087a00000, 0x0000000087a00000, 0x0000000087b00000|  0%| F|  |TAMS 0x0000000087a00000, 0x0000000087a00000| Untracked 
|  99|0x0000000087b00000, 0x0000000087b00000, 0x0000000087c00000|  0%| F|  |TAMS 0x0000000087b00000, 0x0000000087b00000| Untracked 
| 100|0x0000000087c00000, 0x0000000087c00000, 0x0000000087d00000|  0%| F|  |TAMS 0x0000000087c00000, 0x0000000087c00000| Untracked 
| 101|0x0000000087d00000, 0x0000000087d00000, 0x0000000087e00000|  0%| F|  |TAMS 0x0000000087d00000, 0x0000000087d00000| Untracked 
| 102|0x0000000087e00000, 0x0000000087e00000, 0x0000000087f00000|  0%| F|  |TAMS 0x0000000087e00000, 0x0000000087e00000| Untracked 
| 103|0x0000000087f00000, 0x0000000087f00000, 0x0000000088000000|  0%| F|  |TAMS 0x0000000087f00000, 0x0000000087f00000| Untracked 
| 104|0x0000000088000000, 0x0000000088000000, 0x0000000088100000|  0%| F|  |TAMS 0x0000000088000000, 0x0000000088000000| Untracked 
| 105|0x0000000088100000, 0x0000000088100000, 0x0000000088200000|  0%| F|  |TAMS 0x0000000088100000, 0x0000000088100000| Untracked 
| 106|0x0000000088200000, 0x0000000088200000, 0x0000000088300000|  0%| F|  |TAMS 0x0000000088200000, 0x0000000088200000| Untracked 
| 107|0x0000000088300000, 0x0000000088300000, 0x0000000088400000|  0%| F|  |TAMS 0x0000000088300000, 0x0000000088300000| Untracked 
| 108|0x0000000088400000, 0x0000000088400000, 0x0000000088500000|  0%| F|  |TAMS 0x0000000088400000, 0x0000000088400000| Untracked 
| 109|0x0000000088500000, 0x0000000088500000, 0x0000000088600000|  0%| F|  |TAMS 0x0000000088500000, 0x0000000088500000| Untracked 
| 110|0x0000000088600000, 0x0000000088600000, 0x0000000088700000|  0%| F|  |TAMS 0x0000000088600000, 0x0000000088600000| Untracked 
| 111|0x0000000088700000, 0x0000000088700000, 0x0000000088800000|  0%| F|  |TAMS 0x0000000088700000, 0x0000000088700000| Untracked 
| 112|0x0000000088800000, 0x0000000088800000, 0x0000000088900000|  0%| F|  |TAMS 0x0000000088800000, 0x0000000088800000| Untracked 
| 113|0x0000000088900000, 0x0000000088900000, 0x0000000088a00000|  0%| F|  |TAMS 0x0000000088900000, 0x0000000088900000| Untracked 
| 114|0x0000000088a00000, 0x0000000088a7b650, 0x0000000088b00000| 48%| E|  |TAMS 0x0000000088a00000, 0x0000000088a00000| Complete 
| 115|0x0000000088b00000, 0x0000000088c00000, 0x0000000088c00000|100%| E|CS|TAMS 0x0000000088b00000, 0x0000000088b00000| Complete 
| 116|0x0000000088c00000, 0x0000000088d00000, 0x0000000088d00000|100%| E|CS|TAMS 0x0000000088c00000, 0x0000000088c00000| Complete 
| 117|0x0000000088d00000, 0x0000000088e00000, 0x0000000088e00000|100%| E|CS|TAMS 0x0000000088d00000, 0x0000000088d00000| Complete 
| 118|0x0000000088e00000, 0x0000000088f00000, 0x0000000088f00000|100%| E|CS|TAMS 0x0000000088e00000, 0x0000000088e00000| Complete 
| 119|0x0000000088f00000, 0x0000000089000000, 0x0000000089000000|100%| E|CS|TAMS 0x0000000088f00000, 0x0000000088f00000| Complete 
| 120|0x0000000089000000, 0x0000000089100000, 0x0000000089100000|100%| E|CS|TAMS 0x0000000089000000, 0x0000000089000000| Complete 
| 121|0x0000000089100000, 0x0000000089200000, 0x0000000089200000|100%| E|CS|TAMS 0x0000000089100000, 0x0000000089100000| Complete 
| 122|0x0000000089200000, 0x0000000089300000, 0x0000000089300000|100%| E|CS|TAMS 0x0000000089200000, 0x0000000089200000| Complete 
| 123|0x0000000089300000, 0x0000000089400000, 0x0000000089400000|100%| E|CS|TAMS 0x0000000089300000, 0x0000000089300000| Complete 
| 124|0x0000000089400000, 0x0000000089500000, 0x0000000089500000|100%| E|CS|TAMS 0x0000000089400000, 0x0000000089400000| Complete 
| 125|0x0000000089500000, 0x0000000089600000, 0x0000000089600000|100%| E|CS|TAMS 0x0000000089500000, 0x0000000089500000| Complete 
| 126|0x0000000089600000, 0x0000000089700000, 0x0000000089700000|100%| E|CS|TAMS 0x0000000089600000, 0x0000000089600000| Complete 
| 127|0x0000000089700000, 0x0000000089800000, 0x0000000089800000|100%| E|CS|TAMS 0x0000000089700000, 0x0000000089700000| Complete 

Card table byte_map: [0x000001f5c2630000,0x000001f5c2a30000] _byte_map_base: 0x000001f5c2224000

Marking Bits (Prev, Next): (CMBitMap*) 0x000001f5a8c27e68, (CMBitMap*) 0x000001f5a8c27ea8
 Prev Bits: [0x000001f5c2e30000, 0x000001f5c4dd0000)
 Next Bits: [0x000001f5c4dd0000, 0x000001f5c6d70000)

Polling page: 0x000001f5aa470000

Metaspace:

Usage:
  Non-class:      5.33 MB capacity,     3.44 MB ( 65%) used,     1.87 MB ( 35%) free+waste,     8.94 KB ( <1%) overhead. 
      Class:    628.00 KB capacity,   393.95 KB ( 63%) used,   228.93 KB ( 36%) free+waste,     5.13 KB ( <1%) overhead. 
       Both:      5.94 MB capacity,     3.83 MB ( 64%) used,     2.10 MB ( 35%) free+waste,    14.06 KB ( <1%) overhead. 

Virtual space:
  Non-class space:        8.00 MB reserved,       5.50 MB ( 69%) committed 
      Class space:        1.00 GB reserved,     640.00 KB ( <1%) committed 
             Both:        1.01 GB reserved,       6.13 MB ( <1%) committed 

Chunk freelists:
   Non-Class:  6.38 KB
       Class:  1.50 KB
        Both:  7.88 KB

CodeHeap 'non-profiled nmethods': size=120000Kb used=237Kb max_used=237Kb free=119762Kb
 bounds [0x000001f5ba290000, 0x000001f5ba500000, 0x000001f5c17c0000]
CodeHeap 'profiled nmethods': size=120000Kb used=1156Kb max_used=1156Kb free=118843Kb
 bounds [0x000001f5b2d60000, 0x000001f5b2fd0000, 0x000001f5ba290000]
CodeHeap 'non-nmethods': size=5760Kb used=1104Kb max_used=1117Kb free=4655Kb
 bounds [0x000001f5b27c0000, 0x000001f5b2a30000, 0x000001f5b2d60000]
 total_blobs=1274 nmethods=722 adapters=317
 compilation: enabled
              stopped_count=0, restarted_count=0
 full_count=0

Compilation events (10 events):
Event: 15.142 Thread 0x000001f5c9860800 nmethod 638 0x000001f5b2e4db90 code [0x000001f5b2e4dd40, 0x000001f5b2e4deb8]
Event: 15.142 Thread 0x000001f5c9860800  639       1       java.util.concurrent.CopyOnWriteArrayList::getArray (5 bytes)
Event: 15.142 Thread 0x000001f5c9860800 nmethod 639 0x000001f5ba2c5210 code [0x000001f5ba2c53c0, 0x000001f5ba2c54f8]
Event: 15.142 Thread 0x000001f5c9860800  640       3       java.util.HashSet::contains (9 bytes)
Event: 15.143 Thread 0x000001f5c9860800 nmethod 640 0x000001f5b2e4df90 code [0x000001f5b2e4e180, 0x000001f5b2e4e640]
Event: 15.143 Thread 0x000001f5c9860800  641       1       java.io.File::getPath (5 bytes)
Event: 15.143 Thread 0x000001f5c9860800 nmethod 641 0x000001f5ba2c5590 code [0x000001f5ba2c5740, 0x000001f5ba2c5878]
Event: 15.143 Thread 0x000001f5c9860800  642       3       sun.util.calendar.ZoneInfo::getLastRawOffset (10 bytes)
Event: 15.144 Thread 0x000001f5c9860800 nmethod 642 0x000001f5b2e4e790 code [0x000001f5b2e4e940, 0x000001f5b2e4eab8]
Event: 15.144 Thread 0x000001f5c9860800  643       3       java.util.HashMap::removeNode (291 bytes)

GC Heap History (0 events):
No events

Deoptimization events (10 events):
Event: 1.071 Thread 0x000001f5c985c000 Uncommon trap: reason=class_check action=maybe_recompile pc=0x000001f5ba29da18 method=java.util.HashMap.putVal(ILjava/lang/Object;Ljava/lang/Object;ZZ)Ljava/lang/Object; @ 152 c2
Event: 1.071 Thread 0x000001f5c985c000 Uncommon trap: reason=class_check action=maybe_recompile pc=0x000001f5ba29da18 method=java.util.HashMap.putVal(ILjava/lang/Object;Ljava/lang/Object;ZZ)Ljava/lang/Object; @ 152 c2
Event: 5.066 Thread 0x000001f5a8be9000 Uncommon trap: reason=bimorphic_or_optimized_type_check action=maybe_recompile pc=0x000001f5ba299ec4 method=java.util.AbstractCollection.isEmpty()Z @ 1 c2
Event: 5.066 Thread 0x000001f5a8be9000 Uncommon trap: reason=bimorphic_or_optimized_type_check action=maybe_recompile pc=0x000001f5ba299ec4 method=java.util.AbstractCollection.isEmpty()Z @ 1 c2
Event: 5.067 Thread 0x000001f5a8be9000 Uncommon trap: reason=bimorphic_or_optimized_type_check action=maybe_recompile pc=0x000001f5ba299ec4 method=java.util.AbstractCollection.isEmpty()Z @ 1 c2
Event: 5.069 Thread 0x000001f5a8be9000 Uncommon trap: reason=bimorphic_or_optimized_type_check action=maybe_recompile pc=0x000001f5ba299ec4 method=java.util.AbstractCollection.isEmpty()Z @ 1 c2
Event: 14.842 Thread 0x000001f5a8be9000 Uncommon trap: reason=unstable_if action=reinterpret pc=0x000001f5ba2a91ac method=java.util.HashMap.putVal(ILjava/lang/Object;Ljava/lang/Object;ZZ)Ljava/lang/Object; @ 181 c2
Event: 14.843 Thread 0x000001f5a8be9000 Uncommon trap: reason=class_check action=maybe_recompile pc=0x000001f5ba2a721c method=java.util.HashMap.putVal(ILjava/lang/Object;Ljava/lang/Object;ZZ)Ljava/lang/Object; @ 253 c2
Event: 14.843 Thread 0x000001f5a8be9000 Uncommon trap: reason=class_check action=maybe_recompile pc=0x000001f5ba2a721c method=java.util.HashMap.putVal(ILjava/lang/Object;Ljava/lang/Object;ZZ)Ljava/lang/Object; @ 253 c2
Event: 15.099 Thread 0x000001f5a8be9000 Uncommon trap: reason=unstable_if action=reinterpret pc=0x000001f5ba2c1a50 method=org.sqlite.SQLiteJDBCLoader.contentsEquals(Ljava/io/InputStream;Ljava/io/InputStream;)Z @ 39 c2

Classes redefined (0 events):
No events

Internal exceptions (3 events):
Event: 0.233 Thread 0x000001f5a8be9000 Exception <a 'java/lang/NoSuchMethodError'{0x0000000089510c38}: java.lang.invoke.DirectMethodHandle$Holder.invokeSpecialIFC(Ljava/lang/Object;Ljava/lang/Object;I)I> (0x0000000089510c38) thrown at [t:/workspace/open/src/hotspot/share/interpreter/linkResolv
Event: 14.845 Thread 0x000001f5a8be9000 Exception <a 'java/lang/NoSuchMethodError'{0x00000000892decb8}: java.lang.invoke.DirectMethodHandle$Holder.invokeStaticInit(Ljava/lang/Object;IIII)Ljava/lang/Object;> (0x00000000892decb8) thrown at [t:/workspace/open/src/hotspot/share/interpreter/linkReso
Event: 14.983 Thread 0x000001f5a8be9000 Exception <a 'java/lang/NoSuchMethodError'{0x0000000089105d00}: java.lang.invoke.DirectMethodHandle$Holder.invokeStaticInit(Ljava/lang/Object;Ljava/lang/Object;IIII)Ljava/lang/Object;> (0x0000000089105d00) thrown at [t:/workspace/open/src/hotspot/share/in

Events (10 events):
Event: 15.142 Thread 0x000001f5ca5e6000 Thread added: 0x000001f5ca5e6000
Event: 15.142 Thread 0x000001f5ca5e7000 Thread added: 0x000001f5ca5e7000
Event: 15.143 Executing VM operation: RevokeBias
Event: 15.144 Executing VM operation: RevokeBias done
Event: 15.144 loading class org/jsoup/Jsoup
Event: 15.144 loading class org/jsoup/Jsoup done
Event: 15.144 Executing VM operation: RevokeBias
Event: 15.145 Executing VM operation: RevokeBias done
Event: 15.145 Executing VM operation: RevokeBias
Event: 15.145 Executing VM operation: RevokeBias done


Dynamic libraries:
0x00007ff76c250000 - 0x00007ff76c25f000 	C:\Program Files\Java\jdk-12.0.1\bin\java.exe
0x00007fff3f500000 - 0x00007fff3f6e1000 	C:\WINDOWS\SYSTEM32\ntdll.dll
0x00007fff3ceb0000 - 0x00007fff3cf61000 	C:\WINDOWS\System32\KERNEL32.DLL
0x00007fff3b8d0000 - 0x00007fff3bb43000 	C:\WINDOWS\System32\KERNELBASE.dll
0x00007fff3c5f0000 - 0x00007fff3c6e8000 	C:\WINDOWS\System32\ucrtbase.dll
0x00007fff362c0000 - 0x00007fff362d8000 	C:\Program Files\Java\jdk-12.0.1\bin\jli.dll
0x00007fff362a0000 - 0x00007fff362b6000 	C:\Program Files\Java\jdk-12.0.1\bin\VCRUNTIME140.dll
0x00007fff3ca00000 - 0x00007fff3caa1000 	C:\WINDOWS\System32\ADVAPI32.dll
0x00007fff3d440000 - 0x00007fff3d4de000 	C:\WINDOWS\System32\msvcrt.dll
0x00007fff3cdc0000 - 0x00007fff3ce1b000 	C:\WINDOWS\System32\sechost.dll
0x00007fff3cb10000 - 0x00007fff3cc34000 	C:\WINDOWS\System32\RPCRT4.dll
0x00007fff3d590000 - 0x00007fff3d720000 	C:\WINDOWS\System32\USER32.dll
0x00007fff3bb50000 - 0x00007fff3bb70000 	C:\WINDOWS\System32\win32u.dll
0x00007fff29730000 - 0x00007fff29999000 	C:\WINDOWS\WinSxS\amd64_microsoft.windows.common-controls_6595b64144ccf1df_6.0.17134.950_none_fb3da4273069d3e0\COMCTL32.dll
0x00007fff3c9d0000 - 0x00007fff3c9f8000 	C:\WINDOWS\System32\GDI32.dll
0x00007fff3c7f0000 - 0x00007fff3c981000 	C:\WINDOWS\System32\gdi32full.dll
0x00007fff3d110000 - 0x00007fff3d432000 	C:\WINDOWS\System32\combase.dll
0x00007fff3c4f0000 - 0x00007fff3c58f000 	C:\WINDOWS\System32\msvcp_win.dll
0x00007fff3bb70000 - 0x00007fff3bbe9000 	C:\WINDOWS\System32\bcryptPrimitives.dll
0x00007fff36950000 - 0x00007fff3695a000 	C:\WINDOWS\SYSTEM32\VERSION.dll
0x00007fff3c9a0000 - 0x00007fff3c9cd000 	C:\WINDOWS\System32\IMM32.DLL
0x00007fff35750000 - 0x00007fff357fa000 	C:\Program Files\Java\jdk-12.0.1\bin\msvcp140.dll
0x00007ffee47c0000 - 0x00007ffee5334000 	C:\Program Files\Java\jdk-12.0.1\bin\server\jvm.dll
0x00007fff3c990000 - 0x00007fff3c998000 	C:\WINDOWS\System32\PSAPI.DLL
0x00007fff29720000 - 0x00007fff29729000 	C:\WINDOWS\SYSTEM32\WSOCK32.dll
0x00007fff36d00000 - 0x00007fff36d23000 	C:\WINDOWS\SYSTEM32\WINMM.dll
0x00007fff3d890000 - 0x00007fff3d8fc000 	C:\WINDOWS\System32\WS2_32.dll
0x00007fff36cc0000 - 0x00007fff36cea000 	C:\WINDOWS\SYSTEM32\winmmbase.dll
0x00007fff3c6f0000 - 0x00007fff3c739000 	C:\WINDOWS\System32\cfgmgr32.dll
0x00007fff3b870000 - 0x00007fff3b881000 	C:\WINDOWS\System32\kernel.appcore.dll
0x00007fff35730000 - 0x00007fff35741000 	C:\Program Files\Java\jdk-12.0.1\bin\verify.dll
0x00007fff3a230000 - 0x00007fff3a3f9000 	C:\WINDOWS\SYSTEM32\DBGHELP.DLL
0x00007fff29450000 - 0x00007fff29479000 	C:\WINDOWS\SYSTEM32\dbgcore.DLL
0x00007fff2ef00000 - 0x00007fff2ef26000 	C:\Program Files\Java\jdk-12.0.1\bin\java.dll
0x00007fff367a0000 - 0x00007fff367ae000 	C:\Program Files\Java\jdk-12.0.1\bin\instrument.dll
0x00007fff35710000 - 0x00007fff35727000 	C:\Program Files\Java\jdk-12.0.1\bin\zip.dll
0x00007fff363b0000 - 0x00007fff363ba000 	C:\Program Files\Java\jdk-12.0.1\bin\jimage.dll
0x00007fff3d900000 - 0x00007fff3ed40000 	C:\WINDOWS\System32\SHELL32.dll
0x00007fff3d4e0000 - 0x00007fff3d589000 	C:\WINDOWS\System32\shcore.dll
0x00007fff3bbf0000 - 0x00007fff3c2fd000 	C:\WINDOWS\System32\windows.storage.dll
0x00007fff3ed40000 - 0x00007fff3ed91000 	C:\WINDOWS\System32\shlwapi.dll
0x00007fff3b890000 - 0x00007fff3b8af000 	C:\WINDOWS\System32\profapi.dll
0x00007fff3b820000 - 0x00007fff3b86c000 	C:\WINDOWS\System32\powrprof.dll
0x00007fff3b810000 - 0x00007fff3b81a000 	C:\WINDOWS\System32\FLTLIB.DLL
0x00007fff2eee0000 - 0x00007fff2eef9000 	C:\Program Files\Java\jdk-12.0.1\bin\net.dll
0x00007fff35860000 - 0x00007fff3593d000 	C:\WINDOWS\SYSTEM32\WINHTTP.dll
0x00007fff2c750000 - 0x00007fff2c919000 	C:\WINDOWS\SYSTEM32\urlmon.dll
0x00007fff2ce40000 - 0x00007fff2d0e6000 	C:\WINDOWS\SYSTEM32\iertutil.dll
0x00007fff3b260000 - 0x00007fff3b26b000 	C:\WINDOWS\SYSTEM32\CRYPTBASE.DLL
0x00007fff3b090000 - 0x00007fff3b0f6000 	C:\WINDOWS\system32\mswsock.dll
0x00007fff2eec0000 - 0x00007fff2eed3000 	C:\Program Files\Java\jdk-12.0.1\bin\nio.dll
0x00007fff2eea0000 - 0x00007fff2eeba000 	C:\Program Files\JetBrains\IntelliJ IDEA Community Edition 2019.2.2\bin\breakgen64.dll
0x00007fff3b240000 - 0x00007fff3b257000 	C:\WINDOWS\SYSTEM32\CRYPTSP.dll
0x00007fff3ac40000 - 0x00007fff3ac73000 	C:\WINDOWS\system32\rsaenh.dll
0x00007fff3b370000 - 0x00007fff3b395000 	C:\WINDOWS\SYSTEM32\bcrypt.dll
0x00007fff3b710000 - 0x00007fff3b738000 	C:\WINDOWS\SYSTEM32\USERENV.dll
0x00007fff3ade0000 - 0x00007fff3ae18000 	C:\WINDOWS\SYSTEM32\IPHLPAPI.DLL
0x00007fff3f300000 - 0x00007fff3f308000 	C:\WINDOWS\System32\NSI.dll
0x00007fff32f10000 - 0x00007fff32f26000 	C:\WINDOWS\SYSTEM32\dhcpcsvc6.DLL
0x00007fff344d0000 - 0x00007fff344ea000 	C:\WINDOWS\SYSTEM32\dhcpcsvc.DLL
0x0000000061c40000 - 0x0000000061d0b000 	C:\Users\Gerasimos\AppData\Local\Temp\sqlite-3.27.2.1-862145fe-2ac7-412f-9175-7b33dfeb3cf6-sqlitejdbc.dll
0x00007fff3ae20000 - 0x00007fff3aede000 	C:\WINDOWS\SYSTEM32\DNSAPI.dll
0x00007fff34130000 - 0x00007fff3413a000 	C:\Windows\System32\rasadhlp.dll
0x00007fff29360000 - 0x00007fff29387000 	C:\Program Files\Java\jdk-12.0.1\bin\sunec.dll

dbghelp: loaded successfully - version: 4.0.5 - missing functions: none
symbol engine: initialized successfully - sym options: 0x614 - pdb path: .;C:\Program Files\Java\jdk-12.0.1\bin;C:\WINDOWS\SYSTEM32;C:\WINDOWS\WinSxS\amd64_microsoft.windows.common-controls_6595b64144ccf1df_6.0.17134.950_none_fb3da4273069d3e0;C:\Program Files\Java\jdk-12.0.1\bin\server;C:\Program Files\JetBrains\IntelliJ IDEA Community Edition 2019.2.2\bin;C:\Users\Gerasimos\AppData\Local\Temp

VM Arguments:
jvm_args: -javaagent:C:\Program Files\JetBrains\IntelliJ IDEA Community Edition 2019.2.2\lib\idea_rt.jar=2415:C:\Program Files\JetBrains\IntelliJ IDEA Community Edition 2019.2.2\bin -Dfile.encoding=UTF-8 
java_command: Main
java_class_path (initial): C:\Users\Gerasimos\IdeaProjects\ImpressionMinerV13.1\out\production\ImpressionMiner;C:\Users\Gerasimos\IdeaProjects\ImpressionMinerV13.1\sqlite-jdbc-3.27.2.1.jar;C:\Users\Gerasimos\IdeaProjects\ImpressionMinerV13.1\jsoup-1.11.3.jar
Launcher Type: SUN_STANDARD

[Global flags]
     intx CICompilerCount                          = 4                                         {product} {ergonomic}
     uint ConcGCThreads                            = 2                                         {product} {ergonomic}
     uint G1ConcRefinementThreads                  = 8                                         {product} {ergonomic}
   size_t G1HeapRegionSize                         = 1048576                                   {product} {ergonomic}
    uintx GCDrainStackTargetSize                   = 64                                        {product} {ergonomic}
   size_t InitialHeapSize                          = 134217728                                 {product} {ergonomic}
   size_t MarkStackSize                            = 4194304                                   {product} {ergonomic}
   size_t MaxHeapSize                              = 2122317824                                {product} {ergonomic}
   size_t MaxNewSize                               = 1272971264                                {product} {ergonomic}
   size_t MinHeapDeltaBytes                        = 1048576                                   {product} {ergonomic}
    uintx NonNMethodCodeHeapSize                   = 5836300                                {pd product} {ergonomic}
    uintx NonProfiledCodeHeapSize                  = 122910970                              {pd product} {ergonomic}
    uintx ProfiledCodeHeapSize                     = 122910970                              {pd product} {ergonomic}
    uintx ReservedCodeCacheSize                    = 251658240                              {pd product} {ergonomic}
     bool SegmentedCodeCache                       = true                                      {product} {ergonomic}
     bool UseCompressedClassPointers               = true                                 {lp64_product} {ergonomic}
     bool UseCompressedOops                        = true                                 {lp64_product} {ergonomic}
     bool UseG1GC                                  = true                                      {product} {ergonomic}
     bool UseLargePagesIndividualAllocation        = false                                  {pd product} {ergonomic}

Logging:
Log output configuration:
 #0: stdout all=warning uptime,level,tags
 #1: stderr all=off uptime,level,tags

Environment Variables:
PATH=C:\Program Files (x86)\Common Files\Oracle\Java\javapath;C:\Program Files\Microsoft MPI\Bin\;C:\WINDOWS\system32;C:\WINDOWS;C:\WINDOWS\System32\Wbem;C:\WINDOWS\System32\WindowsPowerShell\v1.0\;C:\Program Files\nodejs\;C:\WINDOWS\System32\OpenSSH\;C:\WINDOWS\system32\config\systemprofile\.dnx\bin;C:\Program Files\Microsoft DNX\Dnvm\;C:\Program Files\Microsoft SQL Server\120\Tools\Binn\;C:\Program Files\Microsoft SQL Server\130\Tools\Binn\;C:\Program Files (x86)\Windows Kits\8.1\Windows Performance Toolkit\;C:\sqlite;;C:\Program Files\Microsoft VS Code\bin;C:\xampp\php;C:\ProgramData\ComposerSetup\bin;C:\Program Files (x86)\Intel\Intel(R) Management Engine Components\DAL;C:\Program Files\Intel\Intel(R) Management Engine Components\DAL;C:\Program Files\dotnet\;C:\Program Files\Microsoft SQL Server\Client SDK\ODBC\170\Tools\Binn\;C:\Program Files (x86)\Microsoft SQL Server\130\Tools\Binn\;C:\Program Files (x86)\Microsoft SQL Server\130\DTS\Binn\;C:\Program Files\Microsoft SQL Server\130\DTS\Binn\;C:\Program Files\Microsoft SQL Server\Client SDK\ODBC\130\Tools\Binn\;C:\Program Files (x86)\Microsoft SQL Server\150\DTS\Binn\;C:\Users\Gerasimos\AppData\Local\Programs\Python\Python37-32\Scripts\;C:\Users\Gerasimos\AppData\Local\Programs\Python\Python37-32\;C:\Users\Gerasimos\AppData\Local\Microsoft\WindowsApps;;C:\Program Files\Microsoft VS Code\bin;C:\Users\Gerasimos\AppData\Roaming\npm;C:\Program Files\JetBrains\IntelliJ IDEA Community Edition 2019.2.2\bin;;C:\Users\Gerasimos\AppData\Roaming\Composer\vendor\bin
USERNAME=Gerasimos
OS=Windows_NT
PROCESSOR_IDENTIFIER=Intel64 Family 6 Model 142 Stepping 10, GenuineIntel



---------------  S Y S T E M  ---------------

OS: Windows 10 , 64 bit Build 17134 (10.0.17134.753)

CPU:total 8 (initial active 8) (4 cores per cpu, 2 threads per core) family 6 model 142 stepping 10, cmov, cx8, fxsr, mmx, sse, sse2, sse3, ssse3, sse4.1, sse4.2, popcnt, avx, avx2, aes, clmul, erms, 3dnowpref, lzcnt, ht, tsc, tscinvbit, bmi1, bmi2, adx, fma

Memory: 4k page, system-wide physical 8089M (2999M free)
TotalPageFile size 11161M (AvailPageFile size 3447M)
current process WorkingSet (physical memory assigned to process): 54M, peak: 54M
current process commit charge ("private bytes"): 217M, peak: 217M

vm_info: Java HotSpot(TM) 64-Bit Server VM (12.0.1+12) for windows-amd64 JRE (12.0.1+12), built on Apr  2 2019 14:02:19 by "mach5one" with MS VC++ 15.5 (VS2017)

END.
