#
# A fatal error has been detected by the Java Runtime Environment:
#
#  EXCEPTION_ACCESS_VIOLATION (0xc0000005) at pc=0x0000000061c4512e, pid=7088, tid=12804
#
# JRE version: Java(TM) SE Runtime Environment (12.0.1+12) (build 12.0.1+12)
# Java VM: Java HotSpot(TM) 64-Bit Server VM (12.0.1+12, mixed mode, sharing, tiered, compressed oops, g1 gc, windows-amd64)
# Problematic frame:
# C  [sqlite-3.27.2.1-961a6997-654f-4e97-9c62-44c3ec5ea431-sqlitejdbc.dll+0x512e]
#
# No core dump will be written. Minidumps are not enabled by default on client versions of Windows
#
# If you would like to submit a bug report, please visit:
#   http://bugreport.java.com/bugreport/crash.jsp
# The crash happened outside the Java Virtual Machine in native code.
# See problematic frame for where to report the bug.
#

---------------  S U M M A R Y ------------

Command Line: -javaagent:C:\Program Files\JetBrains\IntelliJ IDEA Community Edition 2019.2.2\lib\idea_rt.jar=5199:C:\Program Files\JetBrains\IntelliJ IDEA Community Edition 2019.2.2\bin -Dfile.encoding=UTF-8 Main

Host: Intel(R) Core(TM) i5-8250U CPU @ 1.60GHz, 8 cores, 7G,  Windows 10 , 64 bit Build 17134 (10.0.17134.753)
Time: Fri Oct  4 20:57:48 2019 Eanei? ?na GTB elapsed time: 13 seconds (0d 0h 0m 13s)

---------------  T H R E A D  ---------------

Current thread (0x0000020ed0c65800):  JavaThread "Thread-10" [_thread_in_native, id=12804, stack(0x000000cd88a00000,0x000000cd88b00000)]

Stack: [0x000000cd88a00000,0x000000cd88b00000],  sp=0x000000cd88afef08,  free space=1019k
Native frames: (J=compiled Java code, j=interpreted, Vv=VM code, C=native code)
C  [sqlite-3.27.2.1-961a6997-654f-4e97-9c62-44c3ec5ea431-sqlitejdbc.dll+0x512e]

Java frames: (J=compiled Java code, j=interpreted, Vv=VM code)
j  org.sqlite.core.NativeDB.column_count(J)I+0
j  org.sqlite.jdbc3.JDBC3Statement.getResultSet()Ljava/sql/ResultSet;+37
j  org.sqlite.jdbc3.JDBC3PreparedStatement.executeQuery()Ljava/sql/ResultSet;+133
j  DBConnection.selectUrlbyID(I)Ljava/lang/String;+27
j  IMThread.run()V+12
j  java.lang.Thread.run()V+11 java.base@12.0.1
v  ~StubRoutines::call_stub

siginfo: EXCEPTION_ACCESS_VIOLATION (0xc0000005), reading address 0x0000020ed19d2758


Register to memory mapping:

RIP=0x0000000061c4512e sqlite-3.27.2.1-961a6997-654f-4e97-9c62-44c3ec5ea431-sqlitejdbc.dll
RAX=0x0 is NULL
RBX={method} {0x0000020ed03c8cf0} 'column_count' '(J)I' in 'org/sqlite/core/NativeDB'
RCX=0x0000020ed19d2698 points into unknown readable memory: 00 00 00 00 00 00 00 00
RDX=0x000000cd88afefd8 is pointing into the stack for thread: 0x0000020ed0c65800
RSP=0x000000cd88afef08 is pointing into the stack for thread: 0x0000020ed0c65800
RBP=0x000000cd88afefa8 is pointing into the stack for thread: 0x0000020ed0c65800
RSI=0x0000000000000064 is an unknown value
RDI=0x0000000000000005 is an unknown value
R8 =0x0000020ed19d2698 points into unknown readable memory: 00 00 00 00 00 00 00 00
R9 =0x0000020eb9680b80 is at begin+0 in a stub
StubRoutines::atomic_cmpxchg_long [0x0000020eb9680b80, 0x0000020eb9680b89[ (9 bytes)
R10=0x0000020eb968fe25 is at code_begin+1477 in an Interpreter codelet
method entry point (kind = native_synchronized)  [0x0000020eb968f860, 0x0000020eb96905a0]  3392 bytes
R11=0x0000000000000121 is an unknown value
R12=0x0 is NULL
R13={method} {0x0000020ed03c8cf0} 'column_count' '(J)I' in 'org/sqlite/core/NativeDB'
R14=0x000000cd88afefd8 is pointing into the stack for thread: 0x0000020ed0c65800
R15=0x0000020ed0c65800 is a thread


Registers:
RAX=0x0000000000000000, RBX=0x0000020ed03c8ce8, RCX=0x0000020ed19d2698, RDX=0x000000cd88afefd8
RSP=0x000000cd88afef08, RBP=0x000000cd88afefa8, RSI=0x0000000000000064, RDI=0x0000000000000005
R8 =0x0000020ed19d2698, R9 =0x0000020eb9680b80, R10=0x0000020eb968fe25, R11=0x0000000000000121
R12=0x0000000000000000, R13=0x0000020ed03c8ce8, R14=0x000000cd88afefd8, R15=0x0000020ed0c65800
RIP=0x0000000061c4512e, EFLAGS=0x0000000000010202

Top of Stack: (sp=0x000000cd88afef08)
0x000000cd88afef08:   0000020eb968fe54 0000000000000005
0x000000cd88afef18:   0000020eb968fb67 0000020ed0c65800
0x000000cd88afef28:   0000000000000002 000000cd88afefa8
0x000000cd88afef38:   0000000000000064 0000020ed042ee38
0x000000cd88afef48:   0000020eb968fb24 0000000000000003
0x000000cd88afef58:   0000000088e7be30 000000cd88afef50
0x000000cd88afef68:   0000020ed03c8ce8 000000cd88afefd8
0x000000cd88afef78:   0000020ed042ee38 0000000000000000
0x000000cd88afef88:   0000000089331200 0000020ed03c8ce8
0x000000cd88afef98:   0000000000000000 000000cd88afefc8
0x000000cd88afefa8:   000000cd88aff028 0000020eb9689880
0x000000cd88afefb8:   0000000000000000 0000020eb968c016
0x000000cd88afefc8:   0000020ed19d2698 0000000000000000
0x000000cd88afefd8:   0000000088e7be30 000000cd88afefe0
0x000000cd88afefe8:   0000020ed043b59d 000000cd88aff040
0x000000cd88afeff8:   0000020ed045e3a0 0000000000000000 

Instructions: (pc=0x0000000061c4512e)
0x0000000061c4510e:   45 84 c0 74 05 48 8b 40 08 c3 48 8b 40 18 eb dd
0x0000000061c4511e:   c3 48 8b 41 10 8b 40 0c c3 31 c0 48 85 c9 74 07
0x0000000061c4512e:   0f b7 81 c0 00 00 00 c3 31 c0 48 85 c9 74 11 48
0x0000000061c4513e:   83 b9 a0 00 00 00 00 74 07 0f b7 81 c0 00 00 00 


Stack slot to memory mapping:
stack at sp + 0 slots: 0x0000020eb968fe54 is at code_begin+1524 in an Interpreter codelet
method entry point (kind = native_synchronized)  [0x0000020eb968f860, 0x0000020eb96905a0]  3392 bytes
stack at sp + 1 slots: 0x0000000000000005 is an unknown value
stack at sp + 2 slots: 0x0000020eb968fb67 is at code_begin+775 in an Interpreter codelet
method entry point (kind = native_synchronized)  [0x0000020eb968f860, 0x0000020eb96905a0]  3392 bytes
stack at sp + 3 slots: 0x0000020ed0c65800 is a thread
stack at sp + 4 slots: 0x0000000000000002 is an unknown value
stack at sp + 5 slots: 0x000000cd88afefa8 is pointing into the stack for thread: 0x0000020ed0c65800
stack at sp + 6 slots: 0x0000000000000064 is an unknown value
stack at sp + 7 slots: 0x0000020ed042ee38 is pointing into metadata


---------------  P R O C E S S  ---------------

Threads class SMR info:
_java_thread_list=0x0000020ed0c44f60, length=26, elements={
0x0000020eb1277000, 0x0000020ecff23800, 0x0000020ecff24800, 0x0000020ecff43000,
0x0000020ecff45000, 0x0000020ecff46000, 0x0000020ecff4a000, 0x0000020ecff4f000,
0x0000020ecff09800, 0x0000020ed0a85000, 0x0000020ed0abd800, 0x0000020ed0b04000,
0x0000020ed0c33000, 0x0000020ed0c36000, 0x0000020ed0c36800, 0x0000020ed0c47800,
0x0000020ed0c48800, 0x0000020ed0c5a800, 0x0000020ed0c5f000, 0x0000020ed0c60000,
0x0000020ed0c64000, 0x0000020ed0c65800, 0x0000020ed0c63000, 0x0000020ed0c67800,
0x0000020ed0c61800, 0x0000020ed0c66800
}

Java Threads: ( => current thread )
  0x0000020eb1277000 JavaThread "main" [_thread_blocked, id=14072, stack(0x000000cd86e00000,0x000000cd86f00000)]
  0x0000020ecff23800 JavaThread "Reference Handler" daemon [_thread_blocked, id=15752, stack(0x000000cd87500000,0x000000cd87600000)]
  0x0000020ecff24800 JavaThread "Finalizer" daemon [_thread_blocked, id=8792, stack(0x000000cd87600000,0x000000cd87700000)]
  0x0000020ecff43000 JavaThread "Signal Dispatcher" daemon [_thread_blocked, id=15076, stack(0x000000cd87700000,0x000000cd87800000)]
  0x0000020ecff45000 JavaThread "Attach Listener" daemon [_thread_blocked, id=9756, stack(0x000000cd87800000,0x000000cd87900000)]
  0x0000020ecff46000 JavaThread "C2 CompilerThread0" daemon [_thread_blocked, id=16048, stack(0x000000cd87900000,0x000000cd87a00000)]
  0x0000020ecff4a000 JavaThread "C1 CompilerThread0" daemon [_thread_in_vm, id=15672, stack(0x000000cd87a00000,0x000000cd87b00000)]
  0x0000020ecff4f000 JavaThread "Sweeper thread" daemon [_thread_blocked, id=16220, stack(0x000000cd87b00000,0x000000cd87c00000)]
  0x0000020ecff09800 JavaThread "Common-Cleaner" daemon [_thread_blocked, id=16376, stack(0x000000cd87c00000,0x000000cd87d00000)]
  0x0000020ed0a85000 JavaThread "Monitor Ctrl-Break" daemon [_thread_in_native, id=15512, stack(0x000000cd87e00000,0x000000cd87f00000)]
  0x0000020ed0abd800 JavaThread "Service Thread" daemon [_thread_blocked, id=15832, stack(0x000000cd87f00000,0x000000cd88000000)]
  0x0000020ed0b04000 JavaThread "Thread-0" [_thread_blocked, id=15872, stack(0x000000cd87d00000,0x000000cd87e00000)]
  0x0000020ed0c33000 JavaThread "Thread-1" [_thread_blocked, id=8832, stack(0x000000cd88100000,0x000000cd88200000)]
  0x0000020ed0c36000 JavaThread "Thread-2" [_thread_blocked, id=4996, stack(0x000000cd88200000,0x000000cd88300000)]
  0x0000020ed0c36800 JavaThread "Thread-3" [_thread_blocked, id=15740, stack(0x000000cd88300000,0x000000cd88400000)]
  0x0000020ed0c47800 JavaThread "Thread-4" [_thread_in_native, id=15436, stack(0x000000cd88400000,0x000000cd88500000)]
  0x0000020ed0c48800 JavaThread "Thread-5" [_thread_blocked, id=11452, stack(0x000000cd88500000,0x000000cd88600000)]
  0x0000020ed0c5a800 JavaThread "Thread-6" [_thread_blocked, id=14588, stack(0x000000cd88600000,0x000000cd88700000)]
  0x0000020ed0c5f000 JavaThread "Thread-7" [_thread_blocked, id=15320, stack(0x000000cd88700000,0x000000cd88800000)]
  0x0000020ed0c60000 JavaThread "Thread-8" [_thread_blocked, id=15620, stack(0x000000cd88800000,0x000000cd88900000)]
  0x0000020ed0c64000 JavaThread "Thread-9" [_thread_blocked, id=15628, stack(0x000000cd88900000,0x000000cd88a00000)]
=>0x0000020ed0c65800 JavaThread "Thread-10" [_thread_in_native, id=12804, stack(0x000000cd88a00000,0x000000cd88b00000)]
  0x0000020ed0c63000 JavaThread "Thread-11" [_thread_blocked, id=1732, stack(0x000000cd88b00000,0x000000cd88c00000)]
  0x0000020ed0c67800 JavaThread "Thread-12" [_thread_blocked, id=13212, stack(0x000000cd88c00000,0x000000cd88d00000)]
  0x0000020ed0c61800 JavaThread "Thread-13" [_thread_in_native, id=1548, stack(0x000000cd88d00000,0x000000cd88e00000)]
  0x0000020ed0c66800 JavaThread "Thread-14" [_thread_in_native, id=14828, stack(0x000000cd88e00000,0x000000cd88f00000)]

Other Threads:
  0x0000020ecff21800 VMThread "VM Thread" [stack: 0x000000cd87400000,0x000000cd87500000] [id=2988]
  0x0000020ed0abe800 WatcherThread [stack: 0x000000cd88000000,0x000000cd88100000] [id=536]
  0x0000020eb12b7800 GCTaskThread "GC Thread#0" [stack: 0x000000cd86f00000,0x000000cd87000000] [id=5980]
  0x0000020eb12c5000 ConcurrentGCThread "G1 Main Marker" [stack: 0x000000cd87000000,0x000000cd87100000] [id=13672]
  0x0000020eb12c7800 ConcurrentGCThread "G1 Conc#0" [stack: 0x000000cd87100000,0x000000cd87200000] [id=11948]
  0x0000020ecfda0800 ConcurrentGCThread "G1 Refine#0" [stack: 0x000000cd87200000,0x000000cd87300000] [id=14780]
  0x0000020ecfda1800 ConcurrentGCThread "G1 Young RemSet Sampling" [stack: 0x000000cd87300000,0x000000cd87400000] [id=16060]

Threads with active compile tasks:
C2 CompilerThread0   688       4       jdk.internal.jimage.ImageStringsReader::unmaskedHashCode (173 bytes)
C1 CompilerThread0   709       3       java.util.HashMap::put (13 bytes)

VM state:not at safepoint (normal execution)

VM Mutex/Monitor currently owned by a thread: None

Heap address: 0x0000000081800000, size: 2024 MB, Compressed Oops mode: 32-bit
Narrow klass base: 0x0000000800000000, Narrow klass shift: 3
Compressed class space size: 1073741824 Address: 0x00000008011a0000

Heap:
 garbage-first heap   total 131072K, used 12288K [0x0000000081800000, 0x0000000100000000)
  region size 1024K, 13 young (13312K), 0 survivors (0K)
 Metaspace       used 3773K, capacity 6017K, committed 6272K, reserved 1056768K
  class space    used 377K, capacity 628K, committed 640K, reserved 1048576K
Heap Regions: E=young(eden), S=young(survivor), O=old, HS=humongous(starts), HC=humongous(continues), CS=collection set, F=free, A=archive, TAMS=top-at-mark-start (previous, next)
|   0|0x0000000081800000, 0x0000000081800000, 0x0000000081900000|  0%| F|  |TAMS 0x0000000081800000, 0x0000000081800000| Untracked 
|   1|0x0000000081900000, 0x0000000081900000, 0x0000000081a00000|  0%| F|  |TAMS 0x0000000081900000, 0x0000000081900000| Untracked 
|   2|0x0000000081a00000, 0x0000000081a00000, 0x0000000081b00000|  0%| F|  |TAMS 0x0000000081a00000, 0x0000000081a00000| Untracked 
|   3|0x0000000081b00000, 0x0000000081b00000, 0x0000000081c00000|  0%| F|  |TAMS 0x0000000081b00000, 0x0000000081b00000| Untracked 
|   4|0x0000000081c00000, 0x0000000081c00000, 0x0000000081d00000|  0%| F|  |TAMS 0x0000000081c00000, 0x0000000081c00000| Untracked 
|   5|0x0000000081d00000, 0x0000000081d00000, 0x0000000081e00000|  0%| F|  |TAMS 0x0000000081d00000, 0x0000000081d00000| Untracked 
|   6|0x0000000081e00000, 0x0000000081e00000, 0x0000000081f00000|  0%| F|  |TAMS 0x0000000081e00000, 0x0000000081e00000| Untracked 
|   7|0x0000000081f00000, 0x0000000081f00000, 0x0000000082000000|  0%| F|  |TAMS 0x0000000081f00000, 0x0000000081f00000| Untracked 
|   8|0x0000000082000000, 0x0000000082000000, 0x0000000082100000|  0%| F|  |TAMS 0x0000000082000000, 0x0000000082000000| Untracked 
|   9|0x0000000082100000, 0x0000000082100000, 0x0000000082200000|  0%| F|  |TAMS 0x0000000082100000, 0x0000000082100000| Untracked 
|  10|0x0000000082200000, 0x0000000082200000, 0x0000000082300000|  0%| F|  |TAMS 0x0000000082200000, 0x0000000082200000| Untracked 
|  11|0x0000000082300000, 0x0000000082300000, 0x0000000082400000|  0%| F|  |TAMS 0x0000000082300000, 0x0000000082300000| Untracked 
|  12|0x0000000082400000, 0x0000000082400000, 0x0000000082500000|  0%| F|  |TAMS 0x0000000082400000, 0x0000000082400000| Untracked 
|  13|0x0000000082500000, 0x0000000082500000, 0x0000000082600000|  0%| F|  |TAMS 0x0000000082500000, 0x0000000082500000| Untracked 
|  14|0x0000000082600000, 0x0000000082600000, 0x0000000082700000|  0%| F|  |TAMS 0x0000000082600000, 0x0000000082600000| Untracked 
|  15|0x0000000082700000, 0x0000000082700000, 0x0000000082800000|  0%| F|  |TAMS 0x0000000082700000, 0x0000000082700000| Untracked 
|  16|0x0000000082800000, 0x0000000082800000, 0x0000000082900000|  0%| F|  |TAMS 0x0000000082800000, 0x0000000082800000| Untracked 
|  17|0x0000000082900000, 0x0000000082900000, 0x0000000082a00000|  0%| F|  |TAMS 0x0000000082900000, 0x0000000082900000| Untracked 
|  18|0x0000000082a00000, 0x0000000082a00000, 0x0000000082b00000|  0%| F|  |TAMS 0x0000000082a00000, 0x0000000082a00000| Untracked 
|  19|0x0000000082b00000, 0x0000000082b00000, 0x0000000082c00000|  0%| F|  |TAMS 0x0000000082b00000, 0x0000000082b00000| Untracked 
|  20|0x0000000082c00000, 0x0000000082c00000, 0x0000000082d00000|  0%| F|  |TAMS 0x0000000082c00000, 0x0000000082c00000| Untracked 
|  21|0x0000000082d00000, 0x0000000082d00000, 0x0000000082e00000|  0%| F|  |TAMS 0x0000000082d00000, 0x0000000082d00000| Untracked 
|  22|0x0000000082e00000, 0x0000000082e00000, 0x0000000082f00000|  0%| F|  |TAMS 0x0000000082e00000, 0x0000000082e00000| Untracked 
|  23|0x0000000082f00000, 0x0000000082f00000, 0x0000000083000000|  0%| F|  |TAMS 0x0000000082f00000, 0x0000000082f00000| Untracked 
|  24|0x0000000083000000, 0x0000000083000000, 0x0000000083100000|  0%| F|  |TAMS 0x0000000083000000, 0x0000000083000000| Untracked 
|  25|0x0000000083100000, 0x0000000083100000, 0x0000000083200000|  0%| F|  |TAMS 0x0000000083100000, 0x0000000083100000| Untracked 
|  26|0x0000000083200000, 0x0000000083200000, 0x0000000083300000|  0%| F|  |TAMS 0x0000000083200000, 0x0000000083200000| Untracked 
|  27|0x0000000083300000, 0x0000000083300000, 0x0000000083400000|  0%| F|  |TAMS 0x0000000083300000, 0x0000000083300000| Untracked 
|  28|0x0000000083400000, 0x0000000083400000, 0x0000000083500000|  0%| F|  |TAMS 0x0000000083400000, 0x0000000083400000| Untracked 
|  29|0x0000000083500000, 0x0000000083500000, 0x0000000083600000|  0%| F|  |TAMS 0x0000000083500000, 0x0000000083500000| Untracked 
|  30|0x0000000083600000, 0x0000000083600000, 0x0000000083700000|  0%| F|  |TAMS 0x0000000083600000, 0x0000000083600000| Untracked 
|  31|0x0000000083700000, 0x0000000083700000, 0x0000000083800000|  0%| F|  |TAMS 0x0000000083700000, 0x0000000083700000| Untracked 
|  32|0x0000000083800000, 0x0000000083800000, 0x0000000083900000|  0%| F|  |TAMS 0x0000000083800000, 0x0000000083800000| Untracked 
|  33|0x0000000083900000, 0x0000000083900000, 0x0000000083a00000|  0%| F|  |TAMS 0x0000000083900000, 0x0000000083900000| Untracked 
|  34|0x0000000083a00000, 0x0000000083a00000, 0x0000000083b00000|  0%| F|  |TAMS 0x0000000083a00000, 0x0000000083a00000| Untracked 
|  35|0x0000000083b00000, 0x0000000083b00000, 0x0000000083c00000|  0%| F|  |TAMS 0x0000000083b00000, 0x0000000083b00000| Untracked 
|  36|0x0000000083c00000, 0x0000000083c00000, 0x0000000083d00000|  0%| F|  |TAMS 0x0000000083c00000, 0x0000000083c00000| Untracked 
|  37|0x0000000083d00000, 0x0000000083d00000, 0x0000000083e00000|  0%| F|  |TAMS 0x0000000083d00000, 0x0000000083d00000| Untracked 
|  38|0x0000000083e00000, 0x0000000083e00000, 0x0000000083f00000|  0%| F|  |TAMS 0x0000000083e00000, 0x0000000083e00000| Untracked 
|  39|0x0000000083f00000, 0x0000000083f00000, 0x0000000084000000|  0%| F|  |TAMS 0x0000000083f00000, 0x0000000083f00000| Untracked 
|  40|0x0000000084000000, 0x0000000084000000, 0x0000000084100000|  0%| F|  |TAMS 0x0000000084000000, 0x0000000084000000| Untracked 
|  41|0x0000000084100000, 0x0000000084100000, 0x0000000084200000|  0%| F|  |TAMS 0x0000000084100000, 0x0000000084100000| Untracked 
|  42|0x0000000084200000, 0x0000000084200000, 0x0000000084300000|  0%| F|  |TAMS 0x0000000084200000, 0x0000000084200000| Untracked 
|  43|0x0000000084300000, 0x0000000084300000, 0x0000000084400000|  0%| F|  |TAMS 0x0000000084300000, 0x0000000084300000| Untracked 
|  44|0x0000000084400000, 0x0000000084400000, 0x0000000084500000|  0%| F|  |TAMS 0x0000000084400000, 0x0000000084400000| Untracked 
|  45|0x0000000084500000, 0x0000000084500000, 0x0000000084600000|  0%| F|  |TAMS 0x0000000084500000, 0x0000000084500000| Untracked 
|  46|0x0000000084600000, 0x0000000084600000, 0x0000000084700000|  0%| F|  |TAMS 0x0000000084600000, 0x0000000084600000| Untracked 
|  47|0x0000000084700000, 0x0000000084700000, 0x0000000084800000|  0%| F|  |TAMS 0x0000000084700000, 0x0000000084700000| Untracked 
|  48|0x0000000084800000, 0x0000000084800000, 0x0000000084900000|  0%| F|  |TAMS 0x0000000084800000, 0x0000000084800000| Untracked 
|  49|0x0000000084900000, 0x0000000084900000, 0x0000000084a00000|  0%| F|  |TAMS 0x0000000084900000, 0x0000000084900000| Untracked 
|  50|0x0000000084a00000, 0x0000000084a00000, 0x0000000084b00000|  0%| F|  |TAMS 0x0000000084a00000, 0x0000000084a00000| Untracked 
|  51|0x0000000084b00000, 0x0000000084b00000, 0x0000000084c00000|  0%| F|  |TAMS 0x0000000084b00000, 0x0000000084b00000| Untracked 
|  52|0x0000000084c00000, 0x0000000084c00000, 0x0000000084d00000|  0%| F|  |TAMS 0x0000000084c00000, 0x0000000084c00000| Untracked 
|  53|0x0000000084d00000, 0x0000000084d00000, 0x0000000084e00000|  0%| F|  |TAMS 0x0000000084d00000, 0x0000000084d00000| Untracked 
|  54|0x0000000084e00000, 0x0000000084e00000, 0x0000000084f00000|  0%| F|  |TAMS 0x0000000084e00000, 0x0000000084e00000| Untracked 
|  55|0x0000000084f00000, 0x0000000084f00000, 0x0000000085000000|  0%| F|  |TAMS 0x0000000084f00000, 0x0000000084f00000| Untracked 
|  56|0x0000000085000000, 0x0000000085000000, 0x0000000085100000|  0%| F|  |TAMS 0x0000000085000000, 0x0000000085000000| Untracked 
|  57|0x0000000085100000, 0x0000000085100000, 0x0000000085200000|  0%| F|  |TAMS 0x0000000085100000, 0x0000000085100000| Untracked 
|  58|0x0000000085200000, 0x0000000085200000, 0x0000000085300000|  0%| F|  |TAMS 0x0000000085200000, 0x0000000085200000| Untracked 
|  59|0x0000000085300000, 0x0000000085300000, 0x0000000085400000|  0%| F|  |TAMS 0x0000000085300000, 0x0000000085300000| Untracked 
|  60|0x0000000085400000, 0x0000000085400000, 0x0000000085500000|  0%| F|  |TAMS 0x0000000085400000, 0x0000000085400000| Untracked 
|  61|0x0000000085500000, 0x0000000085500000, 0x0000000085600000|  0%| F|  |TAMS 0x0000000085500000, 0x0000000085500000| Untracked 
|  62|0x0000000085600000, 0x0000000085600000, 0x0000000085700000|  0%| F|  |TAMS 0x0000000085600000, 0x0000000085600000| Untracked 
|  63|0x0000000085700000, 0x0000000085700000, 0x0000000085800000|  0%| F|  |TAMS 0x0000000085700000, 0x0000000085700000| Untracked 
|  64|0x0000000085800000, 0x0000000085800000, 0x0000000085900000|  0%| F|  |TAMS 0x0000000085800000, 0x0000000085800000| Untracked 
|  65|0x0000000085900000, 0x0000000085900000, 0x0000000085a00000|  0%| F|  |TAMS 0x0000000085900000, 0x0000000085900000| Untracked 
|  66|0x0000000085a00000, 0x0000000085a00000, 0x0000000085b00000|  0%| F|  |TAMS 0x0000000085a00000, 0x0000000085a00000| Untracked 
|  67|0x0000000085b00000, 0x0000000085b00000, 0x0000000085c00000|  0%| F|  |TAMS 0x0000000085b00000, 0x0000000085b00000| Untracked 
|  68|0x0000000085c00000, 0x0000000085c00000, 0x0000000085d00000|  0%| F|  |TAMS 0x0000000085c00000, 0x0000000085c00000| Untracked 
|  69|0x0000000085d00000, 0x0000000085d00000, 0x0000000085e00000|  0%| F|  |TAMS 0x0000000085d00000, 0x0000000085d00000| Untracked 
|  70|0x0000000085e00000, 0x0000000085e00000, 0x0000000085f00000|  0%| F|  |TAMS 0x0000000085e00000, 0x0000000085e00000| Untracked 
|  71|0x0000000085f00000, 0x0000000085f00000, 0x0000000086000000|  0%| F|  |TAMS 0x0000000085f00000, 0x0000000085f00000| Untracked 
|  72|0x0000000086000000, 0x0000000086000000, 0x0000000086100000|  0%| F|  |TAMS 0x0000000086000000, 0x0000000086000000| Untracked 
|  73|0x0000000086100000, 0x0000000086100000, 0x0000000086200000|  0%| F|  |TAMS 0x0000000086100000, 0x0000000086100000| Untracked 
|  74|0x0000000086200000, 0x0000000086200000, 0x0000000086300000|  0%| F|  |TAMS 0x0000000086200000, 0x0000000086200000| Untracked 
|  75|0x0000000086300000, 0x0000000086300000, 0x0000000086400000|  0%| F|  |TAMS 0x0000000086300000, 0x0000000086300000| Untracked 
|  76|0x0000000086400000, 0x0000000086400000, 0x0000000086500000|  0%| F|  |TAMS 0x0000000086400000, 0x0000000086400000| Untracked 
|  77|0x0000000086500000, 0x0000000086500000, 0x0000000086600000|  0%| F|  |TAMS 0x0000000086500000, 0x0000000086500000| Untracked 
|  78|0x0000000086600000, 0x0000000086600000, 0x0000000086700000|  0%| F|  |TAMS 0x0000000086600000, 0x0000000086600000| Untracked 
|  79|0x0000000086700000, 0x0000000086700000, 0x0000000086800000|  0%| F|  |TAMS 0x0000000086700000, 0x0000000086700000| Untracked 
|  80|0x0000000086800000, 0x0000000086800000, 0x0000000086900000|  0%| F|  |TAMS 0x0000000086800000, 0x0000000086800000| Untracked 
|  81|0x0000000086900000, 0x0000000086900000, 0x0000000086a00000|  0%| F|  |TAMS 0x0000000086900000, 0x0000000086900000| Untracked 
|  82|0x0000000086a00000, 0x0000000086a00000, 0x0000000086b00000|  0%| F|  |TAMS 0x0000000086a00000, 0x0000000086a00000| Untracked 
|  83|0x0000000086b00000, 0x0000000086b00000, 0x0000000086c00000|  0%| F|  |TAMS 0x0000000086b00000, 0x0000000086b00000| Untracked 
|  84|0x0000000086c00000, 0x0000000086c00000, 0x0000000086d00000|  0%| F|  |TAMS 0x0000000086c00000, 0x0000000086c00000| Untracked 
|  85|0x0000000086d00000, 0x0000000086d00000, 0x0000000086e00000|  0%| F|  |TAMS 0x0000000086d00000, 0x0000000086d00000| Untracked 
|  86|0x0000000086e00000, 0x0000000086e00000, 0x0000000086f00000|  0%| F|  |TAMS 0x0000000086e00000, 0x0000000086e00000| Untracked 
|  87|0x0000000086f00000, 0x0000000086f00000, 0x0000000087000000|  0%| F|  |TAMS 0x0000000086f00000, 0x0000000086f00000| Untracked 
|  88|0x0000000087000000, 0x0000000087000000, 0x0000000087100000|  0%| F|  |TAMS 0x0000000087000000, 0x0000000087000000| Untracked 
|  89|0x0000000087100000, 0x0000000087100000, 0x0000000087200000|  0%| F|  |TAMS 0x0000000087100000, 0x0000000087100000| Untracked 
|  90|0x0000000087200000, 0x0000000087200000, 0x0000000087300000|  0%| F|  |TAMS 0x0000000087200000, 0x0000000087200000| Untracked 
|  91|0x0000000087300000, 0x0000000087300000, 0x0000000087400000|  0%| F|  |TAMS 0x0000000087300000, 0x0000000087300000| Untracked 
|  92|0x0000000087400000, 0x0000000087400000, 0x0000000087500000|  0%| F|  |TAMS 0x0000000087400000, 0x0000000087400000| Untracked 
|  93|0x0000000087500000, 0x0000000087500000, 0x0000000087600000|  0%| F|  |TAMS 0x0000000087500000, 0x0000000087500000| Untracked 
|  94|0x0000000087600000, 0x0000000087600000, 0x0000000087700000|  0%| F|  |TAMS 0x0000000087600000, 0x0000000087600000| Untracked 
|  95|0x0000000087700000, 0x0000000087700000, 0x0000000087800000|  0%| F|  |TAMS 0x0000000087700000, 0x0000000087700000| Untracked 
|  96|0x0000000087800000, 0x0000000087800000, 0x0000000087900000|  0%| F|  |TAMS 0x0000000087800000, 0x0000000087800000| Untracked 
|  97|0x0000000087900000, 0x0000000087900000, 0x0000000087a00000|  0%| F|  |TAMS 0x0000000087900000, 0x0000000087900000| Untracked 
|  98|0x0000000087a00000, 0x0000000087a00000, 0x0000000087b00000|  0%| F|  |TAMS 0x0000000087a00000, 0x0000000087a00000| Untracked 
|  99|0x0000000087b00000, 0x0000000087b00000, 0x0000000087c00000|  0%| F|  |TAMS 0x0000000087b00000, 0x0000000087b00000| Untracked 
| 100|0x0000000087c00000, 0x0000000087c00000, 0x0000000087d00000|  0%| F|  |TAMS 0x0000000087c00000, 0x0000000087c00000| Untracked 
| 101|0x0000000087d00000, 0x0000000087d00000, 0x0000000087e00000|  0%| F|  |TAMS 0x0000000087d00000, 0x0000000087d00000| Untracked 
| 102|0x0000000087e00000, 0x0000000087e00000, 0x0000000087f00000|  0%| F|  |TAMS 0x0000000087e00000, 0x0000000087e00000| Untracked 
| 103|0x0000000087f00000, 0x0000000087f00000, 0x0000000088000000|  0%| F|  |TAMS 0x0000000087f00000, 0x0000000087f00000| Untracked 
| 104|0x0000000088000000, 0x0000000088000000, 0x0000000088100000|  0%| F|  |TAMS 0x0000000088000000, 0x0000000088000000| Untracked 
| 105|0x0000000088100000, 0x0000000088100000, 0x0000000088200000|  0%| F|  |TAMS 0x0000000088100000, 0x0000000088100000| Untracked 
| 106|0x0000000088200000, 0x0000000088200000, 0x0000000088300000|  0%| F|  |TAMS 0x0000000088200000, 0x0000000088200000| Untracked 
| 107|0x0000000088300000, 0x0000000088300000, 0x0000000088400000|  0%| F|  |TAMS 0x0000000088300000, 0x0000000088300000| Untracked 
| 108|0x0000000088400000, 0x0000000088400000, 0x0000000088500000|  0%| F|  |TAMS 0x0000000088400000, 0x0000000088400000| Untracked 
| 109|0x0000000088500000, 0x0000000088500000, 0x0000000088600000|  0%| F|  |TAMS 0x0000000088500000, 0x0000000088500000| Untracked 
| 110|0x0000000088600000, 0x0000000088600000, 0x0000000088700000|  0%| F|  |TAMS 0x0000000088600000, 0x0000000088600000| Untracked 
| 111|0x0000000088700000, 0x0000000088700000, 0x0000000088800000|  0%| F|  |TAMS 0x0000000088700000, 0x0000000088700000| Untracked 
| 112|0x0000000088800000, 0x0000000088800000, 0x0000000088900000|  0%| F|  |TAMS 0x0000000088800000, 0x0000000088800000| Untracked 
| 113|0x0000000088900000, 0x0000000088900000, 0x0000000088a00000|  0%| F|  |TAMS 0x0000000088900000, 0x0000000088900000| Untracked 
| 114|0x0000000088a00000, 0x0000000088a00000, 0x0000000088b00000|  0%| F|  |TAMS 0x0000000088a00000, 0x0000000088a00000| Untracked 
| 115|0x0000000088b00000, 0x0000000088bfb4e0, 0x0000000088c00000| 98%| E|  |TAMS 0x0000000088b00000, 0x0000000088b00000| Complete 
| 116|0x0000000088c00000, 0x0000000088d00000, 0x0000000088d00000|100%| E|CS|TAMS 0x0000000088c00000, 0x0000000088c00000| Complete 
| 117|0x0000000088d00000, 0x0000000088e00000, 0x0000000088e00000|100%| E|CS|TAMS 0x0000000088d00000, 0x0000000088d00000| Complete 
| 118|0x0000000088e00000, 0x0000000088f00000, 0x0000000088f00000|100%| E|CS|TAMS 0x0000000088e00000, 0x0000000088e00000| Complete 
| 119|0x0000000088f00000, 0x0000000089000000, 0x0000000089000000|100%| E|CS|TAMS 0x0000000088f00000, 0x0000000088f00000| Complete 
| 120|0x0000000089000000, 0x0000000089100000, 0x0000000089100000|100%| E|CS|TAMS 0x0000000089000000, 0x0000000089000000| Complete 
| 121|0x0000000089100000, 0x0000000089200000, 0x0000000089200000|100%| E|CS|TAMS 0x0000000089100000, 0x0000000089100000| Complete 
| 122|0x0000000089200000, 0x0000000089300000, 0x0000000089300000|100%| E|CS|TAMS 0x0000000089200000, 0x0000000089200000| Complete 
| 123|0x0000000089300000, 0x0000000089400000, 0x0000000089400000|100%| E|CS|TAMS 0x0000000089300000, 0x0000000089300000| Complete 
| 124|0x0000000089400000, 0x0000000089500000, 0x0000000089500000|100%| E|CS|TAMS 0x0000000089400000, 0x0000000089400000| Complete 
| 125|0x0000000089500000, 0x0000000089600000, 0x0000000089600000|100%| E|CS|TAMS 0x0000000089500000, 0x0000000089500000| Complete 
| 126|0x0000000089600000, 0x0000000089700000, 0x0000000089700000|100%| E|CS|TAMS 0x0000000089600000, 0x0000000089600000| Complete 
| 127|0x0000000089700000, 0x0000000089800000, 0x0000000089800000|100%| E|CS|TAMS 0x0000000089700000, 0x0000000089700000| Complete 

Card table byte_map: [0x0000020ec8db0000,0x0000020ec91b0000] _byte_map_base: 0x0000020ec89a4000

Marking Bits (Prev, Next): (CMBitMap*) 0x0000020eb12b8408, (CMBitMap*) 0x0000020eb12b8448
 Prev Bits: [0x0000020ec95b0000, 0x0000020ecb550000)
 Next Bits: [0x0000020ecb550000, 0x0000020ecd4f0000)

Polling page: 0x0000020eaf1b0000

Metaspace:

Usage:
  Non-class:      5.26 MB capacity,     3.37 MB ( 64%) used,     1.89 MB ( 36%) free+waste,     8.88 KB ( <1%) overhead. 
      Class:    628.00 KB capacity,   387.01 KB ( 62%) used,   235.87 KB ( 38%) free+waste,     5.13 KB ( <1%) overhead. 
       Both:      5.88 MB capacity,     3.74 MB ( 64%) used,     2.12 MB ( 36%) free+waste,    14.00 KB ( <1%) overhead. 

Virtual space:
  Non-class space:        8.00 MB reserved,       5.50 MB ( 69%) committed 
      Class space:        1.00 GB reserved,     640.00 KB ( <1%) committed 
             Both:        1.01 GB reserved,       6.13 MB ( <1%) committed 

Chunk freelists:
   Non-Class:  6.38 KB
       Class:  1.50 KB
        Both:  7.88 KB

CodeHeap 'non-profiled nmethods': size=120000Kb used=230Kb max_used=230Kb free=119769Kb
 bounds [0x0000020ec1150000, 0x0000020ec13c0000, 0x0000020ec8680000]
CodeHeap 'profiled nmethods': size=120000Kb used=1120Kb max_used=1120Kb free=118879Kb
 bounds [0x0000020eb9c20000, 0x0000020eb9e90000, 0x0000020ec1150000]
CodeHeap 'non-nmethods': size=5760Kb used=1104Kb max_used=1116Kb free=4655Kb
 bounds [0x0000020eb9680000, 0x0000020eb98f0000, 0x0000020eb9c20000]
 total_blobs=1253 nmethods=709 adapters=317
 compilation: enabled
              stopped_count=0, restarted_count=0
 full_count=0

Compilation events (10 events):
Event: 13.554 Thread 0x0000020ecff4a000 nmethod 634 0x0000020eb9d09f10 code [0x0000020eb9d0a0c0, 0x0000020eb9d0a2b8]
Event: 13.555 Thread 0x0000020ecff4a000  635       3       java.lang.String::toString (2 bytes)
Event: 13.556 Thread 0x0000020ecff4a000 nmethod 635 0x0000020eb9d0a390 code [0x0000020eb9d0a540, 0x0000020eb9d0a6b8]
Event: 13.556 Thread 0x0000020ecff4a000  636       1       java.util.concurrent.CopyOnWriteArrayList::getArray (5 bytes)
Event: 13.556 Thread 0x0000020ecff4a000 nmethod 636 0x0000020ec1184a10 code [0x0000020ec1184bc0, 0x0000020ec1184cf8]
Event: 13.556 Thread 0x0000020ecff4a000  637       3       sun.util.calendar.ZoneInfo::getLastRawOffset (10 bytes)
Event: 13.556 Thread 0x0000020ecff4a000 nmethod 637 0x0000020eb9d0a790 code [0x0000020eb9d0a940, 0x0000020eb9d0aab8]
Event: 13.556 Thread 0x0000020ecff4a000  638       3       java.util.HashSet::contains (9 bytes)
Event: 13.557 Thread 0x0000020ecff4a000 nmethod 638 0x0000020eb9d0ab90 code [0x0000020eb9d0ad80, 0x0000020eb9d0b240]
Event: 13.557 Thread 0x0000020ecff4a000  640       3       java.util.HashMap::removeNode (291 bytes)

GC Heap History (0 events):
No events

Deoptimization events (10 events):
Event: 1.009 Thread 0x0000020ecff45000 Uncommon trap: reason=class_check action=maybe_recompile pc=0x0000020ec115e198 method=java.util.HashMap.putVal(ILjava/lang/Object;Ljava/lang/Object;ZZ)Ljava/lang/Object; @ 152 c2
Event: 1.009 Thread 0x0000020ecff45000 Uncommon trap: reason=class_check action=maybe_recompile pc=0x0000020ec115e198 method=java.util.HashMap.putVal(ILjava/lang/Object;Ljava/lang/Object;ZZ)Ljava/lang/Object; @ 152 c2
Event: 6.972 Thread 0x0000020eb1277000 Uncommon trap: reason=bimorphic_or_optimized_type_check action=maybe_recompile pc=0x0000020ec1159544 method=java.util.AbstractCollection.isEmpty()Z @ 1 c2
Event: 6.973 Thread 0x0000020eb1277000 Uncommon trap: reason=bimorphic_or_optimized_type_check action=maybe_recompile pc=0x0000020ec1159544 method=java.util.AbstractCollection.isEmpty()Z @ 1 c2
Event: 6.973 Thread 0x0000020eb1277000 Uncommon trap: reason=bimorphic_or_optimized_type_check action=maybe_recompile pc=0x0000020ec1159544 method=java.util.AbstractCollection.isEmpty()Z @ 1 c2
Event: 6.974 Thread 0x0000020eb1277000 Uncommon trap: reason=bimorphic_or_optimized_type_check action=maybe_recompile pc=0x0000020ec1159544 method=java.util.AbstractCollection.isEmpty()Z @ 1 c2
Event: 13.348 Thread 0x0000020eb1277000 Uncommon trap: reason=unstable_if action=reinterpret pc=0x0000020ec1169100 method=java.util.HashMap.putVal(ILjava/lang/Object;Ljava/lang/Object;ZZ)Ljava/lang/Object; @ 181 c2
Event: 13.348 Thread 0x0000020eb1277000 Uncommon trap: reason=class_check action=maybe_recompile pc=0x0000020ec1167200 method=java.util.HashMap.putVal(ILjava/lang/Object;Ljava/lang/Object;ZZ)Ljava/lang/Object; @ 253 c2
Event: 13.348 Thread 0x0000020eb1277000 Uncommon trap: reason=class_check action=maybe_recompile pc=0x0000020ec1167200 method=java.util.HashMap.putVal(ILjava/lang/Object;Ljava/lang/Object;ZZ)Ljava/lang/Object; @ 253 c2
Event: 13.522 Thread 0x0000020eb1277000 Uncommon trap: reason=unstable_if action=reinterpret pc=0x0000020ec11815d0 method=org.sqlite.SQLiteJDBCLoader.contentsEquals(Ljava/io/InputStream;Ljava/io/InputStream;)Z @ 39 c2

Classes redefined (0 events):
No events

Internal exceptions (3 events):
Event: 0.106 Thread 0x0000020eb1277000 Exception <a 'java/lang/NoSuchMethodError'{0x0000000089510bb8}: java.lang.invoke.DirectMethodHandle$Holder.invokeSpecialIFC(Ljava/lang/Object;Ljava/lang/Object;I)I> (0x0000000089510bb8) thrown at [t:/workspace/open/src/hotspot/share/interpreter/linkResolv
Event: 13.350 Thread 0x0000020eb1277000 Exception <a 'java/lang/NoSuchMethodError'{0x00000000892dce68}: java.lang.invoke.DirectMethodHandle$Holder.invokeStaticInit(Ljava/lang/Object;IIII)Ljava/lang/Object;> (0x00000000892dce68) thrown at [t:/workspace/open/src/hotspot/share/interpreter/linkReso
Event: 13.454 Thread 0x0000020eb1277000 Exception <a 'java/lang/NoSuchMethodError'{0x0000000089100218}: java.lang.invoke.DirectMethodHandle$Holder.invokeStaticInit(Ljava/lang/Object;Ljava/lang/Object;IIII)Ljava/lang/Object;> (0x0000000089100218) thrown at [t:/workspace/open/src/hotspot/share/in

Events (10 events):
Event: 13.556 Thread 0x0000020ed0c65800 Thread added: 0x0000020ed0c65800
Event: 13.556 Thread 0x0000020ed0c63000 Thread added: 0x0000020ed0c63000
Event: 13.556 Thread 0x0000020ed0c67800 Thread added: 0x0000020ed0c67800
Event: 13.556 Thread 0x0000020ed0c61800 Thread added: 0x0000020ed0c61800
Event: 13.556 Thread 0x0000020ed0c66800 Thread added: 0x0000020ed0c66800
Event: 13.557 Executing VM operation: RevokeBias
Event: 13.557 Executing VM operation: RevokeBias done
Event: 13.557 Executing VM operation: RevokeBias
Event: 13.557 Executing VM operation: RevokeBias done
Event: 13.558 Executing VM operation: RevokeBias


Dynamic libraries:
0x00007ff607ed0000 - 0x00007ff607edf000 	C:\Program Files\Java\jdk-12.0.1\bin\java.exe
0x00007ffcba610000 - 0x00007ffcba7f1000 	C:\WINDOWS\SYSTEM32\ntdll.dll
0x00007ffcb9590000 - 0x00007ffcb9641000 	C:\WINDOWS\System32\KERNEL32.DLL
0x00007ffcb6e80000 - 0x00007ffcb70f3000 	C:\WINDOWS\System32\KERNELBASE.dll
0x00007ffcb6af0000 - 0x00007ffcb6be8000 	C:\WINDOWS\System32\ucrtbase.dll
0x00007ffca3eb0000 - 0x00007ffca3ec8000 	C:\Program Files\Java\jdk-12.0.1\bin\jli.dll
0x00007ffca7720000 - 0x00007ffca7736000 	C:\Program Files\Java\jdk-12.0.1\bin\VCRUNTIME140.dll
0x00007ffcb9dc0000 - 0x00007ffcb9e61000 	C:\WINDOWS\System32\ADVAPI32.dll
0x00007ffcb96b0000 - 0x00007ffcb974e000 	C:\WINDOWS\System32\msvcrt.dll
0x00007ffcb9750000 - 0x00007ffcb97ab000 	C:\WINDOWS\System32\sechost.dll
0x00007ffcb97b0000 - 0x00007ffcb98d4000 	C:\WINDOWS\System32\RPCRT4.dll
0x00007ffcb7e10000 - 0x00007ffcb7fa0000 	C:\WINDOWS\System32\USER32.dll
0x00007ffca4b40000 - 0x00007ffca4da9000 	C:\WINDOWS\WinSxS\amd64_microsoft.windows.common-controls_6595b64144ccf1df_6.0.17134.950_none_fb3da4273069d3e0\COMCTL32.dll
0x00007ffcb6bf0000 - 0x00007ffcb6c10000 	C:\WINDOWS\System32\win32u.dll
0x00007ffcba270000 - 0x00007ffcba298000 	C:\WINDOWS\System32\GDI32.dll
0x00007ffcb9e70000 - 0x00007ffcba192000 	C:\WINDOWS\System32\combase.dll
0x00007ffcb6c10000 - 0x00007ffcb6da1000 	C:\WINDOWS\System32\gdi32full.dll
0x00007ffcb6db0000 - 0x00007ffcb6e29000 	C:\WINDOWS\System32\bcryptPrimitives.dll
0x00007ffcb72f0000 - 0x00007ffcb738f000 	C:\WINDOWS\System32\msvcp_win.dll
0x00007ffcb1d30000 - 0x00007ffcb1d3a000 	C:\WINDOWS\SYSTEM32\VERSION.dll
0x00007ffcb94f0000 - 0x00007ffcb951d000 	C:\WINDOWS\System32\IMM32.DLL
0x00007ffc99120000 - 0x00007ffc991ca000 	C:\Program Files\Java\jdk-12.0.1\bin\msvcp140.dll
0x00007ffc41050000 - 0x00007ffc41bc4000 	C:\Program Files\Java\jdk-12.0.1\bin\server\jvm.dll
0x00007ffcb7c70000 - 0x00007ffcb7c78000 	C:\WINDOWS\System32\PSAPI.DLL
0x00007ffca46f0000 - 0x00007ffca46f9000 	C:\WINDOWS\SYSTEM32\WSOCK32.dll
0x00007ffcb1240000 - 0x00007ffcb1263000 	C:\WINDOWS\SYSTEM32\WINMM.dll
0x00007ffcb9520000 - 0x00007ffcb958c000 	C:\WINDOWS\System32\WS2_32.dll
0x00007ffcb0fa0000 - 0x00007ffcb0fca000 	C:\WINDOWS\SYSTEM32\winmmbase.dll
0x00007ffcb6e30000 - 0x00007ffcb6e79000 	C:\WINDOWS\System32\cfgmgr32.dll
0x00007ffcb6940000 - 0x00007ffcb6951000 	C:\WINDOWS\System32\kernel.appcore.dll
0x00007ffca3c60000 - 0x00007ffca3c71000 	C:\Program Files\Java\jdk-12.0.1\bin\verify.dll
0x00007ffcb5340000 - 0x00007ffcb5509000 	C:\WINDOWS\SYSTEM32\DBGHELP.DLL
0x00007ffca0690000 - 0x00007ffca06b9000 	C:\WINDOWS\SYSTEM32\dbgcore.DLL
0x00007ffca2790000 - 0x00007ffca27b6000 	C:\Program Files\Java\jdk-12.0.1\bin\java.dll
0x00007ffcb36d0000 - 0x00007ffcb36de000 	C:\Program Files\Java\jdk-12.0.1\bin\instrument.dll
0x00007ffca29e0000 - 0x00007ffca29f7000 	C:\Program Files\Java\jdk-12.0.1\bin\zip.dll
0x00007ffcb1c30000 - 0x00007ffcb1c3a000 	C:\Program Files\Java\jdk-12.0.1\bin\jimage.dll
0x00007ffcb8000000 - 0x00007ffcb9440000 	C:\WINDOWS\System32\SHELL32.dll
0x00007ffcb9440000 - 0x00007ffcb94e9000 	C:\WINDOWS\System32\shcore.dll
0x00007ffcb7390000 - 0x00007ffcb7a9d000 	C:\WINDOWS\System32\windows.storage.dll
0x00007ffcb9650000 - 0x00007ffcb96a1000 	C:\WINDOWS\System32\shlwapi.dll
0x00007ffcb69c0000 - 0x00007ffcb69df000 	C:\WINDOWS\System32\profapi.dll
0x00007ffcb6970000 - 0x00007ffcb69bc000 	C:\WINDOWS\System32\powrprof.dll
0x00007ffcb6960000 - 0x00007ffcb696a000 	C:\WINDOWS\System32\FLTLIB.DLL
0x00007ffca2550000 - 0x00007ffca2569000 	C:\Program Files\Java\jdk-12.0.1\bin\net.dll
0x00007ffcb0960000 - 0x00007ffcb0a3d000 	C:\WINDOWS\SYSTEM32\WINHTTP.dll
0x00007ffca7ea0000 - 0x00007ffca8069000 	C:\WINDOWS\SYSTEM32\urlmon.dll
0x00007ffca7bf0000 - 0x00007ffca7e96000 	C:\WINDOWS\SYSTEM32\iertutil.dll
0x00007ffcb6370000 - 0x00007ffcb637b000 	C:\WINDOWS\SYSTEM32\CRYPTBASE.DLL
0x00007ffcb61a0000 - 0x00007ffcb6206000 	C:\WINDOWS\system32\mswsock.dll
0x00007ffca05d0000 - 0x00007ffca05e3000 	C:\Program Files\Java\jdk-12.0.1\bin\nio.dll
0x00007ffc99090000 - 0x00007ffc990aa000 	C:\Program Files\JetBrains\IntelliJ IDEA Community Edition 2019.2.2\bin\breakgen64.dll
0x00007ffcb6350000 - 0x00007ffcb6367000 	C:\WINDOWS\SYSTEM32\CRYPTSP.dll
0x00007ffcb5d50000 - 0x00007ffcb5d83000 	C:\WINDOWS\system32\rsaenh.dll
0x00007ffcb6480000 - 0x00007ffcb64a5000 	C:\WINDOWS\SYSTEM32\bcrypt.dll
0x00007ffcb6820000 - 0x00007ffcb6848000 	C:\WINDOWS\SYSTEM32\USERENV.dll
0x00007ffcb5ef0000 - 0x00007ffcb5f28000 	C:\WINDOWS\SYSTEM32\IPHLPAPI.DLL
0x00007ffcb7aa0000 - 0x00007ffcb7aa8000 	C:\WINDOWS\System32\NSI.dll
0x00007ffcaf560000 - 0x00007ffcaf576000 	C:\WINDOWS\SYSTEM32\dhcpcsvc6.DLL
0x00007ffcaf6a0000 - 0x00007ffcaf6ba000 	C:\WINDOWS\SYSTEM32\dhcpcsvc.DLL
0x0000000061c40000 - 0x0000000061d0b000 	C:\Users\Gerasimos\AppData\Local\Temp\sqlite-3.27.2.1-961a6997-654f-4e97-9c62-44c3ec5ea431-sqlitejdbc.dll
0x00007ffca5bc0000 - 0x00007ffca5bce000 	C:\Program Files\Java\jdk-12.0.1\bin\sunmscapi.dll
0x00007ffcb7100000 - 0x00007ffcb72e2000 	C:\WINDOWS\System32\CRYPT32.dll
0x00007ffcb6920000 - 0x00007ffcb6932000 	C:\WINDOWS\System32\MSASN1.dll
0x00007ffcb6450000 - 0x00007ffcb6476000 	C:\WINDOWS\SYSTEM32\ncrypt.dll
0x00007ffcb6410000 - 0x00007ffcb6446000 	C:\WINDOWS\SYSTEM32\NTASN1.dll
0x00007ffcb5f30000 - 0x00007ffcb5fee000 	C:\WINDOWS\SYSTEM32\DNSAPI.dll
0x00007ffcad490000 - 0x00007ffcad49a000 	C:\Windows\System32\rasadhlp.dll
0x00007ffc93f90000 - 0x00007ffc93fb7000 	C:\Program Files\Java\jdk-12.0.1\bin\sunec.dll

dbghelp: loaded successfully - version: 4.0.5 - missing functions: none
symbol engine: initialized successfully - sym options: 0x614 - pdb path: .;C:\Program Files\Java\jdk-12.0.1\bin;C:\WINDOWS\SYSTEM32;C:\WINDOWS\WinSxS\amd64_microsoft.windows.common-controls_6595b64144ccf1df_6.0.17134.950_none_fb3da4273069d3e0;C:\Program Files\Java\jdk-12.0.1\bin\server;C:\Program Files\JetBrains\IntelliJ IDEA Community Edition 2019.2.2\bin;C:\Users\Gerasimos\AppData\Local\Temp

VM Arguments:
jvm_args: -javaagent:C:\Program Files\JetBrains\IntelliJ IDEA Community Edition 2019.2.2\lib\idea_rt.jar=5199:C:\Program Files\JetBrains\IntelliJ IDEA Community Edition 2019.2.2\bin -Dfile.encoding=UTF-8 
java_command: Main
java_class_path (initial): C:\Users\Gerasimos\IdeaProjects\ImpressionMinerV13.1\out\production\ImpressionMiner;C:\Users\Gerasimos\IdeaProjects\ImpressionMinerV13.1\sqlite-jdbc-3.27.2.1.jar;C:\Users\Gerasimos\IdeaProjects\ImpressionMinerV13.1\jsoup-1.11.3.jar
Launcher Type: SUN_STANDARD

[Global flags]
     intx CICompilerCount                          = 4                                         {product} {ergonomic}
     uint ConcGCThreads                            = 2                                         {product} {ergonomic}
     uint G1ConcRefinementThreads                  = 8                                         {product} {ergonomic}
   size_t G1HeapRegionSize                         = 1048576                                   {product} {ergonomic}
    uintx GCDrainStackTargetSize                   = 64                                        {product} {ergonomic}
   size_t InitialHeapSize                          = 134217728                                 {product} {ergonomic}
   size_t MarkStackSize                            = 4194304                                   {product} {ergonomic}
   size_t MaxHeapSize                              = 2122317824                                {product} {ergonomic}
   size_t MaxNewSize                               = 1272971264                                {product} {ergonomic}
   size_t MinHeapDeltaBytes                        = 1048576                                   {product} {ergonomic}
    uintx NonNMethodCodeHeapSize                   = 5836300                                {pd product} {ergonomic}
    uintx NonProfiledCodeHeapSize                  = 122910970                              {pd product} {ergonomic}
    uintx ProfiledCodeHeapSize                     = 122910970                              {pd product} {ergonomic}
    uintx ReservedCodeCacheSize                    = 251658240                              {pd product} {ergonomic}
     bool SegmentedCodeCache                       = true                                      {product} {ergonomic}
     bool UseCompressedClassPointers               = true                                 {lp64_product} {ergonomic}
     bool UseCompressedOops                        = true                                 {lp64_product} {ergonomic}
     bool UseG1GC                                  = true                                      {product} {ergonomic}
     bool UseLargePagesIndividualAllocation        = false                                  {pd product} {ergonomic}

Logging:
Log output configuration:
 #0: stdout all=warning uptime,level,tags
 #1: stderr all=off uptime,level,tags

Environment Variables:
PATH=C:\Program Files (x86)\Common Files\Oracle\Java\javapath;C:\Program Files\Microsoft MPI\Bin\;C:\WINDOWS\system32;C:\WINDOWS;C:\WINDOWS\System32\Wbem;C:\WINDOWS\System32\WindowsPowerShell\v1.0\;C:\Program Files\nodejs\;C:\WINDOWS\System32\OpenSSH\;C:\WINDOWS\system32\config\systemprofile\.dnx\bin;C:\Program Files\Microsoft DNX\Dnvm\;C:\Program Files\Microsoft SQL Server\120\Tools\Binn\;C:\Program Files\Microsoft SQL Server\130\Tools\Binn\;C:\Program Files (x86)\Windows Kits\8.1\Windows Performance Toolkit\;C:\sqlite;;C:\Program Files\Microsoft VS Code\bin;C:\xampp\php;C:\ProgramData\ComposerSetup\bin;C:\Program Files (x86)\Intel\Intel(R) Management Engine Components\DAL;C:\Program Files\Intel\Intel(R) Management Engine Components\DAL;C:\Program Files\dotnet\;C:\Program Files\Microsoft SQL Server\Client SDK\ODBC\170\Tools\Binn\;C:\Program Files (x86)\Microsoft SQL Server\130\Tools\Binn\;C:\Program Files (x86)\Microsoft SQL Server\130\DTS\Binn\;C:\Program Files\Microsoft SQL Server\130\DTS\Binn\;C:\Program Files\Microsoft SQL Server\Client SDK\ODBC\130\Tools\Binn\;C:\Program Files (x86)\Microsoft SQL Server\150\DTS\Binn\;C:\Users\Gerasimos\AppData\Local\Programs\Python\Python37-32\Scripts\;C:\Users\Gerasimos\AppData\Local\Programs\Python\Python37-32\;C:\Users\Gerasimos\AppData\Local\Microsoft\WindowsApps;;C:\Program Files\Microsoft VS Code\bin;C:\Users\Gerasimos\AppData\Roaming\npm;C:\Program Files\JetBrains\IntelliJ IDEA Community Edition 2019.2.2\bin;;C:\Users\Gerasimos\AppData\Roaming\Composer\vendor\bin
USERNAME=Gerasimos
OS=Windows_NT
PROCESSOR_IDENTIFIER=Intel64 Family 6 Model 142 Stepping 10, GenuineIntel



---------------  S Y S T E M  ---------------

OS: Windows 10 , 64 bit Build 17134 (10.0.17134.753)

CPU:total 8 (initial active 8) (4 cores per cpu, 2 threads per core) family 6 model 142 stepping 10, cmov, cx8, fxsr, mmx, sse, sse2, sse3, ssse3, sse4.1, sse4.2, popcnt, avx, avx2, aes, clmul, erms, 3dnowpref, lzcnt, ht, tsc, tscinvbit, bmi1, bmi2, adx, fma

Memory: 4k page, system-wide physical 8089M (2023M free)
TotalPageFile size 12196M (AvailPageFile size 1845M)
current process WorkingSet (physical memory assigned to process): 54M, peak: 54M
current process commit charge ("private bytes"): 216M, peak: 216M

vm_info: Java HotSpot(TM) 64-Bit Server VM (12.0.1+12) for windows-amd64 JRE (12.0.1+12), built on Apr  2 2019 14:02:19 by "mach5one" with MS VC++ 15.5 (VS2017)

END.
